<?xml version="1.0" encoding="utf-8"?>
<test-run id="2" name="ZKWeb.System.Drawing.Tests.DLL" fullname="C:/ProgramData/Git/zkweb.system.drawing/src/ZKWeb.System.Drawing.Console/bin/Release/net461/ZKWeb.System.Drawing.Tests.DLL" testcasecount="1869" result="Failed" start-time="2017-05-02 03:42:15Z" end-time="2017-05-02 03:42:27Z" duration="11.885076" total="1869" passed="1523" failed="337" inconclusive="0" skipped="9" asserts="14181" random-seed="1010654515">
  <command-line><![CDATA["C:\ProgramData\Git\zkweb.system.drawing\src\ZKWeb.System.Drawing.Console\bin\Release\net461\ZKWeb.System.Drawing.Console.exe"   ]]></command-line>
  <filter />
  <test-suite type="Assembly" id="2940" name="ZKWeb.System.Drawing.Tests.DLL" fullname="C:/ProgramData/Git/zkweb.system.drawing/src/ZKWeb.System.Drawing.Console/bin/Release/net461/ZKWeb.System.Drawing.Tests.DLL" runstate="Runnable" testcasecount="1869" result="Failed" site="Child" start-time="2017-05-02 03:42:15Z" end-time="2017-05-02 03:42:27Z" duration="11.885076" total="1869" passed="1523" failed="337" warnings="0" inconclusive="0" skipped="9" asserts="14181">
    <environment framework-version="3.6.1.0" clr-version="4.0.30319.42000" os-version="Microsoft Windows NT 6.2.9200.0" platform="Win32NT" cwd="C:\ProgramData\Git\zkweb.system.drawing\src\ZKWeb.System.Drawing.Console" machine-name="WORK-PC" user="admin" user-domain="work-pc" culture="zh-CN" uiculture="zh-CN" os-architecture="x64" />
    <settings>
      <setting name="WorkDirectory" value="C:\ProgramData\Git\zkweb.system.drawing\src\ZKWeb.System.Drawing.Console" />
      <setting name="NumberOfTestWorkers" value="4" />
    </settings>
    <properties>
      <property name="_PID" value="4596" />
      <property name="_APPDOMAIN" value="ZKWeb.System.Drawing.Console.exe" />
    </properties>
    <failure>
      <message><![CDATA[One or more child tests had errors]]></message>
    </failure>
    <test-suite type="TestSuite" id="2941" name="MonoCasTests" fullname="MonoCasTests" runstate="Runnable" testcasecount="20" result="Failed" site="Child" start-time="2017-05-02 03:42:15Z" end-time="2017-05-02 03:42:16Z" duration="0.295102" total="20" passed="9" failed="11" warnings="0" inconclusive="0" skipped="0" asserts="18">
      <failure>
        <message><![CDATA[One or more child tests had errors]]></message>
      </failure>
      <test-suite type="TestSuite" id="2942" name="System" fullname="MonoCasTests.System" runstate="Runnable" testcasecount="20" result="Failed" site="Child" start-time="2017-05-02 03:42:15Z" end-time="2017-05-02 03:42:16Z" duration="0.291115" total="20" passed="9" failed="11" warnings="0" inconclusive="0" skipped="0" asserts="18">
        <failure>
          <message><![CDATA[One or more child tests had errors]]></message>
        </failure>
        <test-suite type="TestSuite" id="2943" name="Drawing" fullname="MonoCasTests.System.Drawing" runstate="Runnable" testcasecount="20" result="Failed" site="Child" start-time="2017-05-02 03:42:15Z" end-time="2017-05-02 03:42:16Z" duration="0.287076" total="20" passed="9" failed="11" warnings="0" inconclusive="0" skipped="0" asserts="18">
          <failure>
            <message><![CDATA[One or more child tests had errors]]></message>
          </failure>
          <test-suite type="TestFixture" id="1000" name="BitmapCas" fullname="MonoCasTests.System.Drawing.BitmapCas" classname="MonoCasTests.System.Drawing.BitmapCas" runstate="Runnable" testcasecount="5" result="Failed" site="Child" start-time="2017-05-02 03:42:15Z" end-time="2017-05-02 03:42:15Z" duration="0.089674" total="5" passed="2" failed="3" warnings="0" inconclusive="0" skipped="0" asserts="6">
            <properties>
              <property name="Category" value="CAS" />
            </properties>
            <failure>
              <message><![CDATA[One or more child tests had errors]]></message>
            </failure>
            <test-case id="1001" name="GetHbitmap" fullname="MonoCasTests.System.Drawing.BitmapCas.GetHbitmap" methodname="GetHbitmap" classname="MonoCasTests.System.Drawing.BitmapCas" runstate="Runnable" seed="890094354" result="Passed" start-time="2017-05-02 03:42:15Z" end-time="2017-05-02 03:42:15Z" duration="0.016389" asserts="2" />
            <test-case id="1004" name="GetHbitmap_Color_LinkDemand" fullname="MonoCasTests.System.Drawing.BitmapCas.GetHbitmap_Color_LinkDemand" methodname="GetHbitmap_Color_LinkDemand" classname="MonoCasTests.System.Drawing.BitmapCas" runstate="Runnable" seed="223756715" result="Failed" start-time="2017-05-02 03:42:15Z" end-time="2017-05-02 03:42:15Z" duration="0.041329" asserts="1">
              <failure>
                <message><![CDATA[  Expected: <System.Security.SecurityException>
  But was:  null
]]></message>
                <stack-trace><![CDATA[在 MonoCasTests.System.Drawing.BitmapCas.GetHbitmap_Color_LinkDemand() 位置 C:\ProgramData\Git\zkweb.system.drawing\src\ZKWeb.System.Drawing.Tests\System.Drawing\BitmapCas.cs:行号 126
]]></stack-trace>
              </failure>
              <assertions>
                <assertion result="Failed">
                  <message><![CDATA[  Expected: <System.Security.SecurityException>
  But was:  null
]]></message>
                  <stack-trace><![CDATA[在 MonoCasTests.System.Drawing.BitmapCas.GetHbitmap_Color_LinkDemand() 位置 C:\ProgramData\Git\zkweb.system.drawing\src\ZKWeb.System.Drawing.Tests\System.Drawing\BitmapCas.cs:行号 126
]]></stack-trace>
                </assertion>
              </assertions>
            </test-case>
            <test-case id="1003" name="GetHbitmap_Empty_LinkDemand" fullname="MonoCasTests.System.Drawing.BitmapCas.GetHbitmap_Empty_LinkDemand" methodname="GetHbitmap_Empty_LinkDemand" classname="MonoCasTests.System.Drawing.BitmapCas" runstate="Runnable" seed="1786281510" result="Failed" start-time="2017-05-02 03:42:15Z" end-time="2017-05-02 03:42:15Z" duration="0.001596" asserts="1">
              <failure>
                <message><![CDATA[  Expected: <System.Security.SecurityException>
  But was:  null
]]></message>
                <stack-trace><![CDATA[在 MonoCasTests.System.Drawing.BitmapCas.GetHbitmap_Empty_LinkDemand() 位置 C:\ProgramData\Git\zkweb.system.drawing\src\ZKWeb.System.Drawing.Tests\System.Drawing\BitmapCas.cs:行号 114
]]></stack-trace>
              </failure>
              <assertions>
                <assertion result="Failed">
                  <message><![CDATA[  Expected: <System.Security.SecurityException>
  But was:  null
]]></message>
                  <stack-trace><![CDATA[在 MonoCasTests.System.Drawing.BitmapCas.GetHbitmap_Empty_LinkDemand() 位置 C:\ProgramData\Git\zkweb.system.drawing\src\ZKWeb.System.Drawing.Tests\System.Drawing\BitmapCas.cs:行号 114
]]></stack-trace>
                </assertion>
              </assertions>
            </test-case>
            <test-case id="1002" name="GetHicon" fullname="MonoCasTests.System.Drawing.BitmapCas.GetHicon" methodname="GetHicon" classname="MonoCasTests.System.Drawing.BitmapCas" runstate="Runnable" seed="2077735207" result="Passed" start-time="2017-05-02 03:42:15Z" end-time="2017-05-02 03:42:15Z" duration="0.000948" asserts="1" />
            <test-case id="1005" name="GetHicon_LinkDemand" fullname="MonoCasTests.System.Drawing.BitmapCas.GetHicon_LinkDemand" methodname="GetHicon_LinkDemand" classname="MonoCasTests.System.Drawing.BitmapCas" runstate="Runnable" seed="1613375918" result="Failed" start-time="2017-05-02 03:42:15Z" end-time="2017-05-02 03:42:15Z" duration="0.001491" asserts="1">
              <failure>
                <message><![CDATA[  Expected: <System.Security.SecurityException>
  But was:  null
]]></message>
                <stack-trace><![CDATA[在 MonoCasTests.System.Drawing.BitmapCas.GetHicon_LinkDemand() 位置 C:\ProgramData\Git\zkweb.system.drawing\src\ZKWeb.System.Drawing.Tests\System.Drawing\BitmapCas.cs:行号 138
]]></stack-trace>
              </failure>
              <assertions>
                <assertion result="Failed">
                  <message><![CDATA[  Expected: <System.Security.SecurityException>
  But was:  null
]]></message>
                  <stack-trace><![CDATA[在 MonoCasTests.System.Drawing.BitmapCas.GetHicon_LinkDemand() 位置 C:\ProgramData\Git\zkweb.system.drawing\src\ZKWeb.System.Drawing.Tests\System.Drawing\BitmapCas.cs:行号 138
]]></stack-trace>
                </assertion>
              </assertions>
            </test-case>
          </test-suite>
          <test-suite type="TestFixture" id="1006" name="GraphicsCas" fullname="MonoCasTests.System.Drawing.GraphicsCas" classname="MonoCasTests.System.Drawing.GraphicsCas" runstate="Runnable" testcasecount="6" result="Failed" site="Child" start-time="2017-05-02 03:42:15Z" end-time="2017-05-02 03:42:16Z" duration="0.057805" total="6" passed="3" failed="3" warnings="0" inconclusive="0" skipped="0" asserts="3">
            <properties>
              <property name="Category" value="CAS" />
            </properties>
            <failure>
              <message><![CDATA[One or more child tests had errors]]></message>
            </failure>
            <test-case id="1007" name="FromHdcInternal" fullname="MonoCasTests.System.Drawing.GraphicsCas.FromHdcInternal" methodname="FromHdcInternal" classname="MonoCasTests.System.Drawing.GraphicsCas" runstate="Runnable" seed="1323968984" result="Passed" start-time="2017-05-02 03:42:15Z" end-time="2017-05-02 03:42:15Z" duration="0.000327" asserts="0" />
            <test-case id="1010" name="FromHdcInternal_LinkDemand" fullname="MonoCasTests.System.Drawing.GraphicsCas.FromHdcInternal_LinkDemand" methodname="FromHdcInternal_LinkDemand" classname="MonoCasTests.System.Drawing.GraphicsCas" runstate="Runnable" seed="1409537382" result="Failed" start-time="2017-05-02 03:42:15Z" end-time="2017-05-02 03:42:15Z" duration="0.001504" asserts="1">
              <failure>
                <message><![CDATA[  Expected: <System.Security.SecurityException>
  But was:  null
]]></message>
                <stack-trace><![CDATA[在 MonoCasTests.System.Drawing.GraphicsCas.FromHdcInternal_LinkDemand() 位置 C:\ProgramData\Git\zkweb.system.drawing\src\ZKWeb.System.Drawing.Tests\System.Drawing\GraphicsCas.cs:行号 132
]]></stack-trace>
              </failure>
              <assertions>
                <assertion result="Failed">
                  <message><![CDATA[  Expected: <System.Security.SecurityException>
  But was:  null
]]></message>
                  <stack-trace><![CDATA[在 MonoCasTests.System.Drawing.GraphicsCas.FromHdcInternal_LinkDemand() 位置 C:\ProgramData\Git\zkweb.system.drawing\src\ZKWeb.System.Drawing.Tests\System.Drawing\GraphicsCas.cs:行号 132
]]></stack-trace>
                </assertion>
              </assertions>
            </test-case>
            <test-case id="1008" name="FromHwndInternal" fullname="MonoCasTests.System.Drawing.GraphicsCas.FromHwndInternal" methodname="FromHwndInternal" classname="MonoCasTests.System.Drawing.GraphicsCas" runstate="Runnable" seed="446846777" result="Passed" start-time="2017-05-02 03:42:15Z" end-time="2017-05-02 03:42:15Z" duration="0.001446" asserts="0">
              <properties>
                <property name="Category" value="NotWorking" />
              </properties>
            </test-case>
            <test-case id="1011" name="FromHwndInternal_LinkDemand" fullname="MonoCasTests.System.Drawing.GraphicsCas.FromHwndInternal_LinkDemand" methodname="FromHwndInternal_LinkDemand" classname="MonoCasTests.System.Drawing.GraphicsCas" runstate="Runnable" seed="104152268" result="Failed" start-time="2017-05-02 03:42:15Z" end-time="2017-05-02 03:42:15Z" duration="0.001843" asserts="1">
              <failure>
                <message><![CDATA[  Expected: <System.Security.SecurityException>
  But was:  null
]]></message>
                <stack-trace><![CDATA[在 MonoCasTests.System.Drawing.GraphicsCas.FromHwndInternal_LinkDemand() 位置 C:\ProgramData\Git\zkweb.system.drawing\src\ZKWeb.System.Drawing.Tests\System.Drawing\GraphicsCas.cs:行号 143
]]></stack-trace>
              </failure>
              <assertions>
                <assertion result="Failed">
                  <message><![CDATA[  Expected: <System.Security.SecurityException>
  But was:  null
]]></message>
                  <stack-trace><![CDATA[在 MonoCasTests.System.Drawing.GraphicsCas.FromHwndInternal_LinkDemand() 位置 C:\ProgramData\Git\zkweb.system.drawing\src\ZKWeb.System.Drawing.Tests\System.Drawing\GraphicsCas.cs:行号 143
]]></stack-trace>
                </assertion>
              </assertions>
            </test-case>
            <test-case id="1009" name="ReleaseHdcInternal" fullname="MonoCasTests.System.Drawing.GraphicsCas.ReleaseHdcInternal" methodname="ReleaseHdcInternal" classname="MonoCasTests.System.Drawing.GraphicsCas" runstate="Runnable" seed="2029792660" result="Passed" start-time="2017-05-02 03:42:15Z" end-time="2017-05-02 03:42:15Z" duration="0.001833" asserts="0" />
            <test-case id="1012" name="ReleaseHdcInternal_LinkDemand" fullname="MonoCasTests.System.Drawing.GraphicsCas.ReleaseHdcInternal_LinkDemand" methodname="ReleaseHdcInternal_LinkDemand" classname="MonoCasTests.System.Drawing.GraphicsCas" runstate="Runnable" seed="1189474350" result="Failed" start-time="2017-05-02 03:42:15Z" end-time="2017-05-02 03:42:16Z" duration="0.027563" asserts="1">
              <failure>
                <message><![CDATA[  Expected: <System.Security.SecurityException>
  But was:  <System.Reflection.TargetInvocationException: 调用的目标发生了异常。 ---> System.ArgumentException: A null reference or invalid value was found [GDI+ status: InvalidParameter]
   在 System.DrawingCore.GDIPlus.CheckStatus(Status status)
   在 System.DrawingCore.Graphics.ReleaseHdcInternal(IntPtr hdc)
   --- 内部异常堆栈跟踪的结尾 ---
   在 System.RuntimeMethodHandle.InvokeMethod(Object target, Object[] arguments, Signature sig, Boolean constructor)
   在 System.Reflection.RuntimeMethodInfo.UnsafeInvokeInternal(Object obj, Object[] parameters, Object[] arguments)
   在 System.Reflection.RuntimeMethodInfo.Invoke(Object obj, BindingFlags invokeAttr, Binder binder, Object[] parameters, CultureInfo culture)
   在 MonoCasTests.System.Drawing.GraphicsCas.<ReleaseHdcInternal_LinkDemand>b__12_0() 位置 C:\ProgramData\Git\zkweb.system.drawing\src\ZKWeb.System.Drawing.Tests\System.Drawing\GraphicsCas.cs:行号 154
   在 NUnit.Framework.Assert.Throws(IResolveConstraint expression, TestDelegate code, String message, Object[] args)>
]]></message>
                <stack-trace><![CDATA[在 MonoCasTests.System.Drawing.GraphicsCas.ReleaseHdcInternal_LinkDemand() 位置 C:\ProgramData\Git\zkweb.system.drawing\src\ZKWeb.System.Drawing.Tests\System.Drawing\GraphicsCas.cs:行号 155
]]></stack-trace>
              </failure>
              <assertions>
                <assertion result="Failed">
                  <message><![CDATA[  Expected: <System.Security.SecurityException>
  But was:  <System.Reflection.TargetInvocationException: 调用的目标发生了异常。 ---> System.ArgumentException: A null reference or invalid value was found [GDI+ status: InvalidParameter]
   在 System.DrawingCore.GDIPlus.CheckStatus(Status status)
   在 System.DrawingCore.Graphics.ReleaseHdcInternal(IntPtr hdc)
   --- 内部异常堆栈跟踪的结尾 ---
   在 System.RuntimeMethodHandle.InvokeMethod(Object target, Object[] arguments, Signature sig, Boolean constructor)
   在 System.Reflection.RuntimeMethodInfo.UnsafeInvokeInternal(Object obj, Object[] parameters, Object[] arguments)
   在 System.Reflection.RuntimeMethodInfo.Invoke(Object obj, BindingFlags invokeAttr, Binder binder, Object[] parameters, CultureInfo culture)
   在 MonoCasTests.System.Drawing.GraphicsCas.<ReleaseHdcInternal_LinkDemand>b__12_0() 位置 C:\ProgramData\Git\zkweb.system.drawing\src\ZKWeb.System.Drawing.Tests\System.Drawing\GraphicsCas.cs:行号 154
   在 NUnit.Framework.Assert.Throws(IResolveConstraint expression, TestDelegate code, String message, Object[] args)>
]]></message>
                  <stack-trace><![CDATA[在 MonoCasTests.System.Drawing.GraphicsCas.ReleaseHdcInternal_LinkDemand() 位置 C:\ProgramData\Git\zkweb.system.drawing\src\ZKWeb.System.Drawing.Tests\System.Drawing\GraphicsCas.cs:行号 155
]]></stack-trace>
                </assertion>
              </assertions>
            </test-case>
          </test-suite>
          <test-suite type="TestFixture" id="1013" name="RegionCas" fullname="MonoCasTests.System.Drawing.RegionCas" classname="MonoCasTests.System.Drawing.RegionCas" runstate="Runnable" testcasecount="4" result="Failed" site="Child" start-time="2017-05-02 03:42:16Z" end-time="2017-05-02 03:42:16Z" duration="0.034130" total="4" passed="2" failed="2" warnings="0" inconclusive="0" skipped="0" asserts="4">
            <properties>
              <property name="Category" value="CAS" />
            </properties>
            <failure>
              <message><![CDATA[One or more child tests had errors]]></message>
            </failure>
            <test-case id="1014" name="FromHrgn_Deny_UnmanagedCode" fullname="MonoCasTests.System.Drawing.RegionCas.FromHrgn_Deny_UnmanagedCode" methodname="FromHrgn_Deny_UnmanagedCode" classname="MonoCasTests.System.Drawing.RegionCas" runstate="Runnable" seed="1080909124" result="Failed" start-time="2017-05-02 03:42:16Z" end-time="2017-05-02 03:42:16Z" duration="0.002298" asserts="1">
              <failure>
                <message><![CDATA[  Expected: <System.Security.SecurityException>
  But was:  <System.ArgumentException: hrgn
   在 System.DrawingCore.Region.FromHrgn(IntPtr hrgn)
   在 NUnit.Framework.Assert.Throws(IResolveConstraint expression, TestDelegate code, String message, Object[] args)>
]]></message>
                <stack-trace><![CDATA[在 MonoCasTests.System.Drawing.RegionCas.FromHrgn_Deny_UnmanagedCode() 位置 C:\ProgramData\Git\zkweb.system.drawing\src\ZKWeb.System.Drawing.Tests\System.Drawing\RegionCas.cs:行号 76
]]></stack-trace>
              </failure>
              <assertions>
                <assertion result="Failed">
                  <message><![CDATA[  Expected: <System.Security.SecurityException>
  But was:  <System.ArgumentException: hrgn
   在 System.DrawingCore.Region.FromHrgn(IntPtr hrgn)
   在 NUnit.Framework.Assert.Throws(IResolveConstraint expression, TestDelegate code, String message, Object[] args)>
]]></message>
                  <stack-trace><![CDATA[在 MonoCasTests.System.Drawing.RegionCas.FromHrgn_Deny_UnmanagedCode() 位置 C:\ProgramData\Git\zkweb.system.drawing\src\ZKWeb.System.Drawing.Tests\System.Drawing\RegionCas.cs:行号 76
]]></stack-trace>
                </assertion>
              </assertions>
            </test-case>
            <test-case id="1015" name="FromHrgn_PermitOnly_UnmanagedCode" fullname="MonoCasTests.System.Drawing.RegionCas.FromHrgn_PermitOnly_UnmanagedCode" methodname="FromHrgn_PermitOnly_UnmanagedCode" classname="MonoCasTests.System.Drawing.RegionCas" runstate="Runnable" seed="2054391867" result="Passed" start-time="2017-05-02 03:42:16Z" end-time="2017-05-02 03:42:16Z" duration="0.012188" asserts="1" />
            <test-case id="1016" name="ReleaseHrgn_Deny_UnmanagedCode" fullname="MonoCasTests.System.Drawing.RegionCas.ReleaseHrgn_Deny_UnmanagedCode" methodname="ReleaseHrgn_Deny_UnmanagedCode" classname="MonoCasTests.System.Drawing.RegionCas" runstate="Runnable" seed="1015382274" result="Failed" start-time="2017-05-02 03:42:16Z" end-time="2017-05-02 03:42:16Z" duration="0.002260" asserts="1">
              <failure>
                <message><![CDATA[  Expected: <System.Security.SecurityException>
  But was:  <System.ArgumentNullException: 值不能为 null。
参数名: regionHandle
   在 System.DrawingCore.Region.ReleaseHrgn(IntPtr regionHandle)
   在 NUnit.Framework.Assert.Throws(IResolveConstraint expression, TestDelegate code, String message, Object[] args)>
]]></message>
                <stack-trace><![CDATA[在 MonoCasTests.System.Drawing.RegionCas.ReleaseHrgn_Deny_UnmanagedCode() 位置 C:\ProgramData\Git\zkweb.system.drawing\src\ZKWeb.System.Drawing.Tests\System.Drawing\RegionCas.cs:行号 95
]]></stack-trace>
              </failure>
              <assertions>
                <assertion result="Failed">
                  <message><![CDATA[  Expected: <System.Security.SecurityException>
  But was:  <System.ArgumentNullException: 值不能为 null。
参数名: regionHandle
   在 System.DrawingCore.Region.ReleaseHrgn(IntPtr regionHandle)
   在 NUnit.Framework.Assert.Throws(IResolveConstraint expression, TestDelegate code, String message, Object[] args)>
]]></message>
                  <stack-trace><![CDATA[在 MonoCasTests.System.Drawing.RegionCas.ReleaseHrgn_Deny_UnmanagedCode() 位置 C:\ProgramData\Git\zkweb.system.drawing\src\ZKWeb.System.Drawing.Tests\System.Drawing\RegionCas.cs:行号 95
]]></stack-trace>
                </assertion>
              </assertions>
            </test-case>
            <test-case id="1017" name="ReleaseHrgn_PermitOnly_UnmanagedCode" fullname="MonoCasTests.System.Drawing.RegionCas.ReleaseHrgn_PermitOnly_UnmanagedCode" methodname="ReleaseHrgn_PermitOnly_UnmanagedCode" classname="MonoCasTests.System.Drawing.RegionCas" runstate="Runnable" seed="1957139830" result="Passed" start-time="2017-05-02 03:42:16Z" end-time="2017-05-02 03:42:16Z" duration="0.000824" asserts="1" />
          </test-suite>
          <test-suite type="TestSuite" id="2944" name="Text" fullname="MonoCasTests.System.Drawing.Text" runstate="Runnable" testcasecount="5" result="Failed" site="Child" start-time="2017-05-02 03:42:15Z" end-time="2017-05-02 03:42:16Z" duration="0.282127" total="5" passed="2" failed="3" warnings="0" inconclusive="0" skipped="0" asserts="5">
            <failure>
              <message><![CDATA[One or more child tests had errors]]></message>
            </failure>
            <test-suite type="TestFixture" id="1018" name="PrivateFontCollectionCas" fullname="MonoCasTests.System.Drawing.Text.PrivateFontCollectionCas" classname="MonoCasTests.System.Drawing.Text.PrivateFontCollectionCas" runstate="Runnable" testcasecount="5" result="Failed" site="Child" start-time="2017-05-02 03:42:16Z" end-time="2017-05-02 03:42:16Z" duration="0.071649" total="5" passed="2" failed="3" warnings="0" inconclusive="0" skipped="0" asserts="5">
              <properties>
                <property name="Category" value="CAS" />
              </properties>
              <failure>
                <message><![CDATA[One or more child tests had errors]]></message>
              </failure>
              <test-case id="1020" name="AddMemoryFont_Deny_UnmanagedCode" fullname="MonoCasTests.System.Drawing.Text.PrivateFontCollectionCas.AddMemoryFont_Deny_UnmanagedCode" methodname="AddMemoryFont_Deny_UnmanagedCode" classname="MonoCasTests.System.Drawing.Text.PrivateFontCollectionCas" runstate="Runnable" seed="373814879" result="Failed" start-time="2017-05-02 03:42:16Z" end-time="2017-05-02 03:42:16Z" duration="0.002165" asserts="1">
                <failure>
                  <message><![CDATA[  Expected: <System.Security.SecurityException>
  But was:  <System.ArgumentException: A null reference or invalid value was found [GDI+ status: InvalidParameter]
   在 System.DrawingCore.GDIPlus.CheckStatus(Status status)
   在 System.DrawingCore.Text.PrivateFontCollection.AddMemoryFont(IntPtr memory, Int32 length)
   在 NUnit.Framework.Assert.Throws(IResolveConstraint expression, TestDelegate code, String message, Object[] args)>
]]></message>
                  <stack-trace><![CDATA[在 MonoCasTests.System.Drawing.Text.PrivateFontCollectionCas.AddMemoryFont_Deny_UnmanagedCode() 位置 C:\ProgramData\Git\zkweb.system.drawing\src\ZKWeb.System.Drawing.Tests\System.Drawing.Text\PrivateFontCollectionCas.cs:行号 61
]]></stack-trace>
                </failure>
                <assertions>
                  <assertion result="Failed">
                    <message><![CDATA[  Expected: <System.Security.SecurityException>
  But was:  <System.ArgumentException: A null reference or invalid value was found [GDI+ status: InvalidParameter]
   在 System.DrawingCore.GDIPlus.CheckStatus(Status status)
   在 System.DrawingCore.Text.PrivateFontCollection.AddMemoryFont(IntPtr memory, Int32 length)
   在 NUnit.Framework.Assert.Throws(IResolveConstraint expression, TestDelegate code, String message, Object[] args)>
]]></message>
                    <stack-trace><![CDATA[在 MonoCasTests.System.Drawing.Text.PrivateFontCollectionCas.AddMemoryFont_Deny_UnmanagedCode() 位置 C:\ProgramData\Git\zkweb.system.drawing\src\ZKWeb.System.Drawing.Tests\System.Drawing.Text\PrivateFontCollectionCas.cs:行号 61
]]></stack-trace>
                  </assertion>
                </assertions>
              </test-case>
              <test-case id="1023" name="AddMemoryFont_InvalidData" fullname="MonoCasTests.System.Drawing.Text.PrivateFontCollectionCas.AddMemoryFont_InvalidData" methodname="AddMemoryFont_InvalidData" classname="MonoCasTests.System.Drawing.Text.PrivateFontCollectionCas" runstate="Runnable" seed="1771806101" result="Failed" start-time="2017-05-02 03:42:16Z" end-time="2017-05-02 03:42:16Z" duration="0.002059" asserts="1">
                <failure>
                  <message><![CDATA[  Expected: <System.IO.FileNotFoundException>
  But was:  null
]]></message>
                  <stack-trace><![CDATA[在 MonoCasTests.System.Drawing.Text.PrivateFontCollectionCas.AddMemoryFont_InvalidData() 位置 C:\ProgramData\Git\zkweb.system.drawing\src\ZKWeb.System.Drawing.Tests\System.Drawing.Text\PrivateFontCollectionCas.cs:行号 109
]]></stack-trace>
                </failure>
                <assertions>
                  <assertion result="Failed">
                    <message><![CDATA[  Expected: <System.IO.FileNotFoundException>
  But was:  null
]]></message>
                    <stack-trace><![CDATA[在 MonoCasTests.System.Drawing.Text.PrivateFontCollectionCas.AddMemoryFont_InvalidData() 位置 C:\ProgramData\Git\zkweb.system.drawing\src\ZKWeb.System.Drawing.Tests\System.Drawing.Text\PrivateFontCollectionCas.cs:行号 109
]]></stack-trace>
                  </assertion>
                </assertions>
              </test-case>
              <test-case id="1022" name="AddMemoryFont_NegativeLength" fullname="MonoCasTests.System.Drawing.Text.PrivateFontCollectionCas.AddMemoryFont_NegativeLength" methodname="AddMemoryFont_NegativeLength" classname="MonoCasTests.System.Drawing.Text.PrivateFontCollectionCas" runstate="Runnable" seed="1039468732" result="Failed" start-time="2017-05-02 03:42:16Z" end-time="2017-05-02 03:42:16Z" duration="0.043860" asserts="1">
                <failure>
                  <message><![CDATA[  Expected: <System.IO.FileNotFoundException>
  But was:  <System.ArgumentException: A null reference or invalid value was found [GDI+ status: InvalidParameter]
   在 System.DrawingCore.GDIPlus.CheckStatus(Status status)
   在 System.DrawingCore.Text.PrivateFontCollection.AddMemoryFont(IntPtr memory, Int32 length)
   在 MonoCasTests.System.Drawing.Text.PrivateFontCollectionCas.<>c.<AddMemoryFont_NegativeLength>b__3_0()
   在 NUnit.Framework.Assert.Throws(IResolveConstraint expression, TestDelegate code, String message, Object[] args)>
]]></message>
                  <stack-trace><![CDATA[在 MonoCasTests.System.Drawing.Text.PrivateFontCollectionCas.AddMemoryFont_NegativeLength() 位置 C:\ProgramData\Git\zkweb.system.drawing\src\ZKWeb.System.Drawing.Tests\System.Drawing.Text\PrivateFontCollectionCas.cs:行号 91
]]></stack-trace>
                </failure>
                <assertions>
                  <assertion result="Failed">
                    <message><![CDATA[  Expected: <System.IO.FileNotFoundException>
  But was:  <System.ArgumentException: A null reference or invalid value was found [GDI+ status: InvalidParameter]
   在 System.DrawingCore.GDIPlus.CheckStatus(Status status)
   在 System.DrawingCore.Text.PrivateFontCollection.AddMemoryFont(IntPtr memory, Int32 length)
   在 MonoCasTests.System.Drawing.Text.PrivateFontCollectionCas.<>c.<AddMemoryFont_NegativeLength>b__3_0()
   在 NUnit.Framework.Assert.Throws(IResolveConstraint expression, TestDelegate code, String message, Object[] args)>
]]></message>
                    <stack-trace><![CDATA[在 MonoCasTests.System.Drawing.Text.PrivateFontCollectionCas.AddMemoryFont_NegativeLength() 位置 C:\ProgramData\Git\zkweb.system.drawing\src\ZKWeb.System.Drawing.Tests\System.Drawing.Text\PrivateFontCollectionCas.cs:行号 91
]]></stack-trace>
                  </assertion>
                </assertions>
              </test-case>
              <test-case id="1021" name="AddMemoryFont_PermitOnly_UnmanagedCode" fullname="MonoCasTests.System.Drawing.Text.PrivateFontCollectionCas.AddMemoryFont_PermitOnly_UnmanagedCode" methodname="AddMemoryFont_PermitOnly_UnmanagedCode" classname="MonoCasTests.System.Drawing.Text.PrivateFontCollectionCas" runstate="Runnable" seed="921335549" result="Passed" start-time="2017-05-02 03:42:16Z" end-time="2017-05-02 03:42:16Z" duration="0.001810" asserts="1" />
              <test-case id="1019" name="Constructor" fullname="MonoCasTests.System.Drawing.Text.PrivateFontCollectionCas.Constructor" methodname="Constructor" classname="MonoCasTests.System.Drawing.Text.PrivateFontCollectionCas" runstate="Runnable" seed="1316084396" result="Passed" start-time="2017-05-02 03:42:16Z" end-time="2017-05-02 03:42:16Z" duration="0.003938" asserts="1" />
            </test-suite>
          </test-suite>
        </test-suite>
      </test-suite>
    </test-suite>
    <test-suite type="TestSuite" id="2945" name="MonoTests" fullname="MonoTests" runstate="Runnable" testcasecount="1849" result="Failed" site="Child" start-time="2017-05-02 03:42:15Z" end-time="2017-05-02 03:42:27Z" duration="11.857153" total="1849" passed="1514" failed="326" warnings="0" inconclusive="0" skipped="9" asserts="14163">
      <failure>
        <message><![CDATA[One or more child tests had errors]]></message>
      </failure>
      <test-suite type="TestSuite" id="2946" name="System" fullname="MonoTests.System" runstate="Runnable" testcasecount="1849" result="Failed" site="Child" start-time="2017-05-02 03:42:15Z" end-time="2017-05-02 03:42:27Z" duration="11.853146" total="1849" passed="1514" failed="326" warnings="0" inconclusive="0" skipped="9" asserts="14163">
        <failure>
          <message><![CDATA[One or more child tests had errors]]></message>
        </failure>
        <test-suite type="TestSuite" id="2947" name="Drawing" fullname="MonoTests.System.Drawing" runstate="Runnable" testcasecount="1849" result="Failed" site="Child" start-time="2017-05-02 03:42:15Z" end-time="2017-05-02 03:42:27Z" duration="11.849126" total="1849" passed="1514" failed="326" warnings="0" inconclusive="0" skipped="9" asserts="14163">
          <failure>
            <message><![CDATA[One or more child tests had errors]]></message>
          </failure>
          <test-suite type="TestFixture" id="1348" name="BitmapFullTrustTest" fullname="MonoTests.System.Drawing.BitmapFullTrustTest" classname="MonoTests.System.Drawing.BitmapFullTrustTest" runstate="Runnable" testcasecount="8" result="Failed" site="Child" start-time="2017-05-02 03:42:16Z" end-time="2017-05-02 03:42:16Z" duration="0.064942" total="8" passed="1" failed="7" warnings="0" inconclusive="0" skipped="0" asserts="1">
            <failure>
              <message><![CDATA[One or more child tests had errors]]></message>
            </failure>
            <test-case id="1349" name="BitmapIntIntIntPixelFormatIntPtrCtor" fullname="MonoTests.System.Drawing.BitmapFullTrustTest.BitmapIntIntIntPixelFormatIntPtrCtor" methodname="BitmapIntIntIntPixelFormatIntPtrCtor" classname="MonoTests.System.Drawing.BitmapFullTrustTest" runstate="Runnable" seed="1841382862" result="Passed" start-time="2017-05-02 03:42:16Z" end-time="2017-05-02 03:42:16Z" duration="0.000571" asserts="0" />
            <test-case id="1356" name="CreateMultipleBitmapFromSameHBITMAP" fullname="MonoTests.System.Drawing.BitmapFullTrustTest.CreateMultipleBitmapFromSameHBITMAP" methodname="CreateMultipleBitmapFromSameHBITMAP" classname="MonoTests.System.Drawing.BitmapFullTrustTest" runstate="Runnable" seed="1283277974" result="Failed" label="Error" start-time="2017-05-02 03:42:16Z" end-time="2017-05-02 03:42:16Z" duration="0.012607" asserts="0">
              <failure>
                <message><![CDATA[System.ArgumentException : A null reference or invalid value was found [GDI+ status: InvalidParameter]]]></message>
                <stack-trace><![CDATA[   在 System.DrawingCore.GDIPlus.CheckStatus(Status status)
   在 System.DrawingCore.Bitmap..ctor(String filename, Boolean useIcm)
   在 MonoTests.System.Drawing.BitmapFullTrustTest.CreateMultipleBitmapFromSameHBITMAP() 位置 C:\ProgramData\Git\zkweb.system.drawing\src\ZKWeb.System.Drawing.Tests\System.Drawing\TestBitmap.cs:行号 1837]]></stack-trace>
              </failure>
            </test-case>
            <test-case id="1355" name="HBitmap" fullname="MonoTests.System.Drawing.BitmapFullTrustTest.HBitmap" methodname="HBitmap" classname="MonoTests.System.Drawing.BitmapFullTrustTest" runstate="Runnable" seed="1802933813" result="Failed" label="Error" start-time="2017-05-02 03:42:16Z" end-time="2017-05-02 03:42:16Z" duration="0.002662" asserts="0">
              <failure>
                <message><![CDATA[System.ArgumentException : A null reference or invalid value was found [GDI+ status: InvalidParameter]]]></message>
                <stack-trace><![CDATA[   在 System.DrawingCore.GDIPlus.CheckStatus(Status status)
   在 System.DrawingCore.Bitmap..ctor(String filename, Boolean useIcm)
   在 MonoTests.System.Drawing.BitmapFullTrustTest.HBitmap() 位置 C:\ProgramData\Git\zkweb.system.drawing\src\ZKWeb.System.Drawing.Tests\System.Drawing\TestBitmap.cs:行号 1812]]></stack-trace>
              </failure>
            </test-case>
            <test-case id="1350" name="Hicon16" fullname="MonoTests.System.Drawing.BitmapFullTrustTest.Hicon16" methodname="Hicon16" classname="MonoTests.System.Drawing.BitmapFullTrustTest" runstate="Runnable" seed="1930859530" result="Failed" label="Error" start-time="2017-05-02 03:42:16Z" end-time="2017-05-02 03:42:16Z" duration="0.002732" asserts="0">
              <failure>
                <message><![CDATA[System.IO.DirectoryNotFoundException : 未能找到路径“C:\ProgramData\Git\zkweb.system.drawing\src\ZKWeb.System.Drawing.Console\Test\System.Drawing\bitmaps\16x16x16.ico”的一部分。]]></message>
                <stack-trace><![CDATA[   在 System.IO.__Error.WinIOError(Int32 errorCode, String maybeFullPath)
   在 System.IO.FileStream.Init(String path, FileMode mode, FileAccess access, Int32 rights, Boolean useRights, FileShare share, Int32 bufferSize, FileOptions options, SECURITY_ATTRIBUTES secAttrs, String msgPath, Boolean bFromProxy, Boolean useLongPath, Boolean checkHost)
   在 System.IO.FileStream..ctor(String path, FileMode mode, FileAccess access, FileShare share)
   在 System.DrawingCore.Icon..ctor(String fileName)
   在 MonoTests.System.Drawing.BitmapFullTrustTest.Hicon16() 位置 C:\ProgramData\Git\zkweb.system.drawing\src\ZKWeb.System.Drawing.Tests\System.Drawing\TestBitmap.cs:行号 1726]]></stack-trace>
              </failure>
            </test-case>
            <test-case id="1351" name="Hicon32" fullname="MonoTests.System.Drawing.BitmapFullTrustTest.Hicon32" methodname="Hicon32" classname="MonoTests.System.Drawing.BitmapFullTrustTest" runstate="Runnable" seed="1626408578" result="Failed" label="Error" start-time="2017-05-02 03:42:16Z" end-time="2017-05-02 03:42:16Z" duration="0.001502" asserts="0">
              <failure>
                <message><![CDATA[System.IO.DirectoryNotFoundException : 未能找到路径“C:\ProgramData\Git\zkweb.system.drawing\src\ZKWeb.System.Drawing.Console\Test\System.Drawing\bitmaps\32x32x16.ico”的一部分。]]></message>
                <stack-trace><![CDATA[   在 System.IO.__Error.WinIOError(Int32 errorCode, String maybeFullPath)
   在 System.IO.FileStream.Init(String path, FileMode mode, FileAccess access, Int32 rights, Boolean useRights, FileShare share, Int32 bufferSize, FileOptions options, SECURITY_ATTRIBUTES secAttrs, String msgPath, Boolean bFromProxy, Boolean useLongPath, Boolean checkHost)
   在 System.IO.FileStream..ctor(String path, FileMode mode, FileAccess access, FileShare share)
   在 System.DrawingCore.Icon..ctor(String fileName)
   在 MonoTests.System.Drawing.BitmapFullTrustTest.Hicon32() 位置 C:\ProgramData\Git\zkweb.system.drawing\src\ZKWeb.System.Drawing.Tests\System.Drawing\TestBitmap.cs:行号 1744]]></stack-trace>
              </failure>
            </test-case>
            <test-case id="1352" name="Hicon48" fullname="MonoTests.System.Drawing.BitmapFullTrustTest.Hicon48" methodname="Hicon48" classname="MonoTests.System.Drawing.BitmapFullTrustTest" runstate="Runnable" seed="806308852" result="Failed" start-time="2017-05-02 03:42:16Z" end-time="2017-05-02 03:42:16Z" duration="0.005614" asserts="1">
              <properties>
                <property name="Category" value="NotWorking" />
              </properties>
              <failure>
                <message><![CDATA[  Expected: <System.ArgumentException>
  But was:  <System.IO.DirectoryNotFoundException: 未能找到路径“C:\ProgramData\Git\zkweb.system.drawing\src\ZKWeb.System.Drawing.Console\Test\System.Drawing\bitmaps\48x48x1.ico”的一部分。
   在 System.IO.__Error.WinIOError(Int32 errorCode, String maybeFullPath)
   在 System.IO.FileStream.Init(String path, FileMode mode, FileAccess access, Int32 rights, Boolean useRights, FileShare share, Int32 bufferSize, FileOptions options, SECURITY_ATTRIBUTES secAttrs, String msgPath, Boolean bFromProxy, Boolean useLongPath, Boolean checkHost)
   在 System.IO.FileStream..ctor(String path, FileMode mode, FileAccess access, FileShare share)
   在 System.DrawingCore.Icon..ctor(String fileName)
   在 MonoTests.System.Drawing.BitmapFullTrustTest.<>c.<Hicon48>b__4_0() 位置 C:\ProgramData\Git\zkweb.system.drawing\src\ZKWeb.System.Drawing.Tests\System.Drawing\TestBitmap.cs:行号 1763
   在 NUnit.Framework.Assert.Throws(IResolveConstraint expression, TestDelegate code, String message, Object[] args)>
]]></message>
                <stack-trace><![CDATA[在 MonoTests.System.Drawing.BitmapFullTrustTest.Hicon48() 位置 C:\ProgramData\Git\zkweb.system.drawing\src\ZKWeb.System.Drawing.Tests\System.Drawing\TestBitmap.cs:行号 1769
]]></stack-trace>
              </failure>
              <assertions>
                <assertion result="Failed">
                  <message><![CDATA[  Expected: <System.ArgumentException>
  But was:  <System.IO.DirectoryNotFoundException: 未能找到路径“C:\ProgramData\Git\zkweb.system.drawing\src\ZKWeb.System.Drawing.Console\Test\System.Drawing\bitmaps\48x48x1.ico”的一部分。
   在 System.IO.__Error.WinIOError(Int32 errorCode, String maybeFullPath)
   在 System.IO.FileStream.Init(String path, FileMode mode, FileAccess access, Int32 rights, Boolean useRights, FileShare share, Int32 bufferSize, FileOptions options, SECURITY_ATTRIBUTES secAttrs, String msgPath, Boolean bFromProxy, Boolean useLongPath, Boolean checkHost)
   在 System.IO.FileStream..ctor(String path, FileMode mode, FileAccess access, FileShare share)
   在 System.DrawingCore.Icon..ctor(String fileName)
   在 MonoTests.System.Drawing.BitmapFullTrustTest.<>c.<Hicon48>b__4_0() 位置 C:\ProgramData\Git\zkweb.system.drawing\src\ZKWeb.System.Drawing.Tests\System.Drawing\TestBitmap.cs:行号 1763
   在 NUnit.Framework.Assert.Throws(IResolveConstraint expression, TestDelegate code, String message, Object[] args)>
]]></message>
                  <stack-trace><![CDATA[在 MonoTests.System.Drawing.BitmapFullTrustTest.Hicon48() 位置 C:\ProgramData\Git\zkweb.system.drawing\src\ZKWeb.System.Drawing.Tests\System.Drawing\TestBitmap.cs:行号 1769
]]></stack-trace>
                </assertion>
              </assertions>
            </test-case>
            <test-case id="1353" name="Hicon64" fullname="MonoTests.System.Drawing.BitmapFullTrustTest.Hicon64" methodname="Hicon64" classname="MonoTests.System.Drawing.BitmapFullTrustTest" runstate="Runnable" seed="1269030429" result="Failed" label="Error" start-time="2017-05-02 03:42:16Z" end-time="2017-05-02 03:42:16Z" duration="0.001229" asserts="0">
              <failure>
                <message><![CDATA[System.IO.DirectoryNotFoundException : 未能找到路径“C:\ProgramData\Git\zkweb.system.drawing\src\ZKWeb.System.Drawing.Console\Test\System.Drawing\bitmaps\64x64x256.ico”的一部分。]]></message>
                <stack-trace><![CDATA[   在 System.IO.__Error.WinIOError(Int32 errorCode, String maybeFullPath)
   在 System.IO.FileStream.Init(String path, FileMode mode, FileAccess access, Int32 rights, Boolean useRights, FileShare share, Int32 bufferSize, FileOptions options, SECURITY_ATTRIBUTES secAttrs, String msgPath, Boolean bFromProxy, Boolean useLongPath, Boolean checkHost)
   在 System.IO.FileStream..ctor(String path, FileMode mode, FileAccess access, FileShare share)
   在 System.DrawingCore.Icon..ctor(String fileName)
   在 MonoTests.System.Drawing.BitmapFullTrustTest.Hicon64() 位置 C:\ProgramData\Git\zkweb.system.drawing\src\ZKWeb.System.Drawing.Tests\System.Drawing\TestBitmap.cs:行号 1776]]></stack-trace>
              </failure>
            </test-case>
            <test-case id="1354" name="Hicon96" fullname="MonoTests.System.Drawing.BitmapFullTrustTest.Hicon96" methodname="Hicon96" classname="MonoTests.System.Drawing.BitmapFullTrustTest" runstate="Runnable" seed="1363092093" result="Failed" label="Error" start-time="2017-05-02 03:42:16Z" end-time="2017-05-02 03:42:16Z" duration="0.001239" asserts="0">
              <failure>
                <message><![CDATA[System.IO.DirectoryNotFoundException : 未能找到路径“C:\ProgramData\Git\zkweb.system.drawing\src\ZKWeb.System.Drawing.Console\Test\System.Drawing\bitmaps\96x96x256.ico”的一部分。]]></message>
                <stack-trace><![CDATA[   在 System.IO.__Error.WinIOError(Int32 errorCode, String maybeFullPath)
   在 System.IO.FileStream.Init(String path, FileMode mode, FileAccess access, Int32 rights, Boolean useRights, FileShare share, Int32 bufferSize, FileOptions options, SECURITY_ATTRIBUTES secAttrs, String msgPath, Boolean bFromProxy, Boolean useLongPath, Boolean checkHost)
   在 System.IO.FileStream..ctor(String path, FileMode mode, FileAccess access, FileShare share)
   在 System.DrawingCore.Icon..ctor(String fileName)
   在 MonoTests.System.Drawing.BitmapFullTrustTest.Hicon96() 位置 C:\ProgramData\Git\zkweb.system.drawing\src\ZKWeb.System.Drawing.Tests\System.Drawing\TestBitmap.cs:行号 1794]]></stack-trace>
              </failure>
            </test-case>
          </test-suite>
          <test-suite type="TestFixture" id="1357" name="BrushesTest" fullname="MonoTests.System.Drawing.BrushesTest" classname="MonoTests.System.Drawing.BrushesTest" runstate="Runnable" testcasecount="3" result="Passed" start-time="2017-05-02 03:42:16Z" end-time="2017-05-02 03:42:16Z" duration="0.154483" total="3" passed="3" failed="0" warnings="0" inconclusive="0" skipped="0" asserts="563">
            <test-case id="1359" name="Dispose" fullname="MonoTests.System.Drawing.BrushesTest.Dispose" methodname="Dispose" classname="MonoTests.System.Drawing.BrushesTest" runstate="Runnable" seed="594319763" result="Passed" start-time="2017-05-02 03:42:16Z" end-time="2017-05-02 03:42:16Z" duration="0.002510" asserts="1" />
            <test-case id="1358" name="Equality" fullname="MonoTests.System.Drawing.BrushesTest.Equality" methodname="Equality" classname="MonoTests.System.Drawing.BrushesTest" runstate="Runnable" seed="1973956823" result="Passed" start-time="2017-05-02 03:42:16Z" end-time="2017-05-02 03:42:16Z" duration="0.001500" asserts="2" />
            <test-case id="1360" name="Properties" fullname="MonoTests.System.Drawing.BrushesTest.Properties" methodname="Properties" classname="MonoTests.System.Drawing.BrushesTest" runstate="Runnable" seed="1006014846" result="Passed" start-time="2017-05-02 03:42:16Z" end-time="2017-05-02 03:42:16Z" duration="0.134365" asserts="560" />
          </test-suite>
          <test-suite type="TestFixture" id="1024" name="ColorConverterTest" fullname="MonoTests.System.Drawing.ColorConverterTest" classname="MonoTests.System.Drawing.ColorConverterTest" runstate="Runnable" testcasecount="35" result="Passed" start-time="2017-05-02 03:42:16Z" end-time="2017-05-02 03:42:16Z" duration="0.212574" total="35" passed="35" failed="0" warnings="0" inconclusive="0" skipped="0" asserts="120">
            <test-case id="1025" name="CanConvertFrom" fullname="MonoTests.System.Drawing.ColorConverterTest.CanConvertFrom" methodname="CanConvertFrom" classname="MonoTests.System.Drawing.ColorConverterTest" runstate="Runnable" seed="1534996339" result="Passed" start-time="2017-05-02 03:42:16Z" end-time="2017-05-02 03:42:16Z" duration="0.004886" asserts="11" />
            <test-case id="1026" name="CanConvertTo" fullname="MonoTests.System.Drawing.ColorConverterTest.CanConvertTo" methodname="CanConvertTo" classname="MonoTests.System.Drawing.ColorConverterTest" runstate="Runnable" seed="1953750654" result="Passed" start-time="2017-05-02 03:42:16Z" end-time="2017-05-02 03:42:16Z" duration="0.001511" asserts="11" />
            <test-case id="1027" name="ConvertFrom" fullname="MonoTests.System.Drawing.ColorConverterTest.ConvertFrom" methodname="ConvertFrom" classname="MonoTests.System.Drawing.ColorConverterTest" runstate="Runnable" seed="1854091631" result="Passed" start-time="2017-05-02 03:42:16Z" end-time="2017-05-02 03:42:16Z" duration="0.022154" asserts="42" />
            <test-case id="1037" name="ConvertFrom_CultureNull" fullname="MonoTests.System.Drawing.ColorConverterTest.ConvertFrom_CultureNull" methodname="ConvertFrom_CultureNull" classname="MonoTests.System.Drawing.ColorConverterTest" runstate="Runnable" seed="2035633856" result="Passed" start-time="2017-05-02 03:42:16Z" end-time="2017-05-02 03:42:16Z" duration="0.000958" asserts="4" />
            <test-case id="1028" name="ConvertFrom_x1" fullname="MonoTests.System.Drawing.ColorConverterTest.ConvertFrom_x1" methodname="ConvertFrom_x1" classname="MonoTests.System.Drawing.ColorConverterTest" runstate="Runnable" seed="149976716" result="Passed" start-time="2017-05-02 03:42:16Z" end-time="2017-05-02 03:42:16Z" duration="0.000832" asserts="1" />
            <test-case id="1029" name="ConvertFrom_x2" fullname="MonoTests.System.Drawing.ColorConverterTest.ConvertFrom_x2" methodname="ConvertFrom_x2" classname="MonoTests.System.Drawing.ColorConverterTest" runstate="Runnable" seed="771014923" result="Passed" start-time="2017-05-02 03:42:16Z" end-time="2017-05-02 03:42:16Z" duration="0.000952" asserts="1" />
            <test-case id="1030" name="ConvertFrom_x3" fullname="MonoTests.System.Drawing.ColorConverterTest.ConvertFrom_x3" methodname="ConvertFrom_x3" classname="MonoTests.System.Drawing.ColorConverterTest" runstate="Runnable" seed="1049976176" result="Passed" start-time="2017-05-02 03:42:16Z" end-time="2017-05-02 03:42:16Z" duration="0.000629" asserts="1" />
            <test-case id="1031" name="ConvertFrom_x4" fullname="MonoTests.System.Drawing.ColorConverterTest.ConvertFrom_x4" methodname="ConvertFrom_x4" classname="MonoTests.System.Drawing.ColorConverterTest" runstate="Runnable" seed="922568523" result="Passed" start-time="2017-05-02 03:42:16Z" end-time="2017-05-02 03:42:16Z" duration="0.016098" asserts="1" />
            <test-case id="1032" name="ConvertFrom_x5" fullname="MonoTests.System.Drawing.ColorConverterTest.ConvertFrom_x5" methodname="ConvertFrom_x5" classname="MonoTests.System.Drawing.ColorConverterTest" runstate="Runnable" seed="1431240340" result="Passed" start-time="2017-05-02 03:42:16Z" end-time="2017-05-02 03:42:16Z" duration="0.002678" asserts="1" />
            <test-case id="1033" name="ConvertFrom_x6" fullname="MonoTests.System.Drawing.ColorConverterTest.ConvertFrom_x6" methodname="ConvertFrom_x6" classname="MonoTests.System.Drawing.ColorConverterTest" runstate="Runnable" seed="687353404" result="Passed" start-time="2017-05-02 03:42:16Z" end-time="2017-05-02 03:42:16Z" duration="0.000809" asserts="1" />
            <test-case id="1034" name="ConvertFrom_x7" fullname="MonoTests.System.Drawing.ColorConverterTest.ConvertFrom_x7" methodname="ConvertFrom_x7" classname="MonoTests.System.Drawing.ColorConverterTest" runstate="Runnable" seed="264931551" result="Passed" start-time="2017-05-02 03:42:16Z" end-time="2017-05-02 03:42:16Z" duration="0.000733" asserts="1" />
            <test-case id="1035" name="ConvertFrom_x8" fullname="MonoTests.System.Drawing.ColorConverterTest.ConvertFrom_x8" methodname="ConvertFrom_x8" classname="MonoTests.System.Drawing.ColorConverterTest" runstate="Runnable" seed="682550845" result="Passed" start-time="2017-05-02 03:42:16Z" end-time="2017-05-02 03:42:16Z" duration="0.000780" asserts="1" />
            <test-case id="1036" name="ConvertFrom_x9" fullname="MonoTests.System.Drawing.ColorConverterTest.ConvertFrom_x9" methodname="ConvertFrom_x9" classname="MonoTests.System.Drawing.ColorConverterTest" runstate="Runnable" seed="1854855152" result="Passed" start-time="2017-05-02 03:42:16Z" end-time="2017-05-02 03:42:16Z" duration="0.000717" asserts="1" />
            <test-case id="1049" name="ConvertFromInvariantString_InvalidComponentCount" fullname="MonoTests.System.Drawing.ColorConverterTest.ConvertFromInvariantString_InvalidComponentCount" methodname="ConvertFromInvariantString_InvalidComponentCount" classname="MonoTests.System.Drawing.ColorConverterTest" runstate="Runnable" seed="1598590124" result="Passed" start-time="2017-05-02 03:42:16Z" end-time="2017-05-02 03:42:16Z" duration="0.000676" asserts="1" />
            <test-case id="1050" name="ConvertFromInvariantString_InvalidNumber" fullname="MonoTests.System.Drawing.ColorConverterTest.ConvertFromInvariantString_InvalidNumber" methodname="ConvertFromInvariantString_InvalidNumber" classname="MonoTests.System.Drawing.ColorConverterTest" runstate="Runnable" seed="1215772123" result="Passed" start-time="2017-05-02 03:42:16Z" end-time="2017-05-02 03:42:16Z" duration="0.001125" asserts="3" />
            <test-case id="1048" name="ConvertFromInvariantString_string" fullname="MonoTests.System.Drawing.ColorConverterTest.ConvertFromInvariantString_string" methodname="ConvertFromInvariantString_string" classname="MonoTests.System.Drawing.ColorConverterTest" runstate="Runnable" seed="881088775" result="Passed" start-time="2017-05-02 03:42:16Z" end-time="2017-05-02 03:42:16Z" duration="0.000708" asserts="2" />
            <test-case id="1059" name="ConvertFromString_FromHtml_PoundTooLarge" fullname="MonoTests.System.Drawing.ColorConverterTest.ConvertFromString_FromHtml_PoundTooLarge" methodname="ConvertFromString_FromHtml_PoundTooLarge" classname="MonoTests.System.Drawing.ColorConverterTest" runstate="Runnable" seed="1763255425" result="Passed" start-time="2017-05-02 03:42:16Z" end-time="2017-05-02 03:42:16Z" duration="0.001171" asserts="1" />
            <test-case id="1052" name="ConvertFromString_InvalidComponentCount" fullname="MonoTests.System.Drawing.ColorConverterTest.ConvertFromString_InvalidComponentCount" methodname="ConvertFromString_InvalidComponentCount" classname="MonoTests.System.Drawing.ColorConverterTest" runstate="Runnable" seed="1592759106" result="Passed" start-time="2017-05-02 03:42:16Z" end-time="2017-05-02 03:42:16Z" duration="0.000939" asserts="1" />
            <test-case id="1053" name="ConvertFromString_InvalidNumber" fullname="MonoTests.System.Drawing.ColorConverterTest.ConvertFromString_InvalidNumber" methodname="ConvertFromString_InvalidNumber" classname="MonoTests.System.Drawing.ColorConverterTest" runstate="Runnable" seed="1414311070" result="Passed" start-time="2017-05-02 03:42:16Z" end-time="2017-05-02 03:42:16Z" duration="0.000783" asserts="3" />
            <test-case id="1051" name="ConvertFromString_string" fullname="MonoTests.System.Drawing.ColorConverterTest.ConvertFromString_string" methodname="ConvertFromString_string" classname="MonoTests.System.Drawing.ColorConverterTest" runstate="Runnable" seed="410758217" result="Passed" start-time="2017-05-02 03:42:16Z" end-time="2017-05-02 03:42:16Z" duration="0.000570" asserts="2" />
            <test-case id="1038" name="ConvertTo" fullname="MonoTests.System.Drawing.ColorConverterTest.ConvertTo" methodname="ConvertTo" classname="MonoTests.System.Drawing.ColorConverterTest" runstate="Runnable" seed="743780089" result="Passed" start-time="2017-05-02 03:42:16Z" end-time="2017-05-02 03:42:16Z" duration="0.011323" asserts="8" />
            <test-case id="1039" name="ConvertTo_x1" fullname="MonoTests.System.Drawing.ColorConverterTest.ConvertTo_x1" methodname="ConvertTo_x1" classname="MonoTests.System.Drawing.ColorConverterTest" runstate="Runnable" seed="1662176150" result="Passed" start-time="2017-05-02 03:42:16Z" end-time="2017-05-02 03:42:16Z" duration="0.000957" asserts="1" />
            <test-case id="1040" name="ConvertTo_x2" fullname="MonoTests.System.Drawing.ColorConverterTest.ConvertTo_x2" methodname="ConvertTo_x2" classname="MonoTests.System.Drawing.ColorConverterTest" runstate="Runnable" seed="61461559" result="Passed" start-time="2017-05-02 03:42:16Z" end-time="2017-05-02 03:42:16Z" duration="0.000793" asserts="1" />
            <test-case id="1041" name="ConvertTo_x3" fullname="MonoTests.System.Drawing.ColorConverterTest.ConvertTo_x3" methodname="ConvertTo_x3" classname="MonoTests.System.Drawing.ColorConverterTest" runstate="Runnable" seed="501380285" result="Passed" start-time="2017-05-02 03:42:16Z" end-time="2017-05-02 03:42:16Z" duration="0.001288" asserts="1" />
            <test-case id="1042" name="ConvertTo_x4" fullname="MonoTests.System.Drawing.ColorConverterTest.ConvertTo_x4" methodname="ConvertTo_x4" classname="MonoTests.System.Drawing.ColorConverterTest" runstate="Runnable" seed="420564446" result="Passed" start-time="2017-05-02 03:42:16Z" end-time="2017-05-02 03:42:16Z" duration="0.000764" asserts="1" />
            <test-case id="1043" name="ConvertTo_x5" fullname="MonoTests.System.Drawing.ColorConverterTest.ConvertTo_x5" methodname="ConvertTo_x5" classname="MonoTests.System.Drawing.ColorConverterTest" runstate="Runnable" seed="1699141919" result="Passed" start-time="2017-05-02 03:42:16Z" end-time="2017-05-02 03:42:16Z" duration="0.000781" asserts="1" />
            <test-case id="1054" name="ConvertToInvariantString_string" fullname="MonoTests.System.Drawing.ColorConverterTest.ConvertToInvariantString_string" methodname="ConvertToInvariantString_string" classname="MonoTests.System.Drawing.ColorConverterTest" runstate="Runnable" seed="1394037196" result="Passed" start-time="2017-05-02 03:42:16Z" end-time="2017-05-02 03:42:16Z" duration="0.000590" asserts="2" />
            <test-case id="1055" name="ConvertToString_string" fullname="MonoTests.System.Drawing.ColorConverterTest.ConvertToString_string" methodname="ConvertToString_string" classname="MonoTests.System.Drawing.ColorConverterTest" runstate="Runnable" seed="602466899" result="Passed" start-time="2017-05-02 03:42:16Z" end-time="2017-05-02 03:42:16Z" duration="0.000601" asserts="2" />
            <test-case id="1045" name="CreateInstance" fullname="MonoTests.System.Drawing.ColorConverterTest.CreateInstance" methodname="CreateInstance" classname="MonoTests.System.Drawing.ColorConverterTest" runstate="Runnable" seed="646017072" result="Passed" start-time="2017-05-02 03:42:16Z" end-time="2017-05-02 03:42:16Z" duration="0.000648" asserts="2" />
            <test-case id="1044" name="GetCreateInstanceSupported" fullname="MonoTests.System.Drawing.ColorConverterTest.GetCreateInstanceSupported" methodname="GetCreateInstanceSupported" classname="MonoTests.System.Drawing.ColorConverterTest" runstate="Runnable" seed="1477924299" result="Passed" start-time="2017-05-02 03:42:16Z" end-time="2017-05-02 03:42:16Z" duration="0.001283" asserts="2" />
            <test-case id="1047" name="GetProperties" fullname="MonoTests.System.Drawing.ColorConverterTest.GetProperties" methodname="GetProperties" classname="MonoTests.System.Drawing.ColorConverterTest" runstate="Runnable" seed="139323203" result="Passed" start-time="2017-05-02 03:42:16Z" end-time="2017-05-02 03:42:16Z" duration="0.000977" asserts="3" />
            <test-case id="1046" name="GetPropertiesSupported" fullname="MonoTests.System.Drawing.ColorConverterTest.GetPropertiesSupported" methodname="GetPropertiesSupported" classname="MonoTests.System.Drawing.ColorConverterTest" runstate="Runnable" seed="744138097" result="Passed" start-time="2017-05-02 03:42:16Z" end-time="2017-05-02 03:42:16Z" duration="0.000544" asserts="2" />
            <test-case id="1057" name="GetStandardValues" fullname="MonoTests.System.Drawing.ColorConverterTest.GetStandardValues" methodname="GetStandardValues" classname="MonoTests.System.Drawing.ColorConverterTest" runstate="Runnable" seed="1615537444" result="Passed" start-time="2017-05-02 03:42:16Z" end-time="2017-05-02 03:42:16Z" duration="0.006917" asserts="2" />
            <test-case id="1058" name="GetStandardValuesExclusive" fullname="MonoTests.System.Drawing.ColorConverterTest.GetStandardValuesExclusive" methodname="GetStandardValuesExclusive" classname="MonoTests.System.Drawing.ColorConverterTest" runstate="Runnable" seed="1463980422" result="Passed" start-time="2017-05-02 03:42:16Z" end-time="2017-05-02 03:42:16Z" duration="0.000689" asserts="1" />
            <test-case id="1056" name="GetStandardValuesSupported" fullname="MonoTests.System.Drawing.ColorConverterTest.GetStandardValuesSupported" methodname="GetStandardValuesSupported" classname="MonoTests.System.Drawing.ColorConverterTest" runstate="Runnable" seed="756747322" result="Passed" start-time="2017-05-02 03:42:16Z" end-time="2017-05-02 03:42:16Z" duration="0.000335" asserts="1" />
          </test-suite>
          <test-suite type="TestFixture" id="1361" name="ColorTest" fullname="MonoTests.System.Drawing.ColorTest" classname="MonoTests.System.Drawing.ColorTest" runstate="Runnable" testcasecount="36" result="Failed" site="Child" start-time="2017-05-02 03:42:16Z" end-time="2017-05-02 03:42:16Z" duration="0.226952" total="36" passed="32" failed="4" warnings="0" inconclusive="0" skipped="0" asserts="683">
            <failure>
              <message><![CDATA[One or more child tests had errors]]></message>
            </failure>
            <test-case id="1393" name="Deserialize" fullname="MonoTests.System.Drawing.ColorTest.Deserialize" methodname="Deserialize" classname="MonoTests.System.Drawing.ColorTest" runstate="Runnable" seed="474297971" result="Failed" label="Error" start-time="2017-05-02 03:42:16Z" end-time="2017-05-02 03:42:16Z" duration="0.015643" asserts="0">
              <failure>
                <message><![CDATA[System.InvalidCastException : 指定的转换无效。]]></message>
                <stack-trace><![CDATA[   在 MonoTests.System.Drawing.ColorTest.Deserialize() 位置 C:\ProgramData\Git\zkweb.system.drawing\src\ZKWeb.System.Drawing.Tests\System.Drawing\TestColor.cs:行号 1208]]></stack-trace>
              </failure>
            </test-case>
            <test-case id="1394" name="Deserialize2" fullname="MonoTests.System.Drawing.ColorTest.Deserialize2" methodname="Deserialize2" classname="MonoTests.System.Drawing.ColorTest" runstate="Runnable" seed="466544496" result="Failed" label="Error" start-time="2017-05-02 03:42:16Z" end-time="2017-05-02 03:42:16Z" duration="0.002023" asserts="0">
              <failure>
                <message><![CDATA[System.InvalidCastException : 指定的转换无效。]]></message>
                <stack-trace><![CDATA[   在 MonoTests.System.Drawing.ColorTest.Deserialize2() 位置 C:\ProgramData\Git\zkweb.system.drawing\src\ZKWeb.System.Drawing.Tests\System.Drawing\TestColor.cs:行号 1227]]></stack-trace>
              </failure>
            </test-case>
            <test-case id="1395" name="Deserialize3" fullname="MonoTests.System.Drawing.ColorTest.Deserialize3" methodname="Deserialize3" classname="MonoTests.System.Drawing.ColorTest" runstate="Runnable" seed="2126517151" result="Failed" label="Error" start-time="2017-05-02 03:42:16Z" end-time="2017-05-02 03:42:16Z" duration="0.001863" asserts="0">
              <failure>
                <message><![CDATA[System.InvalidCastException : 指定的转换无效。]]></message>
                <stack-trace><![CDATA[   在 MonoTests.System.Drawing.ColorTest.Deserialize3() 位置 C:\ProgramData\Git\zkweb.system.drawing\src\ZKWeb.System.Drawing.Tests\System.Drawing\TestColor.cs:行号 1254]]></stack-trace>
              </failure>
            </test-case>
            <test-case id="1396" name="Deserialize4" fullname="MonoTests.System.Drawing.ColorTest.Deserialize4" methodname="Deserialize4" classname="MonoTests.System.Drawing.ColorTest" runstate="Runnable" seed="1169519834" result="Failed" label="Error" start-time="2017-05-02 03:42:16Z" end-time="2017-05-02 03:42:16Z" duration="0.001362" asserts="0">
              <failure>
                <message><![CDATA[System.InvalidCastException : 指定的转换无效。]]></message>
                <stack-trace><![CDATA[   在 MonoTests.System.Drawing.ColorTest.Deserialize4() 位置 C:\ProgramData\Git\zkweb.system.drawing\src\ZKWeb.System.Drawing.Tests\System.Drawing\TestColor.cs:行号 1299]]></stack-trace>
              </failure>
            </test-case>
            <test-case id="1374" name="Equality" fullname="MonoTests.System.Drawing.ColorTest.Equality" methodname="Equality" classname="MonoTests.System.Drawing.ColorTest" runstate="Runnable" seed="1308920415" result="Passed" start-time="2017-05-02 03:42:16Z" end-time="2017-05-02 03:42:16Z" duration="0.001697" asserts="6" />
            <test-case id="1375" name="FromArgb_InvalidAlpha1" fullname="MonoTests.System.Drawing.ColorTest.FromArgb_InvalidAlpha1" methodname="FromArgb_InvalidAlpha1" classname="MonoTests.System.Drawing.ColorTest" runstate="Runnable" seed="1912519068" result="Passed" start-time="2017-05-02 03:42:16Z" end-time="2017-05-02 03:42:16Z" duration="0.000967" asserts="1" />
            <test-case id="1376" name="FromArgb_InvalidAlpha2" fullname="MonoTests.System.Drawing.ColorTest.FromArgb_InvalidAlpha2" methodname="FromArgb_InvalidAlpha2" classname="MonoTests.System.Drawing.ColorTest" runstate="Runnable" seed="1158351920" result="Passed" start-time="2017-05-02 03:42:16Z" end-time="2017-05-02 03:42:16Z" duration="0.000687" asserts="1" />
            <test-case id="1377" name="FromArgb_InvalidAlpha3" fullname="MonoTests.System.Drawing.ColorTest.FromArgb_InvalidAlpha3" methodname="FromArgb_InvalidAlpha3" classname="MonoTests.System.Drawing.ColorTest" runstate="Runnable" seed="1482776229" result="Passed" start-time="2017-05-02 03:42:16Z" end-time="2017-05-02 03:42:16Z" duration="0.000591" asserts="1" />
            <test-case id="1378" name="FromArgb_InvalidAlpha4" fullname="MonoTests.System.Drawing.ColorTest.FromArgb_InvalidAlpha4" methodname="FromArgb_InvalidAlpha4" classname="MonoTests.System.Drawing.ColorTest" runstate="Runnable" seed="1454983788" result="Passed" start-time="2017-05-02 03:42:16Z" end-time="2017-05-02 03:42:16Z" duration="0.000525" asserts="1" />
            <test-case id="1387" name="FromArgb_InvalidBlue1" fullname="MonoTests.System.Drawing.ColorTest.FromArgb_InvalidBlue1" methodname="FromArgb_InvalidBlue1" classname="MonoTests.System.Drawing.ColorTest" runstate="Runnable" seed="1668843173" result="Passed" start-time="2017-05-02 03:42:16Z" end-time="2017-05-02 03:42:16Z" duration="0.000486" asserts="1" />
            <test-case id="1388" name="FromArgb_InvalidBlue2" fullname="MonoTests.System.Drawing.ColorTest.FromArgb_InvalidBlue2" methodname="FromArgb_InvalidBlue2" classname="MonoTests.System.Drawing.ColorTest" runstate="Runnable" seed="216137632" result="Passed" start-time="2017-05-02 03:42:16Z" end-time="2017-05-02 03:42:16Z" duration="0.000528" asserts="1" />
            <test-case id="1389" name="FromArgb_InvalidBlue3" fullname="MonoTests.System.Drawing.ColorTest.FromArgb_InvalidBlue3" methodname="FromArgb_InvalidBlue3" classname="MonoTests.System.Drawing.ColorTest" runstate="Runnable" seed="2052990928" result="Passed" start-time="2017-05-02 03:42:16Z" end-time="2017-05-02 03:42:16Z" duration="0.000527" asserts="1" />
            <test-case id="1390" name="FromArgb_InvalidBlue4" fullname="MonoTests.System.Drawing.ColorTest.FromArgb_InvalidBlue4" methodname="FromArgb_InvalidBlue4" classname="MonoTests.System.Drawing.ColorTest" runstate="Runnable" seed="1578586896" result="Passed" start-time="2017-05-02 03:42:16Z" end-time="2017-05-02 03:42:16Z" duration="0.000510" asserts="1" />
            <test-case id="1383" name="FromArgb_InvalidGreen1" fullname="MonoTests.System.Drawing.ColorTest.FromArgb_InvalidGreen1" methodname="FromArgb_InvalidGreen1" classname="MonoTests.System.Drawing.ColorTest" runstate="Runnable" seed="1557326548" result="Passed" start-time="2017-05-02 03:42:16Z" end-time="2017-05-02 03:42:16Z" duration="0.000690" asserts="1" />
            <test-case id="1384" name="FromArgb_InvalidGreen2" fullname="MonoTests.System.Drawing.ColorTest.FromArgb_InvalidGreen2" methodname="FromArgb_InvalidGreen2" classname="MonoTests.System.Drawing.ColorTest" runstate="Runnable" seed="1920611198" result="Passed" start-time="2017-05-02 03:42:16Z" end-time="2017-05-02 03:42:16Z" duration="0.000630" asserts="1" />
            <test-case id="1385" name="FromArgb_InvalidGreen3" fullname="MonoTests.System.Drawing.ColorTest.FromArgb_InvalidGreen3" methodname="FromArgb_InvalidGreen3" classname="MonoTests.System.Drawing.ColorTest" runstate="Runnable" seed="8992235" result="Passed" start-time="2017-05-02 03:42:16Z" end-time="2017-05-02 03:42:16Z" duration="0.000614" asserts="1" />
            <test-case id="1386" name="FromArgb_InvalidGreen4" fullname="MonoTests.System.Drawing.ColorTest.FromArgb_InvalidGreen4" methodname="FromArgb_InvalidGreen4" classname="MonoTests.System.Drawing.ColorTest" runstate="Runnable" seed="943985114" result="Passed" start-time="2017-05-02 03:42:16Z" end-time="2017-05-02 03:42:16Z" duration="0.000632" asserts="1" />
            <test-case id="1379" name="FromArgb_InvalidRed1" fullname="MonoTests.System.Drawing.ColorTest.FromArgb_InvalidRed1" methodname="FromArgb_InvalidRed1" classname="MonoTests.System.Drawing.ColorTest" runstate="Runnable" seed="1092877812" result="Passed" start-time="2017-05-02 03:42:16Z" end-time="2017-05-02 03:42:16Z" duration="0.000603" asserts="1" />
            <test-case id="1380" name="FromArgb_InvalidRed2" fullname="MonoTests.System.Drawing.ColorTest.FromArgb_InvalidRed2" methodname="FromArgb_InvalidRed2" classname="MonoTests.System.Drawing.ColorTest" runstate="Runnable" seed="327805671" result="Passed" start-time="2017-05-02 03:42:16Z" end-time="2017-05-02 03:42:16Z" duration="0.000575" asserts="1" />
            <test-case id="1381" name="FromArgb_InvalidRed3" fullname="MonoTests.System.Drawing.ColorTest.FromArgb_InvalidRed3" methodname="FromArgb_InvalidRed3" classname="MonoTests.System.Drawing.ColorTest" runstate="Runnable" seed="2091522732" result="Passed" start-time="2017-05-02 03:42:16Z" end-time="2017-05-02 03:42:16Z" duration="0.000683" asserts="1" />
            <test-case id="1382" name="FromArgb_InvalidRed4" fullname="MonoTests.System.Drawing.ColorTest.FromArgb_InvalidRed4" methodname="FromArgb_InvalidRed4" classname="MonoTests.System.Drawing.ColorTest" runstate="Runnable" seed="508753027" result="Passed" start-time="2017-05-02 03:42:16Z" end-time="2017-05-02 03:42:16Z" duration="0.000550" asserts="1" />
            <test-case id="1391" name="FromName_Invalid" fullname="MonoTests.System.Drawing.ColorTest.FromName_Invalid" methodname="FromName_Invalid" classname="MonoTests.System.Drawing.ColorTest" runstate="Runnable" seed="310892912" result="Passed" start-time="2017-05-02 03:42:16Z" end-time="2017-05-02 03:42:16Z" duration="0.000671" asserts="3" />
            <test-case id="1370" name="GetHashCodeTest" fullname="MonoTests.System.Drawing.ColorTest.GetHashCodeTest" methodname="GetHashCodeTest" classname="MonoTests.System.Drawing.ColorTest" runstate="Runnable" seed="345234298" result="Passed" start-time="2017-05-02 03:42:16Z" end-time="2017-05-02 03:42:16Z" duration="0.000661" asserts="2" />
            <test-case id="1366" name="IsKnownColor" fullname="MonoTests.System.Drawing.ColorTest.IsKnownColor" methodname="IsKnownColor" classname="MonoTests.System.Drawing.ColorTest" runstate="Runnable" seed="646668601" result="Passed" start-time="2017-05-02 03:42:16Z" end-time="2017-05-02 03:42:16Z" duration="0.000784" asserts="3" />
            <test-case id="1367" name="IsNamedColor" fullname="MonoTests.System.Drawing.ColorTest.IsNamedColor" methodname="IsNamedColor" classname="MonoTests.System.Drawing.ColorTest" runstate="Runnable" seed="461095250" result="Passed" start-time="2017-05-02 03:42:16Z" end-time="2017-05-02 03:42:16Z" duration="0.000815" asserts="4" />
            <test-case id="1368" name="IsSystemColor" fullname="MonoTests.System.Drawing.ColorTest.IsSystemColor" methodname="IsSystemColor" classname="MonoTests.System.Drawing.ColorTest" runstate="Runnable" seed="1231450301" result="Passed" start-time="2017-05-02 03:42:16Z" end-time="2017-05-02 03:42:16Z" duration="0.000850" asserts="5" />
            <test-case id="1369" name="Name" fullname="MonoTests.System.Drawing.ColorTest.Name" methodname="Name" classname="MonoTests.System.Drawing.ColorTest" runstate="Runnable" seed="1284486294" result="Passed" start-time="2017-05-02 03:42:16Z" end-time="2017-05-02 03:42:16Z" duration="0.000644" asserts="3" />
            <test-case id="1392" name="SerializationRoundtrip" fullname="MonoTests.System.Drawing.ColorTest.SerializationRoundtrip" methodname="SerializationRoundtrip" classname="MonoTests.System.Drawing.ColorTest" runstate="Runnable" seed="121811222" result="Passed" start-time="2017-05-02 03:42:16Z" end-time="2017-05-02 03:42:16Z" duration="0.003442" asserts="18" />
            <test-case id="1362" name="TestArgbValues" fullname="MonoTests.System.Drawing.ColorTest.TestArgbValues" methodname="TestArgbValues" classname="MonoTests.System.Drawing.ColorTest" runstate="Runnable" seed="1595012625" result="Passed" start-time="2017-05-02 03:42:16Z" end-time="2017-05-02 03:42:16Z" duration="0.051235" asserts="564" />
            <test-case id="1364" name="TestEquals" fullname="MonoTests.System.Drawing.ColorTest.TestEquals" methodname="TestEquals" classname="MonoTests.System.Drawing.ColorTest" runstate="Runnable" seed="1526048333" result="Passed" start-time="2017-05-02 03:42:16Z" end-time="2017-05-02 03:42:16Z" duration="0.001137" asserts="7" />
            <test-case id="1363" name="TestHBSValues" fullname="MonoTests.System.Drawing.ColorTest.TestHBSValues" methodname="TestHBSValues" classname="MonoTests.System.Drawing.ColorTest" runstate="Runnable" seed="806472500" result="Passed" start-time="2017-05-02 03:42:16Z" end-time="2017-05-02 03:42:16Z" duration="0.003725" asserts="8" />
            <test-case id="1365" name="TestIsEmpty" fullname="MonoTests.System.Drawing.ColorTest.TestIsEmpty" methodname="TestIsEmpty" classname="MonoTests.System.Drawing.ColorTest" runstate="Runnable" seed="1016250225" result="Passed" start-time="2017-05-02 03:42:16Z" end-time="2017-05-02 03:42:16Z" duration="0.000473" asserts="2" />
            <test-case id="1371" name="ToArgb" fullname="MonoTests.System.Drawing.ColorTest.ToArgb" methodname="ToArgb" classname="MonoTests.System.Drawing.ColorTest" runstate="Runnable" seed="484229937" result="Passed" start-time="2017-05-02 03:42:16Z" end-time="2017-05-02 03:42:16Z" duration="0.000508" asserts="2" />
            <test-case id="1372" name="ToKnownColor" fullname="MonoTests.System.Drawing.ColorTest.ToKnownColor" methodname="ToKnownColor" classname="MonoTests.System.Drawing.ColorTest" runstate="Runnable" seed="1055560377" result="Passed" start-time="2017-05-02 03:42:16Z" end-time="2017-05-02 03:42:16Z" duration="0.000683" asserts="3" />
            <test-case id="1373" name="ToStringTest" fullname="MonoTests.System.Drawing.ColorTest.ToStringTest" methodname="ToStringTest" classname="MonoTests.System.Drawing.ColorTest" runstate="Runnable" seed="945887456" result="Passed" start-time="2017-05-02 03:42:16Z" end-time="2017-05-02 03:42:16Z" duration="0.001060" asserts="4" />
            <test-case id="1397" name="WindowsSystemColors" fullname="MonoTests.System.Drawing.ColorTest.WindowsSystemColors" methodname="WindowsSystemColors" classname="MonoTests.System.Drawing.ColorTest" runstate="Runnable" seed="1577329486" result="Passed" start-time="2017-05-02 03:42:16Z" end-time="2017-05-02 03:42:16Z" duration="0.001474" asserts="33" />
          </test-suite>
          <test-suite type="TestFixture" id="1060" name="ColorTranslatorTest" fullname="MonoTests.System.Drawing.ColorTranslatorTest" classname="MonoTests.System.Drawing.ColorTranslatorTest" runstate="Runnable" testcasecount="15" result="Passed" start-time="2017-05-02 03:42:16Z" end-time="2017-05-02 03:42:16Z" duration="0.067240" total="15" passed="15" failed="0" warnings="0" inconclusive="0" skipped="0" asserts="235">
            <test-case id="1069" name="FromHtml" fullname="MonoTests.System.Drawing.ColorTranslatorTest.FromHtml" methodname="FromHtml" classname="MonoTests.System.Drawing.ColorTranslatorTest" runstate="Runnable" seed="1128415421" result="Passed" start-time="2017-05-02 03:42:16Z" end-time="2017-05-02 03:42:16Z" duration="0.003736" asserts="33" />
            <test-case id="1062" name="FromHtml_Empty" fullname="MonoTests.System.Drawing.ColorTranslatorTest.FromHtml_Empty" methodname="FromHtml_Empty" classname="MonoTests.System.Drawing.ColorTranslatorTest" runstate="Runnable" seed="38069897" result="Passed" start-time="2017-05-02 03:42:16Z" end-time="2017-05-02 03:42:16Z" duration="0.000401" asserts="1" />
            <test-case id="1064" name="FromHtml_Int" fullname="MonoTests.System.Drawing.ColorTranslatorTest.FromHtml_Int" methodname="FromHtml_Int" classname="MonoTests.System.Drawing.ColorTranslatorTest" runstate="Runnable" seed="1594456598" result="Passed" start-time="2017-05-02 03:42:16Z" end-time="2017-05-02 03:42:16Z" duration="0.000643" asserts="3" />
            <test-case id="1063" name="FromHtml_KnownValues" fullname="MonoTests.System.Drawing.ColorTranslatorTest.FromHtml_KnownValues" methodname="FromHtml_KnownValues" classname="MonoTests.System.Drawing.ColorTranslatorTest" runstate="Runnable" seed="1754422059" result="Passed" start-time="2017-05-02 03:42:16Z" end-time="2017-05-02 03:42:16Z" duration="0.000944" asserts="6" />
            <test-case id="1070" name="FromHtml_LightGrey" fullname="MonoTests.System.Drawing.ColorTranslatorTest.FromHtml_LightGrey" methodname="FromHtml_LightGrey" classname="MonoTests.System.Drawing.ColorTranslatorTest" runstate="Runnable" seed="530896054" result="Passed" start-time="2017-05-02 03:42:16Z" end-time="2017-05-02 03:42:16Z" duration="0.000979" asserts="1" />
            <test-case id="1061" name="FromHtml_Null" fullname="MonoTests.System.Drawing.ColorTranslatorTest.FromHtml_Null" methodname="FromHtml_Null" classname="MonoTests.System.Drawing.ColorTranslatorTest" runstate="Runnable" seed="1253926262" result="Passed" start-time="2017-05-02 03:42:16Z" end-time="2017-05-02 03:42:16Z" duration="0.000315" asserts="1" />
            <test-case id="1065" name="FromHtml_PoundInt" fullname="MonoTests.System.Drawing.ColorTranslatorTest.FromHtml_PoundInt" methodname="FromHtml_PoundInt" classname="MonoTests.System.Drawing.ColorTranslatorTest" runstate="Runnable" seed="1057721061" result="Passed" start-time="2017-05-02 03:42:16Z" end-time="2017-05-02 03:42:16Z" duration="0.001836" asserts="12" />
            <test-case id="1066" name="FromHtml_PoundNegative" fullname="MonoTests.System.Drawing.ColorTranslatorTest.FromHtml_PoundNegative" methodname="FromHtml_PoundNegative" classname="MonoTests.System.Drawing.ColorTranslatorTest" runstate="Runnable" seed="88652514" result="Passed" start-time="2017-05-02 03:42:16Z" end-time="2017-05-02 03:42:16Z" duration="0.000911" asserts="1" />
            <test-case id="1067" name="FromHtml_PoundTooLarge" fullname="MonoTests.System.Drawing.ColorTranslatorTest.FromHtml_PoundTooLarge" methodname="FromHtml_PoundTooLarge" classname="MonoTests.System.Drawing.ColorTranslatorTest" runstate="Runnable" seed="1670847724" result="Passed" start-time="2017-05-02 03:42:16Z" end-time="2017-05-02 03:42:16Z" duration="0.000870" asserts="1" />
            <test-case id="1068" name="FromHtml_Unknown" fullname="MonoTests.System.Drawing.ColorTranslatorTest.FromHtml_Unknown" methodname="FromHtml_Unknown" classname="MonoTests.System.Drawing.ColorTranslatorTest" runstate="Runnable" seed="799818119" result="Passed" start-time="2017-05-02 03:42:16Z" end-time="2017-05-02 03:42:16Z" duration="0.000807" asserts="1" />
            <test-case id="1071" name="FromOle" fullname="MonoTests.System.Drawing.ColorTranslatorTest.FromOle" methodname="FromOle" classname="MonoTests.System.Drawing.ColorTranslatorTest" runstate="Runnable" seed="1960647054" result="Passed" start-time="2017-05-02 03:42:16Z" end-time="2017-05-02 03:42:16Z" duration="0.000524" asserts="2" />
            <test-case id="1072" name="FromWin32" fullname="MonoTests.System.Drawing.ColorTranslatorTest.FromWin32" methodname="FromWin32" classname="MonoTests.System.Drawing.ColorTranslatorTest" runstate="Runnable" seed="829212827" result="Passed" start-time="2017-05-02 03:42:16Z" end-time="2017-05-02 03:42:16Z" duration="0.000414" asserts="2" />
            <test-case id="1073" name="ToHtml" fullname="MonoTests.System.Drawing.ColorTranslatorTest.ToHtml" methodname="ToHtml" classname="MonoTests.System.Drawing.ColorTranslatorTest" runstate="Runnable" seed="1864952096" result="Passed" start-time="2017-05-02 03:42:16Z" end-time="2017-05-02 03:42:16Z" duration="0.002079" asserts="167" />
            <test-case id="1074" name="ToOle" fullname="MonoTests.System.Drawing.ColorTranslatorTest.ToOle" methodname="ToOle" classname="MonoTests.System.Drawing.ColorTranslatorTest" runstate="Runnable" seed="55596999" result="Passed" start-time="2017-05-02 03:42:16Z" end-time="2017-05-02 03:42:16Z" duration="0.000686" asserts="2" />
            <test-case id="1075" name="ToWin32" fullname="MonoTests.System.Drawing.ColorTranslatorTest.ToWin32" methodname="ToWin32" classname="MonoTests.System.Drawing.ColorTranslatorTest" runstate="Runnable" seed="727985591" result="Passed" start-time="2017-05-02 03:42:16Z" end-time="2017-05-02 03:42:16Z" duration="0.000621" asserts="2" />
          </test-suite>
          <test-suite type="TestSuite" id="2950" name="Drawing2D" fullname="MonoTests.System.Drawing.Drawing2D" runstate="Runnable" testcasecount="432" result="Failed" site="Child" start-time="2017-05-02 03:42:15Z" end-time="2017-05-02 03:42:19Z" duration="3.380523" total="432" passed="416" failed="9" warnings="0" inconclusive="0" skipped="7" asserts="3770">
            <failure>
              <message><![CDATA[One or more child tests had errors]]></message>
            </failure>
            <test-suite type="TestFixture" id="2871" name="BlendTest" fullname="MonoTests.System.Drawing.Drawing2D.BlendTest" classname="MonoTests.System.Drawing.Drawing2D.BlendTest" runstate="Runnable" testcasecount="2" result="Passed" start-time="2017-05-02 03:42:16Z" end-time="2017-05-02 03:42:16Z" duration="0.009056" total="2" passed="2" failed="0" warnings="0" inconclusive="0" skipped="0" asserts="12">
              <test-case id="2872" name="TestConstructors" fullname="MonoTests.System.Drawing.Drawing2D.BlendTest.TestConstructors" methodname="TestConstructors" classname="MonoTests.System.Drawing.Drawing2D.BlendTest" runstate="Runnable" seed="165591903" result="Passed" start-time="2017-05-02 03:42:16Z" end-time="2017-05-02 03:42:16Z" duration="0.001300" asserts="4" />
              <test-case id="2873" name="TestProperties" fullname="MonoTests.System.Drawing.Drawing2D.BlendTest.TestProperties" methodname="TestProperties" classname="MonoTests.System.Drawing.Drawing2D.BlendTest" runstate="Runnable" seed="1857167310" result="Passed" start-time="2017-05-02 03:42:16Z" end-time="2017-05-02 03:42:16Z" duration="0.001582" asserts="8" />
            </test-suite>
            <test-suite type="TestFixture" id="2874" name="ColorBlendTest" fullname="MonoTests.System.Drawing.Drawing2D.ColorBlendTest" classname="MonoTests.System.Drawing.Drawing2D.ColorBlendTest" runstate="Runnable" testcasecount="7" result="Passed" start-time="2017-05-02 03:42:16Z" end-time="2017-05-02 03:42:16Z" duration="0.031086" total="7" passed="7" failed="0" warnings="0" inconclusive="0" skipped="0" asserts="19">
              <test-case id="2877" name="ColorBlend_Empty" fullname="MonoTests.System.Drawing.Drawing2D.ColorBlendTest.ColorBlend_Empty" methodname="ColorBlend_Empty" classname="MonoTests.System.Drawing.Drawing2D.ColorBlendTest" runstate="Runnable" seed="1117046203" result="Passed" start-time="2017-05-02 03:42:16Z" end-time="2017-05-02 03:42:16Z" duration="0.001071" asserts="4" />
              <test-case id="2881" name="ColorBlend_Lots" fullname="MonoTests.System.Drawing.Drawing2D.ColorBlendTest.ColorBlend_Lots" methodname="ColorBlend_Lots" classname="MonoTests.System.Drawing.Drawing2D.ColorBlendTest" runstate="Runnable" seed="1348768186" result="Passed" start-time="2017-05-02 03:42:16Z" end-time="2017-05-02 03:42:16Z" duration="0.000629" asserts="2" />
              <test-case id="2880" name="ColorBlend_Negative" fullname="MonoTests.System.Drawing.Drawing2D.ColorBlendTest.ColorBlend_Negative" methodname="ColorBlend_Negative" classname="MonoTests.System.Drawing.Drawing2D.ColorBlendTest" runstate="Runnable" seed="1564523633" result="Passed" start-time="2017-05-02 03:42:16Z" end-time="2017-05-02 03:42:16Z" duration="0.001233" asserts="1" />
              <test-case id="2878" name="ColorBlend_Zero" fullname="MonoTests.System.Drawing.Drawing2D.ColorBlendTest.ColorBlend_Zero" methodname="ColorBlend_Zero" classname="MonoTests.System.Drawing.Drawing2D.ColorBlendTest" runstate="Runnable" seed="1561907106" result="Passed" start-time="2017-05-02 03:42:16Z" end-time="2017-05-02 03:42:16Z" duration="0.000776" asserts="2" />
              <test-case id="2879" name="MismatchSizes" fullname="MonoTests.System.Drawing.Drawing2D.ColorBlendTest.MismatchSizes" methodname="MismatchSizes" classname="MonoTests.System.Drawing.Drawing2D.ColorBlendTest" runstate="Runnable" seed="2101585428" result="Passed" start-time="2017-05-02 03:42:16Z" end-time="2017-05-02 03:42:16Z" duration="0.000621" asserts="2" />
              <test-case id="2875" name="TestConstructors" fullname="MonoTests.System.Drawing.Drawing2D.ColorBlendTest.TestConstructors" methodname="TestConstructors" classname="MonoTests.System.Drawing.Drawing2D.ColorBlendTest" runstate="Runnable" seed="1056389516" result="Passed" start-time="2017-05-02 03:42:16Z" end-time="2017-05-02 03:42:16Z" duration="0.000624" asserts="2" />
              <test-case id="2876" name="TestProperties" fullname="MonoTests.System.Drawing.Drawing2D.ColorBlendTest.TestProperties" methodname="TestProperties" classname="MonoTests.System.Drawing.Drawing2D.ColorBlendTest" runstate="Runnable" seed="11333532" result="Passed" start-time="2017-05-02 03:42:16Z" end-time="2017-05-02 03:42:16Z" duration="0.001330" asserts="6" />
            </test-suite>
            <test-suite type="TestFixture" id="2499" name="GraphicsPathIteratorTest" fullname="MonoTests.System.Drawing.Drawing2D.GraphicsPathIteratorTest" classname="MonoTests.System.Drawing.Drawing2D.GraphicsPathIteratorTest" runstate="Runnable" testcasecount="9" result="Failed" site="Child" start-time="2017-05-02 03:42:16Z" end-time="2017-05-02 03:42:16Z" duration="0.046168" total="9" passed="8" failed="1" warnings="0" inconclusive="0" skipped="0" asserts="10">
              <failure>
                <message><![CDATA[One or more child tests had errors]]></message>
              </failure>
              <test-case id="2505" name="CopyData_DifferentSize" fullname="MonoTests.System.Drawing.Drawing2D.GraphicsPathIteratorTest.CopyData_DifferentSize" methodname="CopyData_DifferentSize" classname="MonoTests.System.Drawing.Drawing2D.GraphicsPathIteratorTest" runstate="Runnable" seed="854110483" result="Passed" start-time="2017-05-02 03:42:16Z" end-time="2017-05-02 03:42:16Z" duration="0.003576" asserts="1" />
              <test-case id="2503" name="CopyData_NullPoints" fullname="MonoTests.System.Drawing.Drawing2D.GraphicsPathIteratorTest.CopyData_NullPoints" methodname="CopyData_NullPoints" classname="MonoTests.System.Drawing.Drawing2D.GraphicsPathIteratorTest" runstate="Runnable" seed="128981603" result="Passed" start-time="2017-05-02 03:42:16Z" end-time="2017-05-02 03:42:16Z" duration="0.001087" asserts="1" />
              <test-case id="2504" name="CopyData_NullTypes" fullname="MonoTests.System.Drawing.Drawing2D.GraphicsPathIteratorTest.CopyData_NullTypes" methodname="CopyData_NullTypes" classname="MonoTests.System.Drawing.Drawing2D.GraphicsPathIteratorTest" runstate="Runnable" seed="1746396554" result="Passed" start-time="2017-05-02 03:42:16Z" end-time="2017-05-02 03:42:16Z" duration="0.001438" asserts="1" />
              <test-case id="2500" name="Ctor_Null" fullname="MonoTests.System.Drawing.Drawing2D.GraphicsPathIteratorTest.Ctor_Null" methodname="Ctor_Null" classname="MonoTests.System.Drawing.Drawing2D.GraphicsPathIteratorTest" runstate="Runnable" seed="412981480" result="Passed" start-time="2017-05-02 03:42:16Z" end-time="2017-05-02 03:42:16Z" duration="0.000673" asserts="1" />
              <test-case id="2508" name="Enumerate_DifferentSize" fullname="MonoTests.System.Drawing.Drawing2D.GraphicsPathIteratorTest.Enumerate_DifferentSize" methodname="Enumerate_DifferentSize" classname="MonoTests.System.Drawing.Drawing2D.GraphicsPathIteratorTest" runstate="Runnable" seed="838563620" result="Passed" start-time="2017-05-02 03:42:16Z" end-time="2017-05-02 03:42:16Z" duration="0.001285" asserts="1" />
              <test-case id="2506" name="Enumerate_NullPoints" fullname="MonoTests.System.Drawing.Drawing2D.GraphicsPathIteratorTest.Enumerate_NullPoints" methodname="Enumerate_NullPoints" classname="MonoTests.System.Drawing.Drawing2D.GraphicsPathIteratorTest" runstate="Runnable" seed="90450289" result="Passed" start-time="2017-05-02 03:42:16Z" end-time="2017-05-02 03:42:16Z" duration="0.000928" asserts="1" />
              <test-case id="2507" name="Enumerate_NullTypes" fullname="MonoTests.System.Drawing.Drawing2D.GraphicsPathIteratorTest.Enumerate_NullTypes" methodname="Enumerate_NullTypes" classname="MonoTests.System.Drawing.Drawing2D.GraphicsPathIteratorTest" runstate="Runnable" seed="1935944645" result="Passed" start-time="2017-05-02 03:42:16Z" end-time="2017-05-02 03:42:16Z" duration="0.001138" asserts="1" />
              <test-case id="2501" name="NextMarker_Null" fullname="MonoTests.System.Drawing.Drawing2D.GraphicsPathIteratorTest.NextMarker_Null" methodname="NextMarker_Null" classname="MonoTests.System.Drawing.Drawing2D.GraphicsPathIteratorTest" runstate="Runnable" seed="1763370833" result="Passed" start-time="2017-05-02 03:42:16Z" end-time="2017-05-02 03:42:16Z" duration="0.000901" asserts="1" />
              <test-case id="2502" name="NextSubpath_Null" fullname="MonoTests.System.Drawing.Drawing2D.GraphicsPathIteratorTest.NextSubpath_Null" methodname="NextSubpath_Null" classname="MonoTests.System.Drawing.Drawing2D.GraphicsPathIteratorTest" runstate="Runnable" seed="703649982" result="Failed" start-time="2017-05-02 03:42:16Z" end-time="2017-05-02 03:42:16Z" duration="0.002603" asserts="2">
                <failure>
                  <message><![CDATA[  Closed
  Expected: True
  But was:  False
]]></message>
                  <stack-trace><![CDATA[在 MonoTests.System.Drawing.Drawing2D.GraphicsPathIteratorTest.NextSubpath_Null() 位置 C:\ProgramData\Git\zkweb.system.drawing\src\ZKWeb.System.Drawing.Tests\System.Drawing.Drawing2D\GraphicsPathIteratorTest.cs:行号 70
]]></stack-trace>
                </failure>
                <assertions>
                  <assertion result="Failed">
                    <message><![CDATA[  Closed
  Expected: True
  But was:  False
]]></message>
                    <stack-trace><![CDATA[在 MonoTests.System.Drawing.Drawing2D.GraphicsPathIteratorTest.NextSubpath_Null() 位置 C:\ProgramData\Git\zkweb.system.drawing\src\ZKWeb.System.Drawing.Tests\System.Drawing.Drawing2D\GraphicsPathIteratorTest.cs:行号 70
]]></stack-trace>
                  </assertion>
                </assertions>
              </test-case>
            </test-suite>
            <test-suite type="TestFixture" id="2509" name="GraphicsPathTest" fullname="MonoTests.System.Drawing.Drawing2D.GraphicsPathTest" classname="MonoTests.System.Drawing.Drawing2D.GraphicsPathTest" runstate="Runnable" testcasecount="226" result="Skipped" label="Ignored" start-time="2017-05-02 03:42:16Z" end-time="2017-05-02 03:42:18Z" duration="1.248340" total="226" passed="219" failed="0" warnings="0" inconclusive="0" skipped="7" asserts="2633">
              <reason>
                <message><![CDATA[One or more child tests were ignored]]></message>
              </reason>
              <test-case id="2638" name="AddArc_Float" fullname="MonoTests.System.Drawing.Drawing2D.GraphicsPathTest.AddArc_Float" methodname="AddArc_Float" classname="MonoTests.System.Drawing.Drawing2D.GraphicsPathTest" runstate="Runnable" seed="660375713" result="Passed" start-time="2017-05-02 03:42:17Z" end-time="2017-05-02 03:42:17Z" duration="0.007685" asserts="19" />
              <test-case id="2637" name="AddArc_Int" fullname="MonoTests.System.Drawing.Drawing2D.GraphicsPathTest.AddArc_Int" methodname="AddArc_Int" classname="MonoTests.System.Drawing.Drawing2D.GraphicsPathTest" runstate="Runnable" seed="1108507592" result="Passed" start-time="2017-05-02 03:42:17Z" end-time="2017-05-02 03:42:17Z" duration="0.000474" asserts="19" />
              <test-case id="2635" name="AddArc_Rectangle" fullname="MonoTests.System.Drawing.Drawing2D.GraphicsPathTest.AddArc_Rectangle" methodname="AddArc_Rectangle" classname="MonoTests.System.Drawing.Drawing2D.GraphicsPathTest" runstate="Runnable" seed="2623266" result="Passed" start-time="2017-05-02 03:42:17Z" end-time="2017-05-02 03:42:17Z" duration="0.000713" asserts="19" />
              <test-case id="2636" name="AddArc_RectangleF" fullname="MonoTests.System.Drawing.Drawing2D.GraphicsPathTest.AddArc_RectangleF" methodname="AddArc_RectangleF" classname="MonoTests.System.Drawing.Drawing2D.GraphicsPathTest" runstate="Runnable" seed="302955179" result="Passed" start-time="2017-05-02 03:42:17Z" end-time="2017-05-02 03:42:17Z" duration="0.000685" asserts="19" />
              <test-case id="2642" name="AddBezier_Float" fullname="MonoTests.System.Drawing.Drawing2D.GraphicsPathTest.AddBezier_Float" methodname="AddBezier_Float" classname="MonoTests.System.Drawing.Drawing2D.GraphicsPathTest" runstate="Runnable" seed="1313855763" result="Passed" start-time="2017-05-02 03:42:17Z" end-time="2017-05-02 03:42:17Z" duration="0.003350" asserts="20" />
              <test-case id="2641" name="AddBezier_Int" fullname="MonoTests.System.Drawing.Drawing2D.GraphicsPathTest.AddBezier_Int" methodname="AddBezier_Int" classname="MonoTests.System.Drawing.Drawing2D.GraphicsPathTest" runstate="Runnable" seed="190481264" result="Passed" start-time="2017-05-02 03:42:17Z" end-time="2017-05-02 03:42:17Z" duration="0.000512" asserts="20" />
              <test-case id="2639" name="AddBezier_Point" fullname="MonoTests.System.Drawing.Drawing2D.GraphicsPathTest.AddBezier_Point" methodname="AddBezier_Point" classname="MonoTests.System.Drawing.Drawing2D.GraphicsPathTest" runstate="Runnable" seed="861824130" result="Passed" start-time="2017-05-02 03:42:17Z" end-time="2017-05-02 03:42:17Z" duration="0.000652" asserts="20" />
              <test-case id="2640" name="AddBezier_PointF" fullname="MonoTests.System.Drawing.Drawing2D.GraphicsPathTest.AddBezier_PointF" methodname="AddBezier_PointF" classname="MonoTests.System.Drawing.Drawing2D.GraphicsPathTest" runstate="Runnable" seed="384239375" result="Passed" start-time="2017-05-02 03:42:17Z" end-time="2017-05-02 03:42:17Z" duration="0.000933" asserts="20" />
              <test-case id="2643" name="AddBezier_SamePoint" fullname="MonoTests.System.Drawing.Drawing2D.GraphicsPathTest.AddBezier_SamePoint" methodname="AddBezier_SamePoint" classname="MonoTests.System.Drawing.Drawing2D.GraphicsPathTest" runstate="Runnable" seed="417864429" result="Passed" start-time="2017-05-02 03:42:17Z" end-time="2017-05-02 03:42:17Z" duration="0.001683" asserts="9" />
              <test-case id="2644" name="AddBezier_SamePointF" fullname="MonoTests.System.Drawing.Drawing2D.GraphicsPathTest.AddBezier_SamePointF" methodname="AddBezier_SamePointF" classname="MonoTests.System.Drawing.Drawing2D.GraphicsPathTest" runstate="Runnable" seed="621147312" result="Passed" start-time="2017-05-02 03:42:17Z" end-time="2017-05-02 03:42:17Z" duration="0.001800" asserts="9" />
              <test-case id="2649" name="AddBeziers_3_PointFs" fullname="MonoTests.System.Drawing.Drawing2D.GraphicsPathTest.AddBeziers_3_PointFs" methodname="AddBeziers_3_PointFs" classname="MonoTests.System.Drawing.Drawing2D.GraphicsPathTest" runstate="Runnable" seed="1466086485" result="Passed" start-time="2017-05-02 03:42:17Z" end-time="2017-05-02 03:42:17Z" duration="0.001704" asserts="1" />
              <test-case id="2646" name="AddBeziers_3_Points" fullname="MonoTests.System.Drawing.Drawing2D.GraphicsPathTest.AddBeziers_3_Points" methodname="AddBeziers_3_Points" classname="MonoTests.System.Drawing.Drawing2D.GraphicsPathTest" runstate="Runnable" seed="158432914" result="Passed" start-time="2017-05-02 03:42:17Z" end-time="2017-05-02 03:42:17Z" duration="0.001437" asserts="1" />
              <test-case id="2647" name="AddBeziers_Point" fullname="MonoTests.System.Drawing.Drawing2D.GraphicsPathTest.AddBeziers_Point" methodname="AddBeziers_Point" classname="MonoTests.System.Drawing.Drawing2D.GraphicsPathTest" runstate="Runnable" seed="838387665" result="Passed" start-time="2017-05-02 03:42:17Z" end-time="2017-05-02 03:42:17Z" duration="0.000462" asserts="20" />
              <test-case id="2645" name="AddBeziers_Point_Null" fullname="MonoTests.System.Drawing.Drawing2D.GraphicsPathTest.AddBeziers_Point_Null" methodname="AddBeziers_Point_Null" classname="MonoTests.System.Drawing.Drawing2D.GraphicsPathTest" runstate="Runnable" seed="2014724951" result="Passed" start-time="2017-05-02 03:42:17Z" end-time="2017-05-02 03:42:17Z" duration="0.000624" asserts="1" />
              <test-case id="2650" name="AddBeziers_PointF" fullname="MonoTests.System.Drawing.Drawing2D.GraphicsPathTest.AddBeziers_PointF" methodname="AddBeziers_PointF" classname="MonoTests.System.Drawing.Drawing2D.GraphicsPathTest" runstate="Runnable" seed="1832465145" result="Passed" start-time="2017-05-02 03:42:17Z" end-time="2017-05-02 03:42:17Z" duration="0.000568" asserts="20" />
              <test-case id="2648" name="AddBeziers_PointF_Null" fullname="MonoTests.System.Drawing.Drawing2D.GraphicsPathTest.AddBeziers_PointF_Null" methodname="AddBeziers_PointF_Null" classname="MonoTests.System.Drawing.Drawing2D.GraphicsPathTest" runstate="Runnable" seed="303959815" result="Passed" start-time="2017-05-02 03:42:17Z" end-time="2017-05-02 03:42:17Z" duration="0.000651" asserts="1" />
              <test-case id="2651" name="AddBeziers_SamePoint" fullname="MonoTests.System.Drawing.Drawing2D.GraphicsPathTest.AddBeziers_SamePoint" methodname="AddBeziers_SamePoint" classname="MonoTests.System.Drawing.Drawing2D.GraphicsPathTest" runstate="Runnable" seed="800524182" result="Passed" start-time="2017-05-02 03:42:17Z" end-time="2017-05-02 03:42:17Z" duration="0.001632" asserts="9" />
              <test-case id="2652" name="AddBeziers_SamePointF" fullname="MonoTests.System.Drawing.Drawing2D.GraphicsPathTest.AddBeziers_SamePointF" methodname="AddBeziers_SamePointF" classname="MonoTests.System.Drawing.Drawing2D.GraphicsPathTest" runstate="Runnable" seed="1064785859" result="Passed" start-time="2017-05-02 03:42:17Z" end-time="2017-05-02 03:42:17Z" duration="0.001779" asserts="9" />
              <test-case id="2704" name="AddClosedCurve_Point_0" fullname="MonoTests.System.Drawing.Drawing2D.GraphicsPathTest.AddClosedCurve_Point_0" methodname="AddClosedCurve_Point_0" classname="MonoTests.System.Drawing.Drawing2D.GraphicsPathTest" runstate="Runnable" seed="2024897245" result="Passed" start-time="2017-05-02 03:42:17Z" end-time="2017-05-02 03:42:17Z" duration="0.000788" asserts="1" />
              <test-case id="2705" name="AddClosedCurve_Point_1" fullname="MonoTests.System.Drawing.Drawing2D.GraphicsPathTest.AddClosedCurve_Point_1" methodname="AddClosedCurve_Point_1" classname="MonoTests.System.Drawing.Drawing2D.GraphicsPathTest" runstate="Runnable" seed="1455977260" result="Passed" start-time="2017-05-02 03:42:17Z" end-time="2017-05-02 03:42:17Z" duration="0.000885" asserts="1" />
              <test-case id="2706" name="AddClosedCurve_Point_2" fullname="MonoTests.System.Drawing.Drawing2D.GraphicsPathTest.AddClosedCurve_Point_2" methodname="AddClosedCurve_Point_2" classname="MonoTests.System.Drawing.Drawing2D.GraphicsPathTest" runstate="Runnable" seed="519698495" result="Passed" start-time="2017-05-02 03:42:17Z" end-time="2017-05-02 03:42:17Z" duration="0.000742" asserts="1" />
              <test-case id="2707" name="AddClosedCurve_Point_3" fullname="MonoTests.System.Drawing.Drawing2D.GraphicsPathTest.AddClosedCurve_Point_3" methodname="AddClosedCurve_Point_3" classname="MonoTests.System.Drawing.Drawing2D.GraphicsPathTest" runstate="Runnable" seed="226386201" result="Passed" start-time="2017-05-02 03:42:17Z" end-time="2017-05-02 03:42:17Z" duration="0.001886" asserts="17" />
              <test-case id="2703" name="AddClosedCurve_Point_Null" fullname="MonoTests.System.Drawing.Drawing2D.GraphicsPathTest.AddClosedCurve_Point_Null" methodname="AddClosedCurve_Point_Null" classname="MonoTests.System.Drawing.Drawing2D.GraphicsPathTest" runstate="Runnable" seed="1658006713" result="Passed" start-time="2017-05-02 03:42:17Z" end-time="2017-05-02 03:42:17Z" duration="0.000683" asserts="1" />
              <test-case id="2709" name="AddClosedCurve_PointF_0" fullname="MonoTests.System.Drawing.Drawing2D.GraphicsPathTest.AddClosedCurve_PointF_0" methodname="AddClosedCurve_PointF_0" classname="MonoTests.System.Drawing.Drawing2D.GraphicsPathTest" runstate="Runnable" seed="1500798384" result="Passed" start-time="2017-05-02 03:42:17Z" end-time="2017-05-02 03:42:17Z" duration="0.000808" asserts="1" />
              <test-case id="2710" name="AddClosedCurve_PointF_1" fullname="MonoTests.System.Drawing.Drawing2D.GraphicsPathTest.AddClosedCurve_PointF_1" methodname="AddClosedCurve_PointF_1" classname="MonoTests.System.Drawing.Drawing2D.GraphicsPathTest" runstate="Runnable" seed="1196266898" result="Passed" start-time="2017-05-02 03:42:17Z" end-time="2017-05-02 03:42:17Z" duration="0.000626" asserts="1" />
              <test-case id="2711" name="AddClosedCurve_PointF_2" fullname="MonoTests.System.Drawing.Drawing2D.GraphicsPathTest.AddClosedCurve_PointF_2" methodname="AddClosedCurve_PointF_2" classname="MonoTests.System.Drawing.Drawing2D.GraphicsPathTest" runstate="Runnable" seed="43299932" result="Passed" start-time="2017-05-02 03:42:17Z" end-time="2017-05-02 03:42:17Z" duration="0.000757" asserts="1" />
              <test-case id="2712" name="AddClosedCurve_PointF_3" fullname="MonoTests.System.Drawing.Drawing2D.GraphicsPathTest.AddClosedCurve_PointF_3" methodname="AddClosedCurve_PointF_3" classname="MonoTests.System.Drawing.Drawing2D.GraphicsPathTest" runstate="Runnable" seed="1709889385" result="Passed" start-time="2017-05-02 03:42:17Z" end-time="2017-05-02 03:42:17Z" duration="0.000399" asserts="17" />
              <test-case id="2708" name="AddClosedCurve_PointF_Null" fullname="MonoTests.System.Drawing.Drawing2D.GraphicsPathTest.AddClosedCurve_PointF_Null" methodname="AddClosedCurve_PointF_Null" classname="MonoTests.System.Drawing.Drawing2D.GraphicsPathTest" runstate="Runnable" seed="927330303" result="Passed" start-time="2017-05-02 03:42:17Z" end-time="2017-05-02 03:42:17Z" duration="0.000616" asserts="1" />
              <test-case id="2713" name="AddClosedCurve_SamePoint" fullname="MonoTests.System.Drawing.Drawing2D.GraphicsPathTest.AddClosedCurve_SamePoint" methodname="AddClosedCurve_SamePoint" classname="MonoTests.System.Drawing.Drawing2D.GraphicsPathTest" runstate="Runnable" seed="1555779592" result="Passed" start-time="2017-05-02 03:42:17Z" end-time="2017-05-02 03:42:17Z" duration="0.000595" asserts="2" />
              <test-case id="2714" name="AddClosedCurve_SamePointF" fullname="MonoTests.System.Drawing.Drawing2D.GraphicsPathTest.AddClosedCurve_SamePointF" methodname="AddClosedCurve_SamePointF" classname="MonoTests.System.Drawing.Drawing2D.GraphicsPathTest" runstate="Runnable" seed="1338680747" result="Passed" start-time="2017-05-02 03:42:17Z" end-time="2017-05-02 03:42:17Z" duration="0.000689" asserts="2" />
              <test-case id="2734" name="AddCurve" fullname="MonoTests.System.Drawing.Drawing2D.GraphicsPathTest.AddCurve" methodname="AddCurve" classname="MonoTests.System.Drawing.Drawing2D.GraphicsPathTest" runstate="Runnable" seed="1085587820" result="Passed" start-time="2017-05-02 03:42:17Z" end-time="2017-05-02 03:42:17Z" duration="0.005894" asserts="43" />
              <test-case id="2727" name="AddCurve_LargeTension" fullname="MonoTests.System.Drawing.Drawing2D.GraphicsPathTest.AddCurve_LargeTension" methodname="AddCurve_LargeTension" classname="MonoTests.System.Drawing.Drawing2D.GraphicsPathTest" runstate="Runnable" seed="1460324634" result="Passed" start-time="2017-05-02 03:42:17Z" end-time="2017-05-02 03:42:17Z" duration="0.000563" asserts="1" />
              <test-case id="2729" name="AddCurve_NegativeSegments" fullname="MonoTests.System.Drawing.Drawing2D.GraphicsPathTest.AddCurve_NegativeSegments" methodname="AddCurve_NegativeSegments" classname="MonoTests.System.Drawing.Drawing2D.GraphicsPathTest" runstate="Runnable" seed="441411089" result="Passed" start-time="2017-05-02 03:42:17Z" end-time="2017-05-02 03:42:17Z" duration="0.000771" asserts="1" />
              <test-case id="2731" name="AddCurve_Offset" fullname="MonoTests.System.Drawing.Drawing2D.GraphicsPathTest.AddCurve_Offset" methodname="AddCurve_Offset" classname="MonoTests.System.Drawing.Drawing2D.GraphicsPathTest" runstate="Runnable" seed="532580239" result="Passed" start-time="2017-05-02 03:42:17Z" end-time="2017-05-02 03:42:17Z" duration="0.000791" asserts="1" />
              <test-case id="2730" name="AddCurve_OffsetTooLarge" fullname="MonoTests.System.Drawing.Drawing2D.GraphicsPathTest.AddCurve_OffsetTooLarge" methodname="AddCurve_OffsetTooLarge" classname="MonoTests.System.Drawing.Drawing2D.GraphicsPathTest" runstate="Runnable" seed="1979992544" result="Passed" start-time="2017-05-02 03:42:17Z" end-time="2017-05-02 03:42:17Z" duration="0.000861" asserts="1" />
              <test-case id="2725" name="AddCurve_PoinFt_2_Tension" fullname="MonoTests.System.Drawing.Drawing2D.GraphicsPathTest.AddCurve_PoinFt_2_Tension" methodname="AddCurve_PoinFt_2_Tension" classname="MonoTests.System.Drawing.Drawing2D.GraphicsPathTest" runstate="Runnable" seed="1048672048" result="Passed" start-time="2017-05-02 03:42:17Z" end-time="2017-05-02 03:42:17Z" duration="0.003800" asserts="15" />
              <test-case id="2716" name="AddCurve_Point_0" fullname="MonoTests.System.Drawing.Drawing2D.GraphicsPathTest.AddCurve_Point_0" methodname="AddCurve_Point_0" classname="MonoTests.System.Drawing.Drawing2D.GraphicsPathTest" runstate="Runnable" seed="1092254197" result="Passed" start-time="2017-05-02 03:42:17Z" end-time="2017-05-02 03:42:17Z" duration="0.003217" asserts="1" />
              <test-case id="2717" name="AddCurve_Point_1" fullname="MonoTests.System.Drawing.Drawing2D.GraphicsPathTest.AddCurve_Point_1" methodname="AddCurve_Point_1" classname="MonoTests.System.Drawing.Drawing2D.GraphicsPathTest" runstate="Runnable" seed="1677670022" result="Passed" start-time="2017-05-02 03:42:17Z" end-time="2017-05-02 03:42:17Z" duration="0.000783" asserts="1" />
              <test-case id="2718" name="AddCurve_Point_2" fullname="MonoTests.System.Drawing.Drawing2D.GraphicsPathTest.AddCurve_Point_2" methodname="AddCurve_Point_2" classname="MonoTests.System.Drawing.Drawing2D.GraphicsPathTest" runstate="Runnable" seed="307436674" result="Passed" start-time="2017-05-02 03:42:17Z" end-time="2017-05-02 03:42:17Z" duration="0.000413" asserts="15" />
              <test-case id="2719" name="AddCurve_Point_2_Tension" fullname="MonoTests.System.Drawing.Drawing2D.GraphicsPathTest.AddCurve_Point_2_Tension" methodname="AddCurve_Point_2_Tension" classname="MonoTests.System.Drawing.Drawing2D.GraphicsPathTest" runstate="Runnable" seed="1956203429" result="Passed" start-time="2017-05-02 03:42:17Z" end-time="2017-05-02 03:42:17Z" duration="0.001664" asserts="15" />
              <test-case id="2715" name="AddCurve_Point_Null" fullname="MonoTests.System.Drawing.Drawing2D.GraphicsPathTest.AddCurve_Point_Null" methodname="AddCurve_Point_Null" classname="MonoTests.System.Drawing.Drawing2D.GraphicsPathTest" runstate="Runnable" seed="534364064" result="Passed" start-time="2017-05-02 03:42:17Z" end-time="2017-05-02 03:42:17Z" duration="0.000738" asserts="1" />
              <test-case id="2722" name="AddCurve_PointF_0" fullname="MonoTests.System.Drawing.Drawing2D.GraphicsPathTest.AddCurve_PointF_0" methodname="AddCurve_PointF_0" classname="MonoTests.System.Drawing.Drawing2D.GraphicsPathTest" runstate="Runnable" seed="384301821" result="Passed" start-time="2017-05-02 03:42:17Z" end-time="2017-05-02 03:42:17Z" duration="0.000934" asserts="1" />
              <test-case id="2723" name="AddCurve_PointF_1" fullname="MonoTests.System.Drawing.Drawing2D.GraphicsPathTest.AddCurve_PointF_1" methodname="AddCurve_PointF_1" classname="MonoTests.System.Drawing.Drawing2D.GraphicsPathTest" runstate="Runnable" seed="1041586794" result="Passed" start-time="2017-05-02 03:42:17Z" end-time="2017-05-02 03:42:17Z" duration="0.000770" asserts="1" />
              <test-case id="2724" name="AddCurve_PointF_2" fullname="MonoTests.System.Drawing.Drawing2D.GraphicsPathTest.AddCurve_PointF_2" methodname="AddCurve_PointF_2" classname="MonoTests.System.Drawing.Drawing2D.GraphicsPathTest" runstate="Runnable" seed="207575523" result="Passed" start-time="2017-05-02 03:42:17Z" end-time="2017-05-02 03:42:17Z" duration="0.000541" asserts="15" />
              <test-case id="2721" name="AddCurve_PointF_Null" fullname="MonoTests.System.Drawing.Drawing2D.GraphicsPathTest.AddCurve_PointF_Null" methodname="AddCurve_PointF_Null" classname="MonoTests.System.Drawing.Drawing2D.GraphicsPathTest" runstate="Runnable" seed="978304506" result="Passed" start-time="2017-05-02 03:42:17Z" end-time="2017-05-02 03:42:17Z" duration="0.000704" asserts="1" />
              <test-case id="2732" name="AddCurve_SamePoint" fullname="MonoTests.System.Drawing.Drawing2D.GraphicsPathTest.AddCurve_SamePoint" methodname="AddCurve_SamePoint" classname="MonoTests.System.Drawing.Drawing2D.GraphicsPathTest" runstate="Runnable" seed="1089913948" result="Passed" start-time="2017-05-02 03:42:17Z" end-time="2017-05-02 03:42:17Z" duration="0.000752" asserts="2" />
              <test-case id="2733" name="AddCurve_SamePointF" fullname="MonoTests.System.Drawing.Drawing2D.GraphicsPathTest.AddCurve_SamePointF" methodname="AddCurve_SamePointF" classname="MonoTests.System.Drawing.Drawing2D.GraphicsPathTest" runstate="Runnable" seed="317013385" result="Passed" start-time="2017-05-02 03:42:17Z" end-time="2017-05-02 03:42:17Z" duration="0.000736" asserts="2" />
              <test-case id="2728" name="AddCurve_ZeroSegments" fullname="MonoTests.System.Drawing.Drawing2D.GraphicsPathTest.AddCurve_ZeroSegments" methodname="AddCurve_ZeroSegments" classname="MonoTests.System.Drawing.Drawing2D.GraphicsPathTest" runstate="Runnable" seed="284309563" result="Passed" start-time="2017-05-02 03:42:17Z" end-time="2017-05-02 03:42:17Z" duration="0.000922" asserts="1" />
              <test-case id="2720" name="AddCurve3_Point_2" fullname="MonoTests.System.Drawing.Drawing2D.GraphicsPathTest.AddCurve3_Point_2" methodname="AddCurve3_Point_2" classname="MonoTests.System.Drawing.Drawing2D.GraphicsPathTest" runstate="Runnable" seed="847099564" result="Passed" start-time="2017-05-02 03:42:17Z" end-time="2017-05-02 03:42:17Z" duration="0.001577" asserts="1" />
              <test-case id="2726" name="AddCurve3_PointF_2" fullname="MonoTests.System.Drawing.Drawing2D.GraphicsPathTest.AddCurve3_PointF_2" methodname="AddCurve3_PointF_2" classname="MonoTests.System.Drawing.Drawing2D.GraphicsPathTest" runstate="Runnable" seed="1513332419" result="Passed" start-time="2017-05-02 03:42:17Z" end-time="2017-05-02 03:42:17Z" duration="0.000851" asserts="1" />
              <test-case id="2656" name="AddEllipse_Float" fullname="MonoTests.System.Drawing.Drawing2D.GraphicsPathTest.AddEllipse_Float" methodname="AddEllipse_Float" classname="MonoTests.System.Drawing.Drawing2D.GraphicsPathTest" runstate="Runnable" seed="1085103813" result="Passed" start-time="2017-05-02 03:42:17Z" end-time="2017-05-02 03:42:17Z" duration="0.002380" asserts="20" />
              <test-case id="2655" name="AddEllipse_Int" fullname="MonoTests.System.Drawing.Drawing2D.GraphicsPathTest.AddEllipse_Int" methodname="AddEllipse_Int" classname="MonoTests.System.Drawing.Drawing2D.GraphicsPathTest" runstate="Runnable" seed="670438973" result="Passed" start-time="2017-05-02 03:42:17Z" end-time="2017-05-02 03:42:17Z" duration="0.000523" asserts="20" />
              <test-case id="2653" name="AddEllipse_Rectangle" fullname="MonoTests.System.Drawing.Drawing2D.GraphicsPathTest.AddEllipse_Rectangle" methodname="AddEllipse_Rectangle" classname="MonoTests.System.Drawing.Drawing2D.GraphicsPathTest" runstate="Runnable" seed="1924447537" result="Passed" start-time="2017-05-02 03:42:17Z" end-time="2017-05-02 03:42:17Z" duration="0.000709" asserts="20" />
              <test-case id="2654" name="AddEllipse_RectangleF" fullname="MonoTests.System.Drawing.Drawing2D.GraphicsPathTest.AddEllipse_RectangleF" methodname="AddEllipse_RectangleF" classname="MonoTests.System.Drawing.Drawing2D.GraphicsPathTest" runstate="Runnable" seed="975197127" result="Passed" start-time="2017-05-02 03:42:17Z" end-time="2017-05-02 03:42:17Z" duration="0.000722" asserts="20" />
              <test-case id="2660" name="AddLine_Float" fullname="MonoTests.System.Drawing.Drawing2D.GraphicsPathTest.AddLine_Float" methodname="AddLine_Float" classname="MonoTests.System.Drawing.Drawing2D.GraphicsPathTest" runstate="Runnable" seed="1423895296" result="Passed" start-time="2017-05-02 03:42:17Z" end-time="2017-05-02 03:42:17Z" duration="0.002464" asserts="13" />
              <test-case id="2659" name="AddLine_Int" fullname="MonoTests.System.Drawing.Drawing2D.GraphicsPathTest.AddLine_Int" methodname="AddLine_Int" classname="MonoTests.System.Drawing.Drawing2D.GraphicsPathTest" runstate="Runnable" seed="204269356" result="Passed" start-time="2017-05-02 03:42:17Z" end-time="2017-05-02 03:42:17Z" duration="0.000512" asserts="13" />
              <test-case id="2657" name="AddLine_Point" fullname="MonoTests.System.Drawing.Drawing2D.GraphicsPathTest.AddLine_Point" methodname="AddLine_Point" classname="MonoTests.System.Drawing.Drawing2D.GraphicsPathTest" runstate="Runnable" seed="2146351238" result="Passed" start-time="2017-05-02 03:42:17Z" end-time="2017-05-02 03:42:17Z" duration="0.000806" asserts="13" />
              <test-case id="2658" name="AddLine_PointF" fullname="MonoTests.System.Drawing.Drawing2D.GraphicsPathTest.AddLine_PointF" methodname="AddLine_PointF" classname="MonoTests.System.Drawing.Drawing2D.GraphicsPathTest" runstate="Runnable" seed="1310931500" result="Passed" start-time="2017-05-02 03:42:17Z" end-time="2017-05-02 03:42:17Z" duration="0.000729" asserts="13" />
              <test-case id="2661" name="AddLine_SamePoint" fullname="MonoTests.System.Drawing.Drawing2D.GraphicsPathTest.AddLine_SamePoint" methodname="AddLine_SamePoint" classname="MonoTests.System.Drawing.Drawing2D.GraphicsPathTest" runstate="Runnable" seed="2066095593" result="Passed" start-time="2017-05-02 03:42:17Z" end-time="2017-05-02 03:42:17Z" duration="0.002080" asserts="12" />
              <test-case id="2662" name="AddLine_SamePointF" fullname="MonoTests.System.Drawing.Drawing2D.GraphicsPathTest.AddLine_SamePointF" methodname="AddLine_SamePointF" classname="MonoTests.System.Drawing.Drawing2D.GraphicsPathTest" runstate="Runnable" seed="1244845834" result="Passed" start-time="2017-05-02 03:42:17Z" end-time="2017-05-02 03:42:17Z" duration="0.001359" asserts="7" />
              <test-case id="2663" name="AddLine_SamePointsF" fullname="MonoTests.System.Drawing.Drawing2D.GraphicsPathTest.AddLine_SamePointsF" methodname="AddLine_SamePointsF" classname="MonoTests.System.Drawing.Drawing2D.GraphicsPathTest" runstate="Runnable" seed="559782711" result="Passed" start-time="2017-05-02 03:42:17Z" end-time="2017-05-02 03:42:17Z" duration="0.001703" asserts="9" />
              <test-case id="2667" name="AddLines_Point" fullname="MonoTests.System.Drawing.Drawing2D.GraphicsPathTest.AddLines_Point" methodname="AddLines_Point" classname="MonoTests.System.Drawing.Drawing2D.GraphicsPathTest" runstate="Runnable" seed="156303103" result="Passed" start-time="2017-05-02 03:42:17Z" end-time="2017-05-02 03:42:17Z" duration="0.000728" asserts="13" />
              <test-case id="2665" name="AddLines_Point_0" fullname="MonoTests.System.Drawing.Drawing2D.GraphicsPathTest.AddLines_Point_0" methodname="AddLines_Point_0" classname="MonoTests.System.Drawing.Drawing2D.GraphicsPathTest" runstate="Runnable" seed="1308924517" result="Passed" start-time="2017-05-02 03:42:17Z" end-time="2017-05-02 03:42:17Z" duration="0.000669" asserts="1" />
              <test-case id="2666" name="AddLines_Point_1" fullname="MonoTests.System.Drawing.Drawing2D.GraphicsPathTest.AddLines_Point_1" methodname="AddLines_Point_1" classname="MonoTests.System.Drawing.Drawing2D.GraphicsPathTest" runstate="Runnable" seed="282462338" result="Passed" start-time="2017-05-02 03:42:17Z" end-time="2017-05-02 03:42:17Z" duration="0.000697" asserts="2" />
              <test-case id="2664" name="AddLines_Point_Null" fullname="MonoTests.System.Drawing.Drawing2D.GraphicsPathTest.AddLines_Point_Null" methodname="AddLines_Point_Null" classname="MonoTests.System.Drawing.Drawing2D.GraphicsPathTest" runstate="Runnable" seed="1536273989" result="Passed" start-time="2017-05-02 03:42:17Z" end-time="2017-05-02 03:42:17Z" duration="0.000625" asserts="1" />
              <test-case id="2671" name="AddLines_PointF" fullname="MonoTests.System.Drawing.Drawing2D.GraphicsPathTest.AddLines_PointF" methodname="AddLines_PointF" classname="MonoTests.System.Drawing.Drawing2D.GraphicsPathTest" runstate="Runnable" seed="990406428" result="Passed" start-time="2017-05-02 03:42:17Z" end-time="2017-05-02 03:42:17Z" duration="0.000485" asserts="13" />
              <test-case id="2669" name="AddLines_PointF_0" fullname="MonoTests.System.Drawing.Drawing2D.GraphicsPathTest.AddLines_PointF_0" methodname="AddLines_PointF_0" classname="MonoTests.System.Drawing.Drawing2D.GraphicsPathTest" runstate="Runnable" seed="1282638683" result="Passed" start-time="2017-05-02 03:42:17Z" end-time="2017-05-02 03:42:17Z" duration="0.000613" asserts="1" />
              <test-case id="2670" name="AddLines_PointF_1" fullname="MonoTests.System.Drawing.Drawing2D.GraphicsPathTest.AddLines_PointF_1" methodname="AddLines_PointF_1" classname="MonoTests.System.Drawing.Drawing2D.GraphicsPathTest" runstate="Runnable" seed="1919784863" result="Passed" start-time="2017-05-02 03:42:17Z" end-time="2017-05-02 03:42:17Z" duration="0.000646" asserts="2" />
              <test-case id="2668" name="AddLines_PointF_Null" fullname="MonoTests.System.Drawing.Drawing2D.GraphicsPathTest.AddLines_PointF_Null" methodname="AddLines_PointF_Null" classname="MonoTests.System.Drawing.Drawing2D.GraphicsPathTest" runstate="Runnable" seed="1451935788" result="Passed" start-time="2017-05-02 03:42:17Z" end-time="2017-05-02 03:42:17Z" duration="0.000736" asserts="1" />
              <test-case id="2672" name="AddLines_SamePoint" fullname="MonoTests.System.Drawing.Drawing2D.GraphicsPathTest.AddLines_SamePoint" methodname="AddLines_SamePoint" classname="MonoTests.System.Drawing.Drawing2D.GraphicsPathTest" runstate="Runnable" seed="1549780510" result="Passed" start-time="2017-05-02 03:42:17Z" end-time="2017-05-02 03:42:17Z" duration="0.001952" asserts="12" />
              <test-case id="2673" name="AddLines_SamePointF" fullname="MonoTests.System.Drawing.Drawing2D.GraphicsPathTest.AddLines_SamePointF" methodname="AddLines_SamePointF" classname="MonoTests.System.Drawing.Drawing2D.GraphicsPathTest" runstate="Runnable" seed="1116123848" result="Passed" start-time="2017-05-02 03:42:17Z" end-time="2017-05-02 03:42:17Z" duration="0.002339" asserts="13" />
              <test-case id="2702" name="AddPath" fullname="MonoTests.System.Drawing.Drawing2D.GraphicsPathTest.AddPath" methodname="AddPath" classname="MonoTests.System.Drawing.Drawing2D.GraphicsPathTest" runstate="Runnable" seed="1218032403" result="Passed" start-time="2017-05-02 03:42:17Z" end-time="2017-05-02 03:42:17Z" duration="0.003838" asserts="19" />
              <test-case id="2701" name="AddPath_Null" fullname="MonoTests.System.Drawing.Drawing2D.GraphicsPathTest.AddPath_Null" methodname="AddPath_Null" classname="MonoTests.System.Drawing.Drawing2D.GraphicsPathTest" runstate="Runnable" seed="1343398492" result="Passed" start-time="2017-05-02 03:42:17Z" end-time="2017-05-02 03:42:17Z" duration="0.000666" asserts="1" />
              <test-case id="2676" name="AddPie_Float" fullname="MonoTests.System.Drawing.Drawing2D.GraphicsPathTest.AddPie_Float" methodname="AddPie_Float" classname="MonoTests.System.Drawing.Drawing2D.GraphicsPathTest" runstate="Runnable" seed="57561799" result="Passed" start-time="2017-05-02 03:42:17Z" end-time="2017-05-02 03:42:17Z" duration="0.000480" asserts="0" />
              <test-case id="2675" name="AddPie_Int" fullname="MonoTests.System.Drawing.Drawing2D.GraphicsPathTest.AddPie_Int" methodname="AddPie_Int" classname="MonoTests.System.Drawing.Drawing2D.GraphicsPathTest" runstate="Runnable" seed="728966234" result="Passed" start-time="2017-05-02 03:42:17Z" end-time="2017-05-02 03:42:17Z" duration="0.000397" asserts="0" />
              <test-case id="2674" name="AddPie_Rect" fullname="MonoTests.System.Drawing.Drawing2D.GraphicsPathTest.AddPie_Rect" methodname="AddPie_Rect" classname="MonoTests.System.Drawing.Drawing2D.GraphicsPathTest" runstate="Runnable" seed="1503638696" result="Passed" start-time="2017-05-02 03:42:17Z" end-time="2017-05-02 03:42:17Z" duration="0.000630" asserts="0" />
              <test-case id="2679" name="AddPolygon_Point_1" fullname="MonoTests.System.Drawing.Drawing2D.GraphicsPathTest.AddPolygon_Point_1" methodname="AddPolygon_Point_1" classname="MonoTests.System.Drawing.Drawing2D.GraphicsPathTest" runstate="Runnable" seed="1566910014" result="Passed" start-time="2017-05-02 03:42:17Z" end-time="2017-05-02 03:42:17Z" duration="0.001035" asserts="1" />
              <test-case id="2680" name="AddPolygon_Point_2" fullname="MonoTests.System.Drawing.Drawing2D.GraphicsPathTest.AddPolygon_Point_2" methodname="AddPolygon_Point_2" classname="MonoTests.System.Drawing.Drawing2D.GraphicsPathTest" runstate="Runnable" seed="653822578" result="Passed" start-time="2017-05-02 03:42:17Z" end-time="2017-05-02 03:42:17Z" duration="0.000803" asserts="1" />
              <test-case id="2681" name="AddPolygon_Point_3" fullname="MonoTests.System.Drawing.Drawing2D.GraphicsPathTest.AddPolygon_Point_3" methodname="AddPolygon_Point_3" classname="MonoTests.System.Drawing.Drawing2D.GraphicsPathTest" runstate="Runnable" seed="463283685" result="Passed" start-time="2017-05-02 03:42:17Z" end-time="2017-05-02 03:42:17Z" duration="0.002270" asserts="12" />
              <test-case id="2678" name="AddPolygon_Point_Empty" fullname="MonoTests.System.Drawing.Drawing2D.GraphicsPathTest.AddPolygon_Point_Empty" methodname="AddPolygon_Point_Empty" classname="MonoTests.System.Drawing.Drawing2D.GraphicsPathTest" runstate="Runnable" seed="497570316" result="Passed" start-time="2017-05-02 03:42:17Z" end-time="2017-05-02 03:42:17Z" duration="0.000755" asserts="1" />
              <test-case id="2677" name="AddPolygon_Point_Null" fullname="MonoTests.System.Drawing.Drawing2D.GraphicsPathTest.AddPolygon_Point_Null" methodname="AddPolygon_Point_Null" classname="MonoTests.System.Drawing.Drawing2D.GraphicsPathTest" runstate="Runnable" seed="1248087589" result="Passed" start-time="2017-05-02 03:42:17Z" end-time="2017-05-02 03:42:17Z" duration="0.000599" asserts="1" />
              <test-case id="2684" name="AddPolygon_PointF_1" fullname="MonoTests.System.Drawing.Drawing2D.GraphicsPathTest.AddPolygon_PointF_1" methodname="AddPolygon_PointF_1" classname="MonoTests.System.Drawing.Drawing2D.GraphicsPathTest" runstate="Runnable" seed="2022831879" result="Passed" start-time="2017-05-02 03:42:17Z" end-time="2017-05-02 03:42:17Z" duration="0.000993" asserts="1" />
              <test-case id="2685" name="AddPolygon_PointF_2" fullname="MonoTests.System.Drawing.Drawing2D.GraphicsPathTest.AddPolygon_PointF_2" methodname="AddPolygon_PointF_2" classname="MonoTests.System.Drawing.Drawing2D.GraphicsPathTest" runstate="Runnable" seed="1288805267" result="Passed" start-time="2017-05-02 03:42:17Z" end-time="2017-05-02 03:42:17Z" duration="0.000893" asserts="1" />
              <test-case id="2686" name="AddPolygon_PointF_3" fullname="MonoTests.System.Drawing.Drawing2D.GraphicsPathTest.AddPolygon_PointF_3" methodname="AddPolygon_PointF_3" classname="MonoTests.System.Drawing.Drawing2D.GraphicsPathTest" runstate="Runnable" seed="365297501" result="Passed" start-time="2017-05-02 03:42:17Z" end-time="2017-05-02 03:42:17Z" duration="0.000645" asserts="12" />
              <test-case id="2683" name="AddPolygon_PointF_Empty" fullname="MonoTests.System.Drawing.Drawing2D.GraphicsPathTest.AddPolygon_PointF_Empty" methodname="AddPolygon_PointF_Empty" classname="MonoTests.System.Drawing.Drawing2D.GraphicsPathTest" runstate="Runnable" seed="1888400096" result="Passed" start-time="2017-05-02 03:42:17Z" end-time="2017-05-02 03:42:17Z" duration="0.000684" asserts="1" />
              <test-case id="2682" name="AddPolygon_PointF_Null" fullname="MonoTests.System.Drawing.Drawing2D.GraphicsPathTest.AddPolygon_PointF_Null" methodname="AddPolygon_PointF_Null" classname="MonoTests.System.Drawing.Drawing2D.GraphicsPathTest" runstate="Runnable" seed="1398774445" result="Passed" start-time="2017-05-02 03:42:17Z" end-time="2017-05-02 03:42:17Z" duration="0.000834" asserts="1" />
              <test-case id="2687" name="AddPolygon_SamePoint" fullname="MonoTests.System.Drawing.Drawing2D.GraphicsPathTest.AddPolygon_SamePoint" methodname="AddPolygon_SamePoint" classname="MonoTests.System.Drawing.Drawing2D.GraphicsPathTest" runstate="Runnable" seed="730034245" result="Passed" start-time="2017-05-02 03:42:17Z" end-time="2017-05-02 03:42:17Z" duration="0.002504" asserts="16" />
              <test-case id="2688" name="AddPolygon_SamePointF" fullname="MonoTests.System.Drawing.Drawing2D.GraphicsPathTest.AddPolygon_SamePointF" methodname="AddPolygon_SamePointF" classname="MonoTests.System.Drawing.Drawing2D.GraphicsPathTest" runstate="Runnable" seed="1606585142" result="Passed" start-time="2017-05-02 03:42:17Z" end-time="2017-05-02 03:42:17Z" duration="0.002468" asserts="16" />
              <test-case id="2690" name="AddRectangle_Float" fullname="MonoTests.System.Drawing.Drawing2D.GraphicsPathTest.AddRectangle_Float" methodname="AddRectangle_Float" classname="MonoTests.System.Drawing.Drawing2D.GraphicsPathTest" runstate="Runnable" seed="1927765279" result="Passed" start-time="2017-05-02 03:42:17Z" end-time="2017-05-02 03:42:17Z" duration="0.000658" asserts="19" />
              <test-case id="2689" name="AddRectangle_Int" fullname="MonoTests.System.Drawing.Drawing2D.GraphicsPathTest.AddRectangle_Int" methodname="AddRectangle_Int" classname="MonoTests.System.Drawing.Drawing2D.GraphicsPathTest" runstate="Runnable" seed="1060911995" result="Passed" start-time="2017-05-02 03:42:17Z" end-time="2017-05-02 03:42:17Z" duration="0.000401" asserts="19" />
              <test-case id="2691" name="AddRectangle_SamePoint" fullname="MonoTests.System.Drawing.Drawing2D.GraphicsPathTest.AddRectangle_SamePoint" methodname="AddRectangle_SamePoint" classname="MonoTests.System.Drawing.Drawing2D.GraphicsPathTest" runstate="Runnable" seed="1013428432" result="Passed" start-time="2017-05-02 03:42:17Z" end-time="2017-05-02 03:42:17Z" duration="0.002055" asserts="11" />
              <test-case id="2692" name="AddRectangle_SamePointF" fullname="MonoTests.System.Drawing.Drawing2D.GraphicsPathTest.AddRectangle_SamePointF" methodname="AddRectangle_SamePointF" classname="MonoTests.System.Drawing.Drawing2D.GraphicsPathTest" runstate="Runnable" seed="1593879946" result="Passed" start-time="2017-05-02 03:42:17Z" end-time="2017-05-02 03:42:17Z" duration="0.002090" asserts="11" />
              <test-case id="2698" name="AddRectangles_Float" fullname="MonoTests.System.Drawing.Drawing2D.GraphicsPathTest.AddRectangles_Float" methodname="AddRectangles_Float" classname="MonoTests.System.Drawing.Drawing2D.GraphicsPathTest" runstate="Runnable" seed="1655044759" result="Passed" start-time="2017-05-02 03:42:17Z" end-time="2017-05-02 03:42:17Z" duration="0.001188" asserts="19" />
              <test-case id="2697" name="AddRectangles_Float_Empty" fullname="MonoTests.System.Drawing.Drawing2D.GraphicsPathTest.AddRectangles_Float_Empty" methodname="AddRectangles_Float_Empty" classname="MonoTests.System.Drawing.Drawing2D.GraphicsPathTest" runstate="Runnable" seed="623606121" result="Passed" start-time="2017-05-02 03:42:17Z" end-time="2017-05-02 03:42:17Z" duration="0.000703" asserts="1" />
              <test-case id="2696" name="AddRectangles_Float_Null" fullname="MonoTests.System.Drawing.Drawing2D.GraphicsPathTest.AddRectangles_Float_Null" methodname="AddRectangles_Float_Null" classname="MonoTests.System.Drawing.Drawing2D.GraphicsPathTest" runstate="Runnable" seed="1062660912" result="Passed" start-time="2017-05-02 03:42:17Z" end-time="2017-05-02 03:42:17Z" duration="0.000706" asserts="1" />
              <test-case id="2695" name="AddRectangles_Int" fullname="MonoTests.System.Drawing.Drawing2D.GraphicsPathTest.AddRectangles_Int" methodname="AddRectangles_Int" classname="MonoTests.System.Drawing.Drawing2D.GraphicsPathTest" runstate="Runnable" seed="1027509981" result="Passed" start-time="2017-05-02 03:42:17Z" end-time="2017-05-02 03:42:17Z" duration="0.001492" asserts="19" />
              <test-case id="2694" name="AddRectangles_Int_Empty" fullname="MonoTests.System.Drawing.Drawing2D.GraphicsPathTest.AddRectangles_Int_Empty" methodname="AddRectangles_Int_Empty" classname="MonoTests.System.Drawing.Drawing2D.GraphicsPathTest" runstate="Runnable" seed="1369164650" result="Passed" start-time="2017-05-02 03:42:17Z" end-time="2017-05-02 03:42:17Z" duration="0.000708" asserts="1" />
              <test-case id="2693" name="AddRectangles_Int_Null" fullname="MonoTests.System.Drawing.Drawing2D.GraphicsPathTest.AddRectangles_Int_Null" methodname="AddRectangles_Int_Null" classname="MonoTests.System.Drawing.Drawing2D.GraphicsPathTest" runstate="Runnable" seed="959578935" result="Passed" start-time="2017-05-02 03:42:17Z" end-time="2017-05-02 03:42:17Z" duration="0.000740" asserts="1" />
              <test-case id="2700" name="AddRectangles_SamePoint" fullname="MonoTests.System.Drawing.Drawing2D.GraphicsPathTest.AddRectangles_SamePoint" methodname="AddRectangles_SamePoint" classname="MonoTests.System.Drawing.Drawing2D.GraphicsPathTest" runstate="Runnable" seed="1895269840" result="Passed" start-time="2017-05-02 03:42:17Z" end-time="2017-05-02 03:42:17Z" duration="0.000703" asserts="1" />
              <test-case id="2699" name="AddRectangles_Two" fullname="MonoTests.System.Drawing.Drawing2D.GraphicsPathTest.AddRectangles_Two" methodname="AddRectangles_Two" classname="MonoTests.System.Drawing.Drawing2D.GraphicsPathTest" runstate="Runnable" seed="254460185" result="Passed" start-time="2017-05-02 03:42:17Z" end-time="2017-05-02 03:42:17Z" duration="0.001123" asserts="23" />
              <test-case id="2510" name="AddString_EmptyString" fullname="MonoTests.System.Drawing.Drawing2D.GraphicsPathTest.AddString_EmptyString" methodname="AddString_EmptyString" classname="MonoTests.System.Drawing.Drawing2D.GraphicsPathTest" runstate="Runnable" seed="1467834428" result="Passed" start-time="2017-05-02 03:42:17Z" end-time="2017-05-02 03:42:17Z" duration="0.003306" asserts="1" />
              <test-case id="2512" name="AddString_NegativeSize" fullname="MonoTests.System.Drawing.Drawing2D.GraphicsPathTest.AddString_NegativeSize" methodname="AddString_NegativeSize" classname="MonoTests.System.Drawing.Drawing2D.GraphicsPathTest" runstate="Runnable" seed="722501617" result="Passed" start-time="2017-05-02 03:42:17Z" end-time="2017-05-02 03:42:17Z" duration="0.001393" asserts="1" />
              <test-case id="2511" name="AddString_NullFontFamily" fullname="MonoTests.System.Drawing.Drawing2D.GraphicsPathTest.AddString_NullFontFamily" methodname="AddString_NullFontFamily" classname="MonoTests.System.Drawing.Drawing2D.GraphicsPathTest" runstate="Runnable" seed="1296864012" result="Passed" start-time="2017-05-02 03:42:17Z" end-time="2017-05-02 03:42:17Z" duration="0.000839" asserts="1" />
              <test-case id="2735" name="AddString_NullString" fullname="MonoTests.System.Drawing.Drawing2D.GraphicsPathTest.AddString_NullString" methodname="AddString_NullString" classname="MonoTests.System.Drawing.Drawing2D.GraphicsPathTest" runstate="Runnable" seed="1438759685" result="Passed" start-time="2017-05-02 03:42:17Z" end-time="2017-05-02 03:42:17Z" duration="0.000834" asserts="1" />
              <test-case id="2513" name="AddString_StringFormat" fullname="MonoTests.System.Drawing.Drawing2D.GraphicsPathTest.AddString_StringFormat" methodname="AddString_StringFormat" classname="MonoTests.System.Drawing.Drawing2D.GraphicsPathTest" runstate="Runnable" seed="969375703" result="Passed" start-time="2017-05-02 03:42:17Z" end-time="2017-05-02 03:42:17Z" duration="0.001930" asserts="2">
                <properties>
                  <property name="Category" value="NotWorking" />
                </properties>
              </test-case>
              <test-case id="2618" name="bug413461" fullname="MonoTests.System.Drawing.Drawing2D.GraphicsPathTest.bug413461" methodname="bug413461" classname="MonoTests.System.Drawing.Drawing2D.GraphicsPathTest" runstate="Runnable" seed="1710467729" result="Passed" start-time="2017-05-02 03:42:17Z" end-time="2017-05-02 03:42:17Z" duration="0.002694" asserts="8" />
              <test-case id="2555" name="ClearMarkers_EmptyPath" fullname="MonoTests.System.Drawing.Drawing2D.GraphicsPathTest.ClearMarkers_EmptyPath" methodname="ClearMarkers_EmptyPath" classname="MonoTests.System.Drawing.Drawing2D.GraphicsPathTest" runstate="Runnable" seed="1454091527" result="Passed" start-time="2017-05-02 03:42:17Z" end-time="2017-05-02 03:42:17Z" duration="0.000450" asserts="0" />
              <test-case id="2557" name="CloseAllFigures_EmptyPath" fullname="MonoTests.System.Drawing.Drawing2D.GraphicsPathTest.CloseAllFigures_EmptyPath" methodname="CloseAllFigures_EmptyPath" classname="MonoTests.System.Drawing.Drawing2D.GraphicsPathTest" runstate="Runnable" seed="253080096" result="Passed" start-time="2017-05-02 03:42:17Z" end-time="2017-05-02 03:42:17Z" duration="0.000358" asserts="0" />
              <test-case id="2556" name="CloseFigure_EmptyPath" fullname="MonoTests.System.Drawing.Drawing2D.GraphicsPathTest.CloseFigure_EmptyPath" methodname="CloseFigure_EmptyPath" classname="MonoTests.System.Drawing.Drawing2D.GraphicsPathTest" runstate="Runnable" seed="855972614" result="Passed" start-time="2017-05-02 03:42:17Z" end-time="2017-05-02 03:42:17Z" duration="0.000344" asserts="0" />
              <test-case id="2619" name="Constructor_InvalidFillMode" fullname="MonoTests.System.Drawing.Drawing2D.GraphicsPathTest.Constructor_InvalidFillMode" methodname="Constructor_InvalidFillMode" classname="MonoTests.System.Drawing.Drawing2D.GraphicsPathTest" runstate="Runnable" seed="2000342750" result="Passed" start-time="2017-05-02 03:42:17Z" end-time="2017-05-02 03:42:17Z" duration="0.001407" asserts="4" />
              <test-case id="2622" name="Constructor_Point_Byte_LengthMismatch" fullname="MonoTests.System.Drawing.Drawing2D.GraphicsPathTest.Constructor_Point_Byte_LengthMismatch" methodname="Constructor_Point_Byte_LengthMismatch" classname="MonoTests.System.Drawing.Drawing2D.GraphicsPathTest" runstate="Runnable" seed="1343750785" result="Passed" start-time="2017-05-02 03:42:17Z" end-time="2017-05-02 03:42:17Z" duration="0.000790" asserts="1" />
              <test-case id="2621" name="Constructor_Point_Byte_Null" fullname="MonoTests.System.Drawing.Drawing2D.GraphicsPathTest.Constructor_Point_Byte_Null" methodname="Constructor_Point_Byte_Null" classname="MonoTests.System.Drawing.Drawing2D.GraphicsPathTest" runstate="Runnable" seed="2116017006" result="Passed" start-time="2017-05-02 03:42:17Z" end-time="2017-05-02 03:42:17Z" duration="0.000872" asserts="1" />
              <test-case id="2620" name="Constructor_Point_Null_Byte" fullname="MonoTests.System.Drawing.Drawing2D.GraphicsPathTest.Constructor_Point_Null_Byte" methodname="Constructor_Point_Null_Byte" classname="MonoTests.System.Drawing.Drawing2D.GraphicsPathTest" runstate="Runnable" seed="1361061674" result="Passed" start-time="2017-05-02 03:42:17Z" end-time="2017-05-02 03:42:17Z" duration="0.000799" asserts="1" />
              <test-case id="2625" name="Constructor_PointF_Byte_LengthMismatch" fullname="MonoTests.System.Drawing.Drawing2D.GraphicsPathTest.Constructor_PointF_Byte_LengthMismatch" methodname="Constructor_PointF_Byte_LengthMismatch" classname="MonoTests.System.Drawing.Drawing2D.GraphicsPathTest" runstate="Runnable" seed="1793459974" result="Passed" start-time="2017-05-02 03:42:17Z" end-time="2017-05-02 03:42:17Z" duration="0.001274" asserts="1" />
              <test-case id="2624" name="Constructor_PointF_Byte_Null" fullname="MonoTests.System.Drawing.Drawing2D.GraphicsPathTest.Constructor_PointF_Byte_Null" methodname="Constructor_PointF_Byte_Null" classname="MonoTests.System.Drawing.Drawing2D.GraphicsPathTest" runstate="Runnable" seed="232098022" result="Passed" start-time="2017-05-02 03:42:17Z" end-time="2017-05-02 03:42:17Z" duration="0.000903" asserts="1" />
              <test-case id="2623" name="Constructor_PointF_Null_Byte" fullname="MonoTests.System.Drawing.Drawing2D.GraphicsPathTest.Constructor_PointF_Null_Byte" methodname="Constructor_PointF_Null_Byte" classname="MonoTests.System.Drawing.Drawing2D.GraphicsPathTest" runstate="Runnable" seed="1858130150" result="Passed" start-time="2017-05-02 03:42:17Z" end-time="2017-05-02 03:42:17Z" duration="0.001438" asserts="1" />
              <test-case id="2631" name="FillMode_Invalid" fullname="MonoTests.System.Drawing.Drawing2D.GraphicsPathTest.FillMode_Invalid" methodname="FillMode_Invalid" classname="MonoTests.System.Drawing.Drawing2D.GraphicsPathTest" runstate="Runnable" seed="1515879936" result="Passed" start-time="2017-05-02 03:42:17Z" end-time="2017-05-02 03:42:17Z" duration="0.001151" asserts="1" />
              <test-case id="2530" name="Flatten_Arc" fullname="MonoTests.System.Drawing.Drawing2D.GraphicsPathTest.Flatten_Arc" methodname="Flatten_Arc" classname="MonoTests.System.Drawing.Drawing2D.GraphicsPathTest" runstate="Runnable" seed="1258322372" result="Passed" start-time="2017-05-02 03:42:17Z" end-time="2017-05-02 03:42:17Z" duration="0.001805" asserts="6" />
              <test-case id="2531" name="Flatten_Bezier" fullname="MonoTests.System.Drawing.Drawing2D.GraphicsPathTest.Flatten_Bezier" methodname="Flatten_Bezier" classname="MonoTests.System.Drawing.Drawing2D.GraphicsPathTest" runstate="Runnable" seed="1068684795" result="Passed" start-time="2017-05-02 03:42:17Z" end-time="2017-05-02 03:42:17Z" duration="0.000405" asserts="28" />
              <test-case id="2532" name="Flatten_ClosedCurve" fullname="MonoTests.System.Drawing.Drawing2D.GraphicsPathTest.Flatten_ClosedCurve" methodname="Flatten_ClosedCurve" classname="MonoTests.System.Drawing.Drawing2D.GraphicsPathTest" runstate="Runnable" seed="1634110133" result="Passed" start-time="2017-05-02 03:42:17Z" end-time="2017-05-02 03:42:17Z" duration="0.000669" asserts="52" />
              <test-case id="2533" name="Flatten_Curve" fullname="MonoTests.System.Drawing.Drawing2D.GraphicsPathTest.Flatten_Curve" methodname="Flatten_Curve" classname="MonoTests.System.Drawing.Drawing2D.GraphicsPathTest" runstate="Runnable" seed="671991558" result="Passed" start-time="2017-05-02 03:42:17Z" end-time="2017-05-02 03:42:17Z" duration="0.000624" asserts="35" />
              <test-case id="2534" name="Flatten_Ellipse" fullname="MonoTests.System.Drawing.Drawing2D.GraphicsPathTest.Flatten_Ellipse" methodname="Flatten_Ellipse" classname="MonoTests.System.Drawing.Drawing2D.GraphicsPathTest" runstate="Runnable" seed="746364784" result="Passed" start-time="2017-05-02 03:42:17Z" end-time="2017-05-02 03:42:17Z" duration="0.000396" asserts="58" />
              <test-case id="2527" name="Flatten_Empty" fullname="MonoTests.System.Drawing.Drawing2D.GraphicsPathTest.Flatten_Empty" methodname="Flatten_Empty" classname="MonoTests.System.Drawing.Drawing2D.GraphicsPathTest" runstate="Runnable" seed="450512507" result="Passed" start-time="2017-05-02 03:42:17Z" end-time="2017-05-02 03:42:17Z" duration="0.001277" asserts="1" />
              <test-case id="2535" name="Flatten_Line" fullname="MonoTests.System.Drawing.Drawing2D.GraphicsPathTest.Flatten_Line" methodname="Flatten_Line" classname="MonoTests.System.Drawing.Drawing2D.GraphicsPathTest" runstate="Runnable" seed="1842118841" result="Passed" start-time="2017-05-02 03:42:17Z" end-time="2017-05-02 03:42:17Z" duration="0.000856" asserts="5" />
              <test-case id="2528" name="Flatten_Null" fullname="MonoTests.System.Drawing.Drawing2D.GraphicsPathTest.Flatten_Null" methodname="Flatten_Null" classname="MonoTests.System.Drawing.Drawing2D.GraphicsPathTest" runstate="Runnable" seed="35534659" result="Passed" start-time="2017-05-02 03:42:17Z" end-time="2017-05-02 03:42:17Z" duration="0.000558" asserts="1" />
              <test-case id="2529" name="Flatten_NullFloat" fullname="MonoTests.System.Drawing.Drawing2D.GraphicsPathTest.Flatten_NullFloat" methodname="Flatten_NullFloat" classname="MonoTests.System.Drawing.Drawing2D.GraphicsPathTest" runstate="Runnable" seed="774618822" result="Passed" start-time="2017-05-02 03:42:17Z" end-time="2017-05-02 03:42:17Z" duration="0.000281" asserts="1" />
              <test-case id="2536" name="Flatten_Pie" fullname="MonoTests.System.Drawing.Drawing2D.GraphicsPathTest.Flatten_Pie" methodname="Flatten_Pie" classname="MonoTests.System.Drawing.Drawing2D.GraphicsPathTest" runstate="Runnable" seed="1545400471" result="Passed" start-time="2017-05-02 03:42:17Z" end-time="2017-05-02 03:42:17Z" duration="0.000288" asserts="7" />
              <test-case id="2537" name="Flatten_Polygon" fullname="MonoTests.System.Drawing.Drawing2D.GraphicsPathTest.Flatten_Polygon" methodname="Flatten_Polygon" classname="MonoTests.System.Drawing.Drawing2D.GraphicsPathTest" runstate="Runnable" seed="814160258" result="Passed" start-time="2017-05-02 03:42:17Z" end-time="2017-05-02 03:42:17Z" duration="0.000522" asserts="9" />
              <test-case id="2538" name="Flatten_Rectangle" fullname="MonoTests.System.Drawing.Drawing2D.GraphicsPathTest.Flatten_Rectangle" methodname="Flatten_Rectangle" classname="MonoTests.System.Drawing.Drawing2D.GraphicsPathTest" runstate="Runnable" seed="124495766" result="Passed" start-time="2017-05-02 03:42:17Z" end-time="2017-05-02 03:42:17Z" duration="0.000339" asserts="9" />
              <test-case id="2524" name="GetBounds_Empty_ClosedCurve" fullname="MonoTests.System.Drawing.Drawing2D.GraphicsPathTest.GetBounds_Empty_ClosedCurve" methodname="GetBounds_Empty_ClosedCurve" classname="MonoTests.System.Drawing.Drawing2D.GraphicsPathTest" runstate="Runnable" seed="2117098840" result="Passed" start-time="2017-05-02 03:42:17Z" end-time="2017-05-02 03:42:17Z" duration="0.000386" asserts="0" />
              <test-case id="2514" name="GetBounds_Empty_Empty" fullname="MonoTests.System.Drawing.Drawing2D.GraphicsPathTest.GetBounds_Empty_Empty" methodname="GetBounds_Empty_Empty" classname="MonoTests.System.Drawing.Drawing2D.GraphicsPathTest" runstate="Runnable" seed="1593760902" result="Passed" start-time="2017-05-02 03:42:17Z" end-time="2017-05-02 03:42:17Z" duration="0.000606" asserts="4" />
              <test-case id="2520" name="GetBounds_Empty_Pie" fullname="MonoTests.System.Drawing.Drawing2D.GraphicsPathTest.GetBounds_Empty_Pie" methodname="GetBounds_Empty_Pie" classname="MonoTests.System.Drawing.Drawing2D.GraphicsPathTest" runstate="Runnable" seed="88741152" result="Passed" start-time="2017-05-02 03:42:17Z" end-time="2017-05-02 03:42:17Z" duration="0.000513" asserts="4" />
              <test-case id="2515" name="GetBounds_Empty_Rectangle" fullname="MonoTests.System.Drawing.Drawing2D.GraphicsPathTest.GetBounds_Empty_Rectangle" methodname="GetBounds_Empty_Rectangle" classname="MonoTests.System.Drawing.Drawing2D.GraphicsPathTest" runstate="Runnable" seed="424095501" result="Passed" start-time="2017-05-02 03:42:17Z" end-time="2017-05-02 03:42:17Z" duration="0.000838" asserts="4" />
              <test-case id="2522" name="GetBounds_MatrixEmpty_Pie" fullname="MonoTests.System.Drawing.Drawing2D.GraphicsPathTest.GetBounds_MatrixEmpty_Pie" methodname="GetBounds_MatrixEmpty_Pie" classname="MonoTests.System.Drawing.Drawing2D.GraphicsPathTest" runstate="Runnable" seed="214320956" result="Passed" start-time="2017-05-02 03:42:17Z" end-time="2017-05-02 03:42:17Z" duration="0.000513" asserts="4" />
              <test-case id="2517" name="GetBounds_MatrixEmpty_Rectangle" fullname="MonoTests.System.Drawing.Drawing2D.GraphicsPathTest.GetBounds_MatrixEmpty_Rectangle" methodname="GetBounds_MatrixEmpty_Rectangle" classname="MonoTests.System.Drawing.Drawing2D.GraphicsPathTest" runstate="Runnable" seed="661724687" result="Passed" start-time="2017-05-02 03:42:17Z" end-time="2017-05-02 03:42:17Z" duration="0.000300" asserts="4" />
              <test-case id="2521" name="GetBounds_Null_Pie" fullname="MonoTests.System.Drawing.Drawing2D.GraphicsPathTest.GetBounds_Null_Pie" methodname="GetBounds_Null_Pie" classname="MonoTests.System.Drawing.Drawing2D.GraphicsPathTest" runstate="Runnable" seed="857283609" result="Passed" start-time="2017-05-02 03:42:17Z" end-time="2017-05-02 03:42:17Z" duration="0.000224" asserts="4" />
              <test-case id="2516" name="GetBounds_Null_Rectangle" fullname="MonoTests.System.Drawing.Drawing2D.GraphicsPathTest.GetBounds_Null_Rectangle" methodname="GetBounds_Null_Rectangle" classname="MonoTests.System.Drawing.Drawing2D.GraphicsPathTest" runstate="Runnable" seed="614137543" result="Passed" start-time="2017-05-02 03:42:17Z" end-time="2017-05-02 03:42:17Z" duration="0.000271" asserts="4" />
              <test-case id="2523" name="GetBounds_NullNull_Pie" fullname="MonoTests.System.Drawing.Drawing2D.GraphicsPathTest.GetBounds_NullNull_Pie" methodname="GetBounds_NullNull_Pie" classname="MonoTests.System.Drawing.Drawing2D.GraphicsPathTest" runstate="Runnable" seed="1783303540" result="Passed" start-time="2017-05-02 03:42:17Z" end-time="2017-05-02 03:42:17Z" duration="0.000233" asserts="4" />
              <test-case id="2518" name="GetBounds_NullNull_Rectangle" fullname="MonoTests.System.Drawing.Drawing2D.GraphicsPathTest.GetBounds_NullNull_Rectangle" methodname="GetBounds_NullNull_Rectangle" classname="MonoTests.System.Drawing.Drawing2D.GraphicsPathTest" runstate="Runnable" seed="387984573" result="Passed" start-time="2017-05-02 03:42:17Z" end-time="2017-05-02 03:42:17Z" duration="0.000340" asserts="4" />
              <test-case id="2519" name="GetBounds_WithPen" fullname="MonoTests.System.Drawing.Drawing2D.GraphicsPathTest.GetBounds_WithPen" methodname="GetBounds_WithPen" classname="MonoTests.System.Drawing.Drawing2D.GraphicsPathTest" runstate="Runnable" seed="1489871302" result="Passed" start-time="2017-05-02 03:42:17Z" end-time="2017-05-02 03:42:17Z" duration="0.003350" asserts="16">
                <properties>
                  <property name="Category" value="NotWorking" />
                </properties>
              </test-case>
              <test-case id="2626" name="GraphicsPath_Empty" fullname="MonoTests.System.Drawing.Drawing2D.GraphicsPathTest.GraphicsPath_Empty" methodname="GraphicsPath_Empty" classname="MonoTests.System.Drawing.Drawing2D.GraphicsPathTest" runstate="Runnable" seed="1609236538" result="Passed" start-time="2017-05-02 03:42:17Z" end-time="2017-05-02 03:42:17Z" duration="0.000784" asserts="11" />
              <test-case id="2627" name="GraphicsPath_Empty_PathPoints" fullname="MonoTests.System.Drawing.Drawing2D.GraphicsPathTest.GraphicsPath_Empty_PathPoints" methodname="GraphicsPath_Empty_PathPoints" classname="MonoTests.System.Drawing.Drawing2D.GraphicsPathTest" runstate="Runnable" seed="1482281185" result="Passed" start-time="2017-05-02 03:42:17Z" end-time="2017-05-02 03:42:17Z" duration="0.000763" asserts="1" />
              <test-case id="2628" name="GraphicsPath_Empty_PathTypes" fullname="MonoTests.System.Drawing.Drawing2D.GraphicsPathTest.GraphicsPath_Empty_PathTypes" methodname="GraphicsPath_Empty_PathTypes" classname="MonoTests.System.Drawing.Drawing2D.GraphicsPathTest" runstate="Runnable" seed="1464325927" result="Passed" start-time="2017-05-02 03:42:17Z" end-time="2017-05-02 03:42:17Z" duration="0.000540" asserts="1" />
              <test-case id="2629" name="GraphicsPath_SamePoint" fullname="MonoTests.System.Drawing.Drawing2D.GraphicsPathTest.GraphicsPath_SamePoint" methodname="GraphicsPath_SamePoint" classname="MonoTests.System.Drawing.Drawing2D.GraphicsPathTest" runstate="Runnable" seed="79743440" result="Passed" start-time="2017-05-02 03:42:17Z" end-time="2017-05-02 03:42:17Z" duration="0.000968" asserts="2" />
              <test-case id="2630" name="GraphicsPath_SamePointF" fullname="MonoTests.System.Drawing.Drawing2D.GraphicsPathTest.GraphicsPath_SamePointF" methodname="GraphicsPath_SamePointF" classname="MonoTests.System.Drawing.Drawing2D.GraphicsPathTest" runstate="Runnable" seed="371017175" result="Passed" start-time="2017-05-02 03:42:17Z" end-time="2017-05-02 03:42:17Z" duration="0.001833" asserts="2" />
              <test-case id="2583" name="IsOutlineVisible_FloatNull" fullname="MonoTests.System.Drawing.Drawing2D.GraphicsPathTest.IsOutlineVisible_FloatNull" methodname="IsOutlineVisible_FloatNull" classname="MonoTests.System.Drawing.Drawing2D.GraphicsPathTest" runstate="Runnable" seed="483606455" result="Passed" start-time="2017-05-02 03:42:17Z" end-time="2017-05-02 03:42:17Z" duration="0.001155" asserts="1" />
              <test-case id="2582" name="IsOutlineVisible_IntNull" fullname="MonoTests.System.Drawing.Drawing2D.GraphicsPathTest.IsOutlineVisible_IntNull" methodname="IsOutlineVisible_IntNull" classname="MonoTests.System.Drawing.Drawing2D.GraphicsPathTest" runstate="Runnable" seed="1448546686" result="Passed" start-time="2017-05-02 03:42:17Z" end-time="2017-05-02 03:42:17Z" duration="0.001106" asserts="1" />
              <test-case id="2593" name="IsOutlineVisible_Line_End" fullname="MonoTests.System.Drawing.Drawing2D.GraphicsPathTest.IsOutlineVisible_Line_End" methodname="IsOutlineVisible_Line_End" classname="MonoTests.System.Drawing.Drawing2D.GraphicsPathTest" runstate="Runnable" seed="1500186732" result="Passed" start-time="2017-05-02 03:42:17Z" end-time="2017-05-02 03:42:17Z" duration="0.003745" asserts="12">
                <properties>
                  <property name="Category" value="NotWorking" />
                </properties>
              </test-case>
              <test-case id="2592" name="IsOutlineVisible_Line_WithGraphics" fullname="MonoTests.System.Drawing.Drawing2D.GraphicsPathTest.IsOutlineVisible_Line_WithGraphics" methodname="IsOutlineVisible_Line_WithGraphics" classname="MonoTests.System.Drawing.Drawing2D.GraphicsPathTest" runstate="Runnable" seed="1255614984" result="Passed" start-time="2017-05-02 03:42:17Z" end-time="2017-05-02 03:42:17Z" duration="0.001832" asserts="1">
                <properties>
                  <property name="Category" value="NotWorking" />
                </properties>
              </test-case>
              <test-case id="2587" name="IsOutlineVisible_Line_WithGraphics_Inside" fullname="MonoTests.System.Drawing.Drawing2D.GraphicsPathTest.IsOutlineVisible_Line_WithGraphics_Inside" methodname="IsOutlineVisible_Line_WithGraphics_Inside" classname="MonoTests.System.Drawing.Drawing2D.GraphicsPathTest" runstate="Runnable" seed="940787368" result="Passed" start-time="2017-05-02 03:42:17Z" end-time="2017-05-02 03:42:17Z" duration="0.002467" asserts="12" />
              <test-case id="2588" name="IsOutlineVisible_Line_WithGraphics_Outside" fullname="MonoTests.System.Drawing.Drawing2D.GraphicsPathTest.IsOutlineVisible_Line_WithGraphics_Outside" methodname="IsOutlineVisible_Line_WithGraphics_Outside" classname="MonoTests.System.Drawing.Drawing2D.GraphicsPathTest" runstate="Runnable" seed="2123614052" result="Passed" start-time="2017-05-02 03:42:17Z" end-time="2017-05-02 03:42:17Z" duration="0.000691" asserts="12" />
              <test-case id="2591" name="IsOutlineVisible_Line_WithGraphics_PageScale" fullname="MonoTests.System.Drawing.Drawing2D.GraphicsPathTest.IsOutlineVisible_Line_WithGraphics_PageScale" methodname="IsOutlineVisible_Line_WithGraphics_PageScale" classname="MonoTests.System.Drawing.Drawing2D.GraphicsPathTest" runstate="Runnable" seed="1985748482" result="Passed" start-time="2017-05-02 03:42:17Z" end-time="2017-05-02 03:42:17Z" duration="0.000571" asserts="12" />
              <test-case id="2590" name="IsOutlineVisible_Line_WithGraphics_PageUnit" fullname="MonoTests.System.Drawing.Drawing2D.GraphicsPathTest.IsOutlineVisible_Line_WithGraphics_PageUnit" methodname="IsOutlineVisible_Line_WithGraphics_PageUnit" classname="MonoTests.System.Drawing.Drawing2D.GraphicsPathTest" runstate="Runnable" seed="127146239" result="Passed" start-time="2017-05-02 03:42:17Z" end-time="2017-05-02 03:42:17Z" duration="0.000484" asserts="12" />
              <test-case id="2589" name="IsOutlineVisible_Line_WithGraphics_Transform" fullname="MonoTests.System.Drawing.Drawing2D.GraphicsPathTest.IsOutlineVisible_Line_WithGraphics_Transform" methodname="IsOutlineVisible_Line_WithGraphics_Transform" classname="MonoTests.System.Drawing.Drawing2D.GraphicsPathTest" runstate="Runnable" seed="1421831243" result="Passed" start-time="2017-05-02 03:42:17Z" end-time="2017-05-02 03:42:17Z" duration="0.000509" asserts="12" />
              <test-case id="2586" name="IsOutlineVisible_Line_WithoutGraphics" fullname="MonoTests.System.Drawing.Drawing2D.GraphicsPathTest.IsOutlineVisible_Line_WithoutGraphics" methodname="IsOutlineVisible_Line_WithoutGraphics" classname="MonoTests.System.Drawing.Drawing2D.GraphicsPathTest" runstate="Runnable" seed="10831894" result="Passed" start-time="2017-05-02 03:42:17Z" end-time="2017-05-02 03:42:17Z" duration="0.000248" asserts="12" />
              <test-case id="2585" name="IsOutlineVisible_PointFNull" fullname="MonoTests.System.Drawing.Drawing2D.GraphicsPathTest.IsOutlineVisible_PointFNull" methodname="IsOutlineVisible_PointFNull" classname="MonoTests.System.Drawing.Drawing2D.GraphicsPathTest" runstate="Runnable" seed="990367619" result="Passed" start-time="2017-05-02 03:42:17Z" end-time="2017-05-02 03:42:17Z" duration="0.000888" asserts="1" />
              <test-case id="2584" name="IsOutlineVisible_PointNull" fullname="MonoTests.System.Drawing.Drawing2D.GraphicsPathTest.IsOutlineVisible_PointNull" methodname="IsOutlineVisible_PointNull" classname="MonoTests.System.Drawing.Drawing2D.GraphicsPathTest" runstate="Runnable" seed="1523161979" result="Passed" start-time="2017-05-02 03:42:17Z" end-time="2017-05-02 03:42:17Z" duration="0.000946" asserts="1" />
              <test-case id="2594" name="IsOutlineVisible_Rectangle_WithoutGraphics" fullname="MonoTests.System.Drawing.Drawing2D.GraphicsPathTest.IsOutlineVisible_Rectangle_WithoutGraphics" methodname="IsOutlineVisible_Rectangle_WithoutGraphics" classname="MonoTests.System.Drawing.Drawing2D.GraphicsPathTest" runstate="Runnable" seed="799310204" result="Passed" start-time="2017-05-02 03:42:17Z" end-time="2017-05-02 03:42:17Z" duration="0.002105" asserts="12" />
              <test-case id="2598" name="IsVisible_Ellipse_WithGraphics" fullname="MonoTests.System.Drawing.Drawing2D.GraphicsPathTest.IsVisible_Ellipse_WithGraphics" methodname="IsVisible_Ellipse_WithGraphics" classname="MonoTests.System.Drawing.Drawing2D.GraphicsPathTest" runstate="Runnable" seed="1134244593" result="Passed" start-time="2017-05-02 03:42:17Z" end-time="2017-05-02 03:42:17Z" duration="0.002305" asserts="6" />
              <test-case id="2597" name="IsVisible_Ellipse_WithoutGraphics" fullname="MonoTests.System.Drawing.Drawing2D.GraphicsPathTest.IsVisible_Ellipse_WithoutGraphics" methodname="IsVisible_Ellipse_WithoutGraphics" classname="MonoTests.System.Drawing.Drawing2D.GraphicsPathTest" runstate="Runnable" seed="1486961656" result="Passed" start-time="2017-05-02 03:42:17Z" end-time="2017-05-02 03:42:17Z" duration="0.000312" asserts="6" />
              <test-case id="2596" name="IsVisible_Rectangle_WithGraphics" fullname="MonoTests.System.Drawing.Drawing2D.GraphicsPathTest.IsVisible_Rectangle_WithGraphics" methodname="IsVisible_Rectangle_WithGraphics" classname="MonoTests.System.Drawing.Drawing2D.GraphicsPathTest" runstate="Runnable" seed="5326219" result="Passed" start-time="2017-05-02 03:42:17Z" end-time="2017-05-02 03:42:17Z" duration="0.001852" asserts="14" />
              <test-case id="2595" name="IsVisible_Rectangle_WithoutGraphics" fullname="MonoTests.System.Drawing.Drawing2D.GraphicsPathTest.IsVisible_Rectangle_WithoutGraphics" methodname="IsVisible_Rectangle_WithoutGraphics" classname="MonoTests.System.Drawing.Drawing2D.GraphicsPathTest" runstate="Runnable" seed="997373436" result="Passed" start-time="2017-05-02 03:42:17Z" end-time="2017-05-02 03:42:17Z" duration="0.000220" asserts="14" />
              <test-case id="2632" name="PathData_CannotChange" fullname="MonoTests.System.Drawing.Drawing2D.GraphicsPathTest.PathData_CannotChange" methodname="PathData_CannotChange" classname="MonoTests.System.Drawing.Drawing2D.GraphicsPathTest" runstate="Runnable" seed="1633189440" result="Passed" start-time="2017-05-02 03:42:17Z" end-time="2017-05-02 03:42:17Z" duration="0.001363" asserts="4" />
              <test-case id="2633" name="PathPoints_CannotChange" fullname="MonoTests.System.Drawing.Drawing2D.GraphicsPathTest.PathPoints_CannotChange" methodname="PathPoints_CannotChange" classname="MonoTests.System.Drawing.Drawing2D.GraphicsPathTest" runstate="Runnable" seed="181326211" result="Passed" start-time="2017-05-02 03:42:17Z" end-time="2017-05-02 03:42:17Z" duration="0.001146" asserts="4" />
              <test-case id="2634" name="PathTypes_CannotChange" fullname="MonoTests.System.Drawing.Drawing2D.GraphicsPathTest.PathTypes_CannotChange" methodname="PathTypes_CannotChange" classname="MonoTests.System.Drawing.Drawing2D.GraphicsPathTest" runstate="Runnable" seed="1650793458" result="Passed" start-time="2017-05-02 03:42:17Z" end-time="2017-05-02 03:42:17Z" duration="0.000742" asserts="2" />
              <test-case id="2599" name="Reverse_Arc" fullname="MonoTests.System.Drawing.Drawing2D.GraphicsPathTest.Reverse_Arc" methodname="Reverse_Arc" classname="MonoTests.System.Drawing.Drawing2D.GraphicsPathTest" runstate="Runnable" seed="134844248" result="Passed" start-time="2017-05-02 03:42:17Z" end-time="2017-05-02 03:42:17Z" duration="0.001347" asserts="9" />
              <test-case id="2600" name="Reverse_Bezier" fullname="MonoTests.System.Drawing.Drawing2D.GraphicsPathTest.Reverse_Bezier" methodname="Reverse_Bezier" classname="MonoTests.System.Drawing.Drawing2D.GraphicsPathTest" runstate="Runnable" seed="493321621" result="Passed" start-time="2017-05-02 03:42:17Z" end-time="2017-05-02 03:42:17Z" duration="0.000541" asserts="9" />
              <test-case id="2601" name="Reverse_Beziers" fullname="MonoTests.System.Drawing.Drawing2D.GraphicsPathTest.Reverse_Beziers" methodname="Reverse_Beziers" classname="MonoTests.System.Drawing.Drawing2D.GraphicsPathTest" runstate="Runnable" seed="1470666396" result="Passed" start-time="2017-05-02 03:42:17Z" end-time="2017-05-02 03:42:17Z" duration="0.000799" asserts="15" />
              <test-case id="2602" name="Reverse_ClosedCurve" fullname="MonoTests.System.Drawing.Drawing2D.GraphicsPathTest.Reverse_ClosedCurve" methodname="Reverse_ClosedCurve" classname="MonoTests.System.Drawing.Drawing2D.GraphicsPathTest" runstate="Runnable" seed="578833083" result="Passed" start-time="2017-05-02 03:42:17Z" end-time="2017-05-02 03:42:17Z" duration="0.002529" asserts="45" />
              <test-case id="2603" name="Reverse_Curve" fullname="MonoTests.System.Drawing.Drawing2D.GraphicsPathTest.Reverse_Curve" methodname="Reverse_Curve" classname="MonoTests.System.Drawing.Drawing2D.GraphicsPathTest" runstate="Runnable" seed="1858283496" result="Passed" start-time="2017-05-02 03:42:17Z" end-time="2017-05-02 03:42:17Z" duration="0.000948" asserts="39" />
              <test-case id="2604" name="Reverse_Ellipse" fullname="MonoTests.System.Drawing.Drawing2D.GraphicsPathTest.Reverse_Ellipse" methodname="Reverse_Ellipse" classname="MonoTests.System.Drawing.Drawing2D.GraphicsPathTest" runstate="Runnable" seed="2123751766" result="Passed" start-time="2017-05-02 03:42:17Z" end-time="2017-05-02 03:42:17Z" duration="0.000333" asserts="27" />
              <test-case id="2605" name="Reverse_Line" fullname="MonoTests.System.Drawing.Drawing2D.GraphicsPathTest.Reverse_Line" methodname="Reverse_Line" classname="MonoTests.System.Drawing.Drawing2D.GraphicsPathTest" runstate="Runnable" seed="594492073" result="Passed" start-time="2017-05-02 03:42:17Z" end-time="2017-05-02 03:42:17Z" duration="0.000521" asserts="5" />
              <test-case id="2606" name="Reverse_Line_Closed" fullname="MonoTests.System.Drawing.Drawing2D.GraphicsPathTest.Reverse_Line_Closed" methodname="Reverse_Line_Closed" classname="MonoTests.System.Drawing.Drawing2D.GraphicsPathTest" runstate="Runnable" seed="506168118" result="Passed" start-time="2017-05-02 03:42:17Z" end-time="2017-05-02 03:42:17Z" duration="0.000404" asserts="5" />
              <test-case id="2607" name="Reverse_Lines" fullname="MonoTests.System.Drawing.Drawing2D.GraphicsPathTest.Reverse_Lines" methodname="Reverse_Lines" classname="MonoTests.System.Drawing.Drawing2D.GraphicsPathTest" runstate="Runnable" seed="437881373" result="Passed" start-time="2017-05-02 03:42:17Z" end-time="2017-05-02 03:42:17Z" duration="0.000936" asserts="15" />
              <test-case id="2615" name="Reverse_Marker" fullname="MonoTests.System.Drawing.Drawing2D.GraphicsPathTest.Reverse_Marker" methodname="Reverse_Marker" classname="MonoTests.System.Drawing.Drawing2D.GraphicsPathTest" runstate="Runnable" seed="298232162" result="Passed" start-time="2017-05-02 03:42:17Z" end-time="2017-05-02 03:42:17Z" duration="0.001787" asserts="9" />
              <test-case id="2612" name="Reverse_Path" fullname="MonoTests.System.Drawing.Drawing2D.GraphicsPathTest.Reverse_Path" methodname="Reverse_Path" classname="MonoTests.System.Drawing.Drawing2D.GraphicsPathTest" runstate="Runnable" seed="204915777" result="Passed" start-time="2017-05-02 03:42:17Z" end-time="2017-05-02 03:42:17Z" duration="0.001360" asserts="13" />
              <test-case id="2613" name="Reverse_Path_2" fullname="MonoTests.System.Drawing.Drawing2D.GraphicsPathTest.Reverse_Path_2" methodname="Reverse_Path_2" classname="MonoTests.System.Drawing.Drawing2D.GraphicsPathTest" runstate="Runnable" seed="1208168357" result="Passed" start-time="2017-05-02 03:42:17Z" end-time="2017-05-02 03:42:17Z" duration="0.001674" asserts="35" />
              <test-case id="2611" name="Reverse_Pie" fullname="MonoTests.System.Drawing.Drawing2D.GraphicsPathTest.Reverse_Pie" methodname="Reverse_Pie" classname="MonoTests.System.Drawing.Drawing2D.GraphicsPathTest" runstate="Runnable" seed="83728164" result="Passed" start-time="2017-05-02 03:42:17Z" end-time="2017-05-02 03:42:17Z" duration="0.001328" asserts="11">
                <properties>
                  <property name="Category" value="NotWorking" />
                </properties>
              </test-case>
              <test-case id="2608" name="Reverse_Polygon" fullname="MonoTests.System.Drawing.Drawing2D.GraphicsPathTest.Reverse_Polygon" methodname="Reverse_Polygon" classname="MonoTests.System.Drawing.Drawing2D.GraphicsPathTest" runstate="Runnable" seed="1572998425" result="Passed" start-time="2017-05-02 03:42:17Z" end-time="2017-05-02 03:42:17Z" duration="0.000732" asserts="15" />
              <test-case id="2609" name="Reverse_Rectangle" fullname="MonoTests.System.Drawing.Drawing2D.GraphicsPathTest.Reverse_Rectangle" methodname="Reverse_Rectangle" classname="MonoTests.System.Drawing.Drawing2D.GraphicsPathTest" runstate="Runnable" seed="1409032904" result="Passed" start-time="2017-05-02 03:42:17Z" end-time="2017-05-02 03:42:17Z" duration="0.000410" asserts="9" />
              <test-case id="2610" name="Reverse_Rectangles" fullname="MonoTests.System.Drawing.Drawing2D.GraphicsPathTest.Reverse_Rectangles" methodname="Reverse_Rectangles" classname="MonoTests.System.Drawing.Drawing2D.GraphicsPathTest" runstate="Runnable" seed="4555592" result="Passed" start-time="2017-05-02 03:42:17Z" end-time="2017-05-02 03:42:17Z" duration="0.000598" asserts="17" />
              <test-case id="2614" name="Reverse_String" fullname="MonoTests.System.Drawing.Drawing2D.GraphicsPathTest.Reverse_String" methodname="Reverse_String" classname="MonoTests.System.Drawing.Drawing2D.GraphicsPathTest" runstate="Runnable" seed="1644659378" result="Passed" start-time="2017-05-02 03:42:17Z" end-time="2017-05-02 03:42:17Z" duration="0.001945" asserts="803">
                <properties>
                  <property name="Category" value="NotWorking" />
                </properties>
              </test-case>
              <test-case id="2616" name="Reverse_Subpath_Marker" fullname="MonoTests.System.Drawing.Drawing2D.GraphicsPathTest.Reverse_Subpath_Marker" methodname="Reverse_Subpath_Marker" classname="MonoTests.System.Drawing.Drawing2D.GraphicsPathTest" runstate="Runnable" seed="1922677133" result="Passed" start-time="2017-05-02 03:42:17Z" end-time="2017-05-02 03:42:17Z" duration="0.001279" asserts="13" />
              <test-case id="2617" name="Reverse_Subpath_Marker_2" fullname="MonoTests.System.Drawing.Drawing2D.GraphicsPathTest.Reverse_Subpath_Marker_2" methodname="Reverse_Subpath_Marker_2" classname="MonoTests.System.Drawing.Drawing2D.GraphicsPathTest" runstate="Runnable" seed="1697279649" result="Passed" start-time="2017-05-02 03:42:17Z" end-time="2017-05-02 03:42:17Z" duration="0.001479" asserts="17" />
              <test-case id="2554" name="SetMarkers_EmptyPath" fullname="MonoTests.System.Drawing.Drawing2D.GraphicsPathTest.SetMarkers_EmptyPath" methodname="SetMarkers_EmptyPath" classname="MonoTests.System.Drawing.Drawing2D.GraphicsPathTest" runstate="Runnable" seed="456889560" result="Passed" start-time="2017-05-02 03:42:17Z" end-time="2017-05-02 03:42:17Z" duration="0.000196" asserts="0" />
              <test-case id="2558" name="StartClose_AddArc" fullname="MonoTests.System.Drawing.Drawing2D.GraphicsPathTest.StartClose_AddArc" methodname="StartClose_AddArc" classname="MonoTests.System.Drawing.Drawing2D.GraphicsPathTest" runstate="Runnable" seed="212814113" result="Passed" start-time="2017-05-02 03:42:17Z" end-time="2017-05-02 03:42:17Z" duration="0.000900" asserts="4" />
              <test-case id="2559" name="StartClose_AddBezier" fullname="MonoTests.System.Drawing.Drawing2D.GraphicsPathTest.StartClose_AddBezier" methodname="StartClose_AddBezier" classname="MonoTests.System.Drawing.Drawing2D.GraphicsPathTest" runstate="Runnable" seed="339235172" result="Passed" start-time="2017-05-02 03:42:17Z" end-time="2017-05-02 03:42:17Z" duration="0.000935" asserts="4" />
              <test-case id="2560" name="StartClose_AddBeziers" fullname="MonoTests.System.Drawing.Drawing2D.GraphicsPathTest.StartClose_AddBeziers" methodname="StartClose_AddBeziers" classname="MonoTests.System.Drawing.Drawing2D.GraphicsPathTest" runstate="Runnable" seed="1284901829" result="Passed" start-time="2017-05-02 03:42:17Z" end-time="2017-05-02 03:42:17Z" duration="0.001228" asserts="4" />
              <test-case id="2561" name="StartClose_AddClosedCurve" fullname="MonoTests.System.Drawing.Drawing2D.GraphicsPathTest.StartClose_AddClosedCurve" methodname="StartClose_AddClosedCurve" classname="MonoTests.System.Drawing.Drawing2D.GraphicsPathTest" runstate="Runnable" seed="1991814328" result="Passed" start-time="2017-05-02 03:42:17Z" end-time="2017-05-02 03:42:17Z" duration="0.001233" asserts="5" />
              <test-case id="2562" name="StartClose_AddCurve" fullname="MonoTests.System.Drawing.Drawing2D.GraphicsPathTest.StartClose_AddCurve" methodname="StartClose_AddCurve" classname="MonoTests.System.Drawing.Drawing2D.GraphicsPathTest" runstate="Runnable" seed="1135154067" result="Passed" start-time="2017-05-02 03:42:17Z" end-time="2017-05-02 03:42:17Z" duration="0.001055" asserts="4" />
              <test-case id="2563" name="StartClose_AddEllipse" fullname="MonoTests.System.Drawing.Drawing2D.GraphicsPathTest.StartClose_AddEllipse" methodname="StartClose_AddEllipse" classname="MonoTests.System.Drawing.Drawing2D.GraphicsPathTest" runstate="Runnable" seed="1407697022" result="Passed" start-time="2017-05-02 03:42:17Z" end-time="2017-05-02 03:42:17Z" duration="0.001086" asserts="5" />
              <test-case id="2564" name="StartClose_AddLine" fullname="MonoTests.System.Drawing.Drawing2D.GraphicsPathTest.StartClose_AddLine" methodname="StartClose_AddLine" classname="MonoTests.System.Drawing.Drawing2D.GraphicsPathTest" runstate="Runnable" seed="1236167032" result="Passed" start-time="2017-05-02 03:42:17Z" end-time="2017-05-02 03:42:17Z" duration="0.000932" asserts="4" />
              <test-case id="2565" name="StartClose_AddLines" fullname="MonoTests.System.Drawing.Drawing2D.GraphicsPathTest.StartClose_AddLines" methodname="StartClose_AddLines" classname="MonoTests.System.Drawing.Drawing2D.GraphicsPathTest" runstate="Runnable" seed="1216671501" result="Passed" start-time="2017-05-02 03:42:17Z" end-time="2017-05-02 03:42:17Z" duration="0.001055" asserts="4" />
              <test-case id="2566" name="StartClose_AddPath_Connect" fullname="MonoTests.System.Drawing.Drawing2D.GraphicsPathTest.StartClose_AddPath_Connect" methodname="StartClose_AddPath_Connect" classname="MonoTests.System.Drawing.Drawing2D.GraphicsPathTest" runstate="Runnable" seed="239468327" result="Passed" start-time="2017-05-02 03:42:17Z" end-time="2017-05-02 03:42:17Z" duration="0.001021" asserts="4" />
              <test-case id="2567" name="StartClose_AddPath_NoConnect" fullname="MonoTests.System.Drawing.Drawing2D.GraphicsPathTest.StartClose_AddPath_NoConnect" methodname="StartClose_AddPath_NoConnect" classname="MonoTests.System.Drawing.Drawing2D.GraphicsPathTest" runstate="Runnable" seed="1937888923" result="Passed" start-time="2017-05-02 03:42:17Z" end-time="2017-05-02 03:42:17Z" duration="0.001007" asserts="4" />
              <test-case id="2568" name="StartClose_AddPie" fullname="MonoTests.System.Drawing.Drawing2D.GraphicsPathTest.StartClose_AddPie" methodname="StartClose_AddPie" classname="MonoTests.System.Drawing.Drawing2D.GraphicsPathTest" runstate="Runnable" seed="1351987991" result="Passed" start-time="2017-05-02 03:42:17Z" end-time="2017-05-02 03:42:17Z" duration="0.001157" asserts="5" />
              <test-case id="2569" name="StartClose_AddPolygon" fullname="MonoTests.System.Drawing.Drawing2D.GraphicsPathTest.StartClose_AddPolygon" methodname="StartClose_AddPolygon" classname="MonoTests.System.Drawing.Drawing2D.GraphicsPathTest" runstate="Runnable" seed="1151667438" result="Passed" start-time="2017-05-02 03:42:18Z" end-time="2017-05-02 03:42:18Z" duration="0.001124" asserts="5" />
              <test-case id="2570" name="StartClose_AddRectangle" fullname="MonoTests.System.Drawing.Drawing2D.GraphicsPathTest.StartClose_AddRectangle" methodname="StartClose_AddRectangle" classname="MonoTests.System.Drawing.Drawing2D.GraphicsPathTest" runstate="Runnable" seed="1641749940" result="Passed" start-time="2017-05-02 03:42:18Z" end-time="2017-05-02 03:42:18Z" duration="0.001302" asserts="5" />
              <test-case id="2571" name="StartClose_AddRectangles" fullname="MonoTests.System.Drawing.Drawing2D.GraphicsPathTest.StartClose_AddRectangles" methodname="StartClose_AddRectangles" classname="MonoTests.System.Drawing.Drawing2D.GraphicsPathTest" runstate="Runnable" seed="171551326" result="Passed" start-time="2017-05-02 03:42:18Z" end-time="2017-05-02 03:42:18Z" duration="0.001176" asserts="5" />
              <test-case id="2572" name="StartClose_AddString" fullname="MonoTests.System.Drawing.Drawing2D.GraphicsPathTest.StartClose_AddString" methodname="StartClose_AddString" classname="MonoTests.System.Drawing.Drawing2D.GraphicsPathTest" runstate="Runnable" seed="1942596729" result="Passed" start-time="2017-05-02 03:42:18Z" end-time="2017-05-02 03:42:18Z" duration="0.001409" asserts="5">
                <properties>
                  <property name="Category" value="NotWorking" />
                </properties>
              </test-case>
              <test-case id="2526" name="Transform_Empty" fullname="MonoTests.System.Drawing.Drawing2D.GraphicsPathTest.Transform_Empty" methodname="Transform_Empty" classname="MonoTests.System.Drawing.Drawing2D.GraphicsPathTest" runstate="Runnable" seed="559357700" result="Passed" start-time="2017-05-02 03:42:18Z" end-time="2017-05-02 03:42:18Z" duration="0.000555" asserts="0" />
              <test-case id="2525" name="Transform_Null" fullname="MonoTests.System.Drawing.Drawing2D.GraphicsPathTest.Transform_Null" methodname="Transform_Null" classname="MonoTests.System.Drawing.Drawing2D.GraphicsPathTest" runstate="Runnable" seed="1774459087" result="Passed" start-time="2017-05-02 03:42:18Z" end-time="2017-05-02 03:42:18Z" duration="0.000666" asserts="1" />
              <test-case id="2549" name="Warp_Bilinear" fullname="MonoTests.System.Drawing.Drawing2D.GraphicsPathTest.Warp_Bilinear" methodname="Warp_Bilinear" classname="MonoTests.System.Drawing.Drawing2D.GraphicsPathTest" runstate="Runnable" seed="465608649" result="Passed" start-time="2017-05-02 03:42:18Z" end-time="2017-05-02 03:42:18Z" duration="0.003266" asserts="10">
                <properties>
                  <property name="Category" value="NotWorking" />
                </properties>
              </test-case>
              <test-case id="2545" name="Warp_EmptyMatrix" fullname="MonoTests.System.Drawing.Drawing2D.GraphicsPathTest.Warp_EmptyMatrix" methodname="Warp_EmptyMatrix" classname="MonoTests.System.Drawing.Drawing2D.GraphicsPathTest" runstate="Ignored" seed="31458528" result="Skipped" label="Ignored" start-time="2017-05-02 03:42:18Z" end-time="2017-05-02 03:42:18Z" duration="0.000999" asserts="0">
                <properties>
                  <property name="_SKIPREASON" value="results aren't always constant and differs from 1.x and 2.0" />
                </properties>
                <reason>
                  <message><![CDATA[results aren't always constant and differs from 1.x and 2.0]]></message>
                </reason>
              </test-case>
              <test-case id="2552" name="Warp_Flatness_Negative" fullname="MonoTests.System.Drawing.Drawing2D.GraphicsPathTest.Warp_Flatness_Negative" methodname="Warp_Flatness_Negative" classname="MonoTests.System.Drawing.Drawing2D.GraphicsPathTest" runstate="Ignored" seed="778344309" result="Skipped" label="Ignored" start-time="2017-05-02 03:42:18Z" end-time="2017-05-02 03:42:18Z" duration="0.000036" asserts="0">
                <properties>
                  <property name="_SKIPREASON" value="results aren't always constant and differs from 1.x and 2.0" />
                </properties>
                <reason>
                  <message><![CDATA[results aren't always constant and differs from 1.x and 2.0]]></message>
                </reason>
              </test-case>
              <test-case id="2553" name="Warp_Flatness_OverOne" fullname="MonoTests.System.Drawing.Drawing2D.GraphicsPathTest.Warp_Flatness_OverOne" methodname="Warp_Flatness_OverOne" classname="MonoTests.System.Drawing.Drawing2D.GraphicsPathTest" runstate="Ignored" seed="534863704" result="Skipped" label="Ignored" start-time="2017-05-02 03:42:18Z" end-time="2017-05-02 03:42:18Z" duration="0.000026" asserts="0">
                <properties>
                  <property name="_SKIPREASON" value="results aren't always constant and differs from 1.x and 2.0" />
                </properties>
                <reason>
                  <message><![CDATA[results aren't always constant and differs from 1.x and 2.0]]></message>
                </reason>
              </test-case>
              <test-case id="2551" name="Warp_Invalid" fullname="MonoTests.System.Drawing.Drawing2D.GraphicsPathTest.Warp_Invalid" methodname="Warp_Invalid" classname="MonoTests.System.Drawing.Drawing2D.GraphicsPathTest" runstate="Runnable" seed="1493315483" result="Passed" start-time="2017-05-02 03:42:18Z" end-time="2017-05-02 03:42:18Z" duration="0.000845" asserts="1" />
              <test-case id="2548" name="Warp_Matrix_NonInvertible" fullname="MonoTests.System.Drawing.Drawing2D.GraphicsPathTest.Warp_Matrix_NonInvertible" methodname="Warp_Matrix_NonInvertible" classname="MonoTests.System.Drawing.Drawing2D.GraphicsPathTest" runstate="Ignored" seed="1766088906" result="Skipped" label="Ignored" start-time="2017-05-02 03:42:18Z" end-time="2017-05-02 03:42:18Z" duration="0.000008" asserts="0">
                <properties>
                  <property name="_SKIPREASON" value="results aren't always constant and differs from 1.x and 2.0" />
                </properties>
                <reason>
                  <message><![CDATA[results aren't always constant and differs from 1.x and 2.0]]></message>
                </reason>
              </test-case>
              <test-case id="2540" name="Warp_NoPoints" fullname="MonoTests.System.Drawing.Drawing2D.GraphicsPathTest.Warp_NoPoints" methodname="Warp_NoPoints" classname="MonoTests.System.Drawing.Drawing2D.GraphicsPathTest" runstate="Runnable" seed="2040105809" result="Passed" start-time="2017-05-02 03:42:18Z" end-time="2017-05-02 03:42:18Z" duration="0.000824" asserts="1" />
              <test-case id="2539" name="Warp_Null" fullname="MonoTests.System.Drawing.Drawing2D.GraphicsPathTest.Warp_Null" methodname="Warp_Null" classname="MonoTests.System.Drawing.Drawing2D.GraphicsPathTest" runstate="Runnable" seed="1082222306" result="Passed" start-time="2017-05-02 03:42:18Z" end-time="2017-05-02 03:42:18Z" duration="0.001700" asserts="1" />
              <test-case id="2544" name="Warp_NullMatrix" fullname="MonoTests.System.Drawing.Drawing2D.GraphicsPathTest.Warp_NullMatrix" methodname="Warp_NullMatrix" classname="MonoTests.System.Drawing.Drawing2D.GraphicsPathTest" runstate="Ignored" seed="1553907474" result="Skipped" label="Ignored" start-time="2017-05-02 03:42:18Z" end-time="2017-05-02 03:42:18Z" duration="0.000019" asserts="0">
                <properties>
                  <property name="_SKIPREASON" value="results aren't always constant and differs from 1.x and 2.0" />
                </properties>
                <reason>
                  <message><![CDATA[results aren't always constant and differs from 1.x and 2.0]]></message>
                </reason>
              </test-case>
              <test-case id="2550" name="Warp_Perspective" fullname="MonoTests.System.Drawing.Drawing2D.GraphicsPathTest.Warp_Perspective" methodname="Warp_Perspective" classname="MonoTests.System.Drawing.Drawing2D.GraphicsPathTest" runstate="Ignored" seed="741665703" result="Skipped" label="Ignored" start-time="2017-05-02 03:42:18Z" end-time="2017-05-02 03:42:18Z" duration="0.000014" asserts="0">
                <properties>
                  <property name="_SKIPREASON" value="results aren't always constant and differs from 1.x and 2.0" />
                </properties>
                <reason>
                  <message><![CDATA[results aren't always constant and differs from 1.x and 2.0]]></message>
                </reason>
              </test-case>
              <test-case id="2546" name="Warp_Rectangle_Empty" fullname="MonoTests.System.Drawing.Drawing2D.GraphicsPathTest.Warp_Rectangle_Empty" methodname="Warp_Rectangle_Empty" classname="MonoTests.System.Drawing.Drawing2D.GraphicsPathTest" runstate="Runnable" seed="550130727" result="Passed" start-time="2017-05-02 03:42:18Z" end-time="2017-05-02 03:42:18Z" duration="0.000839" asserts="10">
                <properties>
                  <property name="Category" value="NotWorking" />
                </properties>
              </test-case>
              <test-case id="2547" name="Warp_Rectangle_NegativeWidthHeight" fullname="MonoTests.System.Drawing.Drawing2D.GraphicsPathTest.Warp_Rectangle_NegativeWidthHeight" methodname="Warp_Rectangle_NegativeWidthHeight" classname="MonoTests.System.Drawing.Drawing2D.GraphicsPathTest" runstate="Runnable" seed="524139800" result="Passed" start-time="2017-05-02 03:42:18Z" end-time="2017-05-02 03:42:18Z" duration="0.001592" asserts="10">
                <properties>
                  <property name="Category" value="NotWorking" />
                </properties>
              </test-case>
              <test-case id="2576" name="Widen_NoPoint" fullname="MonoTests.System.Drawing.Drawing2D.GraphicsPathTest.Widen_NoPoint" methodname="Widen_NoPoint" classname="MonoTests.System.Drawing.Drawing2D.GraphicsPathTest" runstate="Runnable" seed="1171713589" result="Passed" start-time="2017-05-02 03:42:18Z" end-time="2017-05-02 03:42:18Z" duration="0.000627" asserts="2" />
              <test-case id="2574" name="Widen_Pen" fullname="MonoTests.System.Drawing.Drawing2D.GraphicsPathTest.Widen_Pen" methodname="Widen_Pen" classname="MonoTests.System.Drawing.Drawing2D.GraphicsPathTest" runstate="Runnable" seed="1989245612" result="Passed" start-time="2017-05-02 03:42:18Z" end-time="2017-05-02 03:42:18Z" duration="0.003320" asserts="38">
                <properties>
                  <property name="Category" value="NotWorking" />
                </properties>
              </test-case>
              <test-case id="2579" name="Widen_Pen_Matrix_Empty" fullname="MonoTests.System.Drawing.Drawing2D.GraphicsPathTest.Widen_Pen_Matrix_Empty" methodname="Widen_Pen_Matrix_Empty" classname="MonoTests.System.Drawing.Drawing2D.GraphicsPathTest" runstate="Runnable" seed="755231162" result="Passed" start-time="2017-05-02 03:42:18Z" end-time="2017-05-02 03:42:18Z" duration="0.003391" asserts="28">
                <properties>
                  <property name="Category" value="NotWorking" />
                </properties>
              </test-case>
              <test-case id="2580" name="Widen_Pen_Matrix_NonInvertible" fullname="MonoTests.System.Drawing.Drawing2D.GraphicsPathTest.Widen_Pen_Matrix_NonInvertible" methodname="Widen_Pen_Matrix_NonInvertible" classname="MonoTests.System.Drawing.Drawing2D.GraphicsPathTest" runstate="Ignored" seed="355395499" result="Skipped" label="Ignored" start-time="2017-05-02 03:42:18Z" end-time="2017-05-02 03:42:18Z" duration="0.000018" asserts="0">
                <properties>
                  <property name="_SKIPREASON" value="results aren't always constant and differs from 1.x and 2.0" />
                </properties>
                <reason>
                  <message><![CDATA[results aren't always constant and differs from 1.x and 2.0]]></message>
                </reason>
              </test-case>
              <test-case id="2578" name="Widen_Pen_Matrix_Null" fullname="MonoTests.System.Drawing.Drawing2D.GraphicsPathTest.Widen_Pen_Matrix_Null" methodname="Widen_Pen_Matrix_Null" classname="MonoTests.System.Drawing.Drawing2D.GraphicsPathTest" runstate="Runnable" seed="2034843473" result="Passed" start-time="2017-05-02 03:42:18Z" end-time="2017-05-02 03:42:18Z" duration="0.000802" asserts="28">
                <properties>
                  <property name="Category" value="NotWorking" />
                </properties>
              </test-case>
              <test-case id="2573" name="Widen_Pen_Null" fullname="MonoTests.System.Drawing.Drawing2D.GraphicsPathTest.Widen_Pen_Null" methodname="Widen_Pen_Null" classname="MonoTests.System.Drawing.Drawing2D.GraphicsPathTest" runstate="Runnable" seed="292369454" result="Passed" start-time="2017-05-02 03:42:18Z" end-time="2017-05-02 03:42:18Z" duration="0.000694" asserts="1" />
              <test-case id="2575" name="Widen_Pen_Null_Matrix" fullname="MonoTests.System.Drawing.Drawing2D.GraphicsPathTest.Widen_Pen_Null_Matrix" methodname="Widen_Pen_Null_Matrix" classname="MonoTests.System.Drawing.Drawing2D.GraphicsPathTest" runstate="Runnable" seed="773428152" result="Passed" start-time="2017-05-02 03:42:18Z" end-time="2017-05-02 03:42:18Z" duration="0.000623" asserts="1" />
              <test-case id="2581" name="Widen_Pen_SmallWidth" fullname="MonoTests.System.Drawing.Drawing2D.GraphicsPathTest.Widen_Pen_SmallWidth" methodname="Widen_Pen_SmallWidth" classname="MonoTests.System.Drawing.Drawing2D.GraphicsPathTest" runstate="Runnable" seed="618053549" result="Passed" start-time="2017-05-02 03:42:18Z" end-time="2017-05-02 03:42:18Z" duration="0.001860" asserts="28">
                <properties>
                  <property name="Category" value="NotWorking" />
                </properties>
              </test-case>
              <test-case id="2577" name="Widen_SinglePoint" fullname="MonoTests.System.Drawing.Drawing2D.GraphicsPathTest.Widen_SinglePoint" methodname="Widen_SinglePoint" classname="MonoTests.System.Drawing.Drawing2D.GraphicsPathTest" runstate="Runnable" seed="1808455241" result="Passed" start-time="2017-05-02 03:42:18Z" end-time="2017-05-02 03:42:18Z" duration="0.001303" asserts="1" />
              <test-case id="2543" name="Wrap_Line" fullname="MonoTests.System.Drawing.Drawing2D.GraphicsPathTest.Wrap_Line" methodname="Wrap_Line" classname="MonoTests.System.Drawing.Drawing2D.GraphicsPathTest" runstate="Runnable" seed="996134157" result="Passed" start-time="2017-05-02 03:42:18Z" end-time="2017-05-02 03:42:18Z" duration="0.000968" asserts="2">
                <properties>
                  <property name="Category" value="NotWorking" />
                </properties>
              </test-case>
              <test-case id="2541" name="Wrap_NoPoint" fullname="MonoTests.System.Drawing.Drawing2D.GraphicsPathTest.Wrap_NoPoint" methodname="Wrap_NoPoint" classname="MonoTests.System.Drawing.Drawing2D.GraphicsPathTest" runstate="Runnable" seed="90838640" result="Passed" start-time="2017-05-02 03:42:18Z" end-time="2017-05-02 03:42:18Z" duration="0.000888" asserts="2" />
              <test-case id="2542" name="Wrap_SinglePoint" fullname="MonoTests.System.Drawing.Drawing2D.GraphicsPathTest.Wrap_SinglePoint" methodname="Wrap_SinglePoint" classname="MonoTests.System.Drawing.Drawing2D.GraphicsPathTest" runstate="Runnable" seed="1177371060" result="Passed" start-time="2017-05-02 03:42:18Z" end-time="2017-05-02 03:42:18Z" duration="0.000978" asserts="2">
                <properties>
                  <property name="Category" value="NotWorking" />
                </properties>
              </test-case>
            </test-suite>
            <test-suite type="TestFixture" id="2882" name="HatchBrushTest" fullname="MonoTests.System.Drawing.Drawing2D.HatchBrushTest" classname="MonoTests.System.Drawing.Drawing2D.HatchBrushTest" runstate="Runnable" testcasecount="3" result="Passed" start-time="2017-05-02 03:42:18Z" end-time="2017-05-02 03:42:18Z" duration="0.105304" total="3" passed="3" failed="0" warnings="0" inconclusive="0" skipped="0" asserts="9">
              <test-case id="2884" name="TestClone" fullname="MonoTests.System.Drawing.Drawing2D.HatchBrushTest.TestClone" methodname="TestClone" classname="MonoTests.System.Drawing.Drawing2D.HatchBrushTest" runstate="Runnable" seed="1079841971" result="Passed" start-time="2017-05-02 03:42:18Z" end-time="2017-05-02 03:42:18Z" duration="0.002159" asserts="3" />
              <test-case id="2885" name="TestDrawing" fullname="MonoTests.System.Drawing.Drawing2D.HatchBrushTest.TestDrawing" methodname="TestDrawing" classname="MonoTests.System.Drawing.Drawing2D.HatchBrushTest" runstate="Runnable" seed="682527440" result="Passed" start-time="2017-05-02 03:42:18Z" end-time="2017-05-02 03:42:18Z" duration="0.090417" asserts="0" />
              <test-case id="2883" name="TestProperties" fullname="MonoTests.System.Drawing.Drawing2D.HatchBrushTest.TestProperties" methodname="TestProperties" classname="MonoTests.System.Drawing.Drawing2D.HatchBrushTest" runstate="Runnable" seed="2060202201" result="Passed" start-time="2017-05-02 03:42:18Z" end-time="2017-05-02 03:42:18Z" duration="0.001340" asserts="6" />
            </test-suite>
            <test-suite type="TestFixture" id="2736" name="LinearGradientBrushTest" fullname="MonoTests.System.Drawing.Drawing2D.LinearGradientBrushTest" classname="MonoTests.System.Drawing.Drawing2D.LinearGradientBrushTest" runstate="Runnable" testcasecount="61" result="Failed" site="Child" start-time="2017-05-02 03:42:18Z" end-time="2017-05-02 03:42:18Z" duration="0.299824" total="61" passed="57" failed="4" warnings="0" inconclusive="0" skipped="0" asserts="438">
              <failure>
                <message><![CDATA[One or more child tests had errors]]></message>
              </failure>
              <test-case id="2795" name="Blend_Null" fullname="MonoTests.System.Drawing.Drawing2D.LinearGradientBrushTest.Blend_Null" methodname="Blend_Null" classname="MonoTests.System.Drawing.Drawing2D.LinearGradientBrushTest" runstate="Runnable" seed="1503717406" result="Passed" start-time="2017-05-02 03:42:18Z" end-time="2017-05-02 03:42:18Z" duration="0.001058" asserts="1" />
              <test-case id="2762" name="Clone" fullname="MonoTests.System.Drawing.Drawing2D.LinearGradientBrushTest.Clone" methodname="Clone" classname="MonoTests.System.Drawing.Drawing2D.LinearGradientBrushTest" runstate="Runnable" seed="89517754" result="Passed" start-time="2017-05-02 03:42:18Z" end-time="2017-05-02 03:42:18Z" duration="0.005245" asserts="8" />
              <test-case id="2737" name="Constructor_Point_Point_Color_Color" fullname="MonoTests.System.Drawing.Drawing2D.LinearGradientBrushTest.Constructor_Point_Point_Color_Color" methodname="Constructor_Point_Point_Color_Color" classname="MonoTests.System.Drawing.Drawing2D.LinearGradientBrushTest" runstate="Runnable" seed="1353835002" result="Passed" start-time="2017-05-02 03:42:18Z" end-time="2017-05-02 03:42:18Z" duration="0.004107" asserts="20" />
              <test-case id="2738" name="Constructor_Point_Point_Color_Color_1" fullname="MonoTests.System.Drawing.Drawing2D.LinearGradientBrushTest.Constructor_Point_Point_Color_Color_1" methodname="Constructor_Point_Point_Color_Color_1" classname="MonoTests.System.Drawing.Drawing2D.LinearGradientBrushTest" runstate="Runnable" seed="974607479" result="Passed" start-time="2017-05-02 03:42:18Z" end-time="2017-05-02 03:42:18Z" duration="0.003147" asserts="80" />
              <test-case id="2792" name="Constructor_Rectangle_Angle_Scalable" fullname="MonoTests.System.Drawing.Drawing2D.LinearGradientBrushTest.Constructor_Rectangle_Angle_Scalable" methodname="Constructor_Rectangle_Angle_Scalable" classname="MonoTests.System.Drawing.Drawing2D.LinearGradientBrushTest" runstate="Runnable" seed="1681178022" result="Passed" start-time="2017-05-02 03:42:18Z" end-time="2017-05-02 03:42:18Z" duration="0.002896" asserts="78" />
              <test-case id="2739" name="Constructor_RectangleF_Color_Color_Single_0" fullname="MonoTests.System.Drawing.Drawing2D.LinearGradientBrushTest.Constructor_RectangleF_Color_Color_Single_0" methodname="Constructor_RectangleF_Color_Color_Single_0" classname="MonoTests.System.Drawing.Drawing2D.LinearGradientBrushTest" runstate="Runnable" seed="1920083576" result="Passed" start-time="2017-05-02 03:42:18Z" end-time="2017-05-02 03:42:18Z" duration="0.002079" asserts="14" />
              <test-case id="2743" name="Constructor_RectangleF_Color_Color_Single_135" fullname="MonoTests.System.Drawing.Drawing2D.LinearGradientBrushTest.Constructor_RectangleF_Color_Color_Single_135" methodname="Constructor_RectangleF_Color_Color_Single_135" classname="MonoTests.System.Drawing.Drawing2D.LinearGradientBrushTest" runstate="Runnable" seed="1108186590" result="Passed" start-time="2017-05-02 03:42:18Z" end-time="2017-05-02 03:42:18Z" duration="0.001009" asserts="10" />
              <test-case id="2744" name="Constructor_RectangleF_Color_Color_Single_180" fullname="MonoTests.System.Drawing.Drawing2D.LinearGradientBrushTest.Constructor_RectangleF_Color_Color_Single_180" methodname="Constructor_RectangleF_Color_Color_Single_180" classname="MonoTests.System.Drawing.Drawing2D.LinearGradientBrushTest" runstate="Runnable" seed="1776894129" result="Passed" start-time="2017-05-02 03:42:18Z" end-time="2017-05-02 03:42:18Z" duration="0.000900" asserts="10" />
              <test-case id="2740" name="Constructor_RectangleF_Color_Color_Single_22_5" fullname="MonoTests.System.Drawing.Drawing2D.LinearGradientBrushTest.Constructor_RectangleF_Color_Color_Single_22_5" methodname="Constructor_RectangleF_Color_Color_Single_22_5" classname="MonoTests.System.Drawing.Drawing2D.LinearGradientBrushTest" runstate="Runnable" seed="969847073" result="Passed" start-time="2017-05-02 03:42:18Z" end-time="2017-05-02 03:42:18Z" duration="0.000873" asserts="10" />
              <test-case id="2745" name="Constructor_RectangleF_Color_Color_Single_270" fullname="MonoTests.System.Drawing.Drawing2D.LinearGradientBrushTest.Constructor_RectangleF_Color_Color_Single_270" methodname="Constructor_RectangleF_Color_Color_Single_270" classname="MonoTests.System.Drawing.Drawing2D.LinearGradientBrushTest" runstate="Runnable" seed="2112842106" result="Passed" start-time="2017-05-02 03:42:18Z" end-time="2017-05-02 03:42:18Z" duration="0.000891" asserts="10" />
              <test-case id="2746" name="Constructor_RectangleF_Color_Color_Single_315" fullname="MonoTests.System.Drawing.Drawing2D.LinearGradientBrushTest.Constructor_RectangleF_Color_Color_Single_315" methodname="Constructor_RectangleF_Color_Color_Single_315" classname="MonoTests.System.Drawing.Drawing2D.LinearGradientBrushTest" runstate="Runnable" seed="36749179" result="Passed" start-time="2017-05-02 03:42:18Z" end-time="2017-05-02 03:42:18Z" duration="0.000869" asserts="10" />
              <test-case id="2747" name="Constructor_RectangleF_Color_Color_Single_360" fullname="MonoTests.System.Drawing.Drawing2D.LinearGradientBrushTest.Constructor_RectangleF_Color_Color_Single_360" methodname="Constructor_RectangleF_Color_Color_Single_360" classname="MonoTests.System.Drawing.Drawing2D.LinearGradientBrushTest" runstate="Runnable" seed="529605269" result="Passed" start-time="2017-05-02 03:42:18Z" end-time="2017-05-02 03:42:18Z" duration="0.000813" asserts="10" />
              <test-case id="2741" name="Constructor_RectangleF_Color_Color_Single_45" fullname="MonoTests.System.Drawing.Drawing2D.LinearGradientBrushTest.Constructor_RectangleF_Color_Color_Single_45" methodname="Constructor_RectangleF_Color_Color_Single_45" classname="MonoTests.System.Drawing.Drawing2D.LinearGradientBrushTest" runstate="Runnable" seed="815502854" result="Passed" start-time="2017-05-02 03:42:18Z" end-time="2017-05-02 03:42:18Z" duration="0.000397" asserts="16" />
              <test-case id="2748" name="Constructor_RectangleF_Color_Color_Single_540" fullname="MonoTests.System.Drawing.Drawing2D.LinearGradientBrushTest.Constructor_RectangleF_Color_Color_Single_540" methodname="Constructor_RectangleF_Color_Color_Single_540" classname="MonoTests.System.Drawing.Drawing2D.LinearGradientBrushTest" runstate="Runnable" seed="940293211" result="Passed" start-time="2017-05-02 03:42:18Z" end-time="2017-05-02 03:42:18Z" duration="0.000905" asserts="10" />
              <test-case id="2742" name="Constructor_RectangleF_Color_Color_Single_90" fullname="MonoTests.System.Drawing.Drawing2D.LinearGradientBrushTest.Constructor_RectangleF_Color_Color_Single_90" methodname="Constructor_RectangleF_Color_Color_Single_90" classname="MonoTests.System.Drawing.Drawing2D.LinearGradientBrushTest" runstate="Runnable" seed="1225632306" result="Passed" start-time="2017-05-02 03:42:18Z" end-time="2017-05-02 03:42:18Z" duration="0.000832" asserts="10" />
              <test-case id="2749" name="InterpolationColors_Colors_InvalidBlend" fullname="MonoTests.System.Drawing.Drawing2D.LinearGradientBrushTest.InterpolationColors_Colors_InvalidBlend" methodname="InterpolationColors_Colors_InvalidBlend" classname="MonoTests.System.Drawing.Drawing2D.LinearGradientBrushTest" runstate="Runnable" seed="1774565080" result="Passed" start-time="2017-05-02 03:42:18Z" end-time="2017-05-02 03:42:18Z" duration="0.001694" asserts="1" />
              <test-case id="2794" name="InterpolationColors_Null" fullname="MonoTests.System.Drawing.Drawing2D.LinearGradientBrushTest.InterpolationColors_Null" methodname="InterpolationColors_Null" classname="MonoTests.System.Drawing.Drawing2D.LinearGradientBrushTest" runstate="Runnable" seed="2026406203" result="Passed" start-time="2017-05-02 03:42:18Z" end-time="2017-05-02 03:42:18Z" duration="0.001394" asserts="1" />
              <test-case id="2750" name="InterpolationColors_Positions_InvalidBlend" fullname="MonoTests.System.Drawing.Drawing2D.LinearGradientBrushTest.InterpolationColors_Positions_InvalidBlend" methodname="InterpolationColors_Positions_InvalidBlend" classname="MonoTests.System.Drawing.Drawing2D.LinearGradientBrushTest" runstate="Runnable" seed="793320861" result="Passed" start-time="2017-05-02 03:42:18Z" end-time="2017-05-02 03:42:18Z" duration="0.000700" asserts="1" />
              <test-case id="2751" name="LinearColors_Empty" fullname="MonoTests.System.Drawing.Drawing2D.LinearGradientBrushTest.LinearColors_Empty" methodname="LinearColors_Empty" classname="MonoTests.System.Drawing.Drawing2D.LinearGradientBrushTest" runstate="Runnable" seed="1906847960" result="Passed" start-time="2017-05-02 03:42:18Z" end-time="2017-05-02 03:42:18Z" duration="0.001067" asserts="1" />
              <test-case id="2793" name="LinearColors_Null" fullname="MonoTests.System.Drawing.Drawing2D.LinearGradientBrushTest.LinearColors_Null" methodname="LinearColors_Null" classname="MonoTests.System.Drawing.Drawing2D.LinearGradientBrushTest" runstate="Runnable" seed="1385941200" result="Passed" start-time="2017-05-02 03:42:18Z" end-time="2017-05-02 03:42:18Z" duration="0.000664" asserts="1" />
              <test-case id="2752" name="LinearColors_One" fullname="MonoTests.System.Drawing.Drawing2D.LinearGradientBrushTest.LinearColors_One" methodname="LinearColors_One" classname="MonoTests.System.Drawing.Drawing2D.LinearGradientBrushTest" runstate="Runnable" seed="1238173569" result="Passed" start-time="2017-05-02 03:42:18Z" end-time="2017-05-02 03:42:18Z" duration="0.000721" asserts="1" />
              <test-case id="2754" name="LinearColors_Three" fullname="MonoTests.System.Drawing.Drawing2D.LinearGradientBrushTest.LinearColors_Three" methodname="LinearColors_Three" classname="MonoTests.System.Drawing.Drawing2D.LinearGradientBrushTest" runstate="Runnable" seed="278061375" result="Passed" start-time="2017-05-02 03:42:18Z" end-time="2017-05-02 03:42:18Z" duration="0.001137" asserts="2" />
              <test-case id="2753" name="LinearColors_Two" fullname="MonoTests.System.Drawing.Drawing2D.LinearGradientBrushTest.LinearColors_Two" methodname="LinearColors_Two" classname="MonoTests.System.Drawing.Drawing2D.LinearGradientBrushTest" runstate="Runnable" seed="576809009" result="Passed" start-time="2017-05-02 03:42:18Z" end-time="2017-05-02 03:42:18Z" duration="0.001234" asserts="4" />
              <test-case id="2766" name="MultiplyTransform_NonInvertible" fullname="MonoTests.System.Drawing.Drawing2D.LinearGradientBrushTest.MultiplyTransform_NonInvertible" methodname="MultiplyTransform_NonInvertible" classname="MonoTests.System.Drawing.Drawing2D.LinearGradientBrushTest" runstate="Runnable" seed="830392688" result="Passed" start-time="2017-05-02 03:42:18Z" end-time="2017-05-02 03:42:18Z" duration="0.001166" asserts="1" />
              <test-case id="2763" name="MultiplyTransform1_Null" fullname="MonoTests.System.Drawing.Drawing2D.LinearGradientBrushTest.MultiplyTransform1_Null" methodname="MultiplyTransform1_Null" classname="MonoTests.System.Drawing.Drawing2D.LinearGradientBrushTest" runstate="Runnable" seed="1989306930" result="Passed" start-time="2017-05-02 03:42:18Z" end-time="2017-05-02 03:42:18Z" duration="0.000716" asserts="1" />
              <test-case id="2765" name="MultiplyTransform2_Invalid" fullname="MonoTests.System.Drawing.Drawing2D.LinearGradientBrushTest.MultiplyTransform2_Invalid" methodname="MultiplyTransform2_Invalid" classname="MonoTests.System.Drawing.Drawing2D.LinearGradientBrushTest" runstate="Runnable" seed="432753071" result="Passed" start-time="2017-05-02 03:42:18Z" end-time="2017-05-02 03:42:18Z" duration="0.000278" asserts="0" />
              <test-case id="2764" name="MultiplyTransform2_Null" fullname="MonoTests.System.Drawing.Drawing2D.LinearGradientBrushTest.MultiplyTransform2_Null" methodname="MultiplyTransform2_Null" classname="MonoTests.System.Drawing.Drawing2D.LinearGradientBrushTest" runstate="Runnable" seed="1383212545" result="Passed" start-time="2017-05-02 03:42:18Z" end-time="2017-05-02 03:42:18Z" duration="0.000643" asserts="1" />
              <test-case id="2755" name="Rectangle" fullname="MonoTests.System.Drawing.Drawing2D.LinearGradientBrushTest.Rectangle" methodname="Rectangle" classname="MonoTests.System.Drawing.Drawing2D.LinearGradientBrushTest" runstate="Runnable" seed="119270604" result="Passed" start-time="2017-05-02 03:42:18Z" end-time="2017-05-02 03:42:18Z" duration="0.002326" asserts="32" />
              <test-case id="2767" name="ResetTransform" fullname="MonoTests.System.Drawing.Drawing2D.LinearGradientBrushTest.ResetTransform" methodname="ResetTransform" classname="MonoTests.System.Drawing.Drawing2D.LinearGradientBrushTest" runstate="Runnable" seed="1075392526" result="Passed" start-time="2017-05-02 03:42:18Z" end-time="2017-05-02 03:42:18Z" duration="0.000578" asserts="2" />
              <test-case id="2768" name="RotateTransform" fullname="MonoTests.System.Drawing.Drawing2D.LinearGradientBrushTest.RotateTransform" methodname="RotateTransform" classname="MonoTests.System.Drawing.Drawing2D.LinearGradientBrushTest" runstate="Runnable" seed="1139958614" result="Passed" start-time="2017-05-02 03:42:18Z" end-time="2017-05-02 03:42:18Z" duration="0.000822" asserts="7" />
              <test-case id="2771" name="RotateTransform_InvalidOrder" fullname="MonoTests.System.Drawing.Drawing2D.LinearGradientBrushTest.RotateTransform_InvalidOrder" methodname="RotateTransform_InvalidOrder" classname="MonoTests.System.Drawing.Drawing2D.LinearGradientBrushTest" runstate="Runnable" seed="1775654610" result="Passed" start-time="2017-05-02 03:42:18Z" end-time="2017-05-02 03:42:18Z" duration="0.001003" asserts="1" />
              <test-case id="2769" name="RotateTransform_Max" fullname="MonoTests.System.Drawing.Drawing2D.LinearGradientBrushTest.RotateTransform_Max" methodname="RotateTransform_Max" classname="MonoTests.System.Drawing.Drawing2D.LinearGradientBrushTest" runstate="Runnable" seed="1879958200" result="Failed" start-time="2017-05-02 03:42:18Z" end-time="2017-05-02 03:42:18Z" duration="0.003609" asserts="1">
                <properties>
                  <property name="Category" value="NotWorking" />
                </properties>
                <failure>
                  <message><![CDATA[  matrix.0
  Expected: 5.9390400000000001E+36d +/- 1.0000000000000001E+32d
  But was:  0.71640950441360474d
]]></message>
                  <stack-trace><![CDATA[在 MonoTests.System.Drawing.Drawing2D.LinearGradientBrushTest.RotateTransform_Max() 位置 C:\ProgramData\Git\zkweb.system.drawing\src\ZKWeb.System.Drawing.Tests\System.Drawing.Drawing2D\LinearGradientBrushTest.cs:行号 544
]]></stack-trace>
                </failure>
                <assertions>
                  <assertion result="Failed">
                    <message><![CDATA[  matrix.0
  Expected: 5.9390400000000001E+36d +/- 1.0000000000000001E+32d
  But was:  0.71640950441360474d
]]></message>
                    <stack-trace><![CDATA[在 MonoTests.System.Drawing.Drawing2D.LinearGradientBrushTest.RotateTransform_Max() 位置 C:\ProgramData\Git\zkweb.system.drawing\src\ZKWeb.System.Drawing.Tests\System.Drawing.Drawing2D\LinearGradientBrushTest.cs:行号 544
]]></stack-trace>
                  </assertion>
                </assertions>
              </test-case>
              <test-case id="2770" name="RotateTransform_Min" fullname="MonoTests.System.Drawing.Drawing2D.LinearGradientBrushTest.RotateTransform_Min" methodname="RotateTransform_Min" classname="MonoTests.System.Drawing.Drawing2D.LinearGradientBrushTest" runstate="Runnable" seed="1239684997" result="Failed" start-time="2017-05-02 03:42:18Z" end-time="2017-05-02 03:42:18Z" duration="0.001427" asserts="1">
                <properties>
                  <property name="Category" value="NotWorking" />
                </properties>
                <failure>
                  <message><![CDATA[  matrix.0
  Expected: -5.9390400000000001E+36d +/- 1.0000000000000001E+32d
  But was:  0.26559209823608398d
]]></message>
                  <stack-trace><![CDATA[在 MonoTests.System.Drawing.Drawing2D.LinearGradientBrushTest.RotateTransform_Min() 位置 C:\ProgramData\Git\zkweb.system.drawing\src\ZKWeb.System.Drawing.Tests\System.Drawing.Drawing2D\LinearGradientBrushTest.cs:行号 559
]]></stack-trace>
                </failure>
                <assertions>
                  <assertion result="Failed">
                    <message><![CDATA[  matrix.0
  Expected: -5.9390400000000001E+36d +/- 1.0000000000000001E+32d
  But was:  0.26559209823608398d
]]></message>
                    <stack-trace><![CDATA[在 MonoTests.System.Drawing.Drawing2D.LinearGradientBrushTest.RotateTransform_Min() 位置 C:\ProgramData\Git\zkweb.system.drawing\src\ZKWeb.System.Drawing.Tests\System.Drawing.Drawing2D\LinearGradientBrushTest.cs:行号 559
]]></stack-trace>
                  </assertion>
                </assertions>
              </test-case>
              <test-case id="2772" name="ScaleTransform" fullname="MonoTests.System.Drawing.Drawing2D.LinearGradientBrushTest.ScaleTransform" methodname="ScaleTransform" classname="MonoTests.System.Drawing.Drawing2D.LinearGradientBrushTest" runstate="Runnable" seed="2132582457" result="Passed" start-time="2017-05-02 03:42:18Z" end-time="2017-05-02 03:42:18Z" duration="0.000938" asserts="7" />
              <test-case id="2773" name="ScaleTransform_45" fullname="MonoTests.System.Drawing.Drawing2D.LinearGradientBrushTest.ScaleTransform_45" methodname="ScaleTransform_45" classname="MonoTests.System.Drawing.Drawing2D.LinearGradientBrushTest" runstate="Runnable" seed="691947515" result="Passed" start-time="2017-05-02 03:42:18Z" end-time="2017-05-02 03:42:18Z" duration="0.000743" asserts="6" />
              <test-case id="2775" name="ScaleTransform_InvalidOrder" fullname="MonoTests.System.Drawing.Drawing2D.LinearGradientBrushTest.ScaleTransform_InvalidOrder" methodname="ScaleTransform_InvalidOrder" classname="MonoTests.System.Drawing.Drawing2D.LinearGradientBrushTest" runstate="Runnable" seed="304618132" result="Passed" start-time="2017-05-02 03:42:18Z" end-time="2017-05-02 03:42:18Z" duration="0.000916" asserts="1" />
              <test-case id="2774" name="ScaleTransform_MaxMin" fullname="MonoTests.System.Drawing.Drawing2D.LinearGradientBrushTest.ScaleTransform_MaxMin" methodname="ScaleTransform_MaxMin" classname="MonoTests.System.Drawing.Drawing2D.LinearGradientBrushTest" runstate="Runnable" seed="1950403691" result="Passed" start-time="2017-05-02 03:42:18Z" end-time="2017-05-02 03:42:18Z" duration="0.000762" asserts="6" />
              <test-case id="2776" name="SetBlendTriangularShape_Focus" fullname="MonoTests.System.Drawing.Drawing2D.LinearGradientBrushTest.SetBlendTriangularShape_Focus" methodname="SetBlendTriangularShape_Focus" classname="MonoTests.System.Drawing.Drawing2D.LinearGradientBrushTest" runstate="Runnable" seed="1464186963" result="Passed" start-time="2017-05-02 03:42:18Z" end-time="2017-05-02 03:42:18Z" duration="0.000662" asserts="3" />
              <test-case id="2779" name="SetBlendTriangularShape_FocusTooBig" fullname="MonoTests.System.Drawing.Drawing2D.LinearGradientBrushTest.SetBlendTriangularShape_FocusTooBig" methodname="SetBlendTriangularShape_FocusTooBig" classname="MonoTests.System.Drawing.Drawing2D.LinearGradientBrushTest" runstate="Runnable" seed="812839492" result="Passed" start-time="2017-05-02 03:42:18Z" end-time="2017-05-02 03:42:18Z" duration="0.000598" asserts="1" />
              <test-case id="2778" name="SetBlendTriangularShape_FocusTooSmall" fullname="MonoTests.System.Drawing.Drawing2D.LinearGradientBrushTest.SetBlendTriangularShape_FocusTooSmall" methodname="SetBlendTriangularShape_FocusTooSmall" classname="MonoTests.System.Drawing.Drawing2D.LinearGradientBrushTest" runstate="Runnable" seed="2010849194" result="Passed" start-time="2017-05-02 03:42:18Z" end-time="2017-05-02 03:42:18Z" duration="0.000616" asserts="1" />
              <test-case id="2777" name="SetBlendTriangularShape_Scale" fullname="MonoTests.System.Drawing.Drawing2D.LinearGradientBrushTest.SetBlendTriangularShape_Scale" methodname="SetBlendTriangularShape_Scale" classname="MonoTests.System.Drawing.Drawing2D.LinearGradientBrushTest" runstate="Runnable" seed="2065349102" result="Passed" start-time="2017-05-02 03:42:18Z" end-time="2017-05-02 03:42:18Z" duration="0.000698" asserts="3" />
              <test-case id="2781" name="SetBlendTriangularShape_ScaleTooBig" fullname="MonoTests.System.Drawing.Drawing2D.LinearGradientBrushTest.SetBlendTriangularShape_ScaleTooBig" methodname="SetBlendTriangularShape_ScaleTooBig" classname="MonoTests.System.Drawing.Drawing2D.LinearGradientBrushTest" runstate="Runnable" seed="1394449655" result="Passed" start-time="2017-05-02 03:42:18Z" end-time="2017-05-02 03:42:18Z" duration="0.000645" asserts="1" />
              <test-case id="2780" name="SetBlendTriangularShape_ScaleTooSmall" fullname="MonoTests.System.Drawing.Drawing2D.LinearGradientBrushTest.SetBlendTriangularShape_ScaleTooSmall" methodname="SetBlendTriangularShape_ScaleTooSmall" classname="MonoTests.System.Drawing.Drawing2D.LinearGradientBrushTest" runstate="Runnable" seed="1053464970" result="Passed" start-time="2017-05-02 03:42:18Z" end-time="2017-05-02 03:42:18Z" duration="0.000636" asserts="1" />
              <test-case id="2782" name="SetSigmaBellShape_Focus" fullname="MonoTests.System.Drawing.Drawing2D.LinearGradientBrushTest.SetSigmaBellShape_Focus" methodname="SetSigmaBellShape_Focus" classname="MonoTests.System.Drawing.Drawing2D.LinearGradientBrushTest" runstate="Runnable" seed="1296533723" result="Passed" start-time="2017-05-02 03:42:18Z" end-time="2017-05-02 03:42:18Z" duration="0.000687" asserts="3" />
              <test-case id="2785" name="SetSigmaBellShape_FocusTooBig" fullname="MonoTests.System.Drawing.Drawing2D.LinearGradientBrushTest.SetSigmaBellShape_FocusTooBig" methodname="SetSigmaBellShape_FocusTooBig" classname="MonoTests.System.Drawing.Drawing2D.LinearGradientBrushTest" runstate="Runnable" seed="1298049615" result="Passed" start-time="2017-05-02 03:42:18Z" end-time="2017-05-02 03:42:18Z" duration="0.000572" asserts="1" />
              <test-case id="2784" name="SetSigmaBellShape_FocusTooSmall" fullname="MonoTests.System.Drawing.Drawing2D.LinearGradientBrushTest.SetSigmaBellShape_FocusTooSmall" methodname="SetSigmaBellShape_FocusTooSmall" classname="MonoTests.System.Drawing.Drawing2D.LinearGradientBrushTest" runstate="Runnable" seed="90798266" result="Passed" start-time="2017-05-02 03:42:18Z" end-time="2017-05-02 03:42:18Z" duration="0.000559" asserts="1" />
              <test-case id="2783" name="SetSigmaBellShape_Scale" fullname="MonoTests.System.Drawing.Drawing2D.LinearGradientBrushTest.SetSigmaBellShape_Scale" methodname="SetSigmaBellShape_Scale" classname="MonoTests.System.Drawing.Drawing2D.LinearGradientBrushTest" runstate="Runnable" seed="1983624313" result="Passed" start-time="2017-05-02 03:42:18Z" end-time="2017-05-02 03:42:18Z" duration="0.000608" asserts="3" />
              <test-case id="2787" name="SetSigmaBellShape_ScaleTooBig" fullname="MonoTests.System.Drawing.Drawing2D.LinearGradientBrushTest.SetSigmaBellShape_ScaleTooBig" methodname="SetSigmaBellShape_ScaleTooBig" classname="MonoTests.System.Drawing.Drawing2D.LinearGradientBrushTest" runstate="Runnable" seed="2096013490" result="Passed" start-time="2017-05-02 03:42:18Z" end-time="2017-05-02 03:42:18Z" duration="0.000569" asserts="1" />
              <test-case id="2786" name="SetSigmaBellShape_ScaleTooSmall" fullname="MonoTests.System.Drawing.Drawing2D.LinearGradientBrushTest.SetSigmaBellShape_ScaleTooSmall" methodname="SetSigmaBellShape_ScaleTooSmall" classname="MonoTests.System.Drawing.Drawing2D.LinearGradientBrushTest" runstate="Runnable" seed="403517918" result="Passed" start-time="2017-05-02 03:42:18Z" end-time="2017-05-02 03:42:18Z" duration="0.000584" asserts="1" />
              <test-case id="2757" name="Transform_Empty" fullname="MonoTests.System.Drawing.Drawing2D.LinearGradientBrushTest.Transform_Empty" methodname="Transform_Empty" classname="MonoTests.System.Drawing.Drawing2D.LinearGradientBrushTest" runstate="Runnable" seed="468449013" result="Passed" start-time="2017-05-02 03:42:18Z" end-time="2017-05-02 03:42:18Z" duration="0.000463" asserts="1" />
              <test-case id="2758" name="Transform_NonInvertible" fullname="MonoTests.System.Drawing.Drawing2D.LinearGradientBrushTest.Transform_NonInvertible" methodname="Transform_NonInvertible" classname="MonoTests.System.Drawing.Drawing2D.LinearGradientBrushTest" runstate="Runnable" seed="1500447271" result="Passed" start-time="2017-05-02 03:42:18Z" end-time="2017-05-02 03:42:18Z" duration="0.000705" asserts="1" />
              <test-case id="2756" name="Transform_Null" fullname="MonoTests.System.Drawing.Drawing2D.LinearGradientBrushTest.Transform_Null" methodname="Transform_Null" classname="MonoTests.System.Drawing.Drawing2D.LinearGradientBrushTest" runstate="Runnable" seed="328187241" result="Passed" start-time="2017-05-02 03:42:18Z" end-time="2017-05-02 03:42:18Z" duration="0.000612" asserts="1" />
              <test-case id="2790" name="Transform_Operations" fullname="MonoTests.System.Drawing.Drawing2D.LinearGradientBrushTest.Transform_Operations" methodname="Transform_Operations" classname="MonoTests.System.Drawing.Drawing2D.LinearGradientBrushTest" runstate="Runnable" seed="1044747757" result="Passed" start-time="2017-05-02 03:42:18Z" end-time="2017-05-02 03:42:18Z" duration="0.002522" asserts="9" />
              <test-case id="2791" name="Transform_Operations_OnScalableAngle" fullname="MonoTests.System.Drawing.Drawing2D.LinearGradientBrushTest.Transform_Operations_OnScalableAngle" methodname="Transform_Operations_OnScalableAngle" classname="MonoTests.System.Drawing.Drawing2D.LinearGradientBrushTest" runstate="Runnable" seed="1336889929" result="Passed" start-time="2017-05-02 03:42:18Z" end-time="2017-05-02 03:42:18Z" duration="0.001837" asserts="9" />
              <test-case id="2788" name="TranslateTransform" fullname="MonoTests.System.Drawing.Drawing2D.LinearGradientBrushTest.TranslateTransform" methodname="TranslateTransform" classname="MonoTests.System.Drawing.Drawing2D.LinearGradientBrushTest" runstate="Runnable" seed="334459819" result="Passed" start-time="2017-05-02 03:42:18Z" end-time="2017-05-02 03:42:18Z" duration="0.001076" asserts="12" />
              <test-case id="2789" name="TranslateTransform_InvalidOrder" fullname="MonoTests.System.Drawing.Drawing2D.LinearGradientBrushTest.TranslateTransform_InvalidOrder" methodname="TranslateTransform_InvalidOrder" classname="MonoTests.System.Drawing.Drawing2D.LinearGradientBrushTest" runstate="Runnable" seed="840659463" result="Passed" start-time="2017-05-02 03:42:18Z" end-time="2017-05-02 03:42:18Z" duration="0.000750" asserts="1" />
              <test-case id="2759" name="WrapMode_AllValid" fullname="MonoTests.System.Drawing.Drawing2D.LinearGradientBrushTest.WrapMode_AllValid" methodname="WrapMode_AllValid" classname="MonoTests.System.Drawing.Drawing2D.LinearGradientBrushTest" runstate="Runnable" seed="1027063497" result="Passed" start-time="2017-05-02 03:42:18Z" end-time="2017-05-02 03:42:18Z" duration="0.000925" asserts="4" />
              <test-case id="2760" name="WrapMode_Clamp" fullname="MonoTests.System.Drawing.Drawing2D.LinearGradientBrushTest.WrapMode_Clamp" methodname="WrapMode_Clamp" classname="MonoTests.System.Drawing.Drawing2D.LinearGradientBrushTest" runstate="Runnable" seed="553889484" result="Passed" start-time="2017-05-02 03:42:18Z" end-time="2017-05-02 03:42:18Z" duration="0.000630" asserts="1" />
              <test-case id="2761" name="WrapMode_Invalid" fullname="MonoTests.System.Drawing.Drawing2D.LinearGradientBrushTest.WrapMode_Invalid" methodname="WrapMode_Invalid" classname="MonoTests.System.Drawing.Drawing2D.LinearGradientBrushTest" runstate="Runnable" seed="1910877058" result="Passed" start-time="2017-05-02 03:42:18Z" end-time="2017-05-02 03:42:18Z" duration="0.000593" asserts="1" />
              <test-case id="2797" name="ZeroHeightRectangleF" fullname="MonoTests.System.Drawing.Drawing2D.LinearGradientBrushTest.ZeroHeightRectangleF" methodname="ZeroHeightRectangleF" classname="MonoTests.System.Drawing.Drawing2D.LinearGradientBrushTest" runstate="Runnable" seed="526017369" result="Failed" start-time="2017-05-02 03:42:18Z" end-time="2017-05-02 03:42:18Z" duration="0.002494" asserts="1">
                <failure>
                  <message><![CDATA[  Expected: <System.ArgumentException>
  But was:  <System.OutOfMemoryException: Not enough memory to complete operation [GDI+ status: OutOfMemory]
   在 System.DrawingCore.GDIPlus.CheckStatus(Status status)
   在 System.DrawingCore.Drawing2D.LinearGradientBrush..ctor(RectangleF rect, Color color1, Color color2, LinearGradientMode linearGradientMode)
   在 MonoTests.System.Drawing.Drawing2D.LinearGradientBrushTest.<>c.<ZeroHeightRectangleF>b__73_0() 位置 C:\ProgramData\Git\zkweb.system.drawing\src\ZKWeb.System.Drawing.Tests\System.Drawing.Drawing2D\LinearGradientBrushTest.cs:行号 959
   在 NUnit.Framework.Assert.Throws(IResolveConstraint expression, TestDelegate code, String message, Object[] args)>
]]></message>
                  <stack-trace><![CDATA[在 MonoTests.System.Drawing.Drawing2D.LinearGradientBrushTest.ZeroHeightRectangleF() 位置 C:\ProgramData\Git\zkweb.system.drawing\src\ZKWeb.System.Drawing.Tests\System.Drawing.Drawing2D\LinearGradientBrushTest.cs:行号 960
]]></stack-trace>
                </failure>
                <assertions>
                  <assertion result="Failed">
                    <message><![CDATA[  Expected: <System.ArgumentException>
  But was:  <System.OutOfMemoryException: Not enough memory to complete operation [GDI+ status: OutOfMemory]
   在 System.DrawingCore.GDIPlus.CheckStatus(Status status)
   在 System.DrawingCore.Drawing2D.LinearGradientBrush..ctor(RectangleF rect, Color color1, Color color2, LinearGradientMode linearGradientMode)
   在 MonoTests.System.Drawing.Drawing2D.LinearGradientBrushTest.<>c.<ZeroHeightRectangleF>b__73_0() 位置 C:\ProgramData\Git\zkweb.system.drawing\src\ZKWeb.System.Drawing.Tests\System.Drawing.Drawing2D\LinearGradientBrushTest.cs:行号 959
   在 NUnit.Framework.Assert.Throws(IResolveConstraint expression, TestDelegate code, String message, Object[] args)>
]]></message>
                    <stack-trace><![CDATA[在 MonoTests.System.Drawing.Drawing2D.LinearGradientBrushTest.ZeroHeightRectangleF() 位置 C:\ProgramData\Git\zkweb.system.drawing\src\ZKWeb.System.Drawing.Tests\System.Drawing.Drawing2D\LinearGradientBrushTest.cs:行号 960
]]></stack-trace>
                  </assertion>
                </assertions>
              </test-case>
              <test-case id="2796" name="ZeroWidthRectangle" fullname="MonoTests.System.Drawing.Drawing2D.LinearGradientBrushTest.ZeroWidthRectangle" methodname="ZeroWidthRectangle" classname="MonoTests.System.Drawing.Drawing2D.LinearGradientBrushTest" runstate="Runnable" seed="519925492" result="Failed" start-time="2017-05-02 03:42:18Z" end-time="2017-05-02 03:42:18Z" duration="0.002125" asserts="1">
                <failure>
                  <message><![CDATA[  Expected: <System.ArgumentException>
  But was:  <System.OutOfMemoryException: Not enough memory to complete operation [GDI+ status: OutOfMemory]
   在 System.DrawingCore.GDIPlus.CheckStatus(Status status)
   在 System.DrawingCore.Drawing2D.LinearGradientBrush..ctor(Rectangle rect, Color color1, Color color2, LinearGradientMode linearGradientMode)
   在 MonoTests.System.Drawing.Drawing2D.LinearGradientBrushTest.<>c.<ZeroWidthRectangle>b__72_0() 位置 C:\ProgramData\Git\zkweb.system.drawing\src\ZKWeb.System.Drawing.Tests\System.Drawing.Drawing2D\LinearGradientBrushTest.cs:行号 948
   在 NUnit.Framework.Assert.Throws(IResolveConstraint expression, TestDelegate code, String message, Object[] args)>
]]></message>
                  <stack-trace><![CDATA[在 MonoTests.System.Drawing.Drawing2D.LinearGradientBrushTest.ZeroWidthRectangle() 位置 C:\ProgramData\Git\zkweb.system.drawing\src\ZKWeb.System.Drawing.Tests\System.Drawing.Drawing2D\LinearGradientBrushTest.cs:行号 949
]]></stack-trace>
                </failure>
                <assertions>
                  <assertion result="Failed">
                    <message><![CDATA[  Expected: <System.ArgumentException>
  But was:  <System.OutOfMemoryException: Not enough memory to complete operation [GDI+ status: OutOfMemory]
   在 System.DrawingCore.GDIPlus.CheckStatus(Status status)
   在 System.DrawingCore.Drawing2D.LinearGradientBrush..ctor(Rectangle rect, Color color1, Color color2, LinearGradientMode linearGradientMode)
   在 MonoTests.System.Drawing.Drawing2D.LinearGradientBrushTest.<>c.<ZeroWidthRectangle>b__72_0() 位置 C:\ProgramData\Git\zkweb.system.drawing\src\ZKWeb.System.Drawing.Tests\System.Drawing.Drawing2D\LinearGradientBrushTest.cs:行号 948
   在 NUnit.Framework.Assert.Throws(IResolveConstraint expression, TestDelegate code, String message, Object[] args)>
]]></message>
                    <stack-trace><![CDATA[在 MonoTests.System.Drawing.Drawing2D.LinearGradientBrushTest.ZeroWidthRectangle() 位置 C:\ProgramData\Git\zkweb.system.drawing\src\ZKWeb.System.Drawing.Tests\System.Drawing.Drawing2D\LinearGradientBrushTest.cs:行号 949
]]></stack-trace>
                  </assertion>
                </assertions>
              </test-case>
            </test-suite>
            <test-suite type="TestFixture" id="2886" name="MatrixTest" fullname="MonoTests.System.Drawing.Drawing2D.MatrixTest" classname="MonoTests.System.Drawing.Drawing2D.MatrixTest" runstate="Runnable" testcasecount="53" result="Failed" site="Child" start-time="2017-05-02 03:42:18Z" end-time="2017-05-02 03:42:18Z" duration="0.247682" total="53" passed="51" failed="2" warnings="0" inconclusive="0" skipped="0" asserts="199">
              <failure>
                <message><![CDATA[One or more child tests had errors]]></message>
              </failure>
              <test-case id="2902" name="Clone" fullname="MonoTests.System.Drawing.Drawing2D.MatrixTest.Clone" methodname="Clone" classname="MonoTests.System.Drawing.Drawing2D.MatrixTest" runstate="Runnable" seed="828772155" result="Passed" start-time="2017-05-02 03:42:18Z" end-time="2017-05-02 03:42:18Z" duration="0.001234" asserts="7" />
              <test-case id="2887" name="Constructor_Default" fullname="MonoTests.System.Drawing.Drawing2D.MatrixTest.Constructor_Default" methodname="Constructor_Default" classname="MonoTests.System.Drawing.Drawing2D.MatrixTest" runstate="Runnable" seed="22272111" result="Passed" start-time="2017-05-02 03:42:18Z" end-time="2017-05-02 03:42:18Z" duration="0.000489" asserts="1" />
              <test-case id="2889" name="Constructor_Float" fullname="MonoTests.System.Drawing.Drawing2D.MatrixTest.Constructor_Float" methodname="Constructor_Float" classname="MonoTests.System.Drawing.Drawing2D.MatrixTest" runstate="Runnable" seed="1315177428" result="Passed" start-time="2017-05-02 03:42:18Z" end-time="2017-05-02 03:42:18Z" duration="0.001172" asserts="7" />
              <test-case id="2896" name="Constructor_Float_2PointF" fullname="MonoTests.System.Drawing.Drawing2D.MatrixTest.Constructor_Float_2PointF" methodname="Constructor_Float_2PointF" classname="MonoTests.System.Drawing.Drawing2D.MatrixTest" runstate="Runnable" seed="1128689300" result="Passed" start-time="2017-05-02 03:42:18Z" end-time="2017-05-02 03:42:18Z" duration="0.000901" asserts="1" />
              <test-case id="2895" name="Constructor_Float_Empty" fullname="MonoTests.System.Drawing.Drawing2D.MatrixTest.Constructor_Float_Empty" methodname="Constructor_Float_Empty" classname="MonoTests.System.Drawing.Drawing2D.MatrixTest" runstate="Runnable" seed="118865494" result="Passed" start-time="2017-05-02 03:42:18Z" end-time="2017-05-02 03:42:18Z" duration="0.000683" asserts="1" />
              <test-case id="2894" name="Constructor_Float_Null" fullname="MonoTests.System.Drawing.Drawing2D.MatrixTest.Constructor_Float_Null" methodname="Constructor_Float_Null" classname="MonoTests.System.Drawing.Drawing2D.MatrixTest" runstate="Runnable" seed="1954058370" result="Passed" start-time="2017-05-02 03:42:18Z" end-time="2017-05-02 03:42:18Z" duration="0.000643" asserts="1" />
              <test-case id="2892" name="Constructor_Int_4Point" fullname="MonoTests.System.Drawing.Drawing2D.MatrixTest.Constructor_Int_4Point" methodname="Constructor_Int_4Point" classname="MonoTests.System.Drawing.Drawing2D.MatrixTest" runstate="Runnable" seed="1713837597" result="Passed" start-time="2017-05-02 03:42:18Z" end-time="2017-05-02 03:42:18Z" duration="0.001071" asserts="1" />
              <test-case id="2891" name="Constructor_Int_Empty" fullname="MonoTests.System.Drawing.Drawing2D.MatrixTest.Constructor_Int_Empty" methodname="Constructor_Int_Empty" classname="MonoTests.System.Drawing.Drawing2D.MatrixTest" runstate="Runnable" seed="125331936" result="Passed" start-time="2017-05-02 03:42:18Z" end-time="2017-05-02 03:42:18Z" duration="0.000721" asserts="1" />
              <test-case id="2890" name="Constructor_Int_Null" fullname="MonoTests.System.Drawing.Drawing2D.MatrixTest.Constructor_Int_Null" methodname="Constructor_Int_Null" classname="MonoTests.System.Drawing.Drawing2D.MatrixTest" runstate="Runnable" seed="2124041420" result="Passed" start-time="2017-05-02 03:42:18Z" end-time="2017-05-02 03:42:18Z" duration="0.000705" asserts="1" />
              <test-case id="2893" name="Constructor_Rect_Point" fullname="MonoTests.System.Drawing.Drawing2D.MatrixTest.Constructor_Rect_Point" methodname="Constructor_Rect_Point" classname="MonoTests.System.Drawing.Drawing2D.MatrixTest" runstate="Runnable" seed="1906556740" result="Passed" start-time="2017-05-02 03:42:18Z" end-time="2017-05-02 03:42:18Z" duration="0.001449" asserts="6" />
              <test-case id="2897" name="Constructor_RectF_PointF" fullname="MonoTests.System.Drawing.Drawing2D.MatrixTest.Constructor_RectF_PointF" methodname="Constructor_RectF_PointF" classname="MonoTests.System.Drawing.Drawing2D.MatrixTest" runstate="Runnable" seed="1967595429" result="Passed" start-time="2017-05-02 03:42:18Z" end-time="2017-05-02 03:42:18Z" duration="0.002176" asserts="6" />
              <test-case id="2888" name="Constructor_SixFloats" fullname="MonoTests.System.Drawing.Drawing2D.MatrixTest.Constructor_SixFloats" methodname="Constructor_SixFloats" classname="MonoTests.System.Drawing.Drawing2D.MatrixTest" runstate="Runnable" seed="163280343" result="Passed" start-time="2017-05-02 03:42:18Z" end-time="2017-05-02 03:42:18Z" duration="0.001273" asserts="7" />
              <test-case id="2917" name="Equals" fullname="MonoTests.System.Drawing.Drawing2D.MatrixTest.Equals" methodname="Equals" classname="MonoTests.System.Drawing.Drawing2D.MatrixTest" runstate="Runnable" seed="1462046696" result="Passed" start-time="2017-05-02 03:42:18Z" end-time="2017-05-02 03:42:18Z" duration="0.000842" asserts="3" />
              <test-case id="2903" name="HashCode" fullname="MonoTests.System.Drawing.Drawing2D.MatrixTest.HashCode" methodname="HashCode" classname="MonoTests.System.Drawing.Drawing2D.MatrixTest" runstate="Runnable" seed="143364585" result="Passed" start-time="2017-05-02 03:42:18Z" end-time="2017-05-02 03:42:18Z" duration="0.000727" asserts="2" />
              <test-case id="2918" name="Invert" fullname="MonoTests.System.Drawing.Drawing2D.MatrixTest.Invert" methodname="Invert" classname="MonoTests.System.Drawing.Drawing2D.MatrixTest" runstate="Runnable" seed="2121776241" result="Passed" start-time="2017-05-02 03:42:18Z" end-time="2017-05-02 03:42:18Z" duration="0.001260" asserts="6" />
              <test-case id="2920" name="Invert_Identity" fullname="MonoTests.System.Drawing.Drawing2D.MatrixTest.Invert_Identity" methodname="Invert_Identity" classname="MonoTests.System.Drawing.Drawing2D.MatrixTest" runstate="Runnable" seed="219252885" result="Passed" start-time="2017-05-02 03:42:18Z" end-time="2017-05-02 03:42:18Z" duration="0.000741" asserts="4" />
              <test-case id="2919" name="Invert_Translation" fullname="MonoTests.System.Drawing.Drawing2D.MatrixTest.Invert_Translation" methodname="Invert_Translation" classname="MonoTests.System.Drawing.Drawing2D.MatrixTest" runstate="Runnable" seed="226255479" result="Passed" start-time="2017-05-02 03:42:18Z" end-time="2017-05-02 03:42:18Z" duration="0.001024" asserts="6" />
              <test-case id="2898" name="Invertible" fullname="MonoTests.System.Drawing.Drawing2D.MatrixTest.Invertible" methodname="Invertible" classname="MonoTests.System.Drawing.Drawing2D.MatrixTest" runstate="Runnable" seed="1903541729" result="Passed" start-time="2017-05-02 03:42:18Z" end-time="2017-05-02 03:42:18Z" duration="0.001072" asserts="4" />
              <test-case id="2899" name="IsIdentity" fullname="MonoTests.System.Drawing.Drawing2D.MatrixTest.IsIdentity" methodname="IsIdentity" classname="MonoTests.System.Drawing.Drawing2D.MatrixTest" runstate="Runnable" seed="1399359576" result="Passed" start-time="2017-05-02 03:42:18Z" end-time="2017-05-02 03:42:18Z" duration="0.001696" asserts="14" />
              <test-case id="2900" name="IsOffsetX" fullname="MonoTests.System.Drawing.Drawing2D.MatrixTest.IsOffsetX" methodname="IsOffsetX" classname="MonoTests.System.Drawing.Drawing2D.MatrixTest" runstate="Runnable" seed="463926386" result="Passed" start-time="2017-05-02 03:42:18Z" end-time="2017-05-02 03:42:18Z" duration="0.000621" asserts="1" />
              <test-case id="2901" name="IsOffsetY" fullname="MonoTests.System.Drawing.Drawing2D.MatrixTest.IsOffsetY" methodname="IsOffsetY" classname="MonoTests.System.Drawing.Drawing2D.MatrixTest" runstate="Runnable" seed="882938256" result="Passed" start-time="2017-05-02 03:42:18Z" end-time="2017-05-02 03:42:18Z" duration="0.000564" asserts="1" />
              <test-case id="2912" name="Multiply" fullname="MonoTests.System.Drawing.Drawing2D.MatrixTest.Multiply" methodname="Multiply" classname="MonoTests.System.Drawing.Drawing2D.MatrixTest" runstate="Runnable" seed="780793275" result="Passed" start-time="2017-05-02 03:42:18Z" end-time="2017-05-02 03:42:18Z" duration="0.001253" asserts="6" />
              <test-case id="2914" name="Multiply_Append" fullname="MonoTests.System.Drawing.Drawing2D.MatrixTest.Multiply_Append" methodname="Multiply_Append" classname="MonoTests.System.Drawing.Drawing2D.MatrixTest" runstate="Runnable" seed="2060792724" result="Passed" start-time="2017-05-02 03:42:18Z" end-time="2017-05-02 03:42:18Z" duration="0.001252" asserts="6" />
              <test-case id="2916" name="Multiply_InvalidOrder" fullname="MonoTests.System.Drawing.Drawing2D.MatrixTest.Multiply_InvalidOrder" methodname="Multiply_InvalidOrder" classname="MonoTests.System.Drawing.Drawing2D.MatrixTest" runstate="Runnable" seed="369362573" result="Passed" start-time="2017-05-02 03:42:18Z" end-time="2017-05-02 03:42:18Z" duration="0.000928" asserts="1" />
              <test-case id="2911" name="Multiply_Null" fullname="MonoTests.System.Drawing.Drawing2D.MatrixTest.Multiply_Null" methodname="Multiply_Null" classname="MonoTests.System.Drawing.Drawing2D.MatrixTest" runstate="Runnable" seed="1871695404" result="Passed" start-time="2017-05-02 03:42:18Z" end-time="2017-05-02 03:42:18Z" duration="0.000731" asserts="1" />
              <test-case id="2913" name="Multiply_Null_Order" fullname="MonoTests.System.Drawing.Drawing2D.MatrixTest.Multiply_Null_Order" methodname="Multiply_Null_Order" classname="MonoTests.System.Drawing.Drawing2D.MatrixTest" runstate="Runnable" seed="415536029" result="Passed" start-time="2017-05-02 03:42:18Z" end-time="2017-05-02 03:42:18Z" duration="0.000755" asserts="1" />
              <test-case id="2915" name="Multiply_Prepend" fullname="MonoTests.System.Drawing.Drawing2D.MatrixTest.Multiply_Prepend" methodname="Multiply_Prepend" classname="MonoTests.System.Drawing.Drawing2D.MatrixTest" runstate="Runnable" seed="712539619" result="Passed" start-time="2017-05-02 03:42:18Z" end-time="2017-05-02 03:42:18Z" duration="0.001097" asserts="6" />
              <test-case id="2904" name="Reset" fullname="MonoTests.System.Drawing.Drawing2D.MatrixTest.Reset" methodname="Reset" classname="MonoTests.System.Drawing.Drawing2D.MatrixTest" runstate="Runnable" seed="324529538" result="Passed" start-time="2017-05-02 03:42:18Z" end-time="2017-05-02 03:42:18Z" duration="0.001255" asserts="7" />
              <test-case id="2905" name="Rotate" fullname="MonoTests.System.Drawing.Drawing2D.MatrixTest.Rotate" methodname="Rotate" classname="MonoTests.System.Drawing.Drawing2D.MatrixTest" runstate="Runnable" seed="1256532831" result="Passed" start-time="2017-05-02 03:42:18Z" end-time="2017-05-02 03:42:18Z" duration="0.000986" asserts="6" />
              <test-case id="2906" name="Rotate_45_135" fullname="MonoTests.System.Drawing.Drawing2D.MatrixTest.Rotate_45_135" methodname="Rotate_45_135" classname="MonoTests.System.Drawing.Drawing2D.MatrixTest" runstate="Runnable" seed="2018898422" result="Passed" start-time="2017-05-02 03:42:18Z" end-time="2017-05-02 03:42:18Z" duration="0.001397" asserts="15" />
              <test-case id="2907" name="Rotate_90_270_Matrix" fullname="MonoTests.System.Drawing.Drawing2D.MatrixTest.Rotate_90_270_Matrix" methodname="Rotate_90_270_Matrix" classname="MonoTests.System.Drawing.Drawing2D.MatrixTest" runstate="Runnable" seed="938376483" result="Passed" start-time="2017-05-02 03:42:18Z" end-time="2017-05-02 03:42:18Z" duration="0.001188" asserts="10" />
              <test-case id="2908" name="Rotate_InvalidOrder" fullname="MonoTests.System.Drawing.Drawing2D.MatrixTest.Rotate_InvalidOrder" methodname="Rotate_InvalidOrder" classname="MonoTests.System.Drawing.Drawing2D.MatrixTest" runstate="Runnable" seed="273974383" result="Passed" start-time="2017-05-02 03:42:18Z" end-time="2017-05-02 03:42:18Z" duration="0.000681" asserts="1" />
              <test-case id="2909" name="RotateAt" fullname="MonoTests.System.Drawing.Drawing2D.MatrixTest.RotateAt" methodname="RotateAt" classname="MonoTests.System.Drawing.Drawing2D.MatrixTest" runstate="Runnable" seed="763568822" result="Passed" start-time="2017-05-02 03:42:18Z" end-time="2017-05-02 03:42:18Z" duration="0.002005" asserts="6" />
              <test-case id="2910" name="RotateAt_InvalidOrder" fullname="MonoTests.System.Drawing.Drawing2D.MatrixTest.RotateAt_InvalidOrder" methodname="RotateAt_InvalidOrder" classname="MonoTests.System.Drawing.Drawing2D.MatrixTest" runstate="Runnable" seed="1178047363" result="Passed" start-time="2017-05-02 03:42:18Z" end-time="2017-05-02 03:42:18Z" duration="0.000755" asserts="1" />
              <test-case id="2921" name="Scale" fullname="MonoTests.System.Drawing.Drawing2D.MatrixTest.Scale" methodname="Scale" classname="MonoTests.System.Drawing.Drawing2D.MatrixTest" runstate="Runnable" seed="1247388576" result="Passed" start-time="2017-05-02 03:42:18Z" end-time="2017-05-02 03:42:18Z" duration="0.001878" asserts="12" />
              <test-case id="2923" name="Scale_InvalidOrder" fullname="MonoTests.System.Drawing.Drawing2D.MatrixTest.Scale_InvalidOrder" methodname="Scale_InvalidOrder" classname="MonoTests.System.Drawing.Drawing2D.MatrixTest" runstate="Runnable" seed="1120599532" result="Passed" start-time="2017-05-02 03:42:18Z" end-time="2017-05-02 03:42:18Z" duration="0.000868" asserts="1" />
              <test-case id="2922" name="Scale_Negative" fullname="MonoTests.System.Drawing.Drawing2D.MatrixTest.Scale_Negative" methodname="Scale_Negative" classname="MonoTests.System.Drawing.Drawing2D.MatrixTest" runstate="Runnable" seed="2086067351" result="Passed" start-time="2017-05-02 03:42:18Z" end-time="2017-05-02 03:42:18Z" duration="0.001065" asserts="6" />
              <test-case id="2924" name="Shear" fullname="MonoTests.System.Drawing.Drawing2D.MatrixTest.Shear" methodname="Shear" classname="MonoTests.System.Drawing.Drawing2D.MatrixTest" runstate="Runnable" seed="475727817" result="Passed" start-time="2017-05-02 03:42:18Z" end-time="2017-05-02 03:42:18Z" duration="0.002110" asserts="12" />
              <test-case id="2925" name="Shear_InvalidOrder" fullname="MonoTests.System.Drawing.Drawing2D.MatrixTest.Shear_InvalidOrder" methodname="Shear_InvalidOrder" classname="MonoTests.System.Drawing.Drawing2D.MatrixTest" runstate="Runnable" seed="50984074" result="Passed" start-time="2017-05-02 03:42:18Z" end-time="2017-05-02 03:42:18Z" duration="0.000802" asserts="1" />
              <test-case id="2926" name="TransformPoints" fullname="MonoTests.System.Drawing.Drawing2D.MatrixTest.TransformPoints" methodname="TransformPoints" classname="MonoTests.System.Drawing.Drawing2D.MatrixTest" runstate="Runnable" seed="1940104231" result="Failed" start-time="2017-05-02 03:42:18Z" end-time="2017-05-02 03:42:18Z" duration="0.003200" asserts="1">
                <failure>
                  <message><![CDATA[  K#1
  Expected: 38
  But was:  2.0f
]]></message>
                  <stack-trace><![CDATA[在 MonoTests.System.Drawing.Drawing2D.MatrixTest.TransformPoints() 位置 C:\ProgramData\Git\zkweb.system.drawing\src\ZKWeb.System.Drawing.Tests\System.Drawing.Drawing2D\TestMatrix.cs:行号 574
]]></stack-trace>
                </failure>
                <assertions>
                  <assertion result="Failed">
                    <message><![CDATA[  K#1
  Expected: 38
  But was:  2.0f
]]></message>
                    <stack-trace><![CDATA[在 MonoTests.System.Drawing.Drawing2D.MatrixTest.TransformPoints() 位置 C:\ProgramData\Git\zkweb.system.drawing\src\ZKWeb.System.Drawing.Tests\System.Drawing.Drawing2D\TestMatrix.cs:行号 574
]]></stack-trace>
                  </assertion>
                </assertions>
              </test-case>
              <test-case id="2929" name="TransformPoints_Point_Empty" fullname="MonoTests.System.Drawing.Drawing2D.MatrixTest.TransformPoints_Point_Empty" methodname="TransformPoints_Point_Empty" classname="MonoTests.System.Drawing.Drawing2D.MatrixTest" runstate="Runnable" seed="953201894" result="Passed" start-time="2017-05-02 03:42:18Z" end-time="2017-05-02 03:42:18Z" duration="0.000947" asserts="1" />
              <test-case id="2927" name="TransformPoints_Point_Null" fullname="MonoTests.System.Drawing.Drawing2D.MatrixTest.TransformPoints_Point_Null" methodname="TransformPoints_Point_Null" classname="MonoTests.System.Drawing.Drawing2D.MatrixTest" runstate="Runnable" seed="1516949703" result="Passed" start-time="2017-05-02 03:42:18Z" end-time="2017-05-02 03:42:18Z" duration="0.000653" asserts="1" />
              <test-case id="2930" name="TransformPoints_PointF_Empty" fullname="MonoTests.System.Drawing.Drawing2D.MatrixTest.TransformPoints_PointF_Empty" methodname="TransformPoints_PointF_Empty" classname="MonoTests.System.Drawing.Drawing2D.MatrixTest" runstate="Runnable" seed="411692946" result="Passed" start-time="2017-05-02 03:42:18Z" end-time="2017-05-02 03:42:18Z" duration="0.000697" asserts="1" />
              <test-case id="2928" name="TransformPoints_PointF_Null" fullname="MonoTests.System.Drawing.Drawing2D.MatrixTest.TransformPoints_PointF_Null" methodname="TransformPoints_PointF_Null" classname="MonoTests.System.Drawing.Drawing2D.MatrixTest" runstate="Runnable" seed="474230163" result="Passed" start-time="2017-05-02 03:42:18Z" end-time="2017-05-02 03:42:18Z" duration="0.000674" asserts="1" />
              <test-case id="2931" name="TransformVectors" fullname="MonoTests.System.Drawing.Drawing2D.MatrixTest.TransformVectors" methodname="TransformVectors" classname="MonoTests.System.Drawing.Drawing2D.MatrixTest" runstate="Runnable" seed="175118060" result="Failed" start-time="2017-05-02 03:42:18Z" end-time="2017-05-02 03:42:18Z" duration="0.002513" asserts="1">
                <failure>
                  <message><![CDATA[  N#1
  Expected: 28
  But was:  2.0f
]]></message>
                  <stack-trace><![CDATA[在 MonoTests.System.Drawing.Drawing2D.MatrixTest.TransformVectors() 位置 C:\ProgramData\Git\zkweb.system.drawing\src\ZKWeb.System.Drawing.Tests\System.Drawing.Drawing2D\TestMatrix.cs:行号 626
]]></stack-trace>
                </failure>
                <assertions>
                  <assertion result="Failed">
                    <message><![CDATA[  N#1
  Expected: 28
  But was:  2.0f
]]></message>
                    <stack-trace><![CDATA[在 MonoTests.System.Drawing.Drawing2D.MatrixTest.TransformVectors() 位置 C:\ProgramData\Git\zkweb.system.drawing\src\ZKWeb.System.Drawing.Tests\System.Drawing.Drawing2D\TestMatrix.cs:行号 626
]]></stack-trace>
                  </assertion>
                </assertions>
              </test-case>
              <test-case id="2934" name="TransformVectors_Point_Empty" fullname="MonoTests.System.Drawing.Drawing2D.MatrixTest.TransformVectors_Point_Empty" methodname="TransformVectors_Point_Empty" classname="MonoTests.System.Drawing.Drawing2D.MatrixTest" runstate="Runnable" seed="992155491" result="Passed" start-time="2017-05-02 03:42:18Z" end-time="2017-05-02 03:42:18Z" duration="0.000961" asserts="1" />
              <test-case id="2932" name="TransformVectors_Point_Null" fullname="MonoTests.System.Drawing.Drawing2D.MatrixTest.TransformVectors_Point_Null" methodname="TransformVectors_Point_Null" classname="MonoTests.System.Drawing.Drawing2D.MatrixTest" runstate="Runnable" seed="1657233394" result="Passed" start-time="2017-05-02 03:42:18Z" end-time="2017-05-02 03:42:18Z" duration="0.000742" asserts="1" />
              <test-case id="2935" name="TransformVectors_PointF_Empty" fullname="MonoTests.System.Drawing.Drawing2D.MatrixTest.TransformVectors_PointF_Empty" methodname="TransformVectors_PointF_Empty" classname="MonoTests.System.Drawing.Drawing2D.MatrixTest" runstate="Runnable" seed="1291176089" result="Passed" start-time="2017-05-02 03:42:18Z" end-time="2017-05-02 03:42:18Z" duration="0.000529" asserts="1" />
              <test-case id="2933" name="TransformVectors_PointF_Null" fullname="MonoTests.System.Drawing.Drawing2D.MatrixTest.TransformVectors_PointF_Null" methodname="TransformVectors_PointF_Null" classname="MonoTests.System.Drawing.Drawing2D.MatrixTest" runstate="Runnable" seed="229875139" result="Passed" start-time="2017-05-02 03:42:18Z" end-time="2017-05-02 03:42:18Z" duration="0.000717" asserts="1" />
              <test-case id="2936" name="Translate" fullname="MonoTests.System.Drawing.Drawing2D.MatrixTest.Translate" methodname="Translate" classname="MonoTests.System.Drawing.Drawing2D.MatrixTest" runstate="Runnable" seed="1228270317" result="Passed" start-time="2017-05-02 03:42:18Z" end-time="2017-05-02 03:42:18Z" duration="0.001038" asserts="6" />
              <test-case id="2937" name="Translate_InvalidOrder" fullname="MonoTests.System.Drawing.Drawing2D.MatrixTest.Translate_InvalidOrder" methodname="Translate_InvalidOrder" classname="MonoTests.System.Drawing.Drawing2D.MatrixTest" runstate="Runnable" seed="1813620031" result="Passed" start-time="2017-05-02 03:42:18Z" end-time="2017-05-02 03:42:18Z" duration="0.000756" asserts="1" />
              <test-case id="2939" name="VectorTransformPoints_Empty" fullname="MonoTests.System.Drawing.Drawing2D.MatrixTest.VectorTransformPoints_Empty" methodname="VectorTransformPoints_Empty" classname="MonoTests.System.Drawing.Drawing2D.MatrixTest" runstate="Runnable" seed="1245153917" result="Passed" start-time="2017-05-02 03:42:18Z" end-time="2017-05-02 03:42:18Z" duration="0.000765" asserts="1" />
              <test-case id="2938" name="VectorTransformPoints_Null" fullname="MonoTests.System.Drawing.Drawing2D.MatrixTest.VectorTransformPoints_Null" methodname="VectorTransformPoints_Null" classname="MonoTests.System.Drawing.Drawing2D.MatrixTest" runstate="Runnable" seed="166392351" result="Passed" start-time="2017-05-02 03:42:18Z" end-time="2017-05-02 03:42:18Z" duration="0.000555" asserts="1" />
            </test-suite>
            <test-suite type="TestFixture" id="2798" name="PathDataTest" fullname="MonoTests.System.Drawing.Drawing2D.PathDataTest" classname="MonoTests.System.Drawing.Drawing2D.PathDataTest" runstate="Runnable" testcasecount="3" result="Passed" start-time="2017-05-02 03:42:18Z" end-time="2017-05-02 03:42:18Z" duration="0.014052" total="3" passed="3" failed="0" warnings="0" inconclusive="0" skipped="0" asserts="14">
              <test-case id="2799" name="PathData_Empty" fullname="MonoTests.System.Drawing.Drawing2D.PathDataTest.PathData_Empty" methodname="PathData_Empty" classname="MonoTests.System.Drawing.Drawing2D.PathDataTest" runstate="Runnable" seed="852059435" result="Passed" start-time="2017-05-02 03:42:18Z" end-time="2017-05-02 03:42:18Z" duration="0.001048" asserts="6" />
              <test-case id="2800" name="PathData_LengthMismatch" fullname="MonoTests.System.Drawing.Drawing2D.PathDataTest.PathData_LengthMismatch" methodname="PathData_LengthMismatch" classname="MonoTests.System.Drawing.Drawing2D.PathDataTest" runstate="Runnable" seed="1166540004" result="Passed" start-time="2017-05-02 03:42:18Z" end-time="2017-05-02 03:42:18Z" duration="0.000520" asserts="2" />
              <test-case id="2801" name="PathData_UnclonedProperties" fullname="MonoTests.System.Drawing.Drawing2D.PathDataTest.PathData_UnclonedProperties" methodname="PathData_UnclonedProperties" classname="MonoTests.System.Drawing.Drawing2D.PathDataTest" runstate="Runnable" seed="926521088" result="Passed" start-time="2017-05-02 03:42:18Z" end-time="2017-05-02 03:42:18Z" duration="0.001412" asserts="6" />
            </test-suite>
            <test-suite type="TestFixture" id="2802" name="PathGradientBrushTest" fullname="MonoTests.System.Drawing.Drawing2D.PathGradientBrushTest" classname="MonoTests.System.Drawing.Drawing2D.PathGradientBrushTest" runstate="Runnable" testcasecount="68" result="Failed" site="Child" start-time="2017-05-02 03:42:18Z" end-time="2017-05-02 03:42:19Z" duration="0.309894" total="68" passed="66" failed="2" warnings="0" inconclusive="0" skipped="0" asserts="436">
              <failure>
                <message><![CDATA[One or more child tests had errors]]></message>
              </failure>
              <test-case id="2826" name="Blend" fullname="MonoTests.System.Drawing.Drawing2D.PathGradientBrushTest.Blend" methodname="Blend" classname="MonoTests.System.Drawing.Drawing2D.PathGradientBrushTest" runstate="Runnable" seed="1340816847" result="Passed" start-time="2017-05-02 03:42:18Z" end-time="2017-05-02 03:42:18Z" duration="0.002048" asserts="4" />
              <test-case id="2868" name="Blend_Null" fullname="MonoTests.System.Drawing.Drawing2D.PathGradientBrushTest.Blend_Null" methodname="Blend_Null" classname="MonoTests.System.Drawing.Drawing2D.PathGradientBrushTest" runstate="Runnable" seed="1649215932" result="Passed" start-time="2017-05-02 03:42:18Z" end-time="2017-05-02 03:42:18Z" duration="0.001863" asserts="1" />
              <test-case id="2828" name="CenterColor" fullname="MonoTests.System.Drawing.Drawing2D.PathGradientBrushTest.CenterColor" methodname="CenterColor" classname="MonoTests.System.Drawing.Drawing2D.PathGradientBrushTest" runstate="Runnable" seed="528624304" result="Passed" start-time="2017-05-02 03:42:18Z" end-time="2017-05-02 03:42:18Z" duration="0.001152" asserts="2" />
              <test-case id="2829" name="CenterPoint" fullname="MonoTests.System.Drawing.Drawing2D.PathGradientBrushTest.CenterPoint" methodname="CenterPoint" classname="MonoTests.System.Drawing.Drawing2D.PathGradientBrushTest" runstate="Runnable" seed="1588252782" result="Passed" start-time="2017-05-02 03:42:18Z" end-time="2017-05-02 03:42:18Z" duration="0.001615" asserts="4" />
              <test-case id="2840" name="Clone" fullname="MonoTests.System.Drawing.Drawing2D.PathGradientBrushTest.Clone" methodname="Clone" classname="MonoTests.System.Drawing.Drawing2D.PathGradientBrushTest" runstate="Runnable" seed="2145568915" result="Passed" start-time="2017-05-02 03:42:18Z" end-time="2017-05-02 03:42:18Z" duration="0.006109" asserts="20" />
              <test-case id="2804" name="Constructor_GraphicsPath_Empty" fullname="MonoTests.System.Drawing.Drawing2D.PathGradientBrushTest.Constructor_GraphicsPath_Empty" methodname="Constructor_GraphicsPath_Empty" classname="MonoTests.System.Drawing.Drawing2D.PathGradientBrushTest" runstate="Runnable" seed="2076998697" result="Passed" start-time="2017-05-02 03:42:18Z" end-time="2017-05-02 03:42:18Z" duration="0.000904" asserts="1" />
              <test-case id="2806" name="Constructor_GraphicsPath_Line" fullname="MonoTests.System.Drawing.Drawing2D.PathGradientBrushTest.Constructor_GraphicsPath_Line" methodname="Constructor_GraphicsPath_Line" classname="MonoTests.System.Drawing.Drawing2D.PathGradientBrushTest" runstate="Runnable" seed="286319263" result="Passed" start-time="2017-05-02 03:42:18Z" end-time="2017-05-02 03:42:18Z" duration="0.000555" asserts="20" />
              <test-case id="2803" name="Constructor_GraphicsPath_Null" fullname="MonoTests.System.Drawing.Drawing2D.PathGradientBrushTest.Constructor_GraphicsPath_Null" methodname="Constructor_GraphicsPath_Null" classname="MonoTests.System.Drawing.Drawing2D.PathGradientBrushTest" runstate="Runnable" seed="348656969" result="Passed" start-time="2017-05-02 03:42:18Z" end-time="2017-05-02 03:42:18Z" duration="0.000517" asserts="1" />
              <test-case id="2805" name="Constructor_GraphicsPath_SinglePoint" fullname="MonoTests.System.Drawing.Drawing2D.PathGradientBrushTest.Constructor_GraphicsPath_SinglePoint" methodname="Constructor_GraphicsPath_SinglePoint" classname="MonoTests.System.Drawing.Drawing2D.PathGradientBrushTest" runstate="Runnable" seed="2124581564" result="Passed" start-time="2017-05-02 03:42:18Z" end-time="2017-05-02 03:42:18Z" duration="0.000770" asserts="1" />
              <test-case id="2808" name="Constructor_Point_Empty" fullname="MonoTests.System.Drawing.Drawing2D.PathGradientBrushTest.Constructor_Point_Empty" methodname="Constructor_Point_Empty" classname="MonoTests.System.Drawing.Drawing2D.PathGradientBrushTest" runstate="Runnable" seed="2019251115" result="Passed" start-time="2017-05-02 03:42:18Z" end-time="2017-05-02 03:42:18Z" duration="0.001475" asserts="1" />
              <test-case id="2807" name="Constructor_Point_Null" fullname="MonoTests.System.Drawing.Drawing2D.PathGradientBrushTest.Constructor_Point_Null" methodname="Constructor_Point_Null" classname="MonoTests.System.Drawing.Drawing2D.PathGradientBrushTest" runstate="Runnable" seed="530126213" result="Passed" start-time="2017-05-02 03:42:18Z" end-time="2017-05-02 03:42:18Z" duration="0.000529" asserts="1" />
              <test-case id="2809" name="Constructor_Point_One" fullname="MonoTests.System.Drawing.Drawing2D.PathGradientBrushTest.Constructor_Point_One" methodname="Constructor_Point_One" classname="MonoTests.System.Drawing.Drawing2D.PathGradientBrushTest" runstate="Runnable" seed="1217860933" result="Passed" start-time="2017-05-02 03:42:18Z" end-time="2017-05-02 03:42:18Z" duration="0.000674" asserts="1" />
              <test-case id="2810" name="Constructor_Point_Two" fullname="MonoTests.System.Drawing.Drawing2D.PathGradientBrushTest.Constructor_Point_Two" methodname="Constructor_Point_Two" classname="MonoTests.System.Drawing.Drawing2D.PathGradientBrushTest" runstate="Runnable" seed="634033955" result="Passed" start-time="2017-05-02 03:42:18Z" end-time="2017-05-02 03:42:18Z" duration="0.000721" asserts="20" />
              <test-case id="2811" name="Constructor_Point_WrapMode_Clamp" fullname="MonoTests.System.Drawing.Drawing2D.PathGradientBrushTest.Constructor_Point_WrapMode_Clamp" methodname="Constructor_Point_WrapMode_Clamp" classname="MonoTests.System.Drawing.Drawing2D.PathGradientBrushTest" runstate="Runnable" seed="106149721" result="Passed" start-time="2017-05-02 03:42:19Z" end-time="2017-05-02 03:42:19Z" duration="0.000450" asserts="20" />
              <test-case id="2812" name="Constructor_Point_WrapMode_Tile" fullname="MonoTests.System.Drawing.Drawing2D.PathGradientBrushTest.Constructor_Point_WrapMode_Tile" methodname="Constructor_Point_WrapMode_Tile" classname="MonoTests.System.Drawing.Drawing2D.PathGradientBrushTest" runstate="Runnable" seed="455416642" result="Passed" start-time="2017-05-02 03:42:19Z" end-time="2017-05-02 03:42:19Z" duration="0.000555" asserts="20" />
              <test-case id="2813" name="Constructor_Point_WrapMode_TileFlipX" fullname="MonoTests.System.Drawing.Drawing2D.PathGradientBrushTest.Constructor_Point_WrapMode_TileFlipX" methodname="Constructor_Point_WrapMode_TileFlipX" classname="MonoTests.System.Drawing.Drawing2D.PathGradientBrushTest" runstate="Runnable" seed="643955665" result="Passed" start-time="2017-05-02 03:42:19Z" end-time="2017-05-02 03:42:19Z" duration="0.000596" asserts="20" />
              <test-case id="2815" name="Constructor_Point_WrapMode_TileFlipXY" fullname="MonoTests.System.Drawing.Drawing2D.PathGradientBrushTest.Constructor_Point_WrapMode_TileFlipXY" methodname="Constructor_Point_WrapMode_TileFlipXY" classname="MonoTests.System.Drawing.Drawing2D.PathGradientBrushTest" runstate="Runnable" seed="1617778013" result="Passed" start-time="2017-05-02 03:42:19Z" end-time="2017-05-02 03:42:19Z" duration="0.000577" asserts="20" />
              <test-case id="2814" name="Constructor_Point_WrapMode_TileFlipY" fullname="MonoTests.System.Drawing.Drawing2D.PathGradientBrushTest.Constructor_Point_WrapMode_TileFlipY" methodname="Constructor_Point_WrapMode_TileFlipY" classname="MonoTests.System.Drawing.Drawing2D.PathGradientBrushTest" runstate="Runnable" seed="15623441" result="Passed" start-time="2017-05-02 03:42:19Z" end-time="2017-05-02 03:42:19Z" duration="0.000529" asserts="20" />
              <test-case id="2817" name="Constructor_PointF_Empty" fullname="MonoTests.System.Drawing.Drawing2D.PathGradientBrushTest.Constructor_PointF_Empty" methodname="Constructor_PointF_Empty" classname="MonoTests.System.Drawing.Drawing2D.PathGradientBrushTest" runstate="Runnable" seed="525236018" result="Passed" start-time="2017-05-02 03:42:19Z" end-time="2017-05-02 03:42:19Z" duration="0.000680" asserts="1" />
              <test-case id="2816" name="Constructor_PointF_Null" fullname="MonoTests.System.Drawing.Drawing2D.PathGradientBrushTest.Constructor_PointF_Null" methodname="Constructor_PointF_Null" classname="MonoTests.System.Drawing.Drawing2D.PathGradientBrushTest" runstate="Runnable" seed="413677947" result="Passed" start-time="2017-05-02 03:42:19Z" end-time="2017-05-02 03:42:19Z" duration="0.000627" asserts="1" />
              <test-case id="2818" name="Constructor_PointF_One" fullname="MonoTests.System.Drawing.Drawing2D.PathGradientBrushTest.Constructor_PointF_One" methodname="Constructor_PointF_One" classname="MonoTests.System.Drawing.Drawing2D.PathGradientBrushTest" runstate="Runnable" seed="45695660" result="Passed" start-time="2017-05-02 03:42:19Z" end-time="2017-05-02 03:42:19Z" duration="0.000659" asserts="1" />
              <test-case id="2819" name="Constructor_PointF_Two" fullname="MonoTests.System.Drawing.Drawing2D.PathGradientBrushTest.Constructor_PointF_Two" methodname="Constructor_PointF_Two" classname="MonoTests.System.Drawing.Drawing2D.PathGradientBrushTest" runstate="Runnable" seed="499146170" result="Passed" start-time="2017-05-02 03:42:19Z" end-time="2017-05-02 03:42:19Z" duration="0.000488" asserts="20" />
              <test-case id="2821" name="Constructor_PointF_WrapMode_Clamp" fullname="MonoTests.System.Drawing.Drawing2D.PathGradientBrushTest.Constructor_PointF_WrapMode_Clamp" methodname="Constructor_PointF_WrapMode_Clamp" classname="MonoTests.System.Drawing.Drawing2D.PathGradientBrushTest" runstate="Runnable" seed="1320971241" result="Passed" start-time="2017-05-02 03:42:19Z" end-time="2017-05-02 03:42:19Z" duration="0.000495" asserts="20" />
              <test-case id="2820" name="Constructor_PointF_WrapMode_Invalid" fullname="MonoTests.System.Drawing.Drawing2D.PathGradientBrushTest.Constructor_PointF_WrapMode_Invalid" methodname="Constructor_PointF_WrapMode_Invalid" classname="MonoTests.System.Drawing.Drawing2D.PathGradientBrushTest" runstate="Runnable" seed="468809180" result="Passed" start-time="2017-05-02 03:42:19Z" end-time="2017-05-02 03:42:19Z" duration="0.000535" asserts="1" />
              <test-case id="2822" name="Constructor_PointF_WrapMode_Tile" fullname="MonoTests.System.Drawing.Drawing2D.PathGradientBrushTest.Constructor_PointF_WrapMode_Tile" methodname="Constructor_PointF_WrapMode_Tile" classname="MonoTests.System.Drawing.Drawing2D.PathGradientBrushTest" runstate="Runnable" seed="1218515793" result="Passed" start-time="2017-05-02 03:42:19Z" end-time="2017-05-02 03:42:19Z" duration="0.000529" asserts="20" />
              <test-case id="2823" name="Constructor_PointF_WrapMode_TileFlipX" fullname="MonoTests.System.Drawing.Drawing2D.PathGradientBrushTest.Constructor_PointF_WrapMode_TileFlipX" methodname="Constructor_PointF_WrapMode_TileFlipX" classname="MonoTests.System.Drawing.Drawing2D.PathGradientBrushTest" runstate="Runnable" seed="1539241004" result="Passed" start-time="2017-05-02 03:42:19Z" end-time="2017-05-02 03:42:19Z" duration="0.000446" asserts="20" />
              <test-case id="2825" name="Constructor_PointF_WrapMode_TileFlipXY" fullname="MonoTests.System.Drawing.Drawing2D.PathGradientBrushTest.Constructor_PointF_WrapMode_TileFlipXY" methodname="Constructor_PointF_WrapMode_TileFlipXY" classname="MonoTests.System.Drawing.Drawing2D.PathGradientBrushTest" runstate="Runnable" seed="437171873" result="Passed" start-time="2017-05-02 03:42:19Z" end-time="2017-05-02 03:42:19Z" duration="0.000570" asserts="20" />
              <test-case id="2824" name="Constructor_PointF_WrapMode_TileFlipY" fullname="MonoTests.System.Drawing.Drawing2D.PathGradientBrushTest.Constructor_PointF_WrapMode_TileFlipY" methodname="Constructor_PointF_WrapMode_TileFlipY" classname="MonoTests.System.Drawing.Drawing2D.PathGradientBrushTest" runstate="Runnable" seed="1740396989" result="Passed" start-time="2017-05-02 03:42:19Z" end-time="2017-05-02 03:42:19Z" duration="0.000597" asserts="20" />
              <test-case id="2827" name="FocusScales" fullname="MonoTests.System.Drawing.Drawing2D.PathGradientBrushTest.FocusScales" methodname="FocusScales" classname="MonoTests.System.Drawing.Drawing2D.PathGradientBrushTest" runstate="Runnable" seed="1030524381" result="Passed" start-time="2017-05-02 03:42:19Z" end-time="2017-05-02 03:42:19Z" duration="0.001371" asserts="4" />
              <test-case id="2830" name="InterpolationColors" fullname="MonoTests.System.Drawing.Drawing2D.PathGradientBrushTest.InterpolationColors" methodname="InterpolationColors" classname="MonoTests.System.Drawing.Drawing2D.PathGradientBrushTest" runstate="Runnable" seed="752518828" result="Passed" start-time="2017-05-02 03:42:19Z" end-time="2017-05-02 03:42:19Z" duration="0.001121" asserts="4" />
              <test-case id="2869" name="InterpolationColors_Null" fullname="MonoTests.System.Drawing.Drawing2D.PathGradientBrushTest.InterpolationColors_Null" methodname="InterpolationColors_Null" classname="MonoTests.System.Drawing.Drawing2D.PathGradientBrushTest" runstate="Runnable" seed="1184920117" result="Passed" start-time="2017-05-02 03:42:19Z" end-time="2017-05-02 03:42:19Z" duration="0.001786" asserts="1" />
              <test-case id="2844" name="MultiplyTransform_NonInvertible" fullname="MonoTests.System.Drawing.Drawing2D.PathGradientBrushTest.MultiplyTransform_NonInvertible" methodname="MultiplyTransform_NonInvertible" classname="MonoTests.System.Drawing.Drawing2D.PathGradientBrushTest" runstate="Runnable" seed="1299278831" result="Passed" start-time="2017-05-02 03:42:19Z" end-time="2017-05-02 03:42:19Z" duration="0.001343" asserts="1" />
              <test-case id="2841" name="MultiplyTransform1_Null" fullname="MonoTests.System.Drawing.Drawing2D.PathGradientBrushTest.MultiplyTransform1_Null" methodname="MultiplyTransform1_Null" classname="MonoTests.System.Drawing.Drawing2D.PathGradientBrushTest" runstate="Runnable" seed="492295460" result="Passed" start-time="2017-05-02 03:42:19Z" end-time="2017-05-02 03:42:19Z" duration="0.000808" asserts="1" />
              <test-case id="2843" name="MultiplyTransform2_Invalid" fullname="MonoTests.System.Drawing.Drawing2D.PathGradientBrushTest.MultiplyTransform2_Invalid" methodname="MultiplyTransform2_Invalid" classname="MonoTests.System.Drawing.Drawing2D.PathGradientBrushTest" runstate="Runnable" seed="738044478" result="Passed" start-time="2017-05-02 03:42:19Z" end-time="2017-05-02 03:42:19Z" duration="0.000391" asserts="0" />
              <test-case id="2842" name="MultiplyTransform2_Null" fullname="MonoTests.System.Drawing.Drawing2D.PathGradientBrushTest.MultiplyTransform2_Null" methodname="MultiplyTransform2_Null" classname="MonoTests.System.Drawing.Drawing2D.PathGradientBrushTest" runstate="Runnable" seed="1242195884" result="Passed" start-time="2017-05-02 03:42:19Z" end-time="2017-05-02 03:42:19Z" duration="0.000910" asserts="1" />
              <test-case id="2831" name="Rectangle" fullname="MonoTests.System.Drawing.Drawing2D.PathGradientBrushTest.Rectangle" methodname="Rectangle" classname="MonoTests.System.Drawing.Drawing2D.PathGradientBrushTest" runstate="Runnable" seed="770687824" result="Passed" start-time="2017-05-02 03:42:19Z" end-time="2017-05-02 03:42:19Z" duration="0.002082" asserts="32" />
              <test-case id="2845" name="ResetTransform" fullname="MonoTests.System.Drawing.Drawing2D.PathGradientBrushTest.ResetTransform" methodname="ResetTransform" classname="MonoTests.System.Drawing.Drawing2D.PathGradientBrushTest" runstate="Runnable" seed="1570949380" result="Passed" start-time="2017-05-02 03:42:19Z" end-time="2017-05-02 03:42:19Z" duration="0.000910" asserts="2" />
              <test-case id="2846" name="RotateTransform" fullname="MonoTests.System.Drawing.Drawing2D.PathGradientBrushTest.RotateTransform" methodname="RotateTransform" classname="MonoTests.System.Drawing.Drawing2D.PathGradientBrushTest" runstate="Runnable" seed="1109387742" result="Passed" start-time="2017-05-02 03:42:19Z" end-time="2017-05-02 03:42:19Z" duration="0.000799" asserts="7" />
              <test-case id="2849" name="RotateTransform_InvalidOrder" fullname="MonoTests.System.Drawing.Drawing2D.PathGradientBrushTest.RotateTransform_InvalidOrder" methodname="RotateTransform_InvalidOrder" classname="MonoTests.System.Drawing.Drawing2D.PathGradientBrushTest" runstate="Runnable" seed="1617315855" result="Passed" start-time="2017-05-02 03:42:19Z" end-time="2017-05-02 03:42:19Z" duration="0.000878" asserts="1" />
              <test-case id="2847" name="RotateTransform_Max" fullname="MonoTests.System.Drawing.Drawing2D.PathGradientBrushTest.RotateTransform_Max" methodname="RotateTransform_Max" classname="MonoTests.System.Drawing.Drawing2D.PathGradientBrushTest" runstate="Runnable" seed="1869674635" result="Failed" start-time="2017-05-02 03:42:19Z" end-time="2017-05-02 03:42:19Z" duration="0.001373" asserts="1">
                <properties>
                  <property name="Category" value="NotWorking" />
                </properties>
                <failure>
                  <message><![CDATA[  matrix.0
  Expected: 5.9390400000000001E+36d +/- 1.0000000000000001E+32d
  But was:  0.71640950441360474d
]]></message>
                  <stack-trace><![CDATA[在 MonoTests.System.Drawing.Drawing2D.PathGradientBrushTest.RotateTransform_Max() 位置 C:\ProgramData\Git\zkweb.system.drawing\src\ZKWeb.System.Drawing.Tests\System.Drawing.Drawing2D\PathGradientBrushTest.cs:行号 603
]]></stack-trace>
                </failure>
                <assertions>
                  <assertion result="Failed">
                    <message><![CDATA[  matrix.0
  Expected: 5.9390400000000001E+36d +/- 1.0000000000000001E+32d
  But was:  0.71640950441360474d
]]></message>
                    <stack-trace><![CDATA[在 MonoTests.System.Drawing.Drawing2D.PathGradientBrushTest.RotateTransform_Max() 位置 C:\ProgramData\Git\zkweb.system.drawing\src\ZKWeb.System.Drawing.Tests\System.Drawing.Drawing2D\PathGradientBrushTest.cs:行号 603
]]></stack-trace>
                  </assertion>
                </assertions>
              </test-case>
              <test-case id="2848" name="RotateTransform_Min" fullname="MonoTests.System.Drawing.Drawing2D.PathGradientBrushTest.RotateTransform_Min" methodname="RotateTransform_Min" classname="MonoTests.System.Drawing.Drawing2D.PathGradientBrushTest" runstate="Runnable" seed="1030805611" result="Failed" start-time="2017-05-02 03:42:19Z" end-time="2017-05-02 03:42:19Z" duration="0.001299" asserts="1">
                <properties>
                  <property name="Category" value="NotWorking" />
                </properties>
                <failure>
                  <message><![CDATA[  matrix.0
  Expected: -5.9390400000000001E+36d +/- 1.0000000000000001E+32d
  But was:  0.26559209823608398d
]]></message>
                  <stack-trace><![CDATA[在 MonoTests.System.Drawing.Drawing2D.PathGradientBrushTest.RotateTransform_Min() 位置 C:\ProgramData\Git\zkweb.system.drawing\src\ZKWeb.System.Drawing.Tests\System.Drawing.Drawing2D\PathGradientBrushTest.cs:行号 619
]]></stack-trace>
                </failure>
                <assertions>
                  <assertion result="Failed">
                    <message><![CDATA[  matrix.0
  Expected: -5.9390400000000001E+36d +/- 1.0000000000000001E+32d
  But was:  0.26559209823608398d
]]></message>
                    <stack-trace><![CDATA[在 MonoTests.System.Drawing.Drawing2D.PathGradientBrushTest.RotateTransform_Min() 位置 C:\ProgramData\Git\zkweb.system.drawing\src\ZKWeb.System.Drawing.Tests\System.Drawing.Drawing2D\PathGradientBrushTest.cs:行号 619
]]></stack-trace>
                  </assertion>
                </assertions>
              </test-case>
              <test-case id="2850" name="ScaleTransform" fullname="MonoTests.System.Drawing.Drawing2D.PathGradientBrushTest.ScaleTransform" methodname="ScaleTransform" classname="MonoTests.System.Drawing.Drawing2D.PathGradientBrushTest" runstate="Runnable" seed="394641854" result="Passed" start-time="2017-05-02 03:42:19Z" end-time="2017-05-02 03:42:19Z" duration="0.001090" asserts="7" />
              <test-case id="2852" name="ScaleTransform_InvalidOrder" fullname="MonoTests.System.Drawing.Drawing2D.PathGradientBrushTest.ScaleTransform_InvalidOrder" methodname="ScaleTransform_InvalidOrder" classname="MonoTests.System.Drawing.Drawing2D.PathGradientBrushTest" runstate="Runnable" seed="630602558" result="Passed" start-time="2017-05-02 03:42:19Z" end-time="2017-05-02 03:42:19Z" duration="0.001199" asserts="1" />
              <test-case id="2851" name="ScaleTransform_MaxMin" fullname="MonoTests.System.Drawing.Drawing2D.PathGradientBrushTest.ScaleTransform_MaxMin" methodname="ScaleTransform_MaxMin" classname="MonoTests.System.Drawing.Drawing2D.PathGradientBrushTest" runstate="Runnable" seed="2097193567" result="Passed" start-time="2017-05-02 03:42:19Z" end-time="2017-05-02 03:42:19Z" duration="0.000848" asserts="6" />
              <test-case id="2853" name="SetBlendTriangularShape_Focus" fullname="MonoTests.System.Drawing.Drawing2D.PathGradientBrushTest.SetBlendTriangularShape_Focus" methodname="SetBlendTriangularShape_Focus" classname="MonoTests.System.Drawing.Drawing2D.PathGradientBrushTest" runstate="Runnable" seed="2053552005" result="Passed" start-time="2017-05-02 03:42:19Z" end-time="2017-05-02 03:42:19Z" duration="0.000716" asserts="3" />
              <test-case id="2856" name="SetBlendTriangularShape_FocusTooBig" fullname="MonoTests.System.Drawing.Drawing2D.PathGradientBrushTest.SetBlendTriangularShape_FocusTooBig" methodname="SetBlendTriangularShape_FocusTooBig" classname="MonoTests.System.Drawing.Drawing2D.PathGradientBrushTest" runstate="Runnable" seed="34512757" result="Passed" start-time="2017-05-02 03:42:19Z" end-time="2017-05-02 03:42:19Z" duration="0.000817" asserts="1" />
              <test-case id="2855" name="SetBlendTriangularShape_FocusTooSmall" fullname="MonoTests.System.Drawing.Drawing2D.PathGradientBrushTest.SetBlendTriangularShape_FocusTooSmall" methodname="SetBlendTriangularShape_FocusTooSmall" classname="MonoTests.System.Drawing.Drawing2D.PathGradientBrushTest" runstate="Runnable" seed="685921695" result="Passed" start-time="2017-05-02 03:42:19Z" end-time="2017-05-02 03:42:19Z" duration="0.000692" asserts="1" />
              <test-case id="2854" name="SetBlendTriangularShape_Scale" fullname="MonoTests.System.Drawing.Drawing2D.PathGradientBrushTest.SetBlendTriangularShape_Scale" methodname="SetBlendTriangularShape_Scale" classname="MonoTests.System.Drawing.Drawing2D.PathGradientBrushTest" runstate="Runnable" seed="987397576" result="Passed" start-time="2017-05-02 03:42:19Z" end-time="2017-05-02 03:42:19Z" duration="0.000585" asserts="3" />
              <test-case id="2858" name="SetBlendTriangularShape_ScaleTooBig" fullname="MonoTests.System.Drawing.Drawing2D.PathGradientBrushTest.SetBlendTriangularShape_ScaleTooBig" methodname="SetBlendTriangularShape_ScaleTooBig" classname="MonoTests.System.Drawing.Drawing2D.PathGradientBrushTest" runstate="Runnable" seed="1545058013" result="Passed" start-time="2017-05-02 03:42:19Z" end-time="2017-05-02 03:42:19Z" duration="0.000659" asserts="1" />
              <test-case id="2857" name="SetBlendTriangularShape_ScaleTooSmall" fullname="MonoTests.System.Drawing.Drawing2D.PathGradientBrushTest.SetBlendTriangularShape_ScaleTooSmall" methodname="SetBlendTriangularShape_ScaleTooSmall" classname="MonoTests.System.Drawing.Drawing2D.PathGradientBrushTest" runstate="Runnable" seed="1172562289" result="Passed" start-time="2017-05-02 03:42:19Z" end-time="2017-05-02 03:42:19Z" duration="0.000646" asserts="1" />
              <test-case id="2859" name="SetSigmaBellShape_Focus" fullname="MonoTests.System.Drawing.Drawing2D.PathGradientBrushTest.SetSigmaBellShape_Focus" methodname="SetSigmaBellShape_Focus" classname="MonoTests.System.Drawing.Drawing2D.PathGradientBrushTest" runstate="Runnable" seed="498557567" result="Passed" start-time="2017-05-02 03:42:19Z" end-time="2017-05-02 03:42:19Z" duration="0.000618" asserts="3" />
              <test-case id="2862" name="SetSigmaBellShape_FocusTooBig" fullname="MonoTests.System.Drawing.Drawing2D.PathGradientBrushTest.SetSigmaBellShape_FocusTooBig" methodname="SetSigmaBellShape_FocusTooBig" classname="MonoTests.System.Drawing.Drawing2D.PathGradientBrushTest" runstate="Runnable" seed="311436272" result="Passed" start-time="2017-05-02 03:42:19Z" end-time="2017-05-02 03:42:19Z" duration="0.000650" asserts="1" />
              <test-case id="2861" name="SetSigmaBellShape_FocusTooSmall" fullname="MonoTests.System.Drawing.Drawing2D.PathGradientBrushTest.SetSigmaBellShape_FocusTooSmall" methodname="SetSigmaBellShape_FocusTooSmall" classname="MonoTests.System.Drawing.Drawing2D.PathGradientBrushTest" runstate="Runnable" seed="489484396" result="Passed" start-time="2017-05-02 03:42:19Z" end-time="2017-05-02 03:42:19Z" duration="0.000559" asserts="1" />
              <test-case id="2860" name="SetSigmaBellShape_Scale" fullname="MonoTests.System.Drawing.Drawing2D.PathGradientBrushTest.SetSigmaBellShape_Scale" methodname="SetSigmaBellShape_Scale" classname="MonoTests.System.Drawing.Drawing2D.PathGradientBrushTest" runstate="Runnable" seed="2124536002" result="Passed" start-time="2017-05-02 03:42:19Z" end-time="2017-05-02 03:42:19Z" duration="0.000661" asserts="3" />
              <test-case id="2864" name="SetSigmaBellShape_ScaleTooBig" fullname="MonoTests.System.Drawing.Drawing2D.PathGradientBrushTest.SetSigmaBellShape_ScaleTooBig" methodname="SetSigmaBellShape_ScaleTooBig" classname="MonoTests.System.Drawing.Drawing2D.PathGradientBrushTest" runstate="Runnable" seed="326529856" result="Passed" start-time="2017-05-02 03:42:19Z" end-time="2017-05-02 03:42:19Z" duration="0.000651" asserts="1" />
              <test-case id="2863" name="SetSigmaBellShape_ScaleTooSmall" fullname="MonoTests.System.Drawing.Drawing2D.PathGradientBrushTest.SetSigmaBellShape_ScaleTooSmall" methodname="SetSigmaBellShape_ScaleTooSmall" classname="MonoTests.System.Drawing.Drawing2D.PathGradientBrushTest" runstate="Runnable" seed="1058979284" result="Passed" start-time="2017-05-02 03:42:19Z" end-time="2017-05-02 03:42:19Z" duration="0.000648" asserts="1" />
              <test-case id="2833" name="SurroundColors_2PointF" fullname="MonoTests.System.Drawing.Drawing2D.PathGradientBrushTest.SurroundColors_2PointF" methodname="SurroundColors_2PointF" classname="MonoTests.System.Drawing.Drawing2D.PathGradientBrushTest" runstate="Runnable" seed="482961727" result="Passed" start-time="2017-05-02 03:42:19Z" end-time="2017-05-02 03:42:19Z" duration="0.001831" asserts="7" />
              <test-case id="2834" name="SurroundColors_3PointsF" fullname="MonoTests.System.Drawing.Drawing2D.PathGradientBrushTest.SurroundColors_3PointsF" methodname="SurroundColors_3PointsF" classname="MonoTests.System.Drawing.Drawing2D.PathGradientBrushTest" runstate="Runnable" seed="389150261" result="Passed" start-time="2017-05-02 03:42:19Z" end-time="2017-05-02 03:42:19Z" duration="0.001701" asserts="5" />
              <test-case id="2832" name="SurroundColors_Empty" fullname="MonoTests.System.Drawing.Drawing2D.PathGradientBrushTest.SurroundColors_Empty" methodname="SurroundColors_Empty" classname="MonoTests.System.Drawing.Drawing2D.PathGradientBrushTest" runstate="Runnable" seed="1869690811" result="Passed" start-time="2017-05-02 03:42:19Z" end-time="2017-05-02 03:42:19Z" duration="0.000743" asserts="1" />
              <test-case id="2870" name="SurroundColors_Null" fullname="MonoTests.System.Drawing.Drawing2D.PathGradientBrushTest.SurroundColors_Null" methodname="SurroundColors_Null" classname="MonoTests.System.Drawing.Drawing2D.PathGradientBrushTest" runstate="Runnable" seed="861461475" result="Passed" start-time="2017-05-02 03:42:19Z" end-time="2017-05-02 03:42:19Z" duration="0.000851" asserts="1" />
              <test-case id="2836" name="Transform_Empty" fullname="MonoTests.System.Drawing.Drawing2D.PathGradientBrushTest.Transform_Empty" methodname="Transform_Empty" classname="MonoTests.System.Drawing.Drawing2D.PathGradientBrushTest" runstate="Runnable" seed="1543155201" result="Passed" start-time="2017-05-02 03:42:19Z" end-time="2017-05-02 03:42:19Z" duration="0.000464" asserts="1" />
              <test-case id="2837" name="Transform_NonInvertible" fullname="MonoTests.System.Drawing.Drawing2D.PathGradientBrushTest.Transform_NonInvertible" methodname="Transform_NonInvertible" classname="MonoTests.System.Drawing.Drawing2D.PathGradientBrushTest" runstate="Runnable" seed="1843880485" result="Passed" start-time="2017-05-02 03:42:19Z" end-time="2017-05-02 03:42:19Z" duration="0.000760" asserts="1" />
              <test-case id="2835" name="Transform_Null" fullname="MonoTests.System.Drawing.Drawing2D.PathGradientBrushTest.Transform_Null" methodname="Transform_Null" classname="MonoTests.System.Drawing.Drawing2D.PathGradientBrushTest" runstate="Runnable" seed="691364523" result="Passed" start-time="2017-05-02 03:42:19Z" end-time="2017-05-02 03:42:19Z" duration="0.000640" asserts="1" />
              <test-case id="2867" name="Transform_Operations" fullname="MonoTests.System.Drawing.Drawing2D.PathGradientBrushTest.Transform_Operations" methodname="Transform_Operations" classname="MonoTests.System.Drawing.Drawing2D.PathGradientBrushTest" runstate="Runnable" seed="210290318" result="Passed" start-time="2017-05-02 03:42:19Z" end-time="2017-05-02 03:42:19Z" duration="0.001440" asserts="9" />
              <test-case id="2865" name="TranslateTransform" fullname="MonoTests.System.Drawing.Drawing2D.PathGradientBrushTest.TranslateTransform" methodname="TranslateTransform" classname="MonoTests.System.Drawing.Drawing2D.PathGradientBrushTest" runstate="Runnable" seed="250732863" result="Passed" start-time="2017-05-02 03:42:19Z" end-time="2017-05-02 03:42:19Z" duration="0.001315" asserts="12" />
              <test-case id="2866" name="TranslateTransform_InvalidOrder" fullname="MonoTests.System.Drawing.Drawing2D.PathGradientBrushTest.TranslateTransform_InvalidOrder" methodname="TranslateTransform_InvalidOrder" classname="MonoTests.System.Drawing.Drawing2D.PathGradientBrushTest" runstate="Runnable" seed="992318299" result="Passed" start-time="2017-05-02 03:42:19Z" end-time="2017-05-02 03:42:19Z" duration="0.000834" asserts="1" />
              <test-case id="2838" name="WrapMode_All" fullname="MonoTests.System.Drawing.Drawing2D.PathGradientBrushTest.WrapMode_All" methodname="WrapMode_All" classname="MonoTests.System.Drawing.Drawing2D.PathGradientBrushTest" runstate="Runnable" seed="851455506" result="Passed" start-time="2017-05-02 03:42:19Z" end-time="2017-05-02 03:42:19Z" duration="0.001194" asserts="5" />
              <test-case id="2839" name="WrapMode_Invalid" fullname="MonoTests.System.Drawing.Drawing2D.PathGradientBrushTest.WrapMode_Invalid" methodname="WrapMode_Invalid" classname="MonoTests.System.Drawing.Drawing2D.PathGradientBrushTest" runstate="Runnable" seed="1452698846" result="Passed" start-time="2017-05-02 03:42:19Z" end-time="2017-05-02 03:42:19Z" duration="0.000701" asserts="1" />
            </test-suite>
          </test-suite>
          <test-suite type="TestFixture" id="1076" name="FontFamilyTest" fullname="MonoTests.System.Drawing.FontFamilyTest" classname="MonoTests.System.Drawing.FontFamilyTest" runstate="Runnable" testcasecount="17" result="Passed" start-time="2017-05-02 03:42:19Z" end-time="2017-05-02 03:42:19Z" duration="0.076248" total="17" passed="17" failed="0" warnings="0" inconclusive="0" skipped="0" asserts="32">
            <test-case id="1092" name="Dispose_Double" fullname="MonoTests.System.Drawing.FontFamilyTest.Dispose_Double" methodname="Dispose_Double" classname="MonoTests.System.Drawing.FontFamilyTest" runstate="Runnable" seed="1390579249" result="Passed" start-time="2017-05-02 03:42:19Z" end-time="2017-05-02 03:42:19Z" duration="0.000294" asserts="0" />
            <test-case id="1093" name="Dispose_UseAfter" fullname="MonoTests.System.Drawing.FontFamilyTest.Dispose_UseAfter" methodname="Dispose_UseAfter" classname="MonoTests.System.Drawing.FontFamilyTest" runstate="Runnable" seed="360431447" result="Passed" start-time="2017-05-02 03:42:19Z" end-time="2017-05-02 03:42:19Z" duration="0.000750" asserts="1" />
            <test-case id="1086" name="FontFamily_Invalid" fullname="MonoTests.System.Drawing.FontFamilyTest.FontFamily_Invalid" methodname="FontFamily_Invalid" classname="MonoTests.System.Drawing.FontFamilyTest" runstate="Runnable" seed="1900079840" result="Passed" start-time="2017-05-02 03:42:19Z" end-time="2017-05-02 03:42:19Z" duration="0.001157" asserts="3" />
            <test-case id="1083" name="FontFamily_Monospace" fullname="MonoTests.System.Drawing.FontFamilyTest.FontFamily_Monospace" methodname="FontFamily_Monospace" classname="MonoTests.System.Drawing.FontFamilyTest" runstate="Runnable" seed="1552844313" result="Passed" start-time="2017-05-02 03:42:19Z" end-time="2017-05-02 03:42:19Z" duration="0.000322" asserts="2" />
            <test-case id="1084" name="FontFamily_SansSerif" fullname="MonoTests.System.Drawing.FontFamilyTest.FontFamily_SansSerif" methodname="FontFamily_SansSerif" classname="MonoTests.System.Drawing.FontFamilyTest" runstate="Runnable" seed="1360908047" result="Passed" start-time="2017-05-02 03:42:19Z" end-time="2017-05-02 03:42:19Z" duration="0.000611" asserts="2" />
            <test-case id="1085" name="FontFamily_Serif" fullname="MonoTests.System.Drawing.FontFamilyTest.FontFamily_Serif" methodname="FontFamily_Serif" classname="MonoTests.System.Drawing.FontFamilyTest" runstate="Runnable" seed="133136462" result="Passed" start-time="2017-05-02 03:42:19Z" end-time="2017-05-02 03:42:19Z" duration="0.000698" asserts="2" />
            <test-case id="1079" name="FontFamily_String" fullname="MonoTests.System.Drawing.FontFamilyTest.FontFamily_String" methodname="FontFamily_String" classname="MonoTests.System.Drawing.FontFamilyTest" runstate="Runnable" seed="1580568568" result="Passed" start-time="2017-05-02 03:42:19Z" end-time="2017-05-02 03:42:19Z" duration="0.002505" asserts="8" />
            <test-case id="1078" name="FontFamily_String_Empty" fullname="MonoTests.System.Drawing.FontFamilyTest.FontFamily_String_Empty" methodname="FontFamily_String_Empty" classname="MonoTests.System.Drawing.FontFamilyTest" runstate="Runnable" seed="1178371341" result="Passed" start-time="2017-05-02 03:42:19Z" end-time="2017-05-02 03:42:19Z" duration="0.002945" asserts="1">
              <properties>
                <property name="Category" value="NotWorking" />
              </properties>
            </test-case>
            <test-case id="1080" name="FontFamily_String_FontCollection_Null" fullname="MonoTests.System.Drawing.FontFamilyTest.FontFamily_String_FontCollection_Null" methodname="FontFamily_String_FontCollection_Null" classname="MonoTests.System.Drawing.FontFamilyTest" runstate="Runnable" seed="304201779" result="Passed" start-time="2017-05-02 03:42:19Z" end-time="2017-05-02 03:42:19Z" duration="0.000486" asserts="2" />
            <test-case id="1081" name="FontFamily_String_InstalledFontCollection" fullname="MonoTests.System.Drawing.FontFamilyTest.FontFamily_String_InstalledFontCollection" methodname="FontFamily_String_InstalledFontCollection" classname="MonoTests.System.Drawing.FontFamilyTest" runstate="Runnable" seed="1179450004" result="Passed" start-time="2017-05-02 03:42:19Z" end-time="2017-05-02 03:42:19Z" duration="0.000370" asserts="2" />
            <test-case id="1077" name="FontFamily_String_Null" fullname="MonoTests.System.Drawing.FontFamilyTest.FontFamily_String_Null" methodname="FontFamily_String_Null" classname="MonoTests.System.Drawing.FontFamilyTest" runstate="Runnable" seed="1736886974" result="Passed" start-time="2017-05-02 03:42:19Z" end-time="2017-05-02 03:42:19Z" duration="0.000537" asserts="1" />
            <test-case id="1082" name="FontFamily_String_PrivateFontCollection" fullname="MonoTests.System.Drawing.FontFamilyTest.FontFamily_String_PrivateFontCollection" methodname="FontFamily_String_PrivateFontCollection" classname="MonoTests.System.Drawing.FontFamilyTest" runstate="Runnable" seed="1199679412" result="Passed" start-time="2017-05-02 03:42:19Z" end-time="2017-05-02 03:42:19Z" duration="0.000609" asserts="1" />
            <test-case id="1087" name="GenericMonospace" fullname="MonoTests.System.Drawing.FontFamilyTest.GenericMonospace" methodname="GenericMonospace" classname="MonoTests.System.Drawing.FontFamilyTest" runstate="Runnable" seed="233059942" result="Passed" start-time="2017-05-02 03:42:19Z" end-time="2017-05-02 03:42:19Z" duration="0.001481" asserts="3" />
            <test-case id="1088" name="GenericSansSerif" fullname="MonoTests.System.Drawing.FontFamilyTest.GenericSansSerif" methodname="GenericSansSerif" classname="MonoTests.System.Drawing.FontFamilyTest" runstate="Runnable" seed="821985500" result="Passed" start-time="2017-05-02 03:42:19Z" end-time="2017-05-02 03:42:19Z" duration="0.000480" asserts="1" />
            <test-case id="1089" name="GenericSerif" fullname="MonoTests.System.Drawing.FontFamilyTest.GenericSerif" methodname="GenericSerif" classname="MonoTests.System.Drawing.FontFamilyTest" runstate="Runnable" seed="23627510" result="Passed" start-time="2017-05-02 03:42:19Z" end-time="2017-05-02 03:42:19Z" duration="0.000538" asserts="1" />
            <test-case id="1091" name="GetFamilies" fullname="MonoTests.System.Drawing.FontFamilyTest.GetFamilies" methodname="GetFamilies" classname="MonoTests.System.Drawing.FontFamilyTest" runstate="Runnable" seed="1570932139" result="Passed" start-time="2017-05-02 03:42:19Z" end-time="2017-05-02 03:42:19Z" duration="0.001179" asserts="1" />
            <test-case id="1090" name="GetFamilies_Null" fullname="MonoTests.System.Drawing.FontFamilyTest.GetFamilies_Null" methodname="GetFamilies_Null" classname="MonoTests.System.Drawing.FontFamilyTest" runstate="Runnable" seed="1983637190" result="Passed" start-time="2017-05-02 03:42:19Z" end-time="2017-05-02 03:42:19Z" duration="0.000868" asserts="1" />
          </test-suite>
          <test-suite type="TestFixture" id="1434" name="FontNameConverterTest" fullname="MonoTests.System.Drawing.FontNameConverterTest" classname="MonoTests.System.Drawing.FontNameConverterTest" runstate="Runnable" testcasecount="3" result="Passed" start-time="2017-05-02 03:42:19Z" end-time="2017-05-02 03:42:19Z" duration="0.014121" total="3" passed="3" failed="0" warnings="0" inconclusive="0" skipped="0" asserts="5">
            <test-case id="1436" name="ExTestConvertFrom" fullname="MonoTests.System.Drawing.FontNameConverterTest.ExTestConvertFrom" methodname="ExTestConvertFrom" classname="MonoTests.System.Drawing.FontNameConverterTest" runstate="Runnable" seed="1792865344" result="Passed" start-time="2017-05-02 03:42:19Z" end-time="2017-05-02 03:42:19Z" duration="0.001713" asserts="1" />
            <test-case id="1437" name="ExTestConvertFrom2" fullname="MonoTests.System.Drawing.FontNameConverterTest.ExTestConvertFrom2" methodname="ExTestConvertFrom2" classname="MonoTests.System.Drawing.FontNameConverterTest" runstate="Runnable" seed="305586179" result="Passed" start-time="2017-05-02 03:42:19Z" end-time="2017-05-02 03:42:19Z" duration="0.000938" asserts="1" />
            <test-case id="1435" name="TestConvertFrom" fullname="MonoTests.System.Drawing.FontNameConverterTest.TestConvertFrom" methodname="TestConvertFrom" classname="MonoTests.System.Drawing.FontNameConverterTest" runstate="Runnable" seed="1501309739" result="Passed" start-time="2017-05-02 03:42:19Z" end-time="2017-05-02 03:42:19Z" duration="0.000865" asserts="3" />
          </test-suite>
          <test-suite type="TestFixture" id="1398" name="FontTest" fullname="MonoTests.System.Drawing.FontTest" classname="MonoTests.System.Drawing.FontTest" runstate="Runnable" testcasecount="35" result="Failed" site="Child" start-time="2017-05-02 03:42:19Z" end-time="2017-05-02 03:42:19Z" duration="0.217577" total="35" passed="30" failed="5" warnings="0" inconclusive="0" skipped="0" asserts="170">
            <failure>
              <message><![CDATA[One or more child tests had errors]]></message>
            </failure>
            <test-case id="1420" name="Dispose_Double" fullname="MonoTests.System.Drawing.FontTest.Dispose_Double" methodname="Dispose_Double" classname="MonoTests.System.Drawing.FontTest" runstate="Runnable" seed="1866043061" result="Passed" start-time="2017-05-02 03:42:19Z" end-time="2017-05-02 03:42:19Z" duration="0.000799" asserts="0" />
            <test-case id="1422" name="Dispose_Height" fullname="MonoTests.System.Drawing.FontTest.Dispose_Height" methodname="Dispose_Height" classname="MonoTests.System.Drawing.FontTest" runstate="Runnable" seed="301877453" result="Passed" start-time="2017-05-02 03:42:19Z" end-time="2017-05-02 03:42:19Z" duration="0.001959" asserts="1" />
            <test-case id="1425" name="Dispose_ToHFont" fullname="MonoTests.System.Drawing.FontTest.Dispose_ToHFont" methodname="Dispose_ToHFont" classname="MonoTests.System.Drawing.FontTest" runstate="Runnable" seed="245804239" result="Passed" start-time="2017-05-02 03:42:19Z" end-time="2017-05-02 03:42:19Z" duration="0.001249" asserts="1" />
            <test-case id="1423" name="Dispose_ToLogFont" fullname="MonoTests.System.Drawing.FontTest.Dispose_ToLogFont" methodname="Dispose_ToLogFont" classname="MonoTests.System.Drawing.FontTest" runstate="Runnable" seed="1083495512" result="Passed" start-time="2017-05-02 03:42:19Z" end-time="2017-05-02 03:42:19Z" duration="0.040162" asserts="1" />
            <test-case id="1424" name="Dispose_ToLogFont_LoopCharSet" fullname="MonoTests.System.Drawing.FontTest.Dispose_ToLogFont_LoopCharSet" methodname="Dispose_ToLogFont_LoopCharSet" classname="MonoTests.System.Drawing.FontTest" runstate="Runnable" seed="1509010557" result="Failed" start-time="2017-05-02 03:42:19Z" end-time="2017-05-02 03:42:19Z" duration="0.002685" asserts="9">
              <failure>
                <message><![CDATA[  lfCharSet
  Expected: 1
  But was:  0
]]></message>
                <stack-trace><![CDATA[在 MonoTests.System.Drawing.FontTest.Dispose_ToLogFont_LoopCharSet() 位置 C:\ProgramData\Git\zkweb.system.drawing\src\ZKWeb.System.Drawing.Tests\System.Drawing\TestFont.cs:行号 508
]]></stack-trace>
              </failure>
              <assertions>
                <assertion result="Failed">
                  <message><![CDATA[  lfCharSet
  Expected: 1
  But was:  0
]]></message>
                  <stack-trace><![CDATA[在 MonoTests.System.Drawing.FontTest.Dispose_ToLogFont_LoopCharSet() 位置 C:\ProgramData\Git\zkweb.system.drawing\src\ZKWeb.System.Drawing.Tests\System.Drawing\TestFont.cs:行号 508
]]></stack-trace>
                </assertion>
              </assertions>
            </test-case>
            <test-case id="1421" name="Dispose_UseAfter_Works" fullname="MonoTests.System.Drawing.FontTest.Dispose_UseAfter_Works" methodname="Dispose_UseAfter_Works" classname="MonoTests.System.Drawing.FontTest" runstate="Runnable" seed="449536242" result="Passed" start-time="2017-05-02 03:42:19Z" end-time="2017-05-02 03:42:19Z" duration="0.000753" asserts="2" />
            <test-case id="1414" name="Font_FontFamily_Float" fullname="MonoTests.System.Drawing.FontTest.Font_FontFamily_Float" methodname="Font_FontFamily_Float" classname="MonoTests.System.Drawing.FontTest" runstate="Runnable" seed="635386760" result="Passed" start-time="2017-05-02 03:42:19Z" end-time="2017-05-02 03:42:19Z" duration="0.001845" asserts="12" />
            <test-case id="1415" name="Font_FontFamily_Float_FontStyle" fullname="MonoTests.System.Drawing.FontTest.Font_FontFamily_Float_FontStyle" methodname="Font_FontFamily_Float_FontStyle" classname="MonoTests.System.Drawing.FontTest" runstate="Runnable" seed="474440555" result="Passed" start-time="2017-05-02 03:42:19Z" end-time="2017-05-02 03:42:19Z" duration="0.001503" asserts="12" />
            <test-case id="1416" name="Font_FontFamily_Float_FontStyle_GraphicsUnit" fullname="MonoTests.System.Drawing.FontTest.Font_FontFamily_Float_FontStyle_GraphicsUnit" methodname="Font_FontFamily_Float_FontStyle_GraphicsUnit" classname="MonoTests.System.Drawing.FontTest" runstate="Runnable" seed="2125923614" result="Passed" start-time="2017-05-02 03:42:19Z" end-time="2017-05-02 03:42:19Z" duration="0.001483" asserts="12" />
            <test-case id="1418" name="Font_FontFamily_Float_FontStyle_GraphicsUnit_Byte" fullname="MonoTests.System.Drawing.FontTest.Font_FontFamily_Float_FontStyle_GraphicsUnit_Byte" methodname="Font_FontFamily_Float_FontStyle_GraphicsUnit_Byte" classname="MonoTests.System.Drawing.FontTest" runstate="Runnable" seed="1504120170" result="Passed" start-time="2017-05-02 03:42:19Z" end-time="2017-05-02 03:42:19Z" duration="0.001487" asserts="12" />
            <test-case id="1419" name="Font_FontFamily_Float_FontStyle_GraphicsUnit_Byte_Bool" fullname="MonoTests.System.Drawing.FontTest.Font_FontFamily_Float_FontStyle_GraphicsUnit_Byte_Bool" methodname="Font_FontFamily_Float_FontStyle_GraphicsUnit_Byte_Bool" classname="MonoTests.System.Drawing.FontTest" runstate="Runnable" seed="1244196545" result="Passed" start-time="2017-05-02 03:42:19Z" end-time="2017-05-02 03:42:19Z" duration="0.001334" asserts="12" />
            <test-case id="1417" name="Font_FontFamily_Float_FontStyle_GraphicsUnit_Display" fullname="MonoTests.System.Drawing.FontTest.Font_FontFamily_Float_FontStyle_GraphicsUnit_Display" methodname="Font_FontFamily_Float_FontStyle_GraphicsUnit_Display" classname="MonoTests.System.Drawing.FontTest" runstate="Runnable" seed="630795881" result="Passed" start-time="2017-05-02 03:42:19Z" end-time="2017-05-02 03:42:19Z" duration="0.000924" asserts="1" />
            <test-case id="1412" name="Font_FontFamilyNull_Float" fullname="MonoTests.System.Drawing.FontTest.Font_FontFamilyNull_Float" methodname="Font_FontFamilyNull_Float" classname="MonoTests.System.Drawing.FontTest" runstate="Runnable" seed="1464058435" result="Passed" start-time="2017-05-02 03:42:19Z" end-time="2017-05-02 03:42:19Z" duration="0.000707" asserts="1" />
            <test-case id="1413" name="Font_FontNull_FontStyle" fullname="MonoTests.System.Drawing.FontTest.Font_FontNull_FontStyle" methodname="Font_FontNull_FontStyle" classname="MonoTests.System.Drawing.FontTest" runstate="Runnable" seed="145669009" result="Passed" start-time="2017-05-02 03:42:19Z" end-time="2017-05-02 03:42:19Z" duration="0.000850" asserts="1" />
            <test-case id="1406" name="Font_String_Float" fullname="MonoTests.System.Drawing.FontTest.Font_String_Float" methodname="Font_String_Float" classname="MonoTests.System.Drawing.FontTest" runstate="Runnable" seed="1696394453" result="Passed" start-time="2017-05-02 03:42:19Z" end-time="2017-05-02 03:42:19Z" duration="0.001295" asserts="12" />
            <test-case id="1407" name="Font_String_Float_FontStyle" fullname="MonoTests.System.Drawing.FontTest.Font_String_Float_FontStyle" methodname="Font_String_Float_FontStyle" classname="MonoTests.System.Drawing.FontTest" runstate="Runnable" seed="1473762372" result="Passed" start-time="2017-05-02 03:42:19Z" end-time="2017-05-02 03:42:19Z" duration="0.001553" asserts="12" />
            <test-case id="1408" name="Font_String_Float_FontStyle_GraphicsUnit" fullname="MonoTests.System.Drawing.FontTest.Font_String_Float_FontStyle_GraphicsUnit" methodname="Font_String_Float_FontStyle_GraphicsUnit" classname="MonoTests.System.Drawing.FontTest" runstate="Runnable" seed="1190084627" result="Passed" start-time="2017-05-02 03:42:19Z" end-time="2017-05-02 03:42:19Z" duration="0.001605" asserts="11" />
            <test-case id="1410" name="Font_String_Float_FontStyle_GraphicsUnit_Byte" fullname="MonoTests.System.Drawing.FontTest.Font_String_Float_FontStyle_GraphicsUnit_Byte" methodname="Font_String_Float_FontStyle_GraphicsUnit_Byte" classname="MonoTests.System.Drawing.FontTest" runstate="Runnable" seed="649053412" result="Passed" start-time="2017-05-02 03:42:19Z" end-time="2017-05-02 03:42:19Z" duration="0.001594" asserts="12" />
            <test-case id="1411" name="Font_String_Float_FontStyle_GraphicsUnit_Byte_Bool" fullname="MonoTests.System.Drawing.FontTest.Font_String_Float_FontStyle_GraphicsUnit_Byte_Bool" methodname="Font_String_Float_FontStyle_GraphicsUnit_Byte_Bool" classname="MonoTests.System.Drawing.FontTest" runstate="Runnable" seed="624867445" result="Passed" start-time="2017-05-02 03:42:19Z" end-time="2017-05-02 03:42:19Z" duration="0.001407" asserts="12" />
            <test-case id="1409" name="Font_String_Float_FontStyle_GraphicsUnit_Display" fullname="MonoTests.System.Drawing.FontTest.Font_String_Float_FontStyle_GraphicsUnit_Display" methodname="Font_String_Float_FontStyle_GraphicsUnit_Display" classname="MonoTests.System.Drawing.FontTest" runstate="Runnable" seed="578203973" result="Passed" start-time="2017-05-02 03:42:19Z" end-time="2017-05-02 03:42:19Z" duration="0.000704" asserts="1" />
            <test-case id="1405" name="Font_StringNull_Float" fullname="MonoTests.System.Drawing.FontTest.Font_StringNull_Float" methodname="Font_StringNull_Float" classname="MonoTests.System.Drawing.FontTest" runstate="Runnable" seed="2132547015" result="Passed" start-time="2017-05-02 03:42:19Z" end-time="2017-05-02 03:42:19Z" duration="0.001201" asserts="5" />
            <test-case id="1430" name="FontUniqueHashCode" fullname="MonoTests.System.Drawing.FontTest.FontUniqueHashCode" methodname="FontUniqueHashCode" classname="MonoTests.System.Drawing.FontTest" runstate="Runnable" seed="575992966" result="Passed" start-time="2017-05-02 03:42:19Z" end-time="2017-05-02 03:42:19Z" duration="0.001075" asserts="2" />
            <test-case id="1432" name="GetHashCode_NameDiffers_HashesNotEqual" fullname="MonoTests.System.Drawing.FontTest.GetHashCode_NameDiffers_HashesNotEqual" methodname="GetHashCode_NameDiffers_HashesNotEqual" classname="MonoTests.System.Drawing.FontTest" runstate="Runnable" seed="655147123" result="Passed" start-time="2017-05-02 03:42:19Z" end-time="2017-05-02 03:42:19Z" duration="0.000723" asserts="1" />
            <test-case id="1433" name="GetHashCode_StyleEqualsGdiCharSet_HashesNotEqual" fullname="MonoTests.System.Drawing.FontTest.GetHashCode_StyleEqualsGdiCharSet_HashesNotEqual" methodname="GetHashCode_StyleEqualsGdiCharSet_HashesNotEqual" classname="MonoTests.System.Drawing.FontTest" runstate="Runnable" seed="963288599" result="Passed" start-time="2017-05-02 03:42:19Z" end-time="2017-05-02 03:42:19Z" duration="0.000392" asserts="1" />
            <test-case id="1431" name="GetHashCode_UnitDiffers_HashesNotEqual" fullname="MonoTests.System.Drawing.FontTest.GetHashCode_UnitDiffers_HashesNotEqual" methodname="GetHashCode_UnitDiffers_HashesNotEqual" classname="MonoTests.System.Drawing.FontTest" runstate="Runnable" seed="813335203" result="Passed" start-time="2017-05-02 03:42:19Z" end-time="2017-05-02 03:42:19Z" duration="0.000444" asserts="1" />
            <test-case id="1427" name="GetHeight_Float" fullname="MonoTests.System.Drawing.FontTest.GetHeight_Float" methodname="GetHeight_Float" classname="MonoTests.System.Drawing.FontTest" runstate="Runnable" seed="1985892377" result="Passed" start-time="2017-05-02 03:42:19Z" end-time="2017-05-02 03:42:19Z" duration="0.000630" asserts="1" />
            <test-case id="1428" name="GetHeight_Graphics" fullname="MonoTests.System.Drawing.FontTest.GetHeight_Graphics" methodname="GetHeight_Graphics" classname="MonoTests.System.Drawing.FontTest" runstate="Runnable" seed="1729327048" result="Passed" start-time="2017-05-02 03:42:19Z" end-time="2017-05-02 03:42:19Z" duration="0.001311" asserts="3" />
            <test-case id="1429" name="GetHeight_Graphics_Null" fullname="MonoTests.System.Drawing.FontTest.GetHeight_Graphics_Null" methodname="GetHeight_Graphics_Null" classname="MonoTests.System.Drawing.FontTest" runstate="Runnable" seed="464760146" result="Passed" start-time="2017-05-02 03:42:19Z" end-time="2017-05-02 03:42:19Z" duration="0.000861" asserts="1" />
            <test-case id="1399" name="TestClone" fullname="MonoTests.System.Drawing.FontTest.TestClone" methodname="TestClone" classname="MonoTests.System.Drawing.FontTest" runstate="Runnable" seed="84014239" result="Passed" start-time="2017-05-02 03:42:19Z" end-time="2017-05-02 03:42:19Z" duration="0.001941" asserts="13" />
            <test-case id="1401" name="ToLogFont_AssertUnmanagedCode" fullname="MonoTests.System.Drawing.FontTest.ToLogFont_AssertUnmanagedCode" methodname="ToLogFont_AssertUnmanagedCode" classname="MonoTests.System.Drawing.FontTest" runstate="Runnable" seed="199073854" result="Failed" label="Error" start-time="2017-05-02 03:42:19Z" end-time="2017-05-02 03:42:19Z" duration="0.013950" asserts="0">
              <failure>
                <message><![CDATA[System.ArgumentException : Object contains non-primitive or non-blittable data.]]></message>
                <stack-trace><![CDATA[   在 System.Runtime.InteropServices.GCHandle.InternalAlloc(Object value, GCHandleType type)
   在 System.Runtime.InteropServices.GCHandle.Alloc(Object value, GCHandleType type)
   在 System.DrawingCore.Font.ToLogFont(Object logFont, Graphics graphics)
   在 System.DrawingCore.Font.ToLogFont(Object logFont)
   在 MonoTests.System.Drawing.FontTest.ToLogFont_AssertUnmanagedCode() 位置 C:\ProgramData\Git\zkweb.system.drawing\src\ZKWeb.System.Drawing.Tests\System.Drawing\TestFont.cs:行号 146]]></stack-trace>
              </failure>
            </test-case>
            <test-case id="1400" name="ToLogFont_DenyUnmanagedCode" fullname="MonoTests.System.Drawing.FontTest.ToLogFont_DenyUnmanagedCode" methodname="ToLogFont_DenyUnmanagedCode" classname="MonoTests.System.Drawing.FontTest" runstate="Runnable" seed="102344849" result="Failed" start-time="2017-05-02 03:42:19Z" end-time="2017-05-02 03:42:19Z" duration="0.001517" asserts="1">
              <properties>
                <property name="Category" value="CAS" />
              </properties>
              <failure>
                <message><![CDATA[  Expected: <System.Security.SecurityException>
  But was:  <System.ArgumentException: Object contains non-primitive or non-blittable data.
   在 System.Runtime.InteropServices.GCHandle.InternalAlloc(Object value, GCHandleType type)
   在 System.Runtime.InteropServices.GCHandle.Alloc(Object value, GCHandleType type)
   在 System.DrawingCore.Font.ToLogFont(Object logFont, Graphics graphics)
   在 System.DrawingCore.Font.ToLogFont(Object logFont)
   在 NUnit.Framework.Assert.Throws(IResolveConstraint expression, TestDelegate code, String message, Object[] args)>
]]></message>
                <stack-trace><![CDATA[在 MonoTests.System.Drawing.FontTest.ToLogFont_DenyUnmanagedCode() 位置 C:\ProgramData\Git\zkweb.system.drawing\src\ZKWeb.System.Drawing.Tests\System.Drawing\TestFont.cs:行号 136
]]></stack-trace>
              </failure>
              <assertions>
                <assertion result="Failed">
                  <message><![CDATA[  Expected: <System.Security.SecurityException>
  But was:  <System.ArgumentException: Object contains non-primitive or non-blittable data.
   在 System.Runtime.InteropServices.GCHandle.InternalAlloc(Object value, GCHandleType type)
   在 System.Runtime.InteropServices.GCHandle.Alloc(Object value, GCHandleType type)
   在 System.DrawingCore.Font.ToLogFont(Object logFont, Graphics graphics)
   在 System.DrawingCore.Font.ToLogFont(Object logFont)
   在 NUnit.Framework.Assert.Throws(IResolveConstraint expression, TestDelegate code, String message, Object[] args)>
]]></message>
                  <stack-trace><![CDATA[在 MonoTests.System.Drawing.FontTest.ToLogFont_DenyUnmanagedCode() 位置 C:\ProgramData\Git\zkweb.system.drawing\src\ZKWeb.System.Drawing.Tests\System.Drawing\TestFont.cs:行号 136
]]></stack-trace>
                </assertion>
              </assertions>
            </test-case>
            <test-case id="1403" name="ToLogFont_Int" fullname="MonoTests.System.Drawing.FontTest.ToLogFont_Int" methodname="ToLogFont_Int" classname="MonoTests.System.Drawing.FontTest" runstate="Runnable" seed="1800560359" result="Passed" start-time="2017-05-02 03:42:19Z" end-time="2017-05-02 03:42:19Z" duration="0.000536" asserts="1" />
            <test-case id="1404" name="ToLogFont_Null" fullname="MonoTests.System.Drawing.FontTest.ToLogFont_Null" methodname="ToLogFont_Null" classname="MonoTests.System.Drawing.FontTest" runstate="Runnable" seed="389855527" result="Failed" start-time="2017-05-02 03:42:19Z" end-time="2017-05-02 03:42:19Z" duration="0.001171" asserts="1">
              <failure>
                <message><![CDATA[  Expected: <System.AccessViolationException>
  But was:  <System.ArgumentNullException: 值不能为 null。
参数名: logFont
   在 System.DrawingCore.Font.ToLogFont(Object logFont, Graphics graphics)
   在 System.DrawingCore.Font.ToLogFont(Object logFont)
   在 NUnit.Framework.Assert.Throws(IResolveConstraint expression, TestDelegate code, String message, Object[] args)>
]]></message>
                <stack-trace><![CDATA[在 MonoTests.System.Drawing.FontTest.ToLogFont_Null() 位置 C:\ProgramData\Git\zkweb.system.drawing\src\ZKWeb.System.Drawing.Tests\System.Drawing\TestFont.cs:行号 203
]]></stack-trace>
              </failure>
              <assertions>
                <assertion result="Failed">
                  <message><![CDATA[  Expected: <System.AccessViolationException>
  But was:  <System.ArgumentNullException: 值不能为 null。
参数名: logFont
   在 System.DrawingCore.Font.ToLogFont(Object logFont, Graphics graphics)
   在 System.DrawingCore.Font.ToLogFont(Object logFont)
   在 NUnit.Framework.Assert.Throws(IResolveConstraint expression, TestDelegate code, String message, Object[] args)>
]]></message>
                  <stack-trace><![CDATA[在 MonoTests.System.Drawing.FontTest.ToLogFont_Null() 位置 C:\ProgramData\Git\zkweb.system.drawing\src\ZKWeb.System.Drawing.Tests\System.Drawing\TestFont.cs:行号 203
]]></stack-trace>
                </assertion>
              </assertions>
            </test-case>
            <test-case id="1402" name="ToLogFont_TooSmall" fullname="MonoTests.System.Drawing.FontTest.ToLogFont_TooSmall" methodname="ToLogFont_TooSmall" classname="MonoTests.System.Drawing.FontTest" runstate="Runnable" seed="198136078" result="Passed" start-time="2017-05-02 03:42:19Z" end-time="2017-05-02 03:42:19Z" duration="0.000599" asserts="1" />
            <test-case id="1426" name="UnavailableStyleException" fullname="MonoTests.System.Drawing.FontTest.UnavailableStyleException" methodname="UnavailableStyleException" classname="MonoTests.System.Drawing.FontTest" runstate="Runnable" seed="512603372" result="Failed" start-time="2017-05-02 03:42:19Z" end-time="2017-05-02 03:42:19Z" duration="0.001277" asserts="1">
              <properties>
                <property name="Category" value="NotWorking" />
              </properties>
              <failure>
                <message><![CDATA[  Expected: <System.ArgumentException>
  But was:  null
]]></message>
                <stack-trace><![CDATA[在 MonoTests.System.Drawing.FontTest.UnavailableStyleException() 位置 C:\ProgramData\Git\zkweb.system.drawing\src\ZKWeb.System.Drawing.Tests\System.Drawing\TestFont.cs:行号 540
]]></stack-trace>
              </failure>
              <assertions>
                <assertion result="Failed">
                  <message><![CDATA[  Expected: <System.ArgumentException>
  But was:  null
]]></message>
                  <stack-trace><![CDATA[在 MonoTests.System.Drawing.FontTest.UnavailableStyleException() 位置 C:\ProgramData\Git\zkweb.system.drawing\src\ZKWeb.System.Drawing.Tests\System.Drawing\TestFont.cs:行号 540
]]></stack-trace>
                </assertion>
              </assertions>
            </test-case>
          </test-suite>
          <test-suite type="TestFixture" id="1094" name="GDIPlusTest" fullname="MonoTests.System.Drawing.GDIPlusTest" classname="MonoTests.System.Drawing.GDIPlusTest" runstate="Runnable" testcasecount="52" result="Failed" site="Child" start-time="2017-05-02 03:42:19Z" end-time="2017-05-02 03:42:19Z" duration="0.317939" total="52" passed="41" failed="11" warnings="0" inconclusive="0" skipped="0" asserts="571">
            <failure>
              <message><![CDATA[One or more child tests had errors]]></message>
            </failure>
            <test-case id="1098" name="CloneFontFamily" fullname="MonoTests.System.Drawing.GDIPlusTest.CloneFontFamily" methodname="CloneFontFamily" classname="MonoTests.System.Drawing.GDIPlusTest" runstate="Runnable" seed="1425162402" result="Passed" start-time="2017-05-02 03:42:19Z" end-time="2017-05-02 03:42:19Z" duration="0.001097" asserts="5" />
            <test-case id="1100" name="CreateBitmapFromScan0" fullname="MonoTests.System.Drawing.GDIPlusTest.CreateBitmapFromScan0" methodname="CreateBitmapFromScan0" classname="MonoTests.System.Drawing.GDIPlusTest" runstate="Runnable" seed="277952746" result="Passed" start-time="2017-05-02 03:42:19Z" end-time="2017-05-02 03:42:19Z" duration="0.000379" asserts="1" />
            <test-case id="1095" name="CreateCustomLineCap" fullname="MonoTests.System.Drawing.GDIPlusTest.CreateCustomLineCap" methodname="CreateCustomLineCap" classname="MonoTests.System.Drawing.GDIPlusTest" runstate="Runnable" seed="1615375899" result="Passed" start-time="2017-05-02 03:42:19Z" end-time="2017-05-02 03:42:19Z" duration="0.001499" asserts="6" />
            <test-case id="1099" name="CreateFont" fullname="MonoTests.System.Drawing.GDIPlusTest.CreateFont" methodname="CreateFont" classname="MonoTests.System.Drawing.GDIPlusTest" runstate="Runnable" seed="1004193679" result="Passed" start-time="2017-05-02 03:42:19Z" end-time="2017-05-02 03:42:19Z" duration="0.002800" asserts="17" />
            <test-case id="1127" name="CreatePathGradient" fullname="MonoTests.System.Drawing.GDIPlusTest.CreatePathGradient" methodname="CreatePathGradient" classname="MonoTests.System.Drawing.GDIPlusTest" runstate="Runnable" seed="1734150158" result="Passed" start-time="2017-05-02 03:42:19Z" end-time="2017-05-02 03:42:19Z" duration="0.001802" asserts="10" />
            <test-case id="1128" name="CreatePathGradient_FromPath_Line" fullname="MonoTests.System.Drawing.GDIPlusTest.CreatePathGradient_FromPath_Line" methodname="CreatePathGradient_FromPath_Line" classname="MonoTests.System.Drawing.GDIPlusTest" runstate="Runnable" seed="654813851" result="Passed" start-time="2017-05-02 03:42:19Z" end-time="2017-05-02 03:42:19Z" duration="0.001702" asserts="11" />
            <test-case id="1129" name="CreatePathGradient_FromPath_Lines" fullname="MonoTests.System.Drawing.GDIPlusTest.CreatePathGradient_FromPath_Lines" methodname="CreatePathGradient_FromPath_Lines" classname="MonoTests.System.Drawing.GDIPlusTest" runstate="Runnable" seed="1627980290" result="Passed" start-time="2017-05-02 03:42:19Z" end-time="2017-05-02 03:42:19Z" duration="0.001619" asserts="9" />
            <test-case id="1130" name="CreatePen" fullname="MonoTests.System.Drawing.GDIPlusTest.CreatePen" methodname="CreatePen" classname="MonoTests.System.Drawing.GDIPlusTest" runstate="Runnable" seed="934963423" result="Passed" start-time="2017-05-02 03:42:19Z" end-time="2017-05-02 03:42:19Z" duration="0.002781" asserts="14" />
            <test-case id="1132" name="CreateRegionRgnData" fullname="MonoTests.System.Drawing.GDIPlusTest.CreateRegionRgnData" methodname="CreateRegionRgnData" classname="MonoTests.System.Drawing.GDIPlusTest" runstate="Runnable" seed="1237508315" result="Passed" start-time="2017-05-02 03:42:19Z" end-time="2017-05-02 03:42:19Z" duration="0.000756" asserts="2" />
            <test-case id="1104" name="DeleteBrush" fullname="MonoTests.System.Drawing.GDIPlusTest.DeleteBrush" methodname="DeleteBrush" classname="MonoTests.System.Drawing.GDIPlusTest" runstate="Runnable" seed="1109079836" result="Passed" start-time="2017-05-02 03:42:19Z" end-time="2017-05-02 03:42:19Z" duration="0.000503" asserts="1" />
            <test-case id="1096" name="DeleteFontFamily" fullname="MonoTests.System.Drawing.GDIPlusTest.DeleteFontFamily" methodname="DeleteFontFamily" classname="MonoTests.System.Drawing.GDIPlusTest" runstate="Runnable" seed="724369679" result="Passed" start-time="2017-05-02 03:42:19Z" end-time="2017-05-02 03:42:19Z" duration="0.000804" asserts="2" />
            <test-case id="1097" name="DeleteFontFamily_DoubleDispose" fullname="MonoTests.System.Drawing.GDIPlusTest.DeleteFontFamily_DoubleDispose" methodname="DeleteFontFamily_DoubleDispose" classname="MonoTests.System.Drawing.GDIPlusTest" runstate="Runnable" seed="602261365" result="Failed" start-time="2017-05-02 03:42:19Z" end-time="2017-05-02 03:42:19Z" duration="0.001491" asserts="0">
              <properties>
                <property name="Category" value="NotWorking" />
              </properties>
              <failure>
                <message><![CDATA[Wont pass on linux]]></message>
                <stack-trace><![CDATA[在 MonoTests.System.Drawing.GDIPlusTest.DeleteFontFamily_DoubleDispose() 位置 C:\ProgramData\Git\zkweb.system.drawing\src\ZKWeb.System.Drawing.Tests\System.Drawing\GDIPlusTest.cs:行号 103
]]></stack-trace>
              </failure>
              <assertions>
                <assertion result="Failed">
                  <message><![CDATA[Wont pass on linux]]></message>
                  <stack-trace><![CDATA[在 MonoTests.System.Drawing.GDIPlusTest.DeleteFontFamily_DoubleDispose() 位置 C:\ProgramData\Git\zkweb.system.drawing\src\ZKWeb.System.Drawing.Tests\System.Drawing\GDIPlusTest.cs:行号 103
]]></stack-trace>
                </assertion>
              </assertions>
            </test-case>
            <test-case id="1118" name="DisposeImage" fullname="MonoTests.System.Drawing.GDIPlusTest.DisposeImage" methodname="DisposeImage" classname="MonoTests.System.Drawing.GDIPlusTest" runstate="Runnable" seed="2087030598" result="Passed" start-time="2017-05-02 03:42:19Z" end-time="2017-05-02 03:42:19Z" duration="0.000757" asserts="2" />
            <test-case id="1119" name="DisposeImage_Dual" fullname="MonoTests.System.Drawing.GDIPlusTest.DisposeImage_Dual" methodname="DisposeImage_Dual" classname="MonoTests.System.Drawing.GDIPlusTest" runstate="Runnable" seed="1805939939" result="Passed" start-time="2017-05-02 03:42:19Z" end-time="2017-05-02 03:42:19Z" duration="0.000781" asserts="2">
              <properties>
                <property name="Category" value="NotWorking" />
              </properties>
            </test-case>
            <test-case id="1133" name="DrawingOperations" fullname="MonoTests.System.Drawing.GDIPlusTest.DrawingOperations" methodname="DrawingOperations" classname="MonoTests.System.Drawing.GDIPlusTest" runstate="Runnable" seed="1664038466" result="Passed" start-time="2017-05-02 03:42:19Z" end-time="2017-05-02 03:42:19Z" duration="0.003808" asserts="12" />
            <test-case id="1109" name="DrawRectangles" fullname="MonoTests.System.Drawing.GDIPlusTest.DrawRectangles" methodname="DrawRectangles" classname="MonoTests.System.Drawing.GDIPlusTest" runstate="Runnable" seed="716584186" result="Passed" start-time="2017-05-02 03:42:19Z" end-time="2017-05-02 03:42:19Z" duration="0.004845" asserts="20" />
            <test-case id="1125" name="Encoder" fullname="MonoTests.System.Drawing.GDIPlusTest.Encoder" methodname="Encoder" classname="MonoTests.System.Drawing.GDIPlusTest" runstate="Runnable" seed="1830656170" result="Passed" start-time="2017-05-02 03:42:19Z" end-time="2017-05-02 03:42:19Z" duration="0.001719" asserts="2" />
            <test-case id="1102" name="Format16bppGrayScale_GetSetPixel" fullname="MonoTests.System.Drawing.GDIPlusTest.Format16bppGrayScale_GetSetPixel" methodname="Format16bppGrayScale_GetSetPixel" classname="MonoTests.System.Drawing.GDIPlusTest" runstate="Runnable" seed="1370514393" result="Passed" start-time="2017-05-02 03:42:19Z" end-time="2017-05-02 03:42:19Z" duration="0.001824" asserts="5">
              <properties>
                <property name="Category" value="NotWorking" />
              </properties>
            </test-case>
            <test-case id="1101" name="Format1bppIndexed_GetSetPixel" fullname="MonoTests.System.Drawing.GDIPlusTest.Format1bppIndexed_GetSetPixel" methodname="Format1bppIndexed_GetSetPixel" classname="MonoTests.System.Drawing.GDIPlusTest" runstate="Runnable" seed="1605718880" result="Failed" start-time="2017-05-02 03:42:19Z" end-time="2017-05-02 03:42:19Z" duration="0.002233" asserts="6">
              <failure>
                <message><![CDATA[  GdipBitmapSetPixel
  Expected: InvalidParameter
  But was:  Ok
]]></message>
                <stack-trace><![CDATA[在 MonoTests.System.Drawing.GDIPlusTest.Format1bppIndexed_GetSetPixel() 位置 C:\ProgramData\Git\zkweb.system.drawing\src\ZKWeb.System.Drawing.Tests\System.Drawing\GDIPlusTest.cs:行号 194
]]></stack-trace>
              </failure>
              <assertions>
                <assertion result="Failed">
                  <message><![CDATA[  GdipBitmapSetPixel
  Expected: InvalidParameter
  But was:  Ok
]]></message>
                  <stack-trace><![CDATA[在 MonoTests.System.Drawing.GDIPlusTest.Format1bppIndexed_GetSetPixel() 位置 C:\ProgramData\Git\zkweb.system.drawing\src\ZKWeb.System.Drawing.Tests\System.Drawing\GDIPlusTest.cs:行号 194
]]></stack-trace>
                </assertion>
              </assertions>
            </test-case>
            <test-case id="1122" name="FromFile_IndexedBitmap" fullname="MonoTests.System.Drawing.GDIPlusTest.FromFile_IndexedBitmap" methodname="FromFile_IndexedBitmap" classname="MonoTests.System.Drawing.GDIPlusTest" runstate="Runnable" seed="329828103" result="Failed" start-time="2017-05-02 03:42:19Z" end-time="2017-05-02 03:42:19Z" duration="0.002032" asserts="1">
              <failure>
                <message><![CDATA[  GdipLoadImageFromFile
  Expected: Ok
  But was:  OutOfMemory
]]></message>
                <stack-trace><![CDATA[在 MonoTests.System.Drawing.GDIPlusTest.FromFile_IndexedBitmap() 位置 C:\ProgramData\Git\zkweb.system.drawing\src\ZKWeb.System.Drawing.Tests\System.Drawing\GDIPlusTest.cs:行号 895
]]></stack-trace>
              </failure>
              <assertions>
                <assertion result="Failed">
                  <message><![CDATA[  GdipLoadImageFromFile
  Expected: Ok
  But was:  OutOfMemory
]]></message>
                  <stack-trace><![CDATA[在 MonoTests.System.Drawing.GDIPlusTest.FromFile_IndexedBitmap() 位置 C:\ProgramData\Git\zkweb.system.drawing\src\ZKWeb.System.Drawing.Tests\System.Drawing\GDIPlusTest.cs:行号 895
]]></stack-trace>
                </assertion>
              </assertions>
            </test-case>
            <test-case id="1124" name="GdipCreateBitmapFromFile_FileNotFound" fullname="MonoTests.System.Drawing.GDIPlusTest.GdipCreateBitmapFromFile_FileNotFound" methodname="GdipCreateBitmapFromFile_FileNotFound" classname="MonoTests.System.Drawing.GDIPlusTest" runstate="Runnable" seed="708705365" result="Passed" start-time="2017-05-02 03:42:19Z" end-time="2017-05-02 03:42:19Z" duration="0.001545" asserts="1" />
            <test-case id="1108" name="GdipCreateFromHDC_Null" fullname="MonoTests.System.Drawing.GDIPlusTest.GdipCreateFromHDC_Null" methodname="GdipCreateFromHDC_Null" classname="MonoTests.System.Drawing.GDIPlusTest" runstate="Runnable" seed="1708310940" result="Passed" start-time="2017-05-02 03:42:19Z" end-time="2017-05-02 03:42:19Z" duration="0.000579" asserts="1" />
            <test-case id="1105" name="GdipGetImageGraphicsContext_Null" fullname="MonoTests.System.Drawing.GDIPlusTest.GdipGetImageGraphicsContext_Null" methodname="GdipGetImageGraphicsContext_Null" classname="MonoTests.System.Drawing.GDIPlusTest" runstate="Runnable" seed="348215389" result="Passed" start-time="2017-05-02 03:42:19Z" end-time="2017-05-02 03:42:19Z" duration="0.000483" asserts="1" />
            <test-case id="1123" name="GdipLoadImageFromFile_FileNotFound" fullname="MonoTests.System.Drawing.GDIPlusTest.GdipLoadImageFromFile_FileNotFound" methodname="GdipLoadImageFromFile_FileNotFound" classname="MonoTests.System.Drawing.GDIPlusTest" runstate="Runnable" seed="1170606496" result="Passed" start-time="2017-05-02 03:42:19Z" end-time="2017-05-02 03:42:19Z" duration="0.001669" asserts="1" />
            <test-case id="1120" name="GetImageThumbnail" fullname="MonoTests.System.Drawing.GDIPlusTest.GetImageThumbnail" methodname="GetImageThumbnail" classname="MonoTests.System.Drawing.GDIPlusTest" runstate="Runnable" seed="1429159782" result="Passed" start-time="2017-05-02 03:42:19Z" end-time="2017-05-02 03:42:19Z" duration="0.001396" asserts="5">
              <properties>
                <property name="Category" value="NotWorking" />
              </properties>
            </test-case>
            <test-case id="1111" name="GetPointCount_Zero" fullname="MonoTests.System.Drawing.GDIPlusTest.GetPointCount_Zero" methodname="GetPointCount_Zero" classname="MonoTests.System.Drawing.GDIPlusTest" runstate="Runnable" seed="1852664742" result="Passed" start-time="2017-05-02 03:42:19Z" end-time="2017-05-02 03:42:19Z" duration="0.003746" asserts="23" />
            <test-case id="1106" name="Graphics_FromImage_Bitmap" fullname="MonoTests.System.Drawing.GDIPlusTest.Graphics_FromImage_Bitmap" methodname="Graphics_FromImage_Bitmap" classname="MonoTests.System.Drawing.GDIPlusTest" runstate="Runnable" seed="1400875405" result="Failed" start-time="2017-05-02 03:42:19Z" end-time="2017-05-02 03:42:19Z" duration="0.006459" asserts="23">
              <failure>
                <message><![CDATA[  Document
  Expected: NotImplemented
  But was:  Ok
]]></message>
                <stack-trace><![CDATA[在 MonoTests.System.Drawing.GDIPlusTest.Graphics_DrawImage(IntPtr image, Boolean metafile) 位置 C:\ProgramData\Git\zkweb.system.drawing\src\ZKWeb.System.Drawing.Tests\System.Drawing\GDIPlusTest.cs:行号 299
在 MonoTests.System.Drawing.GDIPlusTest.Graphics_FromImage_Bitmap() 位置 C:\ProgramData\Git\zkweb.system.drawing\src\ZKWeb.System.Drawing.Tests\System.Drawing\GDIPlusTest.cs:行号 319
]]></stack-trace>
              </failure>
              <assertions>
                <assertion result="Failed">
                  <message><![CDATA[  Document
  Expected: NotImplemented
  But was:  Ok
]]></message>
                  <stack-trace><![CDATA[在 MonoTests.System.Drawing.GDIPlusTest.Graphics_DrawImage(IntPtr image, Boolean metafile) 位置 C:\ProgramData\Git\zkweb.system.drawing\src\ZKWeb.System.Drawing.Tests\System.Drawing\GDIPlusTest.cs:行号 299
在 MonoTests.System.Drawing.GDIPlusTest.Graphics_FromImage_Bitmap() 位置 C:\ProgramData\Git\zkweb.system.drawing\src\ZKWeb.System.Drawing.Tests\System.Drawing\GDIPlusTest.cs:行号 319
]]></stack-trace>
                </assertion>
              </assertions>
            </test-case>
            <test-case id="1107" name="Graphics_FromImage_Metafile" fullname="MonoTests.System.Drawing.GDIPlusTest.Graphics_FromImage_Metafile" methodname="Graphics_FromImage_Metafile" classname="MonoTests.System.Drawing.GDIPlusTest" runstate="Runnable" seed="2034328907" result="Failed" start-time="2017-05-02 03:42:19Z" end-time="2017-05-02 03:42:19Z" duration="0.001451" asserts="0">
              <properties>
                <property name="Category" value="NotWorking" />
              </properties>
              <failure>
                <message><![CDATA[This test case will cause memory error, ignore for now]]></message>
                <stack-trace><![CDATA[在 MonoTests.System.Drawing.GDIPlusTest.Graphics_FromImage_Metafile() 位置 C:\ProgramData\Git\zkweb.system.drawing\src\ZKWeb.System.Drawing.Tests\System.Drawing\GDIPlusTest.cs:行号 327
]]></stack-trace>
              </failure>
              <assertions>
                <assertion result="Failed">
                  <message><![CDATA[This test case will cause memory error, ignore for now]]></message>
                  <stack-trace><![CDATA[在 MonoTests.System.Drawing.GDIPlusTest.Graphics_FromImage_Metafile() 位置 C:\ProgramData\Git\zkweb.system.drawing\src\ZKWeb.System.Drawing.Tests\System.Drawing\GDIPlusTest.cs:行号 327
]]></stack-trace>
                </assertion>
              </assertions>
            </test-case>
            <test-case id="1113" name="GraphicsPathIterator" fullname="MonoTests.System.Drawing.GDIPlusTest.GraphicsPathIterator" methodname="GraphicsPathIterator" classname="MonoTests.System.Drawing.GDIPlusTest" runstate="Runnable" seed="322759108" result="Passed" start-time="2017-05-02 03:42:19Z" end-time="2017-05-02 03:42:19Z" duration="0.006147" asserts="48" />
            <test-case id="1114" name="GraphicsPathIterator_WithoutPath" fullname="MonoTests.System.Drawing.GDIPlusTest.GraphicsPathIterator_WithoutPath" methodname="GraphicsPathIterator_WithoutPath" classname="MonoTests.System.Drawing.GDIPlusTest" runstate="Runnable" seed="27594640" result="Passed" start-time="2017-05-02 03:42:19Z" end-time="2017-05-02 03:42:19Z" duration="0.003089" asserts="27" />
            <test-case id="1121" name="Icon" fullname="MonoTests.System.Drawing.GDIPlusTest.Icon" methodname="Icon" classname="MonoTests.System.Drawing.GDIPlusTest" runstate="Runnable" seed="1584599009" result="Failed" start-time="2017-05-02 03:42:19Z" end-time="2017-05-02 03:42:19Z" duration="0.003198" asserts="1">
              <failure>
                <message><![CDATA[  GdipCreateBitmapFromFile
  Expected: Ok
  But was:  InvalidParameter
]]></message>
                <stack-trace><![CDATA[在 MonoTests.System.Drawing.GDIPlusTest.Icon() 位置 C:\ProgramData\Git\zkweb.system.drawing\src\ZKWeb.System.Drawing.Tests\System.Drawing\GDIPlusTest.cs:行号 842
]]></stack-trace>
              </failure>
              <assertions>
                <assertion result="Failed">
                  <message><![CDATA[  GdipCreateBitmapFromFile
  Expected: Ok
  But was:  InvalidParameter
]]></message>
                  <stack-trace><![CDATA[在 MonoTests.System.Drawing.GDIPlusTest.Icon() 位置 C:\ProgramData\Git\zkweb.system.drawing\src\ZKWeb.System.Drawing.Tests\System.Drawing\GDIPlusTest.cs:行号 842
]]></stack-trace>
                </assertion>
              </assertions>
            </test-case>
            <test-case id="1126" name="ImageAttribute" fullname="MonoTests.System.Drawing.GDIPlusTest.ImageAttribute" methodname="ImageAttribute" classname="MonoTests.System.Drawing.GDIPlusTest" runstate="Runnable" seed="477696019" result="Passed" start-time="2017-05-02 03:42:19Z" end-time="2017-05-02 03:42:19Z" duration="0.002754" asserts="10" />
            <test-case id="1115" name="Matrix" fullname="MonoTests.System.Drawing.GDIPlusTest.Matrix" methodname="Matrix" classname="MonoTests.System.Drawing.GDIPlusTest" runstate="Runnable" seed="1930371254" result="Passed" start-time="2017-05-02 03:42:19Z" end-time="2017-05-02 03:42:19Z" duration="0.004363" asserts="44" />
            <test-case id="1116" name="Matrix2" fullname="MonoTests.System.Drawing.GDIPlusTest.Matrix2" methodname="Matrix2" classname="MonoTests.System.Drawing.GDIPlusTest" runstate="Runnable" seed="1778299511" result="Passed" start-time="2017-05-02 03:42:19Z" end-time="2017-05-02 03:42:19Z" duration="0.002372" asserts="14" />
            <test-case id="1117" name="Matrix3" fullname="MonoTests.System.Drawing.GDIPlusTest.Matrix3" methodname="Matrix3" classname="MonoTests.System.Drawing.GDIPlusTest" runstate="Runnable" seed="1601874424" result="Passed" start-time="2017-05-02 03:42:19Z" end-time="2017-05-02 03:42:19Z" duration="0.001290" asserts="7" />
            <test-case id="1110" name="MeasureCharacterRanges" fullname="MonoTests.System.Drawing.GDIPlusTest.MeasureCharacterRanges" methodname="MeasureCharacterRanges" classname="MonoTests.System.Drawing.GDIPlusTest" runstate="Runnable" seed="1001557354" result="Passed" start-time="2017-05-02 03:42:19Z" end-time="2017-05-02 03:42:19Z" duration="0.002976" asserts="16" />
            <test-case id="1141" name="Metafile" fullname="MonoTests.System.Drawing.GDIPlusTest.Metafile" methodname="Metafile" classname="MonoTests.System.Drawing.GDIPlusTest" runstate="Runnable" seed="1864500747" result="Failed" start-time="2017-05-02 03:42:19Z" end-time="2017-05-02 03:42:19Z" duration="0.003421" asserts="3">
              <failure>
                <message><![CDATA[  GdipCreateMetafileFromFile
  Expected: Ok
  But was:  GenericError
]]></message>
                <stack-trace><![CDATA[在 MonoTests.System.Drawing.GDIPlusTest.Metafile() 位置 C:\ProgramData\Git\zkweb.system.drawing\src\ZKWeb.System.Drawing.Tests\System.Drawing\GDIPlusTest.cs:行号 1498
]]></stack-trace>
              </failure>
              <assertions>
                <assertion result="Failed">
                  <message><![CDATA[  GdipCreateMetafileFromFile
  Expected: Ok
  But was:  GenericError
]]></message>
                  <stack-trace><![CDATA[在 MonoTests.System.Drawing.GDIPlusTest.Metafile() 位置 C:\ProgramData\Git\zkweb.system.drawing\src\ZKWeb.System.Drawing.Tests\System.Drawing\GDIPlusTest.cs:行号 1498
]]></stack-trace>
                </assertion>
              </assertions>
            </test-case>
            <test-case id="1142" name="Metafile_GetMetafileHeaderFromFile" fullname="MonoTests.System.Drawing.GDIPlusTest.Metafile_GetMetafileHeaderFromFile" methodname="Metafile_GetMetafileHeaderFromFile" classname="MonoTests.System.Drawing.GDIPlusTest" runstate="Runnable" seed="61201478" result="Failed" start-time="2017-05-02 03:42:19Z" end-time="2017-05-02 03:42:19Z" duration="0.002236" asserts="3">
              <failure>
                <message><![CDATA[  GdipGetMetafileHeaderFromFile(file,ptr)
  Expected: Ok
  But was:  InvalidParameter
]]></message>
                <stack-trace><![CDATA[在 MonoTests.System.Drawing.GDIPlusTest.Metafile_GetMetafileHeaderFromFile() 位置 C:\ProgramData\Git\zkweb.system.drawing\src\ZKWeb.System.Drawing.Tests\System.Drawing\GDIPlusTest.cs:行号 1538
]]></stack-trace>
              </failure>
              <assertions>
                <assertion result="Failed">
                  <message><![CDATA[  GdipGetMetafileHeaderFromFile(file,ptr)
  Expected: Ok
  But was:  InvalidParameter
]]></message>
                  <stack-trace><![CDATA[在 MonoTests.System.Drawing.GDIPlusTest.Metafile_GetMetafileHeaderFromFile() 位置 C:\ProgramData\Git\zkweb.system.drawing\src\ZKWeb.System.Drawing.Tests\System.Drawing\GDIPlusTest.cs:行号 1538
]]></stack-trace>
                </assertion>
              </assertions>
            </test-case>
            <test-case id="1143" name="Metafile_Hemf" fullname="MonoTests.System.Drawing.GDIPlusTest.Metafile_Hemf" methodname="Metafile_Hemf" classname="MonoTests.System.Drawing.GDIPlusTest" runstate="Runnable" seed="769969256" result="Failed" start-time="2017-05-02 03:42:19Z" end-time="2017-05-02 03:42:19Z" duration="0.002122" asserts="1">
              <failure>
                <message><![CDATA[  GdipCreateMetafileFromFile
  Expected: Ok
  But was:  GenericError
]]></message>
                <stack-trace><![CDATA[在 MonoTests.System.Drawing.GDIPlusTest.Metafile_Hemf() 位置 C:\ProgramData\Git\zkweb.system.drawing\src\ZKWeb.System.Drawing.Tests\System.Drawing\GDIPlusTest.cs:行号 1554
]]></stack-trace>
              </failure>
              <assertions>
                <assertion result="Failed">
                  <message><![CDATA[  GdipCreateMetafileFromFile
  Expected: Ok
  But was:  GenericError
]]></message>
                  <stack-trace><![CDATA[在 MonoTests.System.Drawing.GDIPlusTest.Metafile_Hemf() 位置 C:\ProgramData\Git\zkweb.system.drawing\src\ZKWeb.System.Drawing.Tests\System.Drawing\GDIPlusTest.cs:行号 1554
]]></stack-trace>
                </assertion>
              </assertions>
            </test-case>
            <test-case id="1145" name="Metafile_InImageAPI" fullname="MonoTests.System.Drawing.GDIPlusTest.Metafile_InImageAPI" methodname="Metafile_InImageAPI" classname="MonoTests.System.Drawing.GDIPlusTest" runstate="Runnable" seed="2090249341" result="Failed" start-time="2017-05-02 03:42:19Z" end-time="2017-05-02 03:42:19Z" duration="0.001559" asserts="1">
              <failure>
                <message><![CDATA[  GdipCreateMetafileFromFile
  Expected: Ok
  But was:  GenericError
]]></message>
                <stack-trace><![CDATA[在 MonoTests.System.Drawing.GDIPlusTest.Metafile_InImageAPI() 位置 C:\ProgramData\Git\zkweb.system.drawing\src\ZKWeb.System.Drawing.Tests\System.Drawing\GDIPlusTest.cs:行号 1705
]]></stack-trace>
              </failure>
              <assertions>
                <assertion result="Failed">
                  <message><![CDATA[  GdipCreateMetafileFromFile
  Expected: Ok
  But was:  GenericError
]]></message>
                  <stack-trace><![CDATA[在 MonoTests.System.Drawing.GDIPlusTest.Metafile_InImageAPI() 位置 C:\ProgramData\Git\zkweb.system.drawing\src\ZKWeb.System.Drawing.Tests\System.Drawing\GDIPlusTest.cs:行号 1705
]]></stack-trace>
                </assertion>
              </assertions>
            </test-case>
            <test-case id="1144" name="MetafileAsImage_InImageAPI" fullname="MonoTests.System.Drawing.GDIPlusTest.MetafileAsImage_InImageAPI" methodname="MetafileAsImage_InImageAPI" classname="MonoTests.System.Drawing.GDIPlusTest" runstate="Runnable" seed="52783307" result="Failed" start-time="2017-05-02 03:42:19Z" end-time="2017-05-02 03:42:19Z" duration="0.001525" asserts="1">
              <failure>
                <message><![CDATA[  GdipLoadImageFromFile
  Expected: Ok
  But was:  OutOfMemory
]]></message>
                <stack-trace><![CDATA[在 MonoTests.System.Drawing.GDIPlusTest.MetafileAsImage_InImageAPI() 位置 C:\ProgramData\Git\zkweb.system.drawing\src\ZKWeb.System.Drawing.Tests\System.Drawing\GDIPlusTest.cs:行号 1690
]]></stack-trace>
              </failure>
              <assertions>
                <assertion result="Failed">
                  <message><![CDATA[  GdipLoadImageFromFile
  Expected: Ok
  But was:  OutOfMemory
]]></message>
                  <stack-trace><![CDATA[在 MonoTests.System.Drawing.GDIPlusTest.MetafileAsImage_InImageAPI() 位置 C:\ProgramData\Git\zkweb.system.drawing\src\ZKWeb.System.Drawing.Tests\System.Drawing\GDIPlusTest.cs:行号 1690
]]></stack-trace>
                </assertion>
              </assertions>
            </test-case>
            <test-case id="1131" name="PenColor_81266" fullname="MonoTests.System.Drawing.GDIPlusTest.PenColor_81266" methodname="PenColor_81266" classname="MonoTests.System.Drawing.GDIPlusTest" runstate="Runnable" seed="1492592575" result="Passed" start-time="2017-05-02 03:42:19Z" end-time="2017-05-02 03:42:19Z" duration="0.002789" asserts="16" />
            <test-case id="1146" name="RecordMetafileFileName" fullname="MonoTests.System.Drawing.GDIPlusTest.RecordMetafileFileName" methodname="RecordMetafileFileName" classname="MonoTests.System.Drawing.GDIPlusTest" runstate="Runnable" seed="1316173728" result="Passed" start-time="2017-05-02 03:42:19Z" end-time="2017-05-02 03:42:19Z" duration="0.014456" asserts="17" />
            <test-case id="1134" name="StringFormat" fullname="MonoTests.System.Drawing.GDIPlusTest.StringFormat" methodname="StringFormat" classname="MonoTests.System.Drawing.GDIPlusTest" runstate="Runnable" seed="1928170560" result="Passed" start-time="2017-05-02 03:42:19Z" end-time="2017-05-02 03:42:19Z" duration="0.007800" asserts="37" />
            <test-case id="1135" name="StringFormat_Clone" fullname="MonoTests.System.Drawing.GDIPlusTest.StringFormat_Clone" methodname="StringFormat_Clone" classname="MonoTests.System.Drawing.GDIPlusTest" runstate="Runnable" seed="1793500329" result="Passed" start-time="2017-05-02 03:42:19Z" end-time="2017-05-02 03:42:19Z" duration="0.001133" asserts="26" />
            <test-case id="1136" name="StringFormat_GenericDefault" fullname="MonoTests.System.Drawing.GDIPlusTest.StringFormat_GenericDefault" methodname="StringFormat_GenericDefault" classname="MonoTests.System.Drawing.GDIPlusTest" runstate="Runnable" seed="945072470" result="Passed" start-time="2017-05-02 03:42:19Z" end-time="2017-05-02 03:42:19Z" duration="0.000597" asserts="23" />
            <test-case id="1137" name="StringFormat_GenericTypographic" fullname="MonoTests.System.Drawing.GDIPlusTest.StringFormat_GenericTypographic" methodname="StringFormat_GenericTypographic" classname="MonoTests.System.Drawing.GDIPlusTest" runstate="Runnable" seed="187045458" result="Passed" start-time="2017-05-02 03:42:19Z" end-time="2017-05-02 03:42:19Z" duration="0.000726" asserts="23" />
            <test-case id="1138" name="Texture" fullname="MonoTests.System.Drawing.GDIPlusTest.Texture" methodname="Texture" classname="MonoTests.System.Drawing.GDIPlusTest" runstate="Runnable" seed="1488331342" result="Passed" start-time="2017-05-02 03:42:19Z" end-time="2017-05-02 03:42:19Z" duration="0.001957" asserts="8" />
            <test-case id="1139" name="Texture2" fullname="MonoTests.System.Drawing.GDIPlusTest.Texture2" methodname="Texture2" classname="MonoTests.System.Drawing.GDIPlusTest" runstate="Runnable" seed="1459782034" result="Passed" start-time="2017-05-02 03:42:19Z" end-time="2017-05-02 03:42:19Z" duration="0.003317" asserts="19" />
            <test-case id="1140" name="TextureIA" fullname="MonoTests.System.Drawing.GDIPlusTest.TextureIA" methodname="TextureIA" classname="MonoTests.System.Drawing.GDIPlusTest" runstate="Runnable" seed="142425121" result="Passed" start-time="2017-05-02 03:42:19Z" end-time="2017-05-02 03:42:19Z" duration="0.002896" asserts="18" />
            <test-case id="1103" name="Unlock" fullname="MonoTests.System.Drawing.GDIPlusTest.Unlock" methodname="Unlock" classname="MonoTests.System.Drawing.GDIPlusTest" runstate="Runnable" seed="202282829" result="Passed" start-time="2017-05-02 03:42:19Z" end-time="2017-05-02 03:42:19Z" duration="0.002311" asserts="12" />
            <test-case id="1112" name="Widen" fullname="MonoTests.System.Drawing.GDIPlusTest.Widen" methodname="Widen" classname="MonoTests.System.Drawing.GDIPlusTest" runstate="Runnable" seed="1263327523" result="Passed" start-time="2017-05-02 03:42:19Z" end-time="2017-05-02 03:42:19Z" duration="0.002625" asserts="13" />
          </test-suite>
          <test-suite type="TestFixture" id="1626" name="GraphicsFullTrustTest" fullname="MonoTests.System.Drawing.GraphicsFullTrustTest" classname="MonoTests.System.Drawing.GraphicsFullTrustTest" runstate="Runnable" testcasecount="1" result="Passed" start-time="2017-05-02 03:42:19Z" end-time="2017-05-02 03:42:19Z" duration="0.004056" total="1" passed="1" failed="0" warnings="0" inconclusive="0" skipped="0" asserts="1">
            <test-case id="1627" name="GetReleaseHdc" fullname="MonoTests.System.Drawing.GraphicsFullTrustTest.GetReleaseHdc" methodname="GetReleaseHdc" classname="MonoTests.System.Drawing.GraphicsFullTrustTest" runstate="Runnable" seed="1567185755" result="Passed" start-time="2017-05-02 03:42:19Z" end-time="2017-05-02 03:42:19Z" duration="0.000674" asserts="1" />
          </test-suite>
          <test-suite type="TestFixture" id="1438" name="GraphicsTest" fullname="MonoTests.System.Drawing.GraphicsTest" classname="MonoTests.System.Drawing.GraphicsTest" runstate="Runnable" testcasecount="187" result="Failed" site="Child" start-time="2017-05-02 03:42:19Z" end-time="2017-05-02 03:42:20Z" duration="1.049439" total="187" passed="176" failed="11" warnings="0" inconclusive="0" skipped="0" asserts="1345">
            <failure>
              <message><![CDATA[One or more child tests had errors]]></message>
            </failure>
            <test-case id="1573" name="BeginContainer" fullname="MonoTests.System.Drawing.GraphicsTest.BeginContainer" methodname="BeginContainer" classname="MonoTests.System.Drawing.GraphicsTest" runstate="Runnable" seed="757436298" result="Passed" start-time="2017-05-02 03:42:19Z" end-time="2017-05-02 03:42:19Z" duration="0.011005" asserts="54" />
            <test-case id="1579" name="BeginContainer_GraphicsUnit_Bad" fullname="MonoTests.System.Drawing.GraphicsTest.BeginContainer_GraphicsUnit_Bad" methodname="BeginContainer_GraphicsUnit_Bad" classname="MonoTests.System.Drawing.GraphicsTest" runstate="Runnable" seed="1222775882" result="Passed" start-time="2017-05-02 03:42:19Z" end-time="2017-05-02 03:42:19Z" duration="0.001101" asserts="1" />
            <test-case id="1576" name="BeginContainer_GraphicsUnit_Display" fullname="MonoTests.System.Drawing.GraphicsTest.BeginContainer_GraphicsUnit_Display" methodname="BeginContainer_GraphicsUnit_Display" classname="MonoTests.System.Drawing.GraphicsTest" runstate="Runnable" seed="282670977" result="Passed" start-time="2017-05-02 03:42:19Z" end-time="2017-05-02 03:42:19Z" duration="0.000490" asserts="1" />
            <test-case id="1577" name="BeginContainer_GraphicsUnit_Valid" fullname="MonoTests.System.Drawing.GraphicsTest.BeginContainer_GraphicsUnit_Valid" methodname="BeginContainer_GraphicsUnit_Valid" classname="MonoTests.System.Drawing.GraphicsTest" runstate="Runnable" seed="359819987" result="Passed" start-time="2017-05-02 03:42:19Z" end-time="2017-05-02 03:42:19Z" duration="0.000236" asserts="0" />
            <test-case id="1578" name="BeginContainer_GraphicsUnit_World" fullname="MonoTests.System.Drawing.GraphicsTest.BeginContainer_GraphicsUnit_World" methodname="BeginContainer_GraphicsUnit_World" classname="MonoTests.System.Drawing.GraphicsTest" runstate="Runnable" seed="1111655371" result="Passed" start-time="2017-05-02 03:42:19Z" end-time="2017-05-02 03:42:19Z" duration="0.000521" asserts="1" />
            <test-case id="1574" name="BeginContainer_Rect" fullname="MonoTests.System.Drawing.GraphicsTest.BeginContainer_Rect" methodname="BeginContainer_Rect" classname="MonoTests.System.Drawing.GraphicsTest" runstate="Runnable" seed="611469102" result="Passed" start-time="2017-05-02 03:42:19Z" end-time="2017-05-02 03:42:19Z" duration="0.001709" asserts="60" />
            <test-case id="1575" name="BeginContainer_RectF" fullname="MonoTests.System.Drawing.GraphicsTest.BeginContainer_RectF" methodname="BeginContainer_RectF" classname="MonoTests.System.Drawing.GraphicsTest" runstate="Runnable" seed="1871791967" result="Passed" start-time="2017-05-02 03:42:19Z" end-time="2017-05-02 03:42:19Z" duration="0.001231" asserts="54" />
            <test-case id="1521" name="Clip" fullname="MonoTests.System.Drawing.GraphicsTest.Clip" methodname="Clip" classname="MonoTests.System.Drawing.GraphicsTest" runstate="Runnable" seed="847048871" result="Passed" start-time="2017-05-02 03:42:19Z" end-time="2017-05-02 03:42:19Z" duration="0.002639" asserts="5" />
            <test-case id="1531" name="Clip_GetBounds" fullname="MonoTests.System.Drawing.GraphicsTest.Clip_GetBounds" methodname="Clip_GetBounds" classname="MonoTests.System.Drawing.GraphicsTest" runstate="Runnable" seed="1499368956" result="Passed" start-time="2017-05-02 03:42:19Z" end-time="2017-05-02 03:42:19Z" duration="0.002091" asserts="5" />
            <test-case id="1549" name="Clip_MultiplyTransform_NoBoundsChange" fullname="MonoTests.System.Drawing.GraphicsTest.Clip_MultiplyTransform_NoBoundsChange" methodname="Clip_MultiplyTransform_NoBoundsChange" classname="MonoTests.System.Drawing.GraphicsTest" runstate="Runnable" seed="95553250" result="Passed" start-time="2017-05-02 03:42:20Z" end-time="2017-05-02 03:42:20Z" duration="0.002343" asserts="32">
              <properties>
                <property name="Category" value="NotWorking" />
              </properties>
            </test-case>
            <test-case id="1522" name="Clip_NotAReference" fullname="MonoTests.System.Drawing.GraphicsTest.Clip_NotAReference" methodname="Clip_NotAReference" classname="MonoTests.System.Drawing.GraphicsTest" runstate="Runnable" seed="1920530297" result="Passed" start-time="2017-05-02 03:42:20Z" end-time="2017-05-02 03:42:20Z" duration="0.001076" asserts="3" />
            <test-case id="1546" name="Clip_RotateTransform_BoundsChange" fullname="MonoTests.System.Drawing.GraphicsTest.Clip_RotateTransform_BoundsChange" methodname="Clip_RotateTransform_BoundsChange" classname="MonoTests.System.Drawing.GraphicsTest" runstate="Runnable" seed="985812561" result="Passed" start-time="2017-05-02 03:42:20Z" end-time="2017-05-02 03:42:20Z" duration="0.000989" asserts="32" />
            <test-case id="1547" name="Clip_RotateTransform_BoundsChange_45" fullname="MonoTests.System.Drawing.GraphicsTest.Clip_RotateTransform_BoundsChange_45" methodname="Clip_RotateTransform_BoundsChange_45" classname="MonoTests.System.Drawing.GraphicsTest" runstate="Runnable" seed="342781155" result="Passed" start-time="2017-05-02 03:42:20Z" end-time="2017-05-02 03:42:20Z" duration="0.001490" asserts="32">
              <properties>
                <property name="Category" value="NotWorking" />
              </properties>
            </test-case>
            <test-case id="1548" name="Clip_ScaleTransform_NoBoundsChange" fullname="MonoTests.System.Drawing.GraphicsTest.Clip_ScaleTransform_NoBoundsChange" methodname="Clip_ScaleTransform_NoBoundsChange" classname="MonoTests.System.Drawing.GraphicsTest" runstate="Runnable" seed="1319486895" result="Passed" start-time="2017-05-02 03:42:20Z" end-time="2017-05-02 03:42:20Z" duration="0.000971" asserts="32" />
            <test-case id="1532" name="Clip_TranslateTransform" fullname="MonoTests.System.Drawing.GraphicsTest.Clip_TranslateTransform" methodname="Clip_TranslateTransform" classname="MonoTests.System.Drawing.GraphicsTest" runstate="Runnable" seed="2083138539" result="Passed" start-time="2017-05-02 03:42:20Z" end-time="2017-05-02 03:42:20Z" duration="0.003507" asserts="23" />
            <test-case id="1545" name="Clip_TranslateTransform_BoundsChange" fullname="MonoTests.System.Drawing.GraphicsTest.Clip_TranslateTransform_BoundsChange" methodname="Clip_TranslateTransform_BoundsChange" classname="MonoTests.System.Drawing.GraphicsTest" runstate="Runnable" seed="1193029979" result="Passed" start-time="2017-05-02 03:42:20Z" end-time="2017-05-02 03:42:20Z" duration="0.001019" asserts="32" />
            <test-case id="1536" name="ClipBounds" fullname="MonoTests.System.Drawing.GraphicsTest.ClipBounds" methodname="ClipBounds" classname="MonoTests.System.Drawing.GraphicsTest" runstate="Runnable" seed="2000112121" result="Passed" start-time="2017-05-02 03:42:20Z" end-time="2017-05-02 03:42:20Z" duration="0.000815" asserts="16" />
            <test-case id="1544" name="ClipBounds_Cumulative_Effects" fullname="MonoTests.System.Drawing.GraphicsTest.ClipBounds_Cumulative_Effects" methodname="ClipBounds_Cumulative_Effects" classname="MonoTests.System.Drawing.GraphicsTest" runstate="Runnable" seed="1771915436" result="Passed" start-time="2017-05-02 03:42:20Z" end-time="2017-05-02 03:42:20Z" duration="0.001506" asserts="56" />
            <test-case id="1543" name="ClipBounds_Multiply" fullname="MonoTests.System.Drawing.GraphicsTest.ClipBounds_Multiply" methodname="ClipBounds_Multiply" classname="MonoTests.System.Drawing.GraphicsTest" runstate="Runnable" seed="910012472" result="Passed" start-time="2017-05-02 03:42:20Z" end-time="2017-05-02 03:42:20Z" duration="0.000805" asserts="16" />
            <test-case id="1537" name="ClipBounds_Rotate" fullname="MonoTests.System.Drawing.GraphicsTest.ClipBounds_Rotate" methodname="ClipBounds_Rotate" classname="MonoTests.System.Drawing.GraphicsTest" runstate="Runnable" seed="1270703556" result="Passed" start-time="2017-05-02 03:42:20Z" end-time="2017-05-02 03:42:20Z" duration="0.000890" asserts="16" />
            <test-case id="1538" name="ClipBounds_Scale" fullname="MonoTests.System.Drawing.GraphicsTest.ClipBounds_Scale" methodname="ClipBounds_Scale" classname="MonoTests.System.Drawing.GraphicsTest" runstate="Runnable" seed="1357213078" result="Passed" start-time="2017-05-02 03:42:20Z" end-time="2017-05-02 03:42:20Z" duration="0.001631" asserts="16" />
            <test-case id="1541" name="ClipBounds_Transform_Scale" fullname="MonoTests.System.Drawing.GraphicsTest.ClipBounds_Transform_Scale" methodname="ClipBounds_Transform_Scale" classname="MonoTests.System.Drawing.GraphicsTest" runstate="Runnable" seed="436779370" result="Passed" start-time="2017-05-02 03:42:20Z" end-time="2017-05-02 03:42:20Z" duration="0.001180" asserts="13" />
            <test-case id="1542" name="ClipBounds_Transform_Scale_Strange" fullname="MonoTests.System.Drawing.GraphicsTest.ClipBounds_Transform_Scale_Strange" methodname="ClipBounds_Transform_Scale_Strange" classname="MonoTests.System.Drawing.GraphicsTest" runstate="Runnable" seed="1351842960" result="Passed" start-time="2017-05-02 03:42:20Z" end-time="2017-05-02 03:42:20Z" duration="0.000756" asserts="12">
              <properties>
                <property name="Category" value="NotWorking" />
              </properties>
            </test-case>
            <test-case id="1540" name="ClipBounds_Transform_Translation" fullname="MonoTests.System.Drawing.GraphicsTest.ClipBounds_Transform_Translation" methodname="ClipBounds_Transform_Translation" classname="MonoTests.System.Drawing.GraphicsTest" runstate="Runnable" seed="1864775783" result="Passed" start-time="2017-05-02 03:42:20Z" end-time="2017-05-02 03:42:20Z" duration="0.000916" asserts="16" />
            <test-case id="1539" name="ClipBounds_Translate" fullname="MonoTests.System.Drawing.GraphicsTest.ClipBounds_Translate" methodname="ClipBounds_Translate" classname="MonoTests.System.Drawing.GraphicsTest" runstate="Runnable" seed="986806883" result="Passed" start-time="2017-05-02 03:42:20Z" end-time="2017-05-02 03:42:20Z" duration="0.001180" asserts="16" />
            <test-case id="1519" name="DefaultProperties" fullname="MonoTests.System.Drawing.GraphicsTest.DefaultProperties" methodname="DefaultProperties" classname="MonoTests.System.Drawing.GraphicsTest" runstate="Runnable" seed="687425987" result="Passed" start-time="2017-05-02 03:42:20Z" end-time="2017-05-02 03:42:20Z" duration="0.002145" asserts="10" />
            <test-case id="1518" name="Dpi_556181" fullname="MonoTests.System.Drawing.GraphicsTest.Dpi_556181" methodname="Dpi_556181" classname="MonoTests.System.Drawing.GraphicsTest" runstate="Runnable" seed="2101874772" result="Passed" start-time="2017-05-02 03:42:20Z" end-time="2017-05-02 03:42:20Z" duration="0.001376" asserts="2" />
            <test-case id="1561" name="DrawCurve_LargeTension" fullname="MonoTests.System.Drawing.GraphicsTest.DrawCurve_LargeTension" methodname="DrawCurve_LargeTension" classname="MonoTests.System.Drawing.GraphicsTest" runstate="Runnable" seed="585585836" result="Failed" label="Error" start-time="2017-05-02 03:42:20Z" end-time="2017-05-02 03:42:20Z" duration="0.003259" asserts="0">
              <properties>
                <property name="Category" value="NotWorking" />
              </properties>
              <failure>
                <message><![CDATA[System.OverflowException : Argument is out of range [GDI+ status: ValueOverflow]]]></message>
                <stack-trace><![CDATA[   在 System.DrawingCore.GDIPlus.CheckStatus(Status status)
   在 MonoTests.System.Drawing.GraphicsTest.DrawCurve_LargeTension() 位置 C:\ProgramData\Git\zkweb.system.drawing\src\ZKWeb.System.Drawing.Tests\System.Drawing\TestGraphics.cs:行号 924]]></stack-trace>
              </failure>
            </test-case>
            <test-case id="1563" name="DrawCurve_NegativeSegments" fullname="MonoTests.System.Drawing.GraphicsTest.DrawCurve_NegativeSegments" methodname="DrawCurve_NegativeSegments" classname="MonoTests.System.Drawing.GraphicsTest" runstate="Runnable" seed="443002916" result="Passed" start-time="2017-05-02 03:42:20Z" end-time="2017-05-02 03:42:20Z" duration="0.002030" asserts="1" />
            <test-case id="1559" name="DrawCurve_NegativeTension" fullname="MonoTests.System.Drawing.GraphicsTest.DrawCurve_NegativeTension" methodname="DrawCurve_NegativeTension" classname="MonoTests.System.Drawing.GraphicsTest" runstate="Runnable" seed="1783890780" result="Passed" start-time="2017-05-02 03:42:20Z" end-time="2017-05-02 03:42:20Z" duration="0.002336" asserts="0" />
            <test-case id="1556" name="DrawCurve_NotEnoughPoints" fullname="MonoTests.System.Drawing.GraphicsTest.DrawCurve_NotEnoughPoints" methodname="DrawCurve_NotEnoughPoints" classname="MonoTests.System.Drawing.GraphicsTest" runstate="Runnable" seed="1096939821" result="Passed" start-time="2017-05-02 03:42:20Z" end-time="2017-05-02 03:42:20Z" duration="0.001055" asserts="0" />
            <test-case id="1565" name="DrawCurve_Offset_0" fullname="MonoTests.System.Drawing.GraphicsTest.DrawCurve_Offset_0" methodname="DrawCurve_Offset_0" classname="MonoTests.System.Drawing.GraphicsTest" runstate="Runnable" seed="313274433" result="Passed" start-time="2017-05-02 03:42:20Z" end-time="2017-05-02 03:42:20Z" duration="0.000834" asserts="0" />
            <test-case id="1566" name="DrawCurve_Offset_1" fullname="MonoTests.System.Drawing.GraphicsTest.DrawCurve_Offset_1" methodname="DrawCurve_Offset_1" classname="MonoTests.System.Drawing.GraphicsTest" runstate="Runnable" seed="1066707701" result="Passed" start-time="2017-05-02 03:42:20Z" end-time="2017-05-02 03:42:20Z" duration="0.000635" asserts="0" />
            <test-case id="1567" name="DrawCurve_Offset_2" fullname="MonoTests.System.Drawing.GraphicsTest.DrawCurve_Offset_2" methodname="DrawCurve_Offset_2" classname="MonoTests.System.Drawing.GraphicsTest" runstate="Runnable" seed="1176850538" result="Passed" start-time="2017-05-02 03:42:20Z" end-time="2017-05-02 03:42:20Z" duration="0.000558" asserts="0" />
            <test-case id="1564" name="DrawCurve_OffsetTooLarge" fullname="MonoTests.System.Drawing.GraphicsTest.DrawCurve_OffsetTooLarge" methodname="DrawCurve_OffsetTooLarge" classname="MonoTests.System.Drawing.GraphicsTest" runstate="Runnable" seed="681567138" result="Passed" start-time="2017-05-02 03:42:20Z" end-time="2017-05-02 03:42:20Z" duration="0.001029" asserts="1" />
            <test-case id="1553" name="DrawCurve_PenNull" fullname="MonoTests.System.Drawing.GraphicsTest.DrawCurve_PenNull" methodname="DrawCurve_PenNull" classname="MonoTests.System.Drawing.GraphicsTest" runstate="Runnable" seed="874601077" result="Passed" start-time="2017-05-02 03:42:20Z" end-time="2017-05-02 03:42:20Z" duration="0.001185" asserts="1" />
            <test-case id="1554" name="DrawCurve_PointFNull" fullname="MonoTests.System.Drawing.GraphicsTest.DrawCurve_PointFNull" methodname="DrawCurve_PointFNull" classname="MonoTests.System.Drawing.GraphicsTest" runstate="Runnable" seed="1545643167" result="Passed" start-time="2017-05-02 03:42:20Z" end-time="2017-05-02 03:42:20Z" duration="0.000897" asserts="1" />
            <test-case id="1555" name="DrawCurve_PointNull" fullname="MonoTests.System.Drawing.GraphicsTest.DrawCurve_PointNull" methodname="DrawCurve_PointNull" classname="MonoTests.System.Drawing.GraphicsTest" runstate="Runnable" seed="1353173903" result="Passed" start-time="2017-05-02 03:42:20Z" end-time="2017-05-02 03:42:20Z" duration="0.001391" asserts="1" />
            <test-case id="1560" name="DrawCurve_PositiveTension" fullname="MonoTests.System.Drawing.GraphicsTest.DrawCurve_PositiveTension" methodname="DrawCurve_PositiveTension" classname="MonoTests.System.Drawing.GraphicsTest" runstate="Runnable" seed="356300149" result="Passed" start-time="2017-05-02 03:42:20Z" end-time="2017-05-02 03:42:20Z" duration="0.000484" asserts="0" />
            <test-case id="1557" name="DrawCurve_SinglePoint" fullname="MonoTests.System.Drawing.GraphicsTest.DrawCurve_SinglePoint" methodname="DrawCurve_SinglePoint" classname="MonoTests.System.Drawing.GraphicsTest" runstate="Runnable" seed="1269442286" result="Passed" start-time="2017-05-02 03:42:20Z" end-time="2017-05-02 03:42:20Z" duration="0.001084" asserts="1" />
            <test-case id="1562" name="DrawCurve_ZeroSegments" fullname="MonoTests.System.Drawing.GraphicsTest.DrawCurve_ZeroSegments" methodname="DrawCurve_ZeroSegments" classname="MonoTests.System.Drawing.GraphicsTest" runstate="Runnable" seed="1666207386" result="Passed" start-time="2017-05-02 03:42:20Z" end-time="2017-05-02 03:42:20Z" duration="0.000948" asserts="1" />
            <test-case id="1558" name="DrawCurve3_NotEnoughPoints" fullname="MonoTests.System.Drawing.GraphicsTest.DrawCurve3_NotEnoughPoints" methodname="DrawCurve3_NotEnoughPoints" classname="MonoTests.System.Drawing.GraphicsTest" runstate="Runnable" seed="968972503" result="Passed" start-time="2017-05-02 03:42:20Z" end-time="2017-05-02 03:42:20Z" duration="0.001775" asserts="1" />
            <test-case id="1594" name="DrawFillRectangle_Width_2" fullname="MonoTests.System.Drawing.GraphicsTest.DrawFillRectangle_Width_2" methodname="DrawFillRectangle_Width_2" classname="MonoTests.System.Drawing.GraphicsTest" runstate="Runnable" seed="5559687" result="Passed" start-time="2017-05-02 03:42:20Z" end-time="2017-05-02 03:42:20Z" duration="0.005844" asserts="24">
              <properties>
                <property name="Category" value="NotOnMac" />
              </properties>
            </test-case>
            <test-case id="1595" name="DrawFillRectangle_Width_3" fullname="MonoTests.System.Drawing.GraphicsTest.DrawFillRectangle_Width_3" methodname="DrawFillRectangle_Width_3" classname="MonoTests.System.Drawing.GraphicsTest" runstate="Runnable" seed="1045724207" result="Passed" start-time="2017-05-02 03:42:20Z" end-time="2017-05-02 03:42:20Z" duration="0.004452" asserts="29" />
            <test-case id="1593" name="DrawFillRectangle_Width_Default" fullname="MonoTests.System.Drawing.GraphicsTest.DrawFillRectangle_Width_Default" methodname="DrawFillRectangle_Width_Default" classname="MonoTests.System.Drawing.GraphicsTest" runstate="Runnable" seed="1887165393" result="Passed" start-time="2017-05-02 03:42:20Z" end-time="2017-05-02 03:42:20Z" duration="0.004337" asserts="24" />
            <test-case id="1453" name="DrawIcon_NullIntInt" fullname="MonoTests.System.Drawing.GraphicsTest.DrawIcon_NullIntInt" methodname="DrawIcon_NullIntInt" classname="MonoTests.System.Drawing.GraphicsTest" runstate="Runnable" seed="1957264587" result="Passed" start-time="2017-05-02 03:42:20Z" end-time="2017-05-02 03:42:20Z" duration="0.001235" asserts="1" />
            <test-case id="1452" name="DrawIcon_NullRectangle" fullname="MonoTests.System.Drawing.GraphicsTest.DrawIcon_NullRectangle" methodname="DrawIcon_NullRectangle" classname="MonoTests.System.Drawing.GraphicsTest" runstate="Runnable" seed="1757914842" result="Passed" start-time="2017-05-02 03:42:20Z" end-time="2017-05-02 03:42:20Z" duration="0.001474" asserts="1" />
            <test-case id="1454" name="DrawIconUnstretched_NullRectangle" fullname="MonoTests.System.Drawing.GraphicsTest.DrawIconUnstretched_NullRectangle" methodname="DrawIconUnstretched_NullRectangle" classname="MonoTests.System.Drawing.GraphicsTest" runstate="Runnable" seed="428898455" result="Passed" start-time="2017-05-02 03:42:20Z" end-time="2017-05-02 03:42:20Z" duration="0.001450" asserts="1" />
            <test-case id="1476" name="DrawImage_ImageFloatFloat" fullname="MonoTests.System.Drawing.GraphicsTest.DrawImage_ImageFloatFloat" methodname="DrawImage_ImageFloatFloat" classname="MonoTests.System.Drawing.GraphicsTest" runstate="Runnable" seed="887477361" result="Passed" start-time="2017-05-02 03:42:20Z" end-time="2017-05-02 03:42:20Z" duration="0.000915" asserts="0" />
            <test-case id="1475" name="DrawImage_ImageFloatFloat_Overflow" fullname="MonoTests.System.Drawing.GraphicsTest.DrawImage_ImageFloatFloat_Overflow" methodname="DrawImage_ImageFloatFloat_Overflow" classname="MonoTests.System.Drawing.GraphicsTest" runstate="Runnable" seed="924243741" result="Passed" start-time="2017-05-02 03:42:20Z" end-time="2017-05-02 03:42:20Z" duration="0.001012" asserts="1" />
            <test-case id="1473" name="DrawImage_ImageIntInt" fullname="MonoTests.System.Drawing.GraphicsTest.DrawImage_ImageIntInt" methodname="DrawImage_ImageIntInt" classname="MonoTests.System.Drawing.GraphicsTest" runstate="Runnable" seed="1088281819" result="Passed" start-time="2017-05-02 03:42:20Z" end-time="2017-05-02 03:42:20Z" duration="0.000857" asserts="0" />
            <test-case id="1472" name="DrawImage_ImageIntInt_Overflow" fullname="MonoTests.System.Drawing.GraphicsTest.DrawImage_ImageIntInt_Overflow" methodname="DrawImage_ImageIntInt_Overflow" classname="MonoTests.System.Drawing.GraphicsTest" runstate="Runnable" seed="227167799" result="Passed" start-time="2017-05-02 03:42:20Z" end-time="2017-05-02 03:42:20Z" duration="0.000991" asserts="1" />
            <test-case id="1493" name="DrawImage_ImageNullFRectangleGraphicsUnit" fullname="MonoTests.System.Drawing.GraphicsTest.DrawImage_ImageNullFRectangleGraphicsUnit" methodname="DrawImage_ImageNullFRectangleGraphicsUnit" classname="MonoTests.System.Drawing.GraphicsTest" runstate="Runnable" seed="366329000" result="Passed" start-time="2017-05-02 03:42:20Z" end-time="2017-05-02 03:42:20Z" duration="0.001527" asserts="1" />
            <test-case id="1486" name="DrawImage_ImageNullRectangleGraphicsUnit" fullname="MonoTests.System.Drawing.GraphicsTest.DrawImage_ImageNullRectangleGraphicsUnit" methodname="DrawImage_ImageNullRectangleGraphicsUnit" classname="MonoTests.System.Drawing.GraphicsTest" runstate="Runnable" seed="1324569583" result="Passed" start-time="2017-05-02 03:42:20Z" end-time="2017-05-02 03:42:20Z" duration="0.001449" asserts="1" />
            <test-case id="1466" name="DrawImage_ImagePoint" fullname="MonoTests.System.Drawing.GraphicsTest.DrawImage_ImagePoint" methodname="DrawImage_ImagePoint" classname="MonoTests.System.Drawing.GraphicsTest" runstate="Runnable" seed="1939858557" result="Passed" start-time="2017-05-02 03:42:20Z" end-time="2017-05-02 03:42:20Z" duration="0.000891" asserts="0" />
            <test-case id="1487" name="DrawImage_ImagePoint0RectangleGraphicsUnit" fullname="MonoTests.System.Drawing.GraphicsTest.DrawImage_ImagePoint0RectangleGraphicsUnit" methodname="DrawImage_ImagePoint0RectangleGraphicsUnit" classname="MonoTests.System.Drawing.GraphicsTest" runstate="Runnable" seed="1693668933" result="Passed" start-time="2017-05-02 03:42:20Z" end-time="2017-05-02 03:42:20Z" duration="0.001424" asserts="1" />
            <test-case id="1488" name="DrawImage_ImagePoint1RectangleGraphicsUnit" fullname="MonoTests.System.Drawing.GraphicsTest.DrawImage_ImagePoint1RectangleGraphicsUnit" methodname="DrawImage_ImagePoint1RectangleGraphicsUnit" classname="MonoTests.System.Drawing.GraphicsTest" runstate="Runnable" seed="481731001" result="Passed" start-time="2017-05-02 03:42:20Z" end-time="2017-05-02 03:42:20Z" duration="0.000851" asserts="1" />
            <test-case id="1489" name="DrawImage_ImagePoint2RectangleGraphicsUnit" fullname="MonoTests.System.Drawing.GraphicsTest.DrawImage_ImagePoint2RectangleGraphicsUnit" methodname="DrawImage_ImagePoint2RectangleGraphicsUnit" classname="MonoTests.System.Drawing.GraphicsTest" runstate="Runnable" seed="1424403107" result="Passed" start-time="2017-05-02 03:42:20Z" end-time="2017-05-02 03:42:20Z" duration="0.000911" asserts="1" />
            <test-case id="1490" name="DrawImage_ImagePoint3RectangleGraphicsUnit" fullname="MonoTests.System.Drawing.GraphicsTest.DrawImage_ImagePoint3RectangleGraphicsUnit" methodname="DrawImage_ImagePoint3RectangleGraphicsUnit" classname="MonoTests.System.Drawing.GraphicsTest" runstate="Runnable" seed="1609578285" result="Passed" start-time="2017-05-02 03:42:20Z" end-time="2017-05-02 03:42:20Z" duration="0.000473" asserts="0" />
            <test-case id="1491" name="DrawImage_ImagePoint4RectangleGraphicsUnit" fullname="MonoTests.System.Drawing.GraphicsTest.DrawImage_ImagePoint4RectangleGraphicsUnit" methodname="DrawImage_ImagePoint4RectangleGraphicsUnit" classname="MonoTests.System.Drawing.GraphicsTest" runstate="Runnable" seed="1877107613" result="Passed" start-time="2017-05-02 03:42:20Z" end-time="2017-05-02 03:42:20Z" duration="0.001063" asserts="1" />
            <test-case id="1470" name="DrawImage_ImagePointArray" fullname="MonoTests.System.Drawing.GraphicsTest.DrawImage_ImagePointArray" methodname="DrawImage_ImagePointArray" classname="MonoTests.System.Drawing.GraphicsTest" runstate="Runnable" seed="70811236" result="Passed" start-time="2017-05-02 03:42:20Z" end-time="2017-05-02 03:42:20Z" duration="0.001038" asserts="0" />
            <test-case id="1469" name="DrawImage_ImagePointArrayEmpty" fullname="MonoTests.System.Drawing.GraphicsTest.DrawImage_ImagePointArrayEmpty" methodname="DrawImage_ImagePointArrayEmpty" classname="MonoTests.System.Drawing.GraphicsTest" runstate="Runnable" seed="403296500" result="Passed" start-time="2017-05-02 03:42:20Z" end-time="2017-05-02 03:42:20Z" duration="0.001117" asserts="1" />
            <test-case id="1468" name="DrawImage_ImagePointArrayNull" fullname="MonoTests.System.Drawing.GraphicsTest.DrawImage_ImagePointArrayNull" methodname="DrawImage_ImagePointArrayNull" classname="MonoTests.System.Drawing.GraphicsTest" runstate="Runnable" seed="513595782" result="Passed" start-time="2017-05-02 03:42:20Z" end-time="2017-05-02 03:42:20Z" duration="0.001002" asserts="1" />
            <test-case id="1458" name="DrawImage_ImagePointF" fullname="MonoTests.System.Drawing.GraphicsTest.DrawImage_ImagePointF" methodname="DrawImage_ImagePointF" classname="MonoTests.System.Drawing.GraphicsTest" runstate="Runnable" seed="1214682902" result="Passed" start-time="2017-05-02 03:42:20Z" end-time="2017-05-02 03:42:20Z" duration="0.000983" asserts="0" />
            <test-case id="1494" name="DrawImage_ImagePointF0RectangleGraphicsUnit" fullname="MonoTests.System.Drawing.GraphicsTest.DrawImage_ImagePointF0RectangleGraphicsUnit" methodname="DrawImage_ImagePointF0RectangleGraphicsUnit" classname="MonoTests.System.Drawing.GraphicsTest" runstate="Runnable" seed="437143623" result="Passed" start-time="2017-05-02 03:42:20Z" end-time="2017-05-02 03:42:20Z" duration="0.001466" asserts="1" />
            <test-case id="1495" name="DrawImage_ImagePointF1RectangleGraphicsUnit" fullname="MonoTests.System.Drawing.GraphicsTest.DrawImage_ImagePointF1RectangleGraphicsUnit" methodname="DrawImage_ImagePointF1RectangleGraphicsUnit" classname="MonoTests.System.Drawing.GraphicsTest" runstate="Runnable" seed="1596555629" result="Passed" start-time="2017-05-02 03:42:20Z" end-time="2017-05-02 03:42:20Z" duration="0.000951" asserts="1" />
            <test-case id="1496" name="DrawImage_ImagePointF2RectangleGraphicsUnit" fullname="MonoTests.System.Drawing.GraphicsTest.DrawImage_ImagePointF2RectangleGraphicsUnit" methodname="DrawImage_ImagePointF2RectangleGraphicsUnit" classname="MonoTests.System.Drawing.GraphicsTest" runstate="Runnable" seed="2046784138" result="Passed" start-time="2017-05-02 03:42:20Z" end-time="2017-05-02 03:42:20Z" duration="0.001278" asserts="1" />
            <test-case id="1497" name="DrawImage_ImagePointF3RectangleGraphicsUnit" fullname="MonoTests.System.Drawing.GraphicsTest.DrawImage_ImagePointF3RectangleGraphicsUnit" methodname="DrawImage_ImagePointF3RectangleGraphicsUnit" classname="MonoTests.System.Drawing.GraphicsTest" runstate="Runnable" seed="122283164" result="Passed" start-time="2017-05-02 03:42:20Z" end-time="2017-05-02 03:42:20Z" duration="0.000413" asserts="0" />
            <test-case id="1498" name="DrawImage_ImagePointF4RectangleGraphicsUnit" fullname="MonoTests.System.Drawing.GraphicsTest.DrawImage_ImagePointF4RectangleGraphicsUnit" methodname="DrawImage_ImagePointF4RectangleGraphicsUnit" classname="MonoTests.System.Drawing.GraphicsTest" runstate="Runnable" seed="892591592" result="Passed" start-time="2017-05-02 03:42:20Z" end-time="2017-05-02 03:42:20Z" duration="0.000854" asserts="1" />
            <test-case id="1462" name="DrawImage_ImagePointFArray" fullname="MonoTests.System.Drawing.GraphicsTest.DrawImage_ImagePointFArray" methodname="DrawImage_ImagePointFArray" classname="MonoTests.System.Drawing.GraphicsTest" runstate="Runnable" seed="1994856271" result="Passed" start-time="2017-05-02 03:42:20Z" end-time="2017-05-02 03:42:20Z" duration="0.001533" asserts="0" />
            <test-case id="1461" name="DrawImage_ImagePointFArrayEmpty" fullname="MonoTests.System.Drawing.GraphicsTest.DrawImage_ImagePointFArrayEmpty" methodname="DrawImage_ImagePointFArrayEmpty" classname="MonoTests.System.Drawing.GraphicsTest" runstate="Runnable" seed="1449482649" result="Passed" start-time="2017-05-02 03:42:20Z" end-time="2017-05-02 03:42:20Z" duration="0.000834" asserts="1" />
            <test-case id="1460" name="DrawImage_ImagePointFArrayNull" fullname="MonoTests.System.Drawing.GraphicsTest.DrawImage_ImagePointFArrayNull" methodname="DrawImage_ImagePointFArrayNull" classname="MonoTests.System.Drawing.GraphicsTest" runstate="Runnable" seed="1640335390" result="Passed" start-time="2017-05-02 03:42:20Z" end-time="2017-05-02 03:42:20Z" duration="0.000985" asserts="1" />
            <test-case id="1500" name="DrawImage_ImagePointRectangleGraphicsUnitAttributes" fullname="MonoTests.System.Drawing.GraphicsTest.DrawImage_ImagePointRectangleGraphicsUnitAttributes" methodname="DrawImage_ImagePointRectangleGraphicsUnitAttributes" classname="MonoTests.System.Drawing.GraphicsTest" runstate="Runnable" seed="1851681222" result="Passed" start-time="2017-05-02 03:42:20Z" end-time="2017-05-02 03:42:20Z" duration="0.001407" asserts="0" />
            <test-case id="1499" name="DrawImage_ImagePointRectangleGraphicsUnitNull" fullname="MonoTests.System.Drawing.GraphicsTest.DrawImage_ImagePointRectangleGraphicsUnitNull" methodname="DrawImage_ImagePointRectangleGraphicsUnitNull" classname="MonoTests.System.Drawing.GraphicsTest" runstate="Runnable" seed="224532083" result="Passed" start-time="2017-05-02 03:42:20Z" end-time="2017-05-02 03:42:20Z" duration="0.001155" asserts="0" />
            <test-case id="1464" name="DrawImage_ImageRectangle" fullname="MonoTests.System.Drawing.GraphicsTest.DrawImage_ImageRectangle" methodname="DrawImage_ImageRectangle" classname="MonoTests.System.Drawing.GraphicsTest" runstate="Runnable" seed="1919795208" result="Passed" start-time="2017-05-02 03:42:20Z" end-time="2017-05-02 03:42:20Z" duration="0.001372" asserts="0" />
            <test-case id="1456" name="DrawImage_ImageRectangleF" fullname="MonoTests.System.Drawing.GraphicsTest.DrawImage_ImageRectangleF" methodname="DrawImage_ImageRectangleF" classname="MonoTests.System.Drawing.GraphicsTest" runstate="Runnable" seed="1906372192" result="Passed" start-time="2017-05-02 03:42:20Z" end-time="2017-05-02 03:42:20Z" duration="0.001160" asserts="0" />
            <test-case id="1478" name="DrawImage_ImageRectangleRectangleGraphicsUnit_Display" fullname="MonoTests.System.Drawing.GraphicsTest.DrawImage_ImageRectangleRectangleGraphicsUnit_Display" methodname="DrawImage_ImageRectangleRectangleGraphicsUnit_Display" classname="MonoTests.System.Drawing.GraphicsTest" runstate="Runnable" seed="476328786" result="Passed" start-time="2017-05-02 03:42:20Z" end-time="2017-05-02 03:42:20Z" duration="0.001934" asserts="1" />
            <test-case id="1479" name="DrawImage_ImageRectangleRectangleGraphicsUnit_Document" fullname="MonoTests.System.Drawing.GraphicsTest.DrawImage_ImageRectangleRectangleGraphicsUnit_Document" methodname="DrawImage_ImageRectangleRectangleGraphicsUnit_Document" classname="MonoTests.System.Drawing.GraphicsTest" runstate="Runnable" seed="791882498" result="Failed" start-time="2017-05-02 03:42:20Z" end-time="2017-05-02 03:42:20Z" duration="0.001167" asserts="1">
              <failure>
                <message><![CDATA[  Expected: <System.NotImplementedException>
  But was:  null
]]></message>
                <stack-trace><![CDATA[在 MonoTests.System.Drawing.GraphicsTest.DrawImage_ImageRectangleRectangleGraphicsUnit_Document() 位置 C:\ProgramData\Git\zkweb.system.drawing\src\ZKWeb.System.Drawing.Tests\System.Drawing\TestGraphics.cs:行号 3229
]]></stack-trace>
              </failure>
              <assertions>
                <assertion result="Failed">
                  <message><![CDATA[  Expected: <System.NotImplementedException>
  But was:  null
]]></message>
                  <stack-trace><![CDATA[在 MonoTests.System.Drawing.GraphicsTest.DrawImage_ImageRectangleRectangleGraphicsUnit_Document() 位置 C:\ProgramData\Git\zkweb.system.drawing\src\ZKWeb.System.Drawing.Tests\System.Drawing\TestGraphics.cs:行号 3229
]]></stack-trace>
                </assertion>
              </assertions>
            </test-case>
            <test-case id="1480" name="DrawImage_ImageRectangleRectangleGraphicsUnit_Inch" fullname="MonoTests.System.Drawing.GraphicsTest.DrawImage_ImageRectangleRectangleGraphicsUnit_Inch" methodname="DrawImage_ImageRectangleRectangleGraphicsUnit_Inch" classname="MonoTests.System.Drawing.GraphicsTest" runstate="Runnable" seed="1485616057" result="Failed" start-time="2017-05-02 03:42:20Z" end-time="2017-05-02 03:42:20Z" duration="0.001630" asserts="1">
              <failure>
                <message><![CDATA[  Expected: <System.NotImplementedException>
  But was:  null
]]></message>
                <stack-trace><![CDATA[在 MonoTests.System.Drawing.GraphicsTest.DrawImage_ImageRectangleRectangleGraphicsUnit_Inch() 位置 C:\ProgramData\Git\zkweb.system.drawing\src\ZKWeb.System.Drawing.Tests\System.Drawing\TestGraphics.cs:行号 3237
]]></stack-trace>
              </failure>
              <assertions>
                <assertion result="Failed">
                  <message><![CDATA[  Expected: <System.NotImplementedException>
  But was:  null
]]></message>
                  <stack-trace><![CDATA[在 MonoTests.System.Drawing.GraphicsTest.DrawImage_ImageRectangleRectangleGraphicsUnit_Inch() 位置 C:\ProgramData\Git\zkweb.system.drawing\src\ZKWeb.System.Drawing.Tests\System.Drawing\TestGraphics.cs:行号 3237
]]></stack-trace>
                </assertion>
              </assertions>
            </test-case>
            <test-case id="1481" name="DrawImage_ImageRectangleRectangleGraphicsUnit_Millimeter" fullname="MonoTests.System.Drawing.GraphicsTest.DrawImage_ImageRectangleRectangleGraphicsUnit_Millimeter" methodname="DrawImage_ImageRectangleRectangleGraphicsUnit_Millimeter" classname="MonoTests.System.Drawing.GraphicsTest" runstate="Runnable" seed="2043482300" result="Failed" start-time="2017-05-02 03:42:20Z" end-time="2017-05-02 03:42:20Z" duration="0.001498" asserts="1">
              <failure>
                <message><![CDATA[  Expected: <System.NotImplementedException>
  But was:  null
]]></message>
                <stack-trace><![CDATA[在 MonoTests.System.Drawing.GraphicsTest.DrawImage_ImageRectangleRectangleGraphicsUnit_Millimeter() 位置 C:\ProgramData\Git\zkweb.system.drawing\src\ZKWeb.System.Drawing.Tests\System.Drawing\TestGraphics.cs:行号 3245
]]></stack-trace>
              </failure>
              <assertions>
                <assertion result="Failed">
                  <message><![CDATA[  Expected: <System.NotImplementedException>
  But was:  null
]]></message>
                  <stack-trace><![CDATA[在 MonoTests.System.Drawing.GraphicsTest.DrawImage_ImageRectangleRectangleGraphicsUnit_Millimeter() 位置 C:\ProgramData\Git\zkweb.system.drawing\src\ZKWeb.System.Drawing.Tests\System.Drawing\TestGraphics.cs:行号 3245
]]></stack-trace>
                </assertion>
              </assertions>
            </test-case>
            <test-case id="1482" name="DrawImage_ImageRectangleRectangleGraphicsUnit_Pixel" fullname="MonoTests.System.Drawing.GraphicsTest.DrawImage_ImageRectangleRectangleGraphicsUnit_Pixel" methodname="DrawImage_ImageRectangleRectangleGraphicsUnit_Pixel" classname="MonoTests.System.Drawing.GraphicsTest" runstate="Runnable" seed="1764859693" result="Passed" start-time="2017-05-02 03:42:20Z" end-time="2017-05-02 03:42:20Z" duration="0.000327" asserts="0" />
            <test-case id="1483" name="DrawImage_ImageRectangleRectangleGraphicsUnit_Point" fullname="MonoTests.System.Drawing.GraphicsTest.DrawImage_ImageRectangleRectangleGraphicsUnit_Point" methodname="DrawImage_ImageRectangleRectangleGraphicsUnit_Point" classname="MonoTests.System.Drawing.GraphicsTest" runstate="Runnable" seed="200682301" result="Failed" start-time="2017-05-02 03:42:20Z" end-time="2017-05-02 03:42:20Z" duration="0.001475" asserts="1">
              <failure>
                <message><![CDATA[  Expected: <System.NotImplementedException>
  But was:  null
]]></message>
                <stack-trace><![CDATA[在 MonoTests.System.Drawing.GraphicsTest.DrawImage_ImageRectangleRectangleGraphicsUnit_Point() 位置 C:\ProgramData\Git\zkweb.system.drawing\src\ZKWeb.System.Drawing.Tests\System.Drawing\TestGraphics.cs:行号 3260
]]></stack-trace>
              </failure>
              <assertions>
                <assertion result="Failed">
                  <message><![CDATA[  Expected: <System.NotImplementedException>
  But was:  null
]]></message>
                  <stack-trace><![CDATA[在 MonoTests.System.Drawing.GraphicsTest.DrawImage_ImageRectangleRectangleGraphicsUnit_Point() 位置 C:\ProgramData\Git\zkweb.system.drawing\src\ZKWeb.System.Drawing.Tests\System.Drawing\TestGraphics.cs:行号 3260
]]></stack-trace>
                </assertion>
              </assertions>
            </test-case>
            <test-case id="1484" name="DrawImage_ImageRectangleRectangleGraphicsUnit_World" fullname="MonoTests.System.Drawing.GraphicsTest.DrawImage_ImageRectangleRectangleGraphicsUnit_World" methodname="DrawImage_ImageRectangleRectangleGraphicsUnit_World" classname="MonoTests.System.Drawing.GraphicsTest" runstate="Runnable" seed="39641102" result="Passed" start-time="2017-05-02 03:42:20Z" end-time="2017-05-02 03:42:20Z" duration="0.000747" asserts="1" />
            <test-case id="1474" name="DrawImage_NullFloat" fullname="MonoTests.System.Drawing.GraphicsTest.DrawImage_NullFloat" methodname="DrawImage_NullFloat" classname="MonoTests.System.Drawing.GraphicsTest" runstate="Runnable" seed="629135667" result="Passed" start-time="2017-05-02 03:42:20Z" end-time="2017-05-02 03:42:20Z" duration="0.000960" asserts="1" />
            <test-case id="1471" name="DrawImage_NullIntInt" fullname="MonoTests.System.Drawing.GraphicsTest.DrawImage_NullIntInt" methodname="DrawImage_NullIntInt" classname="MonoTests.System.Drawing.GraphicsTest" runstate="Runnable" seed="1505768048" result="Passed" start-time="2017-05-02 03:42:20Z" end-time="2017-05-02 03:42:20Z" duration="0.001018" asserts="1" />
            <test-case id="1465" name="DrawImage_NullPoint" fullname="MonoTests.System.Drawing.GraphicsTest.DrawImage_NullPoint" methodname="DrawImage_NullPoint" classname="MonoTests.System.Drawing.GraphicsTest" runstate="Runnable" seed="599060215" result="Passed" start-time="2017-05-02 03:42:20Z" end-time="2017-05-02 03:42:20Z" duration="0.001307" asserts="1" />
            <test-case id="1467" name="DrawImage_NullPointArray" fullname="MonoTests.System.Drawing.GraphicsTest.DrawImage_NullPointArray" methodname="DrawImage_NullPointArray" classname="MonoTests.System.Drawing.GraphicsTest" runstate="Runnable" seed="1318578600" result="Passed" start-time="2017-05-02 03:42:20Z" end-time="2017-05-02 03:42:20Z" duration="0.001283" asserts="1" />
            <test-case id="1457" name="DrawImage_NullPointF" fullname="MonoTests.System.Drawing.GraphicsTest.DrawImage_NullPointF" methodname="DrawImage_NullPointF" classname="MonoTests.System.Drawing.GraphicsTest" runstate="Runnable" seed="2093633418" result="Passed" start-time="2017-05-02 03:42:20Z" end-time="2017-05-02 03:42:20Z" duration="0.001048" asserts="1" />
            <test-case id="1459" name="DrawImage_NullPointFArray" fullname="MonoTests.System.Drawing.GraphicsTest.DrawImage_NullPointFArray" methodname="DrawImage_NullPointFArray" classname="MonoTests.System.Drawing.GraphicsTest" runstate="Runnable" seed="762125377" result="Passed" start-time="2017-05-02 03:42:20Z" end-time="2017-05-02 03:42:20Z" duration="0.000995" asserts="1" />
            <test-case id="1492" name="DrawImage_NullPointFRectangleGraphicsUnit" fullname="MonoTests.System.Drawing.GraphicsTest.DrawImage_NullPointFRectangleGraphicsUnit" methodname="DrawImage_NullPointFRectangleGraphicsUnit" classname="MonoTests.System.Drawing.GraphicsTest" runstate="Runnable" seed="125408682" result="Passed" start-time="2017-05-02 03:42:20Z" end-time="2017-05-02 03:42:20Z" duration="0.001841" asserts="1" />
            <test-case id="1485" name="DrawImage_NullPointRectangleGraphicsUnit" fullname="MonoTests.System.Drawing.GraphicsTest.DrawImage_NullPointRectangleGraphicsUnit" methodname="DrawImage_NullPointRectangleGraphicsUnit" classname="MonoTests.System.Drawing.GraphicsTest" runstate="Runnable" seed="341510814" result="Passed" start-time="2017-05-02 03:42:20Z" end-time="2017-05-02 03:42:20Z" duration="0.001226" asserts="1" />
            <test-case id="1463" name="DrawImage_NullRectangle" fullname="MonoTests.System.Drawing.GraphicsTest.DrawImage_NullRectangle" methodname="DrawImage_NullRectangle" classname="MonoTests.System.Drawing.GraphicsTest" runstate="Runnable" seed="1794588898" result="Passed" start-time="2017-05-02 03:42:20Z" end-time="2017-05-02 03:42:20Z" duration="0.001146" asserts="1" />
            <test-case id="1455" name="DrawImage_NullRectangleF" fullname="MonoTests.System.Drawing.GraphicsTest.DrawImage_NullRectangleF" methodname="DrawImage_NullRectangleF" classname="MonoTests.System.Drawing.GraphicsTest" runstate="Runnable" seed="1741365494" result="Passed" start-time="2017-05-02 03:42:20Z" end-time="2017-05-02 03:42:20Z" duration="0.001317" asserts="1" />
            <test-case id="1477" name="DrawImage_NullRectangleRectangleGraphicsUnit" fullname="MonoTests.System.Drawing.GraphicsTest.DrawImage_NullRectangleRectangleGraphicsUnit" methodname="DrawImage_NullRectangleRectangleGraphicsUnit" classname="MonoTests.System.Drawing.GraphicsTest" runstate="Runnable" seed="697494205" result="Passed" start-time="2017-05-02 03:42:20Z" end-time="2017-05-02 03:42:20Z" duration="0.001019" asserts="1" />
            <test-case id="1506" name="DrawImageUnscaled_ImageIntInt" fullname="MonoTests.System.Drawing.GraphicsTest.DrawImageUnscaled_ImageIntInt" methodname="DrawImageUnscaled_ImageIntInt" classname="MonoTests.System.Drawing.GraphicsTest" runstate="Runnable" seed="576356731" result="Passed" start-time="2017-05-02 03:42:20Z" end-time="2017-05-02 03:42:20Z" duration="0.000717" asserts="0" />
            <test-case id="1508" name="DrawImageUnscaled_ImageIntIntIntInt" fullname="MonoTests.System.Drawing.GraphicsTest.DrawImageUnscaled_ImageIntIntIntInt" methodname="DrawImageUnscaled_ImageIntIntIntInt" classname="MonoTests.System.Drawing.GraphicsTest" runstate="Runnable" seed="262525000" result="Passed" start-time="2017-05-02 03:42:20Z" end-time="2017-05-02 03:42:20Z" duration="0.001375" asserts="0" />
            <test-case id="1502" name="DrawImageUnscaled_ImagePoint" fullname="MonoTests.System.Drawing.GraphicsTest.DrawImageUnscaled_ImagePoint" methodname="DrawImageUnscaled_ImagePoint" classname="MonoTests.System.Drawing.GraphicsTest" runstate="Runnable" seed="837767550" result="Passed" start-time="2017-05-02 03:42:20Z" end-time="2017-05-02 03:42:20Z" duration="0.000802" asserts="0" />
            <test-case id="1504" name="DrawImageUnscaled_ImageRectangle" fullname="MonoTests.System.Drawing.GraphicsTest.DrawImageUnscaled_ImageRectangle" methodname="DrawImageUnscaled_ImageRectangle" classname="MonoTests.System.Drawing.GraphicsTest" runstate="Runnable" seed="1865283403" result="Passed" start-time="2017-05-02 03:42:20Z" end-time="2017-05-02 03:42:20Z" duration="0.000865" asserts="0" />
            <test-case id="1505" name="DrawImageUnscaled_NullIntInt" fullname="MonoTests.System.Drawing.GraphicsTest.DrawImageUnscaled_NullIntInt" methodname="DrawImageUnscaled_NullIntInt" classname="MonoTests.System.Drawing.GraphicsTest" runstate="Runnable" seed="851587196" result="Passed" start-time="2017-05-02 03:42:20Z" end-time="2017-05-02 03:42:20Z" duration="0.000776" asserts="1" />
            <test-case id="1507" name="DrawImageUnscaled_NullIntIntIntInt" fullname="MonoTests.System.Drawing.GraphicsTest.DrawImageUnscaled_NullIntIntIntInt" methodname="DrawImageUnscaled_NullIntIntIntInt" classname="MonoTests.System.Drawing.GraphicsTest" runstate="Runnable" seed="397020392" result="Passed" start-time="2017-05-02 03:42:20Z" end-time="2017-05-02 03:42:20Z" duration="0.001881" asserts="1" />
            <test-case id="1501" name="DrawImageUnscaled_NullPoint" fullname="MonoTests.System.Drawing.GraphicsTest.DrawImageUnscaled_NullPoint" methodname="DrawImageUnscaled_NullPoint" classname="MonoTests.System.Drawing.GraphicsTest" runstate="Runnable" seed="1363789555" result="Passed" start-time="2017-05-02 03:42:20Z" end-time="2017-05-02 03:42:20Z" duration="0.000806" asserts="1" />
            <test-case id="1503" name="DrawImageUnscaled_NullRectangle" fullname="MonoTests.System.Drawing.GraphicsTest.DrawImageUnscaled_NullRectangle" methodname="DrawImageUnscaled_NullRectangle" classname="MonoTests.System.Drawing.GraphicsTest" runstate="Runnable" seed="1143402652" result="Passed" start-time="2017-05-02 03:42:20Z" end-time="2017-05-02 03:42:20Z" duration="0.001016" asserts="1" />
            <test-case id="1510" name="DrawImageUnscaledAndClipped" fullname="MonoTests.System.Drawing.GraphicsTest.DrawImageUnscaledAndClipped" methodname="DrawImageUnscaledAndClipped" classname="MonoTests.System.Drawing.GraphicsTest" runstate="Runnable" seed="1601306456" result="Passed" start-time="2017-05-02 03:42:20Z" end-time="2017-05-02 03:42:20Z" duration="0.002176" asserts="0" />
            <test-case id="1509" name="DrawImageUnscaledAndClipped_Null" fullname="MonoTests.System.Drawing.GraphicsTest.DrawImageUnscaledAndClipped_Null" methodname="DrawImageUnscaledAndClipped_Null" classname="MonoTests.System.Drawing.GraphicsTest" runstate="Runnable" seed="81131440" result="Passed" start-time="2017-05-02 03:42:20Z" end-time="2017-05-02 03:42:20Z" duration="0.000891" asserts="1" />
            <test-case id="1597" name="DrawLines_Width_2" fullname="MonoTests.System.Drawing.GraphicsTest.DrawLines_Width_2" methodname="DrawLines_Width_2" classname="MonoTests.System.Drawing.GraphicsTest" runstate="Runnable" seed="70226275" result="Passed" start-time="2017-05-02 03:42:20Z" end-time="2017-05-02 03:42:20Z" duration="0.004938" asserts="32">
              <properties>
                <property name="Category" value="NotWorking" />
              </properties>
            </test-case>
            <test-case id="1598" name="DrawLines_Width_3" fullname="MonoTests.System.Drawing.GraphicsTest.DrawLines_Width_3" methodname="DrawLines_Width_3" classname="MonoTests.System.Drawing.GraphicsTest" runstate="Runnable" seed="1810117249" result="Passed" start-time="2017-05-02 03:42:20Z" end-time="2017-05-02 03:42:20Z" duration="0.004727" asserts="45">
              <properties>
                <property name="Category" value="NotWorking" />
              </properties>
            </test-case>
            <test-case id="1596" name="DrawLines_Width_Default" fullname="MonoTests.System.Drawing.GraphicsTest.DrawLines_Width_Default" methodname="DrawLines_Width_Default" classname="MonoTests.System.Drawing.GraphicsTest" runstate="Runnable" seed="174742496" result="Passed" start-time="2017-05-02 03:42:20Z" end-time="2017-05-02 03:42:20Z" duration="0.003008" asserts="21" />
            <test-case id="1513" name="DrawPath_82202" fullname="MonoTests.System.Drawing.GraphicsTest.DrawPath_82202" methodname="DrawPath_82202" classname="MonoTests.System.Drawing.GraphicsTest" runstate="Runnable" seed="2110211204" result="Passed" start-time="2017-05-02 03:42:20Z" end-time="2017-05-02 03:42:20Z" duration="0.001954" asserts="2" />
            <test-case id="1512" name="DrawPath_Path_Null" fullname="MonoTests.System.Drawing.GraphicsTest.DrawPath_Path_Null" methodname="DrawPath_Path_Null" classname="MonoTests.System.Drawing.GraphicsTest" runstate="Runnable" seed="1644325790" result="Passed" start-time="2017-05-02 03:42:20Z" end-time="2017-05-02 03:42:20Z" duration="0.001021" asserts="1" />
            <test-case id="1511" name="DrawPath_Pen_Null" fullname="MonoTests.System.Drawing.GraphicsTest.DrawPath_Pen_Null" methodname="DrawPath_Pen_Null" classname="MonoTests.System.Drawing.GraphicsTest" runstate="Runnable" seed="917493260" result="Passed" start-time="2017-05-02 03:42:20Z" end-time="2017-05-02 03:42:20Z" duration="0.001208" asserts="1" />
            <test-case id="1568" name="DrawRectangle_Negative" fullname="MonoTests.System.Drawing.GraphicsTest.DrawRectangle_Negative" methodname="DrawRectangle_Negative" classname="MonoTests.System.Drawing.GraphicsTest" runstate="Runnable" seed="1211649218" result="Passed" start-time="2017-05-02 03:42:20Z" end-time="2017-05-02 03:42:20Z" duration="0.001451" asserts="0" />
            <test-case id="1569" name="DrawRectangles_Negative" fullname="MonoTests.System.Drawing.GraphicsTest.DrawRectangles_Negative" methodname="DrawRectangles_Negative" classname="MonoTests.System.Drawing.GraphicsTest" runstate="Runnable" seed="497249645" result="Passed" start-time="2017-05-02 03:42:20Z" end-time="2017-05-02 03:42:20Z" duration="0.001512" asserts="0" />
            <test-case id="1625" name="DrawString_EndlessLoop_Bug77699" fullname="MonoTests.System.Drawing.GraphicsTest.DrawString_EndlessLoop_Bug77699" methodname="DrawString_EndlessLoop_Bug77699" classname="MonoTests.System.Drawing.GraphicsTest" runstate="Runnable" seed="1918849786" result="Passed" start-time="2017-05-02 03:42:20Z" end-time="2017-05-02 03:42:20Z" duration="0.002096" asserts="0" />
            <test-case id="1439" name="DrawString_EndlessLoop_Wrapping" fullname="MonoTests.System.Drawing.GraphicsTest.DrawString_EndlessLoop_Wrapping" methodname="DrawString_EndlessLoop_Wrapping" classname="MonoTests.System.Drawing.GraphicsTest" runstate="Runnable" seed="862435573" result="Passed" start-time="2017-05-02 03:42:20Z" end-time="2017-05-02 03:42:20Z" duration="0.001178" asserts="0" />
            <test-case id="1580" name="EndContainer_Null" fullname="MonoTests.System.Drawing.GraphicsTest.EndContainer_Null" methodname="EndContainer_Null" classname="MonoTests.System.Drawing.GraphicsTest" runstate="Runnable" seed="1633696939" result="Passed" start-time="2017-05-02 03:42:20Z" end-time="2017-05-02 03:42:20Z" duration="0.000808" asserts="1" />
            <test-case id="1523" name="ExcludeClip" fullname="MonoTests.System.Drawing.GraphicsTest.ExcludeClip" methodname="ExcludeClip" classname="MonoTests.System.Drawing.GraphicsTest" runstate="Runnable" seed="293500690" result="Passed" start-time="2017-05-02 03:42:20Z" end-time="2017-05-02 03:42:20Z" duration="0.002674" asserts="13" />
            <test-case id="1591" name="FillDrawRectangle_Width_2" fullname="MonoTests.System.Drawing.GraphicsTest.FillDrawRectangle_Width_2" methodname="FillDrawRectangle_Width_2" classname="MonoTests.System.Drawing.GraphicsTest" runstate="Runnable" seed="1219699065" result="Passed" start-time="2017-05-02 03:42:20Z" end-time="2017-05-02 03:42:20Z" duration="0.005369" asserts="32">
              <properties>
                <property name="Category" value="NotOnMac" />
              </properties>
            </test-case>
            <test-case id="1592" name="FillDrawRectangle_Width_3" fullname="MonoTests.System.Drawing.GraphicsTest.FillDrawRectangle_Width_3" methodname="FillDrawRectangle_Width_3" classname="MonoTests.System.Drawing.GraphicsTest" runstate="Runnable" seed="41375047" result="Passed" start-time="2017-05-02 03:42:20Z" end-time="2017-05-02 03:42:20Z" duration="0.004366" asserts="40" />
            <test-case id="1590" name="FillDrawRectangle_Width_Default" fullname="MonoTests.System.Drawing.GraphicsTest.FillDrawRectangle_Width_Default" methodname="FillDrawRectangle_Width_Default" classname="MonoTests.System.Drawing.GraphicsTest" runstate="Runnable" seed="577930156" result="Passed" start-time="2017-05-02 03:42:20Z" end-time="2017-05-02 03:42:20Z" duration="0.004087" asserts="24" />
            <test-case id="1516" name="FillPath_82202" fullname="MonoTests.System.Drawing.GraphicsTest.FillPath_82202" methodname="FillPath_82202" classname="MonoTests.System.Drawing.GraphicsTest" runstate="Runnable" seed="1017493179" result="Passed" start-time="2017-05-02 03:42:20Z" end-time="2017-05-02 03:42:20Z" duration="0.001758" asserts="2" />
            <test-case id="1514" name="FillPath_Brush_Null" fullname="MonoTests.System.Drawing.GraphicsTest.FillPath_Brush_Null" methodname="FillPath_Brush_Null" classname="MonoTests.System.Drawing.GraphicsTest" runstate="Runnable" seed="147063495" result="Passed" start-time="2017-05-02 03:42:20Z" end-time="2017-05-02 03:42:20Z" duration="0.001120" asserts="1" />
            <test-case id="1515" name="FillPath_Path_Null" fullname="MonoTests.System.Drawing.GraphicsTest.FillPath_Path_Null" methodname="FillPath_Path_Null" classname="MonoTests.System.Drawing.GraphicsTest" runstate="Runnable" seed="745809273" result="Passed" start-time="2017-05-02 03:42:20Z" end-time="2017-05-02 03:42:20Z" duration="0.001077" asserts="1" />
            <test-case id="1570" name="FillRectangle_Negative" fullname="MonoTests.System.Drawing.GraphicsTest.FillRectangle_Negative" methodname="FillRectangle_Negative" classname="MonoTests.System.Drawing.GraphicsTest" runstate="Runnable" seed="1844950826" result="Passed" start-time="2017-05-02 03:42:20Z" end-time="2017-05-02 03:42:20Z" duration="0.001068" asserts="0" />
            <test-case id="1583" name="FillRectangles_BrushNull_Rectangle" fullname="MonoTests.System.Drawing.GraphicsTest.FillRectangles_BrushNull_Rectangle" methodname="FillRectangles_BrushNull_Rectangle" classname="MonoTests.System.Drawing.GraphicsTest" runstate="Runnable" seed="1271382561" result="Passed" start-time="2017-05-02 03:42:20Z" end-time="2017-05-02 03:42:20Z" duration="0.001302" asserts="1" />
            <test-case id="1586" name="FillRectangles_BrushNull_RectangleF" fullname="MonoTests.System.Drawing.GraphicsTest.FillRectangles_BrushNull_RectangleF" methodname="FillRectangles_BrushNull_RectangleF" classname="MonoTests.System.Drawing.GraphicsTest" runstate="Runnable" seed="1297982029" result="Passed" start-time="2017-05-02 03:42:20Z" end-time="2017-05-02 03:42:20Z" duration="0.001507" asserts="1" />
            <test-case id="1571" name="FillRectangles_Negative" fullname="MonoTests.System.Drawing.GraphicsTest.FillRectangles_Negative" methodname="FillRectangles_Negative" classname="MonoTests.System.Drawing.GraphicsTest" runstate="Runnable" seed="861728951" result="Passed" start-time="2017-05-02 03:42:20Z" end-time="2017-05-02 03:42:20Z" duration="0.001569" asserts="0" />
            <test-case id="1589" name="FillRectangles_NormalBehavior" fullname="MonoTests.System.Drawing.GraphicsTest.FillRectangles_NormalBehavior" methodname="FillRectangles_NormalBehavior" classname="MonoTests.System.Drawing.GraphicsTest" runstate="Runnable" seed="1792867498" result="Passed" start-time="2017-05-02 03:42:20Z" end-time="2017-05-02 03:42:20Z" duration="0.001684" asserts="7" />
            <test-case id="1584" name="FillRectangles_Rectangle_Null" fullname="MonoTests.System.Drawing.GraphicsTest.FillRectangles_Rectangle_Null" methodname="FillRectangles_Rectangle_Null" classname="MonoTests.System.Drawing.GraphicsTest" runstate="Runnable" seed="404191431" result="Passed" start-time="2017-05-02 03:42:20Z" end-time="2017-05-02 03:42:20Z" duration="0.001042" asserts="1" />
            <test-case id="1587" name="FillRectangles_RectangleF_Null" fullname="MonoTests.System.Drawing.GraphicsTest.FillRectangles_RectangleF_Null" methodname="FillRectangles_RectangleF_Null" classname="MonoTests.System.Drawing.GraphicsTest" runstate="Runnable" seed="254963482" result="Passed" start-time="2017-05-02 03:42:20Z" end-time="2017-05-02 03:42:20Z" duration="0.000982" asserts="1" />
            <test-case id="1585" name="FillRectanglesZeroRectangle" fullname="MonoTests.System.Drawing.GraphicsTest.FillRectanglesZeroRectangle" methodname="FillRectanglesZeroRectangle" classname="MonoTests.System.Drawing.GraphicsTest" runstate="Runnable" seed="753724252" result="Passed" start-time="2017-05-02 03:42:20Z" end-time="2017-05-02 03:42:20Z" duration="0.001127" asserts="1" />
            <test-case id="1588" name="FillRectanglesZeroRectangleF" fullname="MonoTests.System.Drawing.GraphicsTest.FillRectanglesZeroRectangleF" methodname="FillRectanglesZeroRectangleF" classname="MonoTests.System.Drawing.GraphicsTest" runstate="Runnable" seed="1358398225" result="Passed" start-time="2017-05-02 03:42:20Z" end-time="2017-05-02 03:42:20Z" duration="0.001039" asserts="1" />
            <test-case id="1572" name="FromHwnd_Zero" fullname="MonoTests.System.Drawing.GraphicsTest.FromHwnd_Zero" methodname="FromHwnd_Zero" classname="MonoTests.System.Drawing.GraphicsTest" runstate="Runnable" seed="29866734" result="Passed" start-time="2017-05-02 03:42:20Z" end-time="2017-05-02 03:42:20Z" duration="0.000814" asserts="1">
              <properties>
                <property name="Category" value="CAS" />
              </properties>
            </test-case>
            <test-case id="1530" name="FromImage" fullname="MonoTests.System.Drawing.GraphicsTest.FromImage" methodname="FromImage" classname="MonoTests.System.Drawing.GraphicsTest" runstate="Runnable" seed="1733126863" result="Passed" start-time="2017-05-02 03:42:20Z" end-time="2017-05-02 03:42:20Z" duration="0.000709" asserts="1" />
            <test-case id="1441" name="GetReleaseHdcInternal" fullname="MonoTests.System.Drawing.GraphicsTest.GetReleaseHdcInternal" methodname="GetReleaseHdcInternal" classname="MonoTests.System.Drawing.GraphicsTest" runstate="Runnable" seed="45463041" result="Passed" start-time="2017-05-02 03:42:20Z" end-time="2017-05-02 03:42:20Z" duration="0.000717" asserts="1" />
            <test-case id="1524" name="IntersectClip" fullname="MonoTests.System.Drawing.GraphicsTest.IntersectClip" methodname="IntersectClip" classname="MonoTests.System.Drawing.GraphicsTest" runstate="Runnable" seed="192137986" result="Passed" start-time="2017-05-02 03:42:20Z" end-time="2017-05-02 03:42:20Z" duration="0.001554" asserts="5" />
            <test-case id="1529" name="LoadIndexed_BmpFile" fullname="MonoTests.System.Drawing.GraphicsTest.LoadIndexed_BmpFile" methodname="LoadIndexed_BmpFile" classname="MonoTests.System.Drawing.GraphicsTest" runstate="Runnable" seed="1239734962" result="Failed" start-time="2017-05-02 03:42:20Z" end-time="2017-05-02 03:42:20Z" duration="0.001880" asserts="1">
              <failure>
                <message><![CDATA[  Expected: <System.Exception>
  But was:  <System.IO.FileNotFoundException: Test/System.Drawing/bitmaps/almogaver1bit.bmp
   在 System.DrawingCore.Image.FromFile(String filename, Boolean useEmbeddedColorManagement)
   在 MonoTests.System.Drawing.GraphicsTest.<>c.<LoadIndexed_BmpFile>b__19_0() 位置 C:\ProgramData\Git\zkweb.system.drawing\src\ZKWeb.System.Drawing.Tests\System.Drawing\TestGraphics.cs:行号 389
   在 NUnit.Framework.Assert.Throws(IResolveConstraint expression, TestDelegate code, String message, Object[] args)>
]]></message>
                <stack-trace><![CDATA[在 MonoTests.System.Drawing.GraphicsTest.LoadIndexed_BmpFile() 位置 C:\ProgramData\Git\zkweb.system.drawing\src\ZKWeb.System.Drawing.Tests\System.Drawing\TestGraphics.cs:行号 395
]]></stack-trace>
              </failure>
              <assertions>
                <assertion result="Failed">
                  <message><![CDATA[  Expected: <System.Exception>
  But was:  <System.IO.FileNotFoundException: Test/System.Drawing/bitmaps/almogaver1bit.bmp
   在 System.DrawingCore.Image.FromFile(String filename, Boolean useEmbeddedColorManagement)
   在 MonoTests.System.Drawing.GraphicsTest.<>c.<LoadIndexed_BmpFile>b__19_0() 位置 C:\ProgramData\Git\zkweb.system.drawing\src\ZKWeb.System.Drawing.Tests\System.Drawing\TestGraphics.cs:行号 389
   在 NUnit.Framework.Assert.Throws(IResolveConstraint expression, TestDelegate code, String message, Object[] args)>
]]></message>
                  <stack-trace><![CDATA[在 MonoTests.System.Drawing.GraphicsTest.LoadIndexed_BmpFile() 位置 C:\ProgramData\Git\zkweb.system.drawing\src\ZKWeb.System.Drawing.Tests\System.Drawing\TestGraphics.cs:行号 395
]]></stack-trace>
                </assertion>
              </assertions>
            </test-case>
            <test-case id="1528" name="LoadIndexed_PngStream" fullname="MonoTests.System.Drawing.GraphicsTest.LoadIndexed_PngStream" methodname="LoadIndexed_PngStream" classname="MonoTests.System.Drawing.GraphicsTest" runstate="Runnable" seed="220825685" result="Failed" label="Error" start-time="2017-05-02 03:42:20Z" end-time="2017-05-02 03:42:20Z" duration="0.001809" asserts="0">
              <properties>
                <property name="Category" value="NotWorking" />
              </properties>
              <failure>
                <message><![CDATA[System.ArgumentNullException : 值不能为 null。
参数名: stream]]></message>
                <stack-trace><![CDATA[   在 System.DrawingCore.Image.LoadFromStream(Stream stream, Boolean keepAlive)
   在 MonoTests.System.Drawing.GraphicsTest.LoadIndexed_PngStream() 位置 C:\ProgramData\Git\zkweb.system.drawing\src\ZKWeb.System.Drawing.Tests\System.Drawing\TestGraphics.cs:行号 370]]></stack-trace>
              </failure>
            </test-case>
            <test-case id="1623" name="Measure" fullname="MonoTests.System.Drawing.GraphicsTest.Measure" methodname="Measure" classname="MonoTests.System.Drawing.GraphicsTest" runstate="Runnable" seed="858614169" result="Passed" start-time="2017-05-02 03:42:20Z" end-time="2017-05-02 03:42:20Z" duration="0.004783" asserts="27" />
            <test-case id="1612" name="MeasureCharacterRanges_EmptyStringFormat" fullname="MonoTests.System.Drawing.GraphicsTest.MeasureCharacterRanges_EmptyStringFormat" methodname="MeasureCharacterRanges_EmptyStringFormat" classname="MonoTests.System.Drawing.GraphicsTest" runstate="Runnable" seed="1502370765" result="Passed" start-time="2017-05-02 03:42:20Z" end-time="2017-05-02 03:42:20Z" duration="0.000848" asserts="1" />
            <test-case id="1615" name="MeasureCharacterRanges_FirstTooFar" fullname="MonoTests.System.Drawing.GraphicsTest.MeasureCharacterRanges_FirstTooFar" methodname="MeasureCharacterRanges_FirstTooFar" classname="MonoTests.System.Drawing.GraphicsTest" runstate="Runnable" seed="906618523" result="Passed" start-time="2017-05-02 03:42:20Z" end-time="2017-05-02 03:42:20Z" duration="0.002611" asserts="1" />
            <test-case id="1613" name="MeasureCharacterRanges_FontNull" fullname="MonoTests.System.Drawing.GraphicsTest.MeasureCharacterRanges_FontNull" methodname="MeasureCharacterRanges_FontNull" classname="MonoTests.System.Drawing.GraphicsTest" runstate="Runnable" seed="1187704656" result="Passed" start-time="2017-05-02 03:42:20Z" end-time="2017-05-02 03:42:20Z" duration="0.001082" asserts="1" />
            <test-case id="1616" name="MeasureCharacterRanges_LengthTooLong" fullname="MonoTests.System.Drawing.GraphicsTest.MeasureCharacterRanges_LengthTooLong" methodname="MeasureCharacterRanges_LengthTooLong" classname="MonoTests.System.Drawing.GraphicsTest" runstate="Runnable" seed="1847184517" result="Passed" start-time="2017-05-02 03:42:20Z" end-time="2017-05-02 03:42:20Z" duration="0.000972" asserts="1" />
            <test-case id="1611" name="MeasureCharacterRanges_NullOrEmptyText" fullname="MonoTests.System.Drawing.GraphicsTest.MeasureCharacterRanges_NullOrEmptyText" methodname="MeasureCharacterRanges_NullOrEmptyText" classname="MonoTests.System.Drawing.GraphicsTest" runstate="Runnable" seed="87341625" result="Passed" start-time="2017-05-02 03:42:20Z" end-time="2017-05-02 03:42:20Z" duration="0.001363" asserts="4" />
            <test-case id="1618" name="MeasureCharacterRanges_NullStringFormat" fullname="MonoTests.System.Drawing.GraphicsTest.MeasureCharacterRanges_NullStringFormat" methodname="MeasureCharacterRanges_NullStringFormat" classname="MonoTests.System.Drawing.GraphicsTest" runstate="Runnable" seed="960622422" result="Passed" start-time="2017-05-02 03:42:20Z" end-time="2017-05-02 03:42:20Z" duration="0.001350" asserts="1" />
            <test-case id="1617" name="MeasureCharacterRanges_Prefix" fullname="MonoTests.System.Drawing.GraphicsTest.MeasureCharacterRanges_Prefix" methodname="MeasureCharacterRanges_Prefix" classname="MonoTests.System.Drawing.GraphicsTest" runstate="Runnable" seed="738941852" result="Passed" start-time="2017-05-02 03:42:20Z" end-time="2017-05-02 03:42:20Z" duration="0.002013" asserts="2" />
            <test-case id="1619" name="MeasureCharacterRanges_StringFormat_Alignment" fullname="MonoTests.System.Drawing.GraphicsTest.MeasureCharacterRanges_StringFormat_Alignment" methodname="MeasureCharacterRanges_StringFormat_Alignment" classname="MonoTests.System.Drawing.GraphicsTest" runstate="Runnable" seed="1622171830" result="Passed" start-time="2017-05-02 03:42:20Z" end-time="2017-05-02 03:42:20Z" duration="0.002390" asserts="11">
              <properties>
                <property name="Category" value="NotWorking" />
              </properties>
            </test-case>
            <test-case id="1621" name="MeasureCharacterRanges_StringFormat_Alignment_DirectionVertical" fullname="MonoTests.System.Drawing.GraphicsTest.MeasureCharacterRanges_StringFormat_Alignment_DirectionVertical" methodname="MeasureCharacterRanges_StringFormat_Alignment_DirectionVertical" classname="MonoTests.System.Drawing.GraphicsTest" runstate="Runnable" seed="1808555804" result="Failed" start-time="2017-05-02 03:42:20Z" end-time="2017-05-02 03:42:20Z" duration="0.003711" asserts="4">
              <properties>
                <property name="Category" value="NotWorking" />
              </properties>
              <failure>
                <message><![CDATA[  near-center/X
  Expected: True
  But was:  False
]]></message>
                <stack-trace><![CDATA[在 MonoTests.System.Drawing.GraphicsTest.MeasureCharacterRanges_StringFormat_Alignment_DirectionVertical() 位置 C:\ProgramData\Git\zkweb.system.drawing\src\ZKWeb.System.Drawing.Tests\System.Drawing\TestGraphics.cs:行号 2437
]]></stack-trace>
              </failure>
              <assertions>
                <assertion result="Failed">
                  <message><![CDATA[  near-center/X
  Expected: True
  But was:  False
]]></message>
                  <stack-trace><![CDATA[在 MonoTests.System.Drawing.GraphicsTest.MeasureCharacterRanges_StringFormat_Alignment_DirectionVertical() 位置 C:\ProgramData\Git\zkweb.system.drawing\src\ZKWeb.System.Drawing.Tests\System.Drawing\TestGraphics.cs:行号 2437
]]></stack-trace>
                </assertion>
              </assertions>
            </test-case>
            <test-case id="1620" name="MeasureCharacterRanges_StringFormat_LineAlignment" fullname="MonoTests.System.Drawing.GraphicsTest.MeasureCharacterRanges_StringFormat_LineAlignment" methodname="MeasureCharacterRanges_StringFormat_LineAlignment" classname="MonoTests.System.Drawing.GraphicsTest" runstate="Runnable" seed="266550318" result="Passed" start-time="2017-05-02 03:42:20Z" end-time="2017-05-02 03:42:20Z" duration="0.002332" asserts="11">
              <properties>
                <property name="Category" value="NotWorking" />
              </properties>
            </test-case>
            <test-case id="1622" name="MeasureCharacterRanges_StringFormat_LineAlignment_DirectionVertical" fullname="MonoTests.System.Drawing.GraphicsTest.MeasureCharacterRanges_StringFormat_LineAlignment_DirectionVertical" methodname="MeasureCharacterRanges_StringFormat_LineAlignment_DirectionVertical" classname="MonoTests.System.Drawing.GraphicsTest" runstate="Runnable" seed="690287397" result="Passed" start-time="2017-05-02 03:42:20Z" end-time="2017-05-02 03:42:20Z" duration="0.002683" asserts="11">
              <properties>
                <property name="Category" value="NotWorking" />
              </properties>
            </test-case>
            <test-case id="1614" name="MeasureCharacterRanges_TwoLines" fullname="MonoTests.System.Drawing.GraphicsTest.MeasureCharacterRanges_TwoLines" methodname="MeasureCharacterRanges_TwoLines" classname="MonoTests.System.Drawing.GraphicsTest" runstate="Runnable" seed="522811545" result="Passed" start-time="2017-05-02 03:42:20Z" end-time="2017-05-02 03:42:20Z" duration="0.001487" asserts="2" />
            <test-case id="1624" name="MeasureLimits" fullname="MonoTests.System.Drawing.GraphicsTest.MeasureLimits" methodname="MeasureLimits" classname="MonoTests.System.Drawing.GraphicsTest" runstate="Runnable" seed="2043713901" result="Passed" start-time="2017-05-02 03:42:20Z" end-time="2017-05-02 03:42:20Z" duration="0.002704" asserts="26" />
            <test-case id="1609" name="MeasureString_Bug76664" fullname="MonoTests.System.Drawing.GraphicsTest.MeasureString_Bug76664" methodname="MeasureString_Bug76664" classname="MonoTests.System.Drawing.GraphicsTest" runstate="Runnable" seed="1405642740" result="Passed" start-time="2017-05-02 03:42:20Z" end-time="2017-05-02 03:42:20Z" duration="0.002030" asserts="4" />
            <test-case id="1610" name="MeasureString_Bug80680" fullname="MonoTests.System.Drawing.GraphicsTest.MeasureString_Bug80680" methodname="MeasureString_Bug80680" classname="MonoTests.System.Drawing.GraphicsTest" runstate="Runnable" seed="635293001" result="Passed" start-time="2017-05-02 03:42:20Z" end-time="2017-05-02 03:42:20Z" duration="0.001770" asserts="56" />
            <test-case id="1608" name="MeasureString_MultlineString_Width" fullname="MonoTests.System.Drawing.GraphicsTest.MeasureString_MultlineString_Width" methodname="MeasureString_MultlineString_Width" classname="MonoTests.System.Drawing.GraphicsTest" runstate="Runnable" seed="819398866" result="Failed" start-time="2017-05-02 03:42:20Z" end-time="2017-05-02 03:42:20Z" duration="0.002914" asserts="1">
              <failure>
                <message><![CDATA[  Multiline Text Width
  Expected: 118
  But was:  119
]]></message>
                <stack-trace><![CDATA[在 MonoTests.System.Drawing.GraphicsTest.MeasureString_MultlineString_Width() 位置 C:\ProgramData\Git\zkweb.system.drawing\src\ZKWeb.System.Drawing.Tests\System.Drawing\TestGraphics.cs:行号 2080
]]></stack-trace>
              </failure>
              <assertions>
                <assertion result="Failed">
                  <message><![CDATA[  Multiline Text Width
  Expected: 118
  But was:  119
]]></message>
                  <stack-trace><![CDATA[在 MonoTests.System.Drawing.GraphicsTest.MeasureString_MultlineString_Width() 位置 C:\ProgramData\Git\zkweb.system.drawing\src\ZKWeb.System.Drawing.Tests\System.Drawing\TestGraphics.cs:行号 2080
]]></stack-trace>
                </assertion>
              </assertions>
            </test-case>
            <test-case id="1599" name="MeasureString_StringFont" fullname="MonoTests.System.Drawing.GraphicsTest.MeasureString_StringFont" methodname="MeasureString_StringFont" classname="MonoTests.System.Drawing.GraphicsTest" runstate="Runnable" seed="623261207" result="Passed" start-time="2017-05-02 03:42:20Z" end-time="2017-05-02 03:42:20Z" duration="0.001457" asserts="4" />
            <test-case id="1600" name="MeasureString_StringFont_Null" fullname="MonoTests.System.Drawing.GraphicsTest.MeasureString_StringFont_Null" methodname="MeasureString_StringFont_Null" classname="MonoTests.System.Drawing.GraphicsTest" runstate="Runnable" seed="326638192" result="Passed" start-time="2017-05-02 03:42:20Z" end-time="2017-05-02 03:42:20Z" duration="0.001261" asserts="1" />
            <test-case id="1603" name="MeasureString_StringFontInt_LongString" fullname="MonoTests.System.Drawing.GraphicsTest.MeasureString_StringFontInt_LongString" methodname="MeasureString_StringFontInt_LongString" classname="MonoTests.System.Drawing.GraphicsTest" runstate="Runnable" seed="1242102147" result="Passed" start-time="2017-05-02 03:42:20Z" end-time="2017-05-02 03:42:20Z" duration="0.001736" asserts="2" />
            <test-case id="1602" name="MeasureString_StringFontInt_ShortString" fullname="MonoTests.System.Drawing.GraphicsTest.MeasureString_StringFontInt_ShortString" methodname="MeasureString_StringFontInt_ShortString" classname="MonoTests.System.Drawing.GraphicsTest" runstate="Runnable" seed="1050536275" result="Passed" start-time="2017-05-02 03:42:20Z" end-time="2017-05-02 03:42:20Z" duration="0.000271" asserts="2" />
            <test-case id="1601" name="MeasureString_StringFontSizeF" fullname="MonoTests.System.Drawing.GraphicsTest.MeasureString_StringFontSizeF" methodname="MeasureString_StringFontSizeF" classname="MonoTests.System.Drawing.GraphicsTest" runstate="Runnable" seed="1895550144" result="Passed" start-time="2017-05-02 03:42:20Z" end-time="2017-05-02 03:42:20Z" duration="0.001091" asserts="2" />
            <test-case id="1604" name="MeasureString_StringFormat_Alignment" fullname="MonoTests.System.Drawing.GraphicsTest.MeasureString_StringFormat_Alignment" methodname="MeasureString_StringFormat_Alignment" classname="MonoTests.System.Drawing.GraphicsTest" runstate="Runnable" seed="740202801" result="Passed" start-time="2017-05-02 03:42:20Z" end-time="2017-05-02 03:42:20Z" duration="0.001261" asserts="4" />
            <test-case id="1605" name="MeasureString_StringFormat_Alignment_DirectionVertical" fullname="MonoTests.System.Drawing.GraphicsTest.MeasureString_StringFormat_Alignment_DirectionVertical" methodname="MeasureString_StringFormat_Alignment_DirectionVertical" classname="MonoTests.System.Drawing.GraphicsTest" runstate="Runnable" seed="692488281" result="Passed" start-time="2017-05-02 03:42:20Z" end-time="2017-05-02 03:42:20Z" duration="0.001111" asserts="4" />
            <test-case id="1606" name="MeasureString_StringFormat_LineAlignment" fullname="MonoTests.System.Drawing.GraphicsTest.MeasureString_StringFormat_LineAlignment" methodname="MeasureString_StringFormat_LineAlignment" classname="MonoTests.System.Drawing.GraphicsTest" runstate="Runnable" seed="2111675340" result="Passed" start-time="2017-05-02 03:42:20Z" end-time="2017-05-02 03:42:20Z" duration="0.000995" asserts="4" />
            <test-case id="1607" name="MeasureString_StringFormat_LineAlignment_DirectionVertical" fullname="MonoTests.System.Drawing.GraphicsTest.MeasureString_StringFormat_LineAlignment_DirectionVertical" methodname="MeasureString_StringFormat_LineAlignment_DirectionVertical" classname="MonoTests.System.Drawing.GraphicsTest" runstate="Runnable" seed="1439600337" result="Passed" start-time="2017-05-02 03:42:20Z" end-time="2017-05-02 03:42:20Z" duration="0.001523" asserts="4" />
            <test-case id="1440" name="MeasureString_Wrapping_Dots" fullname="MonoTests.System.Drawing.GraphicsTest.MeasureString_Wrapping_Dots" methodname="MeasureString_Wrapping_Dots" classname="MonoTests.System.Drawing.GraphicsTest" runstate="Runnable" seed="463095576" result="Passed" start-time="2017-05-02 03:42:20Z" end-time="2017-05-02 03:42:20Z" duration="0.000960" asserts="2" />
            <test-case id="1534" name="Multiply_NonInvertibleMatrix" fullname="MonoTests.System.Drawing.GraphicsTest.Multiply_NonInvertibleMatrix" methodname="Multiply_NonInvertibleMatrix" classname="MonoTests.System.Drawing.GraphicsTest" runstate="Runnable" seed="1905925603" result="Passed" start-time="2017-05-02 03:42:20Z" end-time="2017-05-02 03:42:20Z" duration="0.000947" asserts="1" />
            <test-case id="1535" name="Multiply_Null" fullname="MonoTests.System.Drawing.GraphicsTest.Multiply_Null" methodname="Multiply_Null" classname="MonoTests.System.Drawing.GraphicsTest" runstate="Runnable" seed="1663783411" result="Passed" start-time="2017-05-02 03:42:20Z" end-time="2017-05-02 03:42:20Z" duration="0.000700" asserts="1" />
            <test-case id="1442" name="ReleaseHdcInternal_IntPtrZero" fullname="MonoTests.System.Drawing.GraphicsTest.ReleaseHdcInternal_IntPtrZero" methodname="ReleaseHdcInternal_IntPtrZero" classname="MonoTests.System.Drawing.GraphicsTest" runstate="Runnable" seed="64783906" result="Passed" start-time="2017-05-02 03:42:20Z" end-time="2017-05-02 03:42:20Z" duration="0.001366" asserts="1" />
            <test-case id="1443" name="ReleaseHdcInternal_TwoTimes" fullname="MonoTests.System.Drawing.GraphicsTest.ReleaseHdcInternal_TwoTimes" methodname="ReleaseHdcInternal_TwoTimes" classname="MonoTests.System.Drawing.GraphicsTest" runstate="Runnable" seed="2026060646" result="Passed" start-time="2017-05-02 03:42:20Z" end-time="2017-05-02 03:42:20Z" duration="0.001062" asserts="1" />
            <test-case id="1525" name="ResetClip" fullname="MonoTests.System.Drawing.GraphicsTest.ResetClip" methodname="ResetClip" classname="MonoTests.System.Drawing.GraphicsTest" runstate="Runnable" seed="1994895127" result="Passed" start-time="2017-05-02 03:42:20Z" end-time="2017-05-02 03:42:20Z" duration="0.001475" asserts="5" />
            <test-case id="1582" name="Restore_Null" fullname="MonoTests.System.Drawing.GraphicsTest.Restore_Null" methodname="Restore_Null" classname="MonoTests.System.Drawing.GraphicsTest" runstate="Runnable" seed="276406262" result="Passed" start-time="2017-05-02 03:42:20Z" end-time="2017-05-02 03:42:20Z" duration="0.001487" asserts="1" />
            <test-case id="1449" name="Rotate" fullname="MonoTests.System.Drawing.GraphicsTest.Rotate" methodname="Rotate" classname="MonoTests.System.Drawing.GraphicsTest" runstate="Runnable" seed="219320557" result="Passed" start-time="2017-05-02 03:42:20Z" end-time="2017-05-02 03:42:20Z" duration="0.001474" asserts="8" />
            <test-case id="1581" name="Save" fullname="MonoTests.System.Drawing.GraphicsTest.Save" methodname="Save" classname="MonoTests.System.Drawing.GraphicsTest" runstate="Runnable" seed="710115587" result="Passed" start-time="2017-05-02 03:42:20Z" end-time="2017-05-02 03:42:20Z" duration="0.001815" asserts="84" />
            <test-case id="1450" name="Scale" fullname="MonoTests.System.Drawing.GraphicsTest.Scale" methodname="Scale" classname="MonoTests.System.Drawing.GraphicsTest" runstate="Runnable" seed="475776251" result="Passed" start-time="2017-05-02 03:42:20Z" end-time="2017-05-02 03:42:20Z" duration="0.001519" asserts="8" />
            <test-case id="1550" name="ScaleTransform_X0" fullname="MonoTests.System.Drawing.GraphicsTest.ScaleTransform_X0" methodname="ScaleTransform_X0" classname="MonoTests.System.Drawing.GraphicsTest" runstate="Runnable" seed="442600018" result="Passed" start-time="2017-05-02 03:42:20Z" end-time="2017-05-02 03:42:20Z" duration="0.000655" asserts="1" />
            <test-case id="1551" name="ScaleTransform_Y0" fullname="MonoTests.System.Drawing.GraphicsTest.ScaleTransform_Y0" methodname="ScaleTransform_Y0" classname="MonoTests.System.Drawing.GraphicsTest" runstate="Runnable" seed="1256823744" result="Passed" start-time="2017-05-02 03:42:20Z" end-time="2017-05-02 03:42:20Z" duration="0.000533" asserts="1" />
            <test-case id="1526" name="SetClip" fullname="MonoTests.System.Drawing.GraphicsTest.SetClip" methodname="SetClip" classname="MonoTests.System.Drawing.GraphicsTest" runstate="Runnable" seed="1930579391" result="Passed" start-time="2017-05-02 03:42:20Z" end-time="2017-05-02 03:42:20Z" duration="0.003346" asserts="15" />
            <test-case id="1520" name="SetGetProperties" fullname="MonoTests.System.Drawing.GraphicsTest.SetGetProperties" methodname="SetGetProperties" classname="MonoTests.System.Drawing.GraphicsTest" runstate="Runnable" seed="1786550872" result="Passed" start-time="2017-05-02 03:42:20Z" end-time="2017-05-02 03:42:20Z" duration="0.001510" asserts="9" />
            <test-case id="1527" name="SetSaveReset" fullname="MonoTests.System.Drawing.GraphicsTest.SetSaveReset" methodname="SetSaveReset" classname="MonoTests.System.Drawing.GraphicsTest" runstate="Runnable" seed="233807897" result="Passed" start-time="2017-05-02 03:42:20Z" end-time="2017-05-02 03:42:20Z" duration="0.003509" asserts="21" />
            <test-case id="1444" name="TestReleaseHdc" fullname="MonoTests.System.Drawing.GraphicsTest.TestReleaseHdc" methodname="TestReleaseHdc" classname="MonoTests.System.Drawing.GraphicsTest" runstate="Runnable" seed="1940925513" result="Passed" start-time="2017-05-02 03:42:20Z" end-time="2017-05-02 03:42:20Z" duration="0.000807" asserts="1" />
            <test-case id="1445" name="TestReleaseHdcException" fullname="MonoTests.System.Drawing.GraphicsTest.TestReleaseHdcException" methodname="TestReleaseHdcException" classname="MonoTests.System.Drawing.GraphicsTest" runstate="Runnable" seed="2095602077" result="Passed" start-time="2017-05-02 03:42:20Z" end-time="2017-05-02 03:42:20Z" duration="0.000794" asserts="1" />
            <test-case id="1446" name="TestReleaseHdcException2" fullname="MonoTests.System.Drawing.GraphicsTest.TestReleaseHdcException2" methodname="TestReleaseHdcException2" classname="MonoTests.System.Drawing.GraphicsTest" runstate="Runnable" seed="320540173" result="Passed" start-time="2017-05-02 03:42:20Z" end-time="2017-05-02 03:42:20Z" duration="0.000751" asserts="1" />
            <test-case id="1533" name="Transform_NonInvertibleMatrix" fullname="MonoTests.System.Drawing.GraphicsTest.Transform_NonInvertibleMatrix" methodname="Transform_NonInvertibleMatrix" classname="MonoTests.System.Drawing.GraphicsTest" runstate="Runnable" seed="33986102" result="Passed" start-time="2017-05-02 03:42:20Z" end-time="2017-05-02 03:42:20Z" duration="0.000848" asserts="1" />
            <test-case id="1517" name="TransformPoints_349800" fullname="MonoTests.System.Drawing.GraphicsTest.TransformPoints_349800" methodname="TransformPoints_349800" classname="MonoTests.System.Drawing.GraphicsTest" runstate="Runnable" seed="2002393852" result="Passed" start-time="2017-05-02 03:42:20Z" end-time="2017-05-02 03:42:20Z" duration="0.004774" asserts="20" />
            <test-case id="1451" name="Translate" fullname="MonoTests.System.Drawing.GraphicsTest.Translate" methodname="Translate" classname="MonoTests.System.Drawing.GraphicsTest" runstate="Runnable" seed="1627563" result="Passed" start-time="2017-05-02 03:42:20Z" end-time="2017-05-02 03:42:20Z" duration="0.001413" asserts="8" />
            <test-case id="1552" name="TranslateTransform_Order" fullname="MonoTests.System.Drawing.GraphicsTest.TranslateTransform_Order" methodname="TranslateTransform_Order" classname="MonoTests.System.Drawing.GraphicsTest" runstate="Runnable" seed="1956789136" result="Passed" start-time="2017-05-02 03:42:20Z" end-time="2017-05-02 03:42:20Z" duration="0.003273" asserts="18" />
            <test-case id="1447" name="VisibleClipBound" fullname="MonoTests.System.Drawing.GraphicsTest.VisibleClipBound" methodname="VisibleClipBound" classname="MonoTests.System.Drawing.GraphicsTest" runstate="Runnable" seed="1601505647" result="Failed" start-time="2017-05-02 03:42:20Z" end-time="2017-05-02 03:42:20Z" duration="0.003114" asserts="10">
              <failure>
                <message><![CDATA[  rotclip.Y
  Expected: -32
  But was:  -31.9999981f
]]></message>
                <stack-trace><![CDATA[在 MonoTests.System.Drawing.GraphicsTest.VisibleClipBound() 位置 C:\ProgramData\Git\zkweb.system.drawing\src\ZKWeb.System.Drawing.Tests\System.Drawing\TestGraphics.cs:行号 2734
]]></stack-trace>
              </failure>
              <assertions>
                <assertion result="Failed">
                  <message><![CDATA[  rotclip.Y
  Expected: -32
  But was:  -31.9999981f
]]></message>
                  <stack-trace><![CDATA[在 MonoTests.System.Drawing.GraphicsTest.VisibleClipBound() 位置 C:\ProgramData\Git\zkweb.system.drawing\src\ZKWeb.System.Drawing.Tests\System.Drawing\TestGraphics.cs:行号 2734
]]></stack-trace>
                </assertion>
              </assertions>
            </test-case>
            <test-case id="1448" name="VisibleClipBound_BigClip" fullname="MonoTests.System.Drawing.GraphicsTest.VisibleClipBound_BigClip" methodname="VisibleClipBound_BigClip" classname="MonoTests.System.Drawing.GraphicsTest" runstate="Runnable" seed="1640571395" result="Failed" start-time="2017-05-02 03:42:20Z" end-time="2017-05-02 03:42:20Z" duration="0.003855" asserts="15">
              <failure>
                <message><![CDATA[  rotclipbound.Width
  Expected: 200
  But was:  199.999985f
]]></message>
                <stack-trace><![CDATA[在 MonoTests.System.Drawing.GraphicsTest.VisibleClipBound_BigClip() 位置 C:\ProgramData\Git\zkweb.system.drawing\src\ZKWeb.System.Drawing.Tests\System.Drawing\TestGraphics.cs:行号 2770
]]></stack-trace>
              </failure>
              <assertions>
                <assertion result="Failed">
                  <message><![CDATA[  rotclipbound.Width
  Expected: 200
  But was:  199.999985f
]]></message>
                  <stack-trace><![CDATA[在 MonoTests.System.Drawing.GraphicsTest.VisibleClipBound_BigClip() 位置 C:\ProgramData\Git\zkweb.system.drawing\src\ZKWeb.System.Drawing.Tests\System.Drawing\TestGraphics.cs:行号 2770
]]></stack-trace>
                </assertion>
              </assertions>
            </test-case>
          </test-suite>
          <test-suite type="TestFixture" id="1673" name="IconConverterTest" fullname="MonoTests.System.Drawing.IconConverterTest" classname="MonoTests.System.Drawing.IconConverterTest" runstate="Runnable" testcasecount="4" result="Failed" site="Child" start-time="2017-05-02 03:42:20Z" end-time="2017-05-02 03:42:20Z" duration="0.017039" total="4" passed="0" failed="4" warnings="0" inconclusive="0" skipped="0" asserts="0">
            <failure>
              <message><![CDATA[One or more child tests had errors]]></message>
            </failure>
            <test-case id="1674" name="TestCanConvertFrom" fullname="MonoTests.System.Drawing.IconConverterTest.TestCanConvertFrom" methodname="TestCanConvertFrom" classname="MonoTests.System.Drawing.IconConverterTest" runstate="Runnable" seed="703294652" result="Failed" label="Error" start-time="2017-05-02 03:42:20Z" end-time="2017-05-02 03:42:20Z" duration="0.001621" asserts="0">
              <failure>
                <message><![CDATA[System.IO.DirectoryNotFoundException : 未能找到路径“C:\ProgramData\Git\zkweb.system.drawing\src\ZKWeb.System.Drawing.Console\Test\System.Drawing\bitmaps\VisualPng.ico”的一部分。]]></message>
                <stack-trace><![CDATA[   在 System.IO.__Error.WinIOError(Int32 errorCode, String maybeFullPath)
   在 System.IO.FileStream.Init(String path, FileMode mode, FileAccess access, Int32 rights, Boolean useRights, FileShare share, Int32 bufferSize, FileOptions options, SECURITY_ATTRIBUTES secAttrs, String msgPath, Boolean bFromProxy, Boolean useLongPath, Boolean checkHost)
   在 System.IO.FileStream..ctor(String path, FileMode mode, FileAccess access, FileShare share)
   在 System.DrawingCore.Icon..ctor(String fileName)
   在 MonoTests.System.Drawing.IconConverterTest.SetUp() 位置 C:\ProgramData\Git\zkweb.system.drawing\src\ZKWeb.System.Drawing.Tests\System.Drawing\TestIconConverter.cs:行号 60]]></stack-trace>
              </failure>
            </test-case>
            <test-case id="1675" name="TestCanConvertTo" fullname="MonoTests.System.Drawing.IconConverterTest.TestCanConvertTo" methodname="TestCanConvertTo" classname="MonoTests.System.Drawing.IconConverterTest" runstate="Runnable" seed="489165134" result="Failed" label="Error" start-time="2017-05-02 03:42:20Z" end-time="2017-05-02 03:42:20Z" duration="0.000620" asserts="0">
              <failure>
                <message><![CDATA[System.IO.DirectoryNotFoundException : 未能找到路径“C:\ProgramData\Git\zkweb.system.drawing\src\ZKWeb.System.Drawing.Console\Test\System.Drawing\bitmaps\VisualPng.ico”的一部分。]]></message>
                <stack-trace><![CDATA[   在 System.IO.__Error.WinIOError(Int32 errorCode, String maybeFullPath)
   在 System.IO.FileStream.Init(String path, FileMode mode, FileAccess access, Int32 rights, Boolean useRights, FileShare share, Int32 bufferSize, FileOptions options, SECURITY_ATTRIBUTES secAttrs, String msgPath, Boolean bFromProxy, Boolean useLongPath, Boolean checkHost)
   在 System.IO.FileStream..ctor(String path, FileMode mode, FileAccess access, FileShare share)
   在 System.DrawingCore.Icon..ctor(String fileName)
   在 MonoTests.System.Drawing.IconConverterTest.SetUp() 位置 C:\ProgramData\Git\zkweb.system.drawing\src\ZKWeb.System.Drawing.Tests\System.Drawing\TestIconConverter.cs:行号 60]]></stack-trace>
              </failure>
            </test-case>
            <test-case id="1676" name="TestConvertFrom" fullname="MonoTests.System.Drawing.IconConverterTest.TestConvertFrom" methodname="TestConvertFrom" classname="MonoTests.System.Drawing.IconConverterTest" runstate="Runnable" seed="962338958" result="Failed" label="Error" start-time="2017-05-02 03:42:20Z" end-time="2017-05-02 03:42:20Z" duration="0.000625" asserts="0">
              <failure>
                <message><![CDATA[System.IO.DirectoryNotFoundException : 未能找到路径“C:\ProgramData\Git\zkweb.system.drawing\src\ZKWeb.System.Drawing.Console\Test\System.Drawing\bitmaps\VisualPng.ico”的一部分。]]></message>
                <stack-trace><![CDATA[   在 System.IO.__Error.WinIOError(Int32 errorCode, String maybeFullPath)
   在 System.IO.FileStream.Init(String path, FileMode mode, FileAccess access, Int32 rights, Boolean useRights, FileShare share, Int32 bufferSize, FileOptions options, SECURITY_ATTRIBUTES secAttrs, String msgPath, Boolean bFromProxy, Boolean useLongPath, Boolean checkHost)
   在 System.IO.FileStream..ctor(String path, FileMode mode, FileAccess access, FileShare share)
   在 System.DrawingCore.Icon..ctor(String fileName)
   在 MonoTests.System.Drawing.IconConverterTest.SetUp() 位置 C:\ProgramData\Git\zkweb.system.drawing\src\ZKWeb.System.Drawing.Tests\System.Drawing\TestIconConverter.cs:行号 60]]></stack-trace>
              </failure>
            </test-case>
            <test-case id="1677" name="TestConvertTo" fullname="MonoTests.System.Drawing.IconConverterTest.TestConvertTo" methodname="TestConvertTo" classname="MonoTests.System.Drawing.IconConverterTest" runstate="Runnable" seed="43374187" result="Failed" label="Error" start-time="2017-05-02 03:42:20Z" end-time="2017-05-02 03:42:20Z" duration="0.000689" asserts="0">
              <failure>
                <message><![CDATA[System.IO.DirectoryNotFoundException : 未能找到路径“C:\ProgramData\Git\zkweb.system.drawing\src\ZKWeb.System.Drawing.Console\Test\System.Drawing\bitmaps\VisualPng.ico”的一部分。]]></message>
                <stack-trace><![CDATA[   在 System.IO.__Error.WinIOError(Int32 errorCode, String maybeFullPath)
   在 System.IO.FileStream.Init(String path, FileMode mode, FileAccess access, Int32 rights, Boolean useRights, FileShare share, Int32 bufferSize, FileOptions options, SECURITY_ATTRIBUTES secAttrs, String msgPath, Boolean bFromProxy, Boolean useLongPath, Boolean checkHost)
   在 System.IO.FileStream..ctor(String path, FileMode mode, FileAccess access, FileShare share)
   在 System.DrawingCore.Icon..ctor(String fileName)
   在 MonoTests.System.Drawing.IconConverterTest.SetUp() 位置 C:\ProgramData\Git\zkweb.system.drawing\src\ZKWeb.System.Drawing.Tests\System.Drawing\TestIconConverter.cs:行号 60]]></stack-trace>
              </failure>
            </test-case>
          </test-suite>
          <test-suite type="TestFixture" id="1667" name="IconFullTrustTest" fullname="MonoTests.System.Drawing.IconFullTrustTest" classname="MonoTests.System.Drawing.IconFullTrustTest" runstate="Runnable" testcasecount="5" result="Failed" site="Child" start-time="2017-05-02 03:42:20Z" end-time="2017-05-02 03:42:20Z" duration="0.027090" total="5" passed="0" failed="5" warnings="0" inconclusive="0" skipped="0" asserts="0">
            <failure>
              <message><![CDATA[One or more child tests had errors]]></message>
            </failure>
            <test-case id="1670" name="CreateMultipleIconFromSameHandle" fullname="MonoTests.System.Drawing.IconFullTrustTest.CreateMultipleIconFromSameHandle" methodname="CreateMultipleIconFromSameHandle" classname="MonoTests.System.Drawing.IconFullTrustTest" runstate="Runnable" seed="1268664105" result="Failed" label="Error" start-time="2017-05-02 03:42:20Z" end-time="2017-05-02 03:42:20Z" duration="0.002143" asserts="0">
              <failure>
                <message><![CDATA[System.IO.DirectoryNotFoundException : 未能找到路径“C:\ProgramData\Git\zkweb.system.drawing\src\ZKWeb.System.Drawing.Console\Test\System.Drawing\bitmaps\16x16x16.ico”的一部分。]]></message>
                <stack-trace><![CDATA[   在 System.IO.__Error.WinIOError(Int32 errorCode, String maybeFullPath)
   在 System.IO.FileStream.Init(String path, FileMode mode, FileAccess access, Int32 rights, Boolean useRights, FileShare share, Int32 bufferSize, FileOptions options, SECURITY_ATTRIBUTES secAttrs, String msgPath, Boolean bFromProxy, Boolean useLongPath, Boolean checkHost)
   在 System.IO.FileStream..ctor(String path, FileMode mode, FileAccess access, FileShare share)
   在 System.DrawingCore.Icon..ctor(String fileName)
   在 MonoTests.System.Drawing.IconFullTrustTest.CreateMultipleIconFromSameHandle() 位置 C:\ProgramData\Git\zkweb.system.drawing\src\ZKWeb.System.Drawing.Tests\System.Drawing\TestIcon.cs:行号 596]]></stack-trace>
              </failure>
            </test-case>
            <test-case id="1672" name="CreateMultipleIconFromSameHICON" fullname="MonoTests.System.Drawing.IconFullTrustTest.CreateMultipleIconFromSameHICON" methodname="CreateMultipleIconFromSameHICON" classname="MonoTests.System.Drawing.IconFullTrustTest" runstate="Runnable" seed="937918237" result="Failed" label="Error" start-time="2017-05-02 03:42:20Z" end-time="2017-05-02 03:42:20Z" duration="0.002475" asserts="0">
              <failure>
                <message><![CDATA[System.IO.DirectoryNotFoundException : 未能找到路径“C:\ProgramData\Git\zkweb.system.drawing\src\ZKWeb.System.Drawing.Console\Test\System.Drawing\bitmaps\16x16x16.ico”的一部分。]]></message>
                <stack-trace><![CDATA[   在 System.IO.__Error.WinIOError(Int32 errorCode, String maybeFullPath)
   在 System.IO.FileStream.Init(String path, FileMode mode, FileAccess access, Int32 rights, Boolean useRights, FileShare share, Int32 bufferSize, FileOptions options, SECURITY_ATTRIBUTES secAttrs, String msgPath, Boolean bFromProxy, Boolean useLongPath, Boolean checkHost)
   在 System.IO.FileStream..ctor(String path, FileMode mode, FileAccess access, FileShare share)
   在 System.DrawingCore.Icon..ctor(String fileName)
   在 MonoTests.System.Drawing.IconFullTrustTest.CreateMultipleIconFromSameHICON() 位置 C:\ProgramData\Git\zkweb.system.drawing\src\ZKWeb.System.Drawing.Tests\System.Drawing\TestIcon.cs:行号 639]]></stack-trace>
              </failure>
            </test-case>
            <test-case id="1668" name="ExtractAssociatedIcon" fullname="MonoTests.System.Drawing.IconFullTrustTest.ExtractAssociatedIcon" methodname="ExtractAssociatedIcon" classname="MonoTests.System.Drawing.IconFullTrustTest" runstate="Runnable" seed="2023778483" result="Failed" label="Error" start-time="2017-05-02 03:42:20Z" end-time="2017-05-02 03:42:20Z" duration="0.001441" asserts="0">
              <failure>
                <message><![CDATA[System.NotSupportedException : 不支持所指定的方法。]]></message>
                <stack-trace><![CDATA[   在 System.DrawingCore.Icon.ExtractAssociatedIcon(String filePath)
   在 MonoTests.System.Drawing.IconFullTrustTest.ExtractAssociatedIcon() 位置 C:\ProgramData\Git\zkweb.system.drawing\src\ZKWeb.System.Drawing.Tests\System.Drawing\TestIcon.cs:行号 564]]></stack-trace>
              </failure>
            </test-case>
            <test-case id="1669" name="HandleRoundtrip" fullname="MonoTests.System.Drawing.IconFullTrustTest.HandleRoundtrip" methodname="HandleRoundtrip" classname="MonoTests.System.Drawing.IconFullTrustTest" runstate="Runnable" seed="464572765" result="Failed" label="Error" start-time="2017-05-02 03:42:20Z" end-time="2017-05-02 03:42:20Z" duration="0.001553" asserts="0">
              <failure>
                <message><![CDATA[System.IO.DirectoryNotFoundException : 未能找到路径“C:\ProgramData\Git\zkweb.system.drawing\src\ZKWeb.System.Drawing.Console\Test\System.Drawing\bitmaps\16x16x16.ico”的一部分。]]></message>
                <stack-trace><![CDATA[   在 System.IO.__Error.WinIOError(Int32 errorCode, String maybeFullPath)
   在 System.IO.FileStream.Init(String path, FileMode mode, FileAccess access, Int32 rights, Boolean useRights, FileShare share, Int32 bufferSize, FileOptions options, SECURITY_ATTRIBUTES secAttrs, String msgPath, Boolean bFromProxy, Boolean useLongPath, Boolean checkHost)
   在 System.IO.FileStream..ctor(String path, FileMode mode, FileAccess access, FileShare share)
   在 System.DrawingCore.Icon..ctor(String fileName)
   在 MonoTests.System.Drawing.IconFullTrustTest.HandleRoundtrip() 位置 C:\ProgramData\Git\zkweb.system.drawing\src\ZKWeb.System.Drawing.Tests\System.Drawing\TestIcon.cs:行号 572]]></stack-trace>
              </failure>
            </test-case>
            <test-case id="1671" name="HiconRoundtrip" fullname="MonoTests.System.Drawing.IconFullTrustTest.HiconRoundtrip" methodname="HiconRoundtrip" classname="MonoTests.System.Drawing.IconFullTrustTest" runstate="Runnable" seed="300467834" result="Failed" label="Error" start-time="2017-05-02 03:42:20Z" end-time="2017-05-02 03:42:20Z" duration="0.001594" asserts="0">
              <failure>
                <message><![CDATA[System.IO.DirectoryNotFoundException : 未能找到路径“C:\ProgramData\Git\zkweb.system.drawing\src\ZKWeb.System.Drawing.Console\Test\System.Drawing\bitmaps\16x16x16.ico”的一部分。]]></message>
                <stack-trace><![CDATA[   在 System.IO.__Error.WinIOError(Int32 errorCode, String maybeFullPath)
   在 System.IO.FileStream.Init(String path, FileMode mode, FileAccess access, Int32 rights, Boolean useRights, FileShare share, Int32 bufferSize, FileOptions options, SECURITY_ATTRIBUTES secAttrs, String msgPath, Boolean bFromProxy, Boolean useLongPath, Boolean checkHost)
   在 System.IO.FileStream..ctor(String path, FileMode mode, FileAccess access, FileShare share)
   在 System.DrawingCore.Icon..ctor(String fileName)
   在 MonoTests.System.Drawing.IconFullTrustTest.HiconRoundtrip() 位置 C:\ProgramData\Git\zkweb.system.drawing\src\ZKWeb.System.Drawing.Tests\System.Drawing\TestIcon.cs:行号 621]]></stack-trace>
              </failure>
            </test-case>
          </test-suite>
          <test-suite type="TestFixture" id="1628" name="IconTest" fullname="MonoTests.System.Drawing.IconTest" classname="MonoTests.System.Drawing.IconTest" runstate="Runnable" testcasecount="38" result="Failed" site="Child" start-time="2017-05-02 03:42:20Z" end-time="2017-05-02 03:42:21Z" duration="0.156404" total="38" passed="0" failed="38" warnings="0" inconclusive="0" skipped="0" asserts="0">
            <failure>
              <message><![CDATA[One or more child tests had errors]]></message>
            </failure>
            <test-case id="1647" name="Clone" fullname="MonoTests.System.Drawing.IconTest.Clone" methodname="Clone" classname="MonoTests.System.Drawing.IconTest" runstate="Runnable" seed="2115001997" result="Failed" label="Error" start-time="2017-05-02 03:42:21Z" end-time="2017-05-02 03:42:21Z" duration="0.001352" asserts="0">
              <failure>
                <message><![CDATA[System.IO.DirectoryNotFoundException : 未能找到路径“C:\ProgramData\Git\zkweb.system.drawing\src\ZKWeb.System.Drawing.Console\Test\System.Drawing\bitmaps\smiley.ico”的一部分。]]></message>
                <stack-trace><![CDATA[   在 System.IO.__Error.WinIOError(Int32 errorCode, String maybeFullPath)
   在 System.IO.FileStream.Init(String path, FileMode mode, FileAccess access, Int32 rights, Boolean useRights, FileShare share, Int32 bufferSize, FileOptions options, SECURITY_ATTRIBUTES secAttrs, String msgPath, Boolean bFromProxy, Boolean useLongPath, Boolean checkHost)
   在 System.IO.FileStream..ctor(String path, FileMode mode, FileAccess access, FileShare share)
   在 System.DrawingCore.Icon..ctor(String fileName)
   在 MonoTests.System.Drawing.IconTest.SetUp() 位置 C:\ProgramData\Git\zkweb.system.drawing\src\ZKWeb.System.Drawing.Tests\System.Drawing\TestIcon.cs:行号 61]]></stack-trace>
              </failure>
            </test-case>
            <test-case id="1636" name="Constructor_Icon_DoesntReturn256Passing0" fullname="MonoTests.System.Drawing.IconTest.Constructor_Icon_DoesntReturn256Passing0" methodname="Constructor_Icon_DoesntReturn256Passing0" classname="MonoTests.System.Drawing.IconTest" runstate="Runnable" seed="1611526972" result="Failed" label="Error" start-time="2017-05-02 03:42:21Z" end-time="2017-05-02 03:42:21Z" duration="0.000580" asserts="0">
              <failure>
                <message><![CDATA[System.IO.DirectoryNotFoundException : 未能找到路径“C:\ProgramData\Git\zkweb.system.drawing\src\ZKWeb.System.Drawing.Console\Test\System.Drawing\bitmaps\smiley.ico”的一部分。]]></message>
                <stack-trace><![CDATA[   在 System.IO.__Error.WinIOError(Int32 errorCode, String maybeFullPath)
   在 System.IO.FileStream.Init(String path, FileMode mode, FileAccess access, Int32 rights, Boolean useRights, FileShare share, Int32 bufferSize, FileOptions options, SECURITY_ATTRIBUTES secAttrs, String msgPath, Boolean bFromProxy, Boolean useLongPath, Boolean checkHost)
   在 System.IO.FileStream..ctor(String path, FileMode mode, FileAccess access, FileShare share)
   在 System.DrawingCore.Icon..ctor(String fileName)
   在 MonoTests.System.Drawing.IconTest.SetUp() 位置 C:\ProgramData\Git\zkweb.system.drawing\src\ZKWeb.System.Drawing.Tests\System.Drawing\TestIcon.cs:行号 61]]></stack-trace>
              </failure>
            </test-case>
            <test-case id="1637" name="Constructor_Icon_DoesntReturn256Passing1" fullname="MonoTests.System.Drawing.IconTest.Constructor_Icon_DoesntReturn256Passing1" methodname="Constructor_Icon_DoesntReturn256Passing1" classname="MonoTests.System.Drawing.IconTest" runstate="Runnable" seed="1166028314" result="Failed" label="Error" start-time="2017-05-02 03:42:21Z" end-time="2017-05-02 03:42:21Z" duration="0.000655" asserts="0">
              <failure>
                <message><![CDATA[System.IO.DirectoryNotFoundException : 未能找到路径“C:\ProgramData\Git\zkweb.system.drawing\src\ZKWeb.System.Drawing.Console\Test\System.Drawing\bitmaps\smiley.ico”的一部分。]]></message>
                <stack-trace><![CDATA[   在 System.IO.__Error.WinIOError(Int32 errorCode, String maybeFullPath)
   在 System.IO.FileStream.Init(String path, FileMode mode, FileAccess access, Int32 rights, Boolean useRights, FileShare share, Int32 bufferSize, FileOptions options, SECURITY_ATTRIBUTES secAttrs, String msgPath, Boolean bFromProxy, Boolean useLongPath, Boolean checkHost)
   在 System.IO.FileStream..ctor(String path, FileMode mode, FileAccess access, FileShare share)
   在 System.DrawingCore.Icon..ctor(String fileName)
   在 MonoTests.System.Drawing.IconTest.SetUp() 位置 C:\ProgramData\Git\zkweb.system.drawing\src\ZKWeb.System.Drawing.Tests\System.Drawing\TestIcon.cs:行号 61]]></stack-trace>
              </failure>
            </test-case>
            <test-case id="1635" name="Constructor_Icon_GetNormalSizeFromIconWith256" fullname="MonoTests.System.Drawing.IconTest.Constructor_Icon_GetNormalSizeFromIconWith256" methodname="Constructor_Icon_GetNormalSizeFromIconWith256" classname="MonoTests.System.Drawing.IconTest" runstate="Runnable" seed="805926288" result="Failed" label="Error" start-time="2017-05-02 03:42:21Z" end-time="2017-05-02 03:42:21Z" duration="0.000510" asserts="0">
              <failure>
                <message><![CDATA[System.IO.DirectoryNotFoundException : 未能找到路径“C:\ProgramData\Git\zkweb.system.drawing\src\ZKWeb.System.Drawing.Console\Test\System.Drawing\bitmaps\smiley.ico”的一部分。]]></message>
                <stack-trace><![CDATA[   在 System.IO.__Error.WinIOError(Int32 errorCode, String maybeFullPath)
   在 System.IO.FileStream.Init(String path, FileMode mode, FileAccess access, Int32 rights, Boolean useRights, FileShare share, Int32 bufferSize, FileOptions options, SECURITY_ATTRIBUTES secAttrs, String msgPath, Boolean bFromProxy, Boolean useLongPath, Boolean checkHost)
   在 System.IO.FileStream..ctor(String path, FileMode mode, FileAccess access, FileShare share)
   在 System.DrawingCore.Icon..ctor(String fileName)
   在 MonoTests.System.Drawing.IconTest.SetUp() 位置 C:\ProgramData\Git\zkweb.system.drawing\src\ZKWeb.System.Drawing.Tests\System.Drawing\TestIcon.cs:行号 61]]></stack-trace>
              </failure>
            </test-case>
            <test-case id="1634" name="Constructor_Icon_Int_Int_NonSquare" fullname="MonoTests.System.Drawing.IconTest.Constructor_Icon_Int_Int_NonSquare" methodname="Constructor_Icon_Int_Int_NonSquare" classname="MonoTests.System.Drawing.IconTest" runstate="Runnable" seed="902708371" result="Failed" label="Error" start-time="2017-05-02 03:42:21Z" end-time="2017-05-02 03:42:21Z" duration="0.000537" asserts="0">
              <failure>
                <message><![CDATA[System.IO.DirectoryNotFoundException : 未能找到路径“C:\ProgramData\Git\zkweb.system.drawing\src\ZKWeb.System.Drawing.Console\Test\System.Drawing\bitmaps\smiley.ico”的一部分。]]></message>
                <stack-trace><![CDATA[   在 System.IO.__Error.WinIOError(Int32 errorCode, String maybeFullPath)
   在 System.IO.FileStream.Init(String path, FileMode mode, FileAccess access, Int32 rights, Boolean useRights, FileShare share, Int32 bufferSize, FileOptions options, SECURITY_ATTRIBUTES secAttrs, String msgPath, Boolean bFromProxy, Boolean useLongPath, Boolean checkHost)
   在 System.IO.FileStream..ctor(String path, FileMode mode, FileAccess access, FileShare share)
   在 System.DrawingCore.Icon..ctor(String fileName)
   在 MonoTests.System.Drawing.IconTest.SetUp() 位置 C:\ProgramData\Git\zkweb.system.drawing\src\ZKWeb.System.Drawing.Tests\System.Drawing\TestIcon.cs:行号 61]]></stack-trace>
              </failure>
            </test-case>
            <test-case id="1631" name="Constructor_Icon_IntNegative_Int" fullname="MonoTests.System.Drawing.IconTest.Constructor_Icon_IntNegative_Int" methodname="Constructor_Icon_IntNegative_Int" classname="MonoTests.System.Drawing.IconTest" runstate="Runnable" seed="1756073856" result="Failed" label="Error" start-time="2017-05-02 03:42:21Z" end-time="2017-05-02 03:42:21Z" duration="0.000580" asserts="0">
              <failure>
                <message><![CDATA[System.IO.DirectoryNotFoundException : 未能找到路径“C:\ProgramData\Git\zkweb.system.drawing\src\ZKWeb.System.Drawing.Console\Test\System.Drawing\bitmaps\smiley.ico”的一部分。]]></message>
                <stack-trace><![CDATA[   在 System.IO.__Error.WinIOError(Int32 errorCode, String maybeFullPath)
   在 System.IO.FileStream.Init(String path, FileMode mode, FileAccess access, Int32 rights, Boolean useRights, FileShare share, Int32 bufferSize, FileOptions options, SECURITY_ATTRIBUTES secAttrs, String msgPath, Boolean bFromProxy, Boolean useLongPath, Boolean checkHost)
   在 System.IO.FileStream..ctor(String path, FileMode mode, FileAccess access, FileShare share)
   在 System.DrawingCore.Icon..ctor(String fileName)
   在 MonoTests.System.Drawing.IconTest.SetUp() 位置 C:\ProgramData\Git\zkweb.system.drawing\src\ZKWeb.System.Drawing.Tests\System.Drawing\TestIcon.cs:行号 61]]></stack-trace>
              </failure>
            </test-case>
            <test-case id="1633" name="Constructor_Icon_Size_Negative" fullname="MonoTests.System.Drawing.IconTest.Constructor_Icon_Size_Negative" methodname="Constructor_Icon_Size_Negative" classname="MonoTests.System.Drawing.IconTest" runstate="Runnable" seed="1049528617" result="Failed" label="Error" start-time="2017-05-02 03:42:21Z" end-time="2017-05-02 03:42:21Z" duration="0.000536" asserts="0">
              <failure>
                <message><![CDATA[System.IO.DirectoryNotFoundException : 未能找到路径“C:\ProgramData\Git\zkweb.system.drawing\src\ZKWeb.System.Drawing.Console\Test\System.Drawing\bitmaps\smiley.ico”的一部分。]]></message>
                <stack-trace><![CDATA[   在 System.IO.__Error.WinIOError(Int32 errorCode, String maybeFullPath)
   在 System.IO.FileStream.Init(String path, FileMode mode, FileAccess access, Int32 rights, Boolean useRights, FileShare share, Int32 bufferSize, FileOptions options, SECURITY_ATTRIBUTES secAttrs, String msgPath, Boolean bFromProxy, Boolean useLongPath, Boolean checkHost)
   在 System.IO.FileStream..ctor(String path, FileMode mode, FileAccess access, FileShare share)
   在 System.DrawingCore.Icon..ctor(String fileName)
   在 MonoTests.System.Drawing.IconTest.SetUp() 位置 C:\ProgramData\Git\zkweb.system.drawing\src\ZKWeb.System.Drawing.Tests\System.Drawing\TestIcon.cs:行号 61]]></stack-trace>
              </failure>
            </test-case>
            <test-case id="1630" name="Constructor_IconNull_Int_Int" fullname="MonoTests.System.Drawing.IconTest.Constructor_IconNull_Int_Int" methodname="Constructor_IconNull_Int_Int" classname="MonoTests.System.Drawing.IconTest" runstate="Runnable" seed="1606490849" result="Failed" label="Error" start-time="2017-05-02 03:42:21Z" end-time="2017-05-02 03:42:21Z" duration="0.000529" asserts="0">
              <failure>
                <message><![CDATA[System.IO.DirectoryNotFoundException : 未能找到路径“C:\ProgramData\Git\zkweb.system.drawing\src\ZKWeb.System.Drawing.Console\Test\System.Drawing\bitmaps\smiley.ico”的一部分。]]></message>
                <stack-trace><![CDATA[   在 System.IO.__Error.WinIOError(Int32 errorCode, String maybeFullPath)
   在 System.IO.FileStream.Init(String path, FileMode mode, FileAccess access, Int32 rights, Boolean useRights, FileShare share, Int32 bufferSize, FileOptions options, SECURITY_ATTRIBUTES secAttrs, String msgPath, Boolean bFromProxy, Boolean useLongPath, Boolean checkHost)
   在 System.IO.FileStream..ctor(String path, FileMode mode, FileAccess access, FileShare share)
   在 System.DrawingCore.Icon..ctor(String fileName)
   在 MonoTests.System.Drawing.IconTest.SetUp() 位置 C:\ProgramData\Git\zkweb.system.drawing\src\ZKWeb.System.Drawing.Tests\System.Drawing\TestIcon.cs:行号 61]]></stack-trace>
              </failure>
            </test-case>
            <test-case id="1632" name="Constructor_IconNull_Size" fullname="MonoTests.System.Drawing.IconTest.Constructor_IconNull_Size" methodname="Constructor_IconNull_Size" classname="MonoTests.System.Drawing.IconTest" runstate="Runnable" seed="1662810625" result="Failed" label="Error" start-time="2017-05-02 03:42:21Z" end-time="2017-05-02 03:42:21Z" duration="0.000531" asserts="0">
              <failure>
                <message><![CDATA[System.IO.DirectoryNotFoundException : 未能找到路径“C:\ProgramData\Git\zkweb.system.drawing\src\ZKWeb.System.Drawing.Console\Test\System.Drawing\bitmaps\smiley.ico”的一部分。]]></message>
                <stack-trace><![CDATA[   在 System.IO.__Error.WinIOError(Int32 errorCode, String maybeFullPath)
   在 System.IO.FileStream.Init(String path, FileMode mode, FileAccess access, Int32 rights, Boolean useRights, FileShare share, Int32 bufferSize, FileOptions options, SECURITY_ATTRIBUTES secAttrs, String msgPath, Boolean bFromProxy, Boolean useLongPath, Boolean checkHost)
   在 System.IO.FileStream..ctor(String path, FileMode mode, FileAccess access, FileShare share)
   在 System.DrawingCore.Icon..ctor(String fileName)
   在 MonoTests.System.Drawing.IconTest.SetUp() 位置 C:\ProgramData\Git\zkweb.system.drawing\src\ZKWeb.System.Drawing.Tests\System.Drawing\TestIcon.cs:行号 61]]></stack-trace>
              </failure>
            </test-case>
            <test-case id="1638" name="Constructor_StreamNull" fullname="MonoTests.System.Drawing.IconTest.Constructor_StreamNull" methodname="Constructor_StreamNull" classname="MonoTests.System.Drawing.IconTest" runstate="Runnable" seed="324622763" result="Failed" label="Error" start-time="2017-05-02 03:42:21Z" end-time="2017-05-02 03:42:21Z" duration="0.000532" asserts="0">
              <failure>
                <message><![CDATA[System.IO.DirectoryNotFoundException : 未能找到路径“C:\ProgramData\Git\zkweb.system.drawing\src\ZKWeb.System.Drawing.Console\Test\System.Drawing\bitmaps\smiley.ico”的一部分。]]></message>
                <stack-trace><![CDATA[   在 System.IO.__Error.WinIOError(Int32 errorCode, String maybeFullPath)
   在 System.IO.FileStream.Init(String path, FileMode mode, FileAccess access, Int32 rights, Boolean useRights, FileShare share, Int32 bufferSize, FileOptions options, SECURITY_ATTRIBUTES secAttrs, String msgPath, Boolean bFromProxy, Boolean useLongPath, Boolean checkHost)
   在 System.IO.FileStream..ctor(String path, FileMode mode, FileAccess access, FileShare share)
   在 System.DrawingCore.Icon..ctor(String fileName)
   在 MonoTests.System.Drawing.IconTest.SetUp() 位置 C:\ProgramData\Git\zkweb.system.drawing\src\ZKWeb.System.Drawing.Tests\System.Drawing\TestIcon.cs:行号 61]]></stack-trace>
              </failure>
            </test-case>
            <test-case id="1639" name="Constructor_StreamNull_Int_Int" fullname="MonoTests.System.Drawing.IconTest.Constructor_StreamNull_Int_Int" methodname="Constructor_StreamNull_Int_Int" classname="MonoTests.System.Drawing.IconTest" runstate="Runnable" seed="1592580019" result="Failed" label="Error" start-time="2017-05-02 03:42:21Z" end-time="2017-05-02 03:42:21Z" duration="0.000503" asserts="0">
              <failure>
                <message><![CDATA[System.IO.DirectoryNotFoundException : 未能找到路径“C:\ProgramData\Git\zkweb.system.drawing\src\ZKWeb.System.Drawing.Console\Test\System.Drawing\bitmaps\smiley.ico”的一部分。]]></message>
                <stack-trace><![CDATA[   在 System.IO.__Error.WinIOError(Int32 errorCode, String maybeFullPath)
   在 System.IO.FileStream.Init(String path, FileMode mode, FileAccess access, Int32 rights, Boolean useRights, FileShare share, Int32 bufferSize, FileOptions options, SECURITY_ATTRIBUTES secAttrs, String msgPath, Boolean bFromProxy, Boolean useLongPath, Boolean checkHost)
   在 System.IO.FileStream..ctor(String path, FileMode mode, FileAccess access, FileShare share)
   在 System.DrawingCore.Icon..ctor(String fileName)
   在 MonoTests.System.Drawing.IconTest.SetUp() 位置 C:\ProgramData\Git\zkweb.system.drawing\src\ZKWeb.System.Drawing.Tests\System.Drawing\TestIcon.cs:行号 61]]></stack-trace>
              </failure>
            </test-case>
            <test-case id="1643" name="Constructor_StreamNull_Size" fullname="MonoTests.System.Drawing.IconTest.Constructor_StreamNull_Size" methodname="Constructor_StreamNull_Size" classname="MonoTests.System.Drawing.IconTest" runstate="Runnable" seed="797284038" result="Failed" label="Error" start-time="2017-05-02 03:42:21Z" end-time="2017-05-02 03:42:21Z" duration="0.000525" asserts="0">
              <failure>
                <message><![CDATA[System.IO.DirectoryNotFoundException : 未能找到路径“C:\ProgramData\Git\zkweb.system.drawing\src\ZKWeb.System.Drawing.Console\Test\System.Drawing\bitmaps\smiley.ico”的一部分。]]></message>
                <stack-trace><![CDATA[   在 System.IO.__Error.WinIOError(Int32 errorCode, String maybeFullPath)
   在 System.IO.FileStream.Init(String path, FileMode mode, FileAccess access, Int32 rights, Boolean useRights, FileShare share, Int32 bufferSize, FileOptions options, SECURITY_ATTRIBUTES secAttrs, String msgPath, Boolean bFromProxy, Boolean useLongPath, Boolean checkHost)
   在 System.IO.FileStream..ctor(String path, FileMode mode, FileAccess access, FileShare share)
   在 System.DrawingCore.Icon..ctor(String fileName)
   在 MonoTests.System.Drawing.IconTest.SetUp() 位置 C:\ProgramData\Git\zkweb.system.drawing\src\ZKWeb.System.Drawing.Tests\System.Drawing\TestIcon.cs:行号 61]]></stack-trace>
              </failure>
            </test-case>
            <test-case id="1640" name="Constructor_StringNull" fullname="MonoTests.System.Drawing.IconTest.Constructor_StringNull" methodname="Constructor_StringNull" classname="MonoTests.System.Drawing.IconTest" runstate="Runnable" seed="1200522394" result="Failed" label="Error" start-time="2017-05-02 03:42:21Z" end-time="2017-05-02 03:42:21Z" duration="0.000576" asserts="0">
              <failure>
                <message><![CDATA[System.IO.DirectoryNotFoundException : 未能找到路径“C:\ProgramData\Git\zkweb.system.drawing\src\ZKWeb.System.Drawing.Console\Test\System.Drawing\bitmaps\smiley.ico”的一部分。]]></message>
                <stack-trace><![CDATA[   在 System.IO.__Error.WinIOError(Int32 errorCode, String maybeFullPath)
   在 System.IO.FileStream.Init(String path, FileMode mode, FileAccess access, Int32 rights, Boolean useRights, FileShare share, Int32 bufferSize, FileOptions options, SECURITY_ATTRIBUTES secAttrs, String msgPath, Boolean bFromProxy, Boolean useLongPath, Boolean checkHost)
   在 System.IO.FileStream..ctor(String path, FileMode mode, FileAccess access, FileShare share)
   在 System.DrawingCore.Icon..ctor(String fileName)
   在 MonoTests.System.Drawing.IconTest.SetUp() 位置 C:\ProgramData\Git\zkweb.system.drawing\src\ZKWeb.System.Drawing.Tests\System.Drawing\TestIcon.cs:行号 61]]></stack-trace>
              </failure>
            </test-case>
            <test-case id="1645" name="Constructor_StringNull_Int_Int" fullname="MonoTests.System.Drawing.IconTest.Constructor_StringNull_Int_Int" methodname="Constructor_StringNull_Int_Int" classname="MonoTests.System.Drawing.IconTest" runstate="Runnable" seed="1657055682" result="Failed" label="Error" start-time="2017-05-02 03:42:21Z" end-time="2017-05-02 03:42:21Z" duration="0.000591" asserts="0">
              <failure>
                <message><![CDATA[System.IO.DirectoryNotFoundException : 未能找到路径“C:\ProgramData\Git\zkweb.system.drawing\src\ZKWeb.System.Drawing.Console\Test\System.Drawing\bitmaps\smiley.ico”的一部分。]]></message>
                <stack-trace><![CDATA[   在 System.IO.__Error.WinIOError(Int32 errorCode, String maybeFullPath)
   在 System.IO.FileStream.Init(String path, FileMode mode, FileAccess access, Int32 rights, Boolean useRights, FileShare share, Int32 bufferSize, FileOptions options, SECURITY_ATTRIBUTES secAttrs, String msgPath, Boolean bFromProxy, Boolean useLongPath, Boolean checkHost)
   在 System.IO.FileStream..ctor(String path, FileMode mode, FileAccess access, FileShare share)
   在 System.DrawingCore.Icon..ctor(String fileName)
   在 MonoTests.System.Drawing.IconTest.SetUp() 位置 C:\ProgramData\Git\zkweb.system.drawing\src\ZKWeb.System.Drawing.Tests\System.Drawing\TestIcon.cs:行号 61]]></stack-trace>
              </failure>
            </test-case>
            <test-case id="1644" name="Constructor_StringNull_Size" fullname="MonoTests.System.Drawing.IconTest.Constructor_StringNull_Size" methodname="Constructor_StringNull_Size" classname="MonoTests.System.Drawing.IconTest" runstate="Runnable" seed="1452679006" result="Failed" label="Error" start-time="2017-05-02 03:42:21Z" end-time="2017-05-02 03:42:21Z" duration="0.000636" asserts="0">
              <failure>
                <message><![CDATA[System.IO.DirectoryNotFoundException : 未能找到路径“C:\ProgramData\Git\zkweb.system.drawing\src\ZKWeb.System.Drawing.Console\Test\System.Drawing\bitmaps\smiley.ico”的一部分。]]></message>
                <stack-trace><![CDATA[   在 System.IO.__Error.WinIOError(Int32 errorCode, String maybeFullPath)
   在 System.IO.FileStream.Init(String path, FileMode mode, FileAccess access, Int32 rights, Boolean useRights, FileShare share, Int32 bufferSize, FileOptions options, SECURITY_ATTRIBUTES secAttrs, String msgPath, Boolean bFromProxy, Boolean useLongPath, Boolean checkHost)
   在 System.IO.FileStream..ctor(String path, FileMode mode, FileAccess access, FileShare share)
   在 System.DrawingCore.Icon..ctor(String fileName)
   在 MonoTests.System.Drawing.IconTest.SetUp() 位置 C:\ProgramData\Git\zkweb.system.drawing\src\ZKWeb.System.Drawing.Tests\System.Drawing\TestIcon.cs:行号 61]]></stack-trace>
              </failure>
            </test-case>
            <test-case id="1642" name="Constructor_Type_StringNull" fullname="MonoTests.System.Drawing.IconTest.Constructor_Type_StringNull" methodname="Constructor_Type_StringNull" classname="MonoTests.System.Drawing.IconTest" runstate="Runnable" seed="1176760393" result="Failed" label="Error" start-time="2017-05-02 03:42:21Z" end-time="2017-05-02 03:42:21Z" duration="0.000626" asserts="0">
              <failure>
                <message><![CDATA[System.IO.DirectoryNotFoundException : 未能找到路径“C:\ProgramData\Git\zkweb.system.drawing\src\ZKWeb.System.Drawing.Console\Test\System.Drawing\bitmaps\smiley.ico”的一部分。]]></message>
                <stack-trace><![CDATA[   在 System.IO.__Error.WinIOError(Int32 errorCode, String maybeFullPath)
   在 System.IO.FileStream.Init(String path, FileMode mode, FileAccess access, Int32 rights, Boolean useRights, FileShare share, Int32 bufferSize, FileOptions options, SECURITY_ATTRIBUTES secAttrs, String msgPath, Boolean bFromProxy, Boolean useLongPath, Boolean checkHost)
   在 System.IO.FileStream..ctor(String path, FileMode mode, FileAccess access, FileShare share)
   在 System.DrawingCore.Icon..ctor(String fileName)
   在 MonoTests.System.Drawing.IconTest.SetUp() 位置 C:\ProgramData\Git\zkweb.system.drawing\src\ZKWeb.System.Drawing.Tests\System.Drawing\TestIcon.cs:行号 61]]></stack-trace>
              </failure>
            </test-case>
            <test-case id="1641" name="Constructor_TypeNull_String" fullname="MonoTests.System.Drawing.IconTest.Constructor_TypeNull_String" methodname="Constructor_TypeNull_String" classname="MonoTests.System.Drawing.IconTest" runstate="Runnable" seed="1851766522" result="Failed" label="Error" start-time="2017-05-02 03:42:21Z" end-time="2017-05-02 03:42:21Z" duration="0.000611" asserts="0">
              <failure>
                <message><![CDATA[System.IO.DirectoryNotFoundException : 未能找到路径“C:\ProgramData\Git\zkweb.system.drawing\src\ZKWeb.System.Drawing.Console\Test\System.Drawing\bitmaps\smiley.ico”的一部分。]]></message>
                <stack-trace><![CDATA[   在 System.IO.__Error.WinIOError(Int32 errorCode, String maybeFullPath)
   在 System.IO.FileStream.Init(String path, FileMode mode, FileAccess access, Int32 rights, Boolean useRights, FileShare share, Int32 bufferSize, FileOptions options, SECURITY_ATTRIBUTES secAttrs, String msgPath, Boolean bFromProxy, Boolean useLongPath, Boolean checkHost)
   在 System.IO.FileStream..ctor(String path, FileMode mode, FileAccess access, FileShare share)
   在 System.DrawingCore.Icon..ctor(String fileName)
   在 MonoTests.System.Drawing.IconTest.SetUp() 位置 C:\ProgramData\Git\zkweb.system.drawing\src\ZKWeb.System.Drawing.Tests\System.Drawing\TestIcon.cs:行号 61]]></stack-trace>
              </failure>
            </test-case>
            <test-case id="1666" name="ExtractAssociatedIcon_DoesNotExists" fullname="MonoTests.System.Drawing.IconTest.ExtractAssociatedIcon_DoesNotExists" methodname="ExtractAssociatedIcon_DoesNotExists" classname="MonoTests.System.Drawing.IconTest" runstate="Runnable" seed="1851628435" result="Failed" label="Error" start-time="2017-05-02 03:42:21Z" end-time="2017-05-02 03:42:21Z" duration="0.000544" asserts="0">
              <failure>
                <message><![CDATA[System.IO.DirectoryNotFoundException : 未能找到路径“C:\ProgramData\Git\zkweb.system.drawing\src\ZKWeb.System.Drawing.Console\Test\System.Drawing\bitmaps\smiley.ico”的一部分。]]></message>
                <stack-trace><![CDATA[   在 System.IO.__Error.WinIOError(Int32 errorCode, String maybeFullPath)
   在 System.IO.FileStream.Init(String path, FileMode mode, FileAccess access, Int32 rights, Boolean useRights, FileShare share, Int32 bufferSize, FileOptions options, SECURITY_ATTRIBUTES secAttrs, String msgPath, Boolean bFromProxy, Boolean useLongPath, Boolean checkHost)
   在 System.IO.FileStream..ctor(String path, FileMode mode, FileAccess access, FileShare share)
   在 System.DrawingCore.Icon..ctor(String fileName)
   在 MonoTests.System.Drawing.IconTest.SetUp() 位置 C:\ProgramData\Git\zkweb.system.drawing\src\ZKWeb.System.Drawing.Tests\System.Drawing\TestIcon.cs:行号 61]]></stack-trace>
              </failure>
            </test-case>
            <test-case id="1665" name="ExtractAssociatedIcon_Empty" fullname="MonoTests.System.Drawing.IconTest.ExtractAssociatedIcon_Empty" methodname="ExtractAssociatedIcon_Empty" classname="MonoTests.System.Drawing.IconTest" runstate="Runnable" seed="1596345997" result="Failed" label="Error" start-time="2017-05-02 03:42:21Z" end-time="2017-05-02 03:42:21Z" duration="0.000582" asserts="0">
              <failure>
                <message><![CDATA[System.IO.DirectoryNotFoundException : 未能找到路径“C:\ProgramData\Git\zkweb.system.drawing\src\ZKWeb.System.Drawing.Console\Test\System.Drawing\bitmaps\smiley.ico”的一部分。]]></message>
                <stack-trace><![CDATA[   在 System.IO.__Error.WinIOError(Int32 errorCode, String maybeFullPath)
   在 System.IO.FileStream.Init(String path, FileMode mode, FileAccess access, Int32 rights, Boolean useRights, FileShare share, Int32 bufferSize, FileOptions options, SECURITY_ATTRIBUTES secAttrs, String msgPath, Boolean bFromProxy, Boolean useLongPath, Boolean checkHost)
   在 System.IO.FileStream..ctor(String path, FileMode mode, FileAccess access, FileShare share)
   在 System.DrawingCore.Icon..ctor(String fileName)
   在 MonoTests.System.Drawing.IconTest.SetUp() 位置 C:\ProgramData\Git\zkweb.system.drawing\src\ZKWeb.System.Drawing.Tests\System.Drawing\TestIcon.cs:行号 61]]></stack-trace>
              </failure>
            </test-case>
            <test-case id="1664" name="ExtractAssociatedIcon_Null" fullname="MonoTests.System.Drawing.IconTest.ExtractAssociatedIcon_Null" methodname="ExtractAssociatedIcon_Null" classname="MonoTests.System.Drawing.IconTest" runstate="Runnable" seed="187069984" result="Failed" label="Error" start-time="2017-05-02 03:42:21Z" end-time="2017-05-02 03:42:21Z" duration="0.000643" asserts="0">
              <failure>
                <message><![CDATA[System.IO.DirectoryNotFoundException : 未能找到路径“C:\ProgramData\Git\zkweb.system.drawing\src\ZKWeb.System.Drawing.Console\Test\System.Drawing\bitmaps\smiley.ico”的一部分。]]></message>
                <stack-trace><![CDATA[   在 System.IO.__Error.WinIOError(Int32 errorCode, String maybeFullPath)
   在 System.IO.FileStream.Init(String path, FileMode mode, FileAccess access, Int32 rights, Boolean useRights, FileShare share, Int32 bufferSize, FileOptions options, SECURITY_ATTRIBUTES secAttrs, String msgPath, Boolean bFromProxy, Boolean useLongPath, Boolean checkHost)
   在 System.IO.FileStream..ctor(String path, FileMode mode, FileAccess access, FileShare share)
   在 System.DrawingCore.Icon..ctor(String fileName)
   在 MonoTests.System.Drawing.IconTest.SetUp() 位置 C:\ProgramData\Git\zkweb.system.drawing\src\ZKWeb.System.Drawing.Tests\System.Drawing\TestIcon.cs:行号 61]]></stack-trace>
              </failure>
            </test-case>
            <test-case id="1656" name="Icon16ToBitmap" fullname="MonoTests.System.Drawing.IconTest.Icon16ToBitmap" methodname="Icon16ToBitmap" classname="MonoTests.System.Drawing.IconTest" runstate="Runnable" seed="1934636155" result="Failed" label="Error" start-time="2017-05-02 03:42:21Z" end-time="2017-05-02 03:42:21Z" duration="0.000654" asserts="0">
              <failure>
                <message><![CDATA[System.IO.DirectoryNotFoundException : 未能找到路径“C:\ProgramData\Git\zkweb.system.drawing\src\ZKWeb.System.Drawing.Console\Test\System.Drawing\bitmaps\smiley.ico”的一部分。]]></message>
                <stack-trace><![CDATA[   在 System.IO.__Error.WinIOError(Int32 errorCode, String maybeFullPath)
   在 System.IO.FileStream.Init(String path, FileMode mode, FileAccess access, Int32 rights, Boolean useRights, FileShare share, Int32 bufferSize, FileOptions options, SECURITY_ATTRIBUTES secAttrs, String msgPath, Boolean bFromProxy, Boolean useLongPath, Boolean checkHost)
   在 System.IO.FileStream..ctor(String path, FileMode mode, FileAccess access, FileShare share)
   在 System.DrawingCore.Icon..ctor(String fileName)
   在 MonoTests.System.Drawing.IconTest.SetUp() 位置 C:\ProgramData\Git\zkweb.system.drawing\src\ZKWeb.System.Drawing.Tests\System.Drawing\TestIcon.cs:行号 61]]></stack-trace>
              </failure>
            </test-case>
            <test-case id="1661" name="Icon256ToBitmap" fullname="MonoTests.System.Drawing.IconTest.Icon256ToBitmap" methodname="Icon256ToBitmap" classname="MonoTests.System.Drawing.IconTest" runstate="Runnable" seed="900830605" result="Failed" label="Error" start-time="2017-05-02 03:42:21Z" end-time="2017-05-02 03:42:21Z" duration="0.000676" asserts="0">
              <failure>
                <message><![CDATA[System.IO.DirectoryNotFoundException : 未能找到路径“C:\ProgramData\Git\zkweb.system.drawing\src\ZKWeb.System.Drawing.Console\Test\System.Drawing\bitmaps\smiley.ico”的一部分。]]></message>
                <stack-trace><![CDATA[   在 System.IO.__Error.WinIOError(Int32 errorCode, String maybeFullPath)
   在 System.IO.FileStream.Init(String path, FileMode mode, FileAccess access, Int32 rights, Boolean useRights, FileShare share, Int32 bufferSize, FileOptions options, SECURITY_ATTRIBUTES secAttrs, String msgPath, Boolean bFromProxy, Boolean useLongPath, Boolean checkHost)
   在 System.IO.FileStream..ctor(String path, FileMode mode, FileAccess access, FileShare share)
   在 System.DrawingCore.Icon..ctor(String fileName)
   在 MonoTests.System.Drawing.IconTest.SetUp() 位置 C:\ProgramData\Git\zkweb.system.drawing\src\ZKWeb.System.Drawing.Tests\System.Drawing\TestIcon.cs:行号 61]]></stack-trace>
              </failure>
            </test-case>
            <test-case id="1662" name="Icon256ToBitmap_Request0" fullname="MonoTests.System.Drawing.IconTest.Icon256ToBitmap_Request0" methodname="Icon256ToBitmap_Request0" classname="MonoTests.System.Drawing.IconTest" runstate="Runnable" seed="1275053403" result="Failed" label="Error" start-time="2017-05-02 03:42:21Z" end-time="2017-05-02 03:42:21Z" duration="0.000611" asserts="0">
              <failure>
                <message><![CDATA[System.IO.DirectoryNotFoundException : 未能找到路径“C:\ProgramData\Git\zkweb.system.drawing\src\ZKWeb.System.Drawing.Console\Test\System.Drawing\bitmaps\smiley.ico”的一部分。]]></message>
                <stack-trace><![CDATA[   在 System.IO.__Error.WinIOError(Int32 errorCode, String maybeFullPath)
   在 System.IO.FileStream.Init(String path, FileMode mode, FileAccess access, Int32 rights, Boolean useRights, FileShare share, Int32 bufferSize, FileOptions options, SECURITY_ATTRIBUTES secAttrs, String msgPath, Boolean bFromProxy, Boolean useLongPath, Boolean checkHost)
   在 System.IO.FileStream..ctor(String path, FileMode mode, FileAccess access, FileShare share)
   在 System.DrawingCore.Icon..ctor(String fileName)
   在 MonoTests.System.Drawing.IconTest.SetUp() 位置 C:\ProgramData\Git\zkweb.system.drawing\src\ZKWeb.System.Drawing.Tests\System.Drawing\TestIcon.cs:行号 61]]></stack-trace>
              </failure>
            </test-case>
            <test-case id="1648" name="Icon32bits_XP16" fullname="MonoTests.System.Drawing.IconTest.Icon32bits_XP16" methodname="Icon32bits_XP16" classname="MonoTests.System.Drawing.IconTest" runstate="Runnable" seed="1737469741" result="Failed" label="Error" start-time="2017-05-02 03:42:21Z" end-time="2017-05-02 03:42:21Z" duration="0.000636" asserts="0">
              <failure>
                <message><![CDATA[System.IO.DirectoryNotFoundException : 未能找到路径“C:\ProgramData\Git\zkweb.system.drawing\src\ZKWeb.System.Drawing.Console\Test\System.Drawing\bitmaps\smiley.ico”的一部分。]]></message>
                <stack-trace><![CDATA[   在 System.IO.__Error.WinIOError(Int32 errorCode, String maybeFullPath)
   在 System.IO.FileStream.Init(String path, FileMode mode, FileAccess access, Int32 rights, Boolean useRights, FileShare share, Int32 bufferSize, FileOptions options, SECURITY_ATTRIBUTES secAttrs, String msgPath, Boolean bFromProxy, Boolean useLongPath, Boolean checkHost)
   在 System.IO.FileStream..ctor(String path, FileMode mode, FileAccess access, FileShare share)
   在 System.DrawingCore.Icon..ctor(String fileName)
   在 MonoTests.System.Drawing.IconTest.SetUp() 位置 C:\ProgramData\Git\zkweb.system.drawing\src\ZKWeb.System.Drawing.Tests\System.Drawing\TestIcon.cs:行号 61]]></stack-trace>
              </failure>
            </test-case>
            <test-case id="1649" name="Icon32bits_XP32" fullname="MonoTests.System.Drawing.IconTest.Icon32bits_XP32" methodname="Icon32bits_XP32" classname="MonoTests.System.Drawing.IconTest" runstate="Runnable" seed="1677214343" result="Failed" label="Error" start-time="2017-05-02 03:42:21Z" end-time="2017-05-02 03:42:21Z" duration="0.000720" asserts="0">
              <failure>
                <message><![CDATA[System.IO.DirectoryNotFoundException : 未能找到路径“C:\ProgramData\Git\zkweb.system.drawing\src\ZKWeb.System.Drawing.Console\Test\System.Drawing\bitmaps\smiley.ico”的一部分。]]></message>
                <stack-trace><![CDATA[   在 System.IO.__Error.WinIOError(Int32 errorCode, String maybeFullPath)
   在 System.IO.FileStream.Init(String path, FileMode mode, FileAccess access, Int32 rights, Boolean useRights, FileShare share, Int32 bufferSize, FileOptions options, SECURITY_ATTRIBUTES secAttrs, String msgPath, Boolean bFromProxy, Boolean useLongPath, Boolean checkHost)
   在 System.IO.FileStream..ctor(String path, FileMode mode, FileAccess access, FileShare share)
   在 System.DrawingCore.Icon..ctor(String fileName)
   在 MonoTests.System.Drawing.IconTest.SetUp() 位置 C:\ProgramData\Git\zkweb.system.drawing\src\ZKWeb.System.Drawing.Tests\System.Drawing\TestIcon.cs:行号 61]]></stack-trace>
              </failure>
            </test-case>
            <test-case id="1650" name="Icon32bits_XP48" fullname="MonoTests.System.Drawing.IconTest.Icon32bits_XP48" methodname="Icon32bits_XP48" classname="MonoTests.System.Drawing.IconTest" runstate="Runnable" seed="1283308457" result="Failed" label="Error" start-time="2017-05-02 03:42:21Z" end-time="2017-05-02 03:42:21Z" duration="0.000638" asserts="0">
              <failure>
                <message><![CDATA[System.IO.DirectoryNotFoundException : 未能找到路径“C:\ProgramData\Git\zkweb.system.drawing\src\ZKWeb.System.Drawing.Console\Test\System.Drawing\bitmaps\smiley.ico”的一部分。]]></message>
                <stack-trace><![CDATA[   在 System.IO.__Error.WinIOError(Int32 errorCode, String maybeFullPath)
   在 System.IO.FileStream.Init(String path, FileMode mode, FileAccess access, Int32 rights, Boolean useRights, FileShare share, Int32 bufferSize, FileOptions options, SECURITY_ATTRIBUTES secAttrs, String msgPath, Boolean bFromProxy, Boolean useLongPath, Boolean checkHost)
   在 System.IO.FileStream..ctor(String path, FileMode mode, FileAccess access, FileShare share)
   在 System.DrawingCore.Icon..ctor(String fileName)
   在 MonoTests.System.Drawing.IconTest.SetUp() 位置 C:\ProgramData\Git\zkweb.system.drawing\src\ZKWeb.System.Drawing.Tests\System.Drawing\TestIcon.cs:行号 61]]></stack-trace>
              </failure>
            </test-case>
            <test-case id="1657" name="Icon32ToBitmap" fullname="MonoTests.System.Drawing.IconTest.Icon32ToBitmap" methodname="Icon32ToBitmap" classname="MonoTests.System.Drawing.IconTest" runstate="Runnable" seed="1995641157" result="Failed" label="Error" start-time="2017-05-02 03:42:21Z" end-time="2017-05-02 03:42:21Z" duration="0.000508" asserts="0">
              <failure>
                <message><![CDATA[System.IO.DirectoryNotFoundException : 未能找到路径“C:\ProgramData\Git\zkweb.system.drawing\src\ZKWeb.System.Drawing.Console\Test\System.Drawing\bitmaps\smiley.ico”的一部分。]]></message>
                <stack-trace><![CDATA[   在 System.IO.__Error.WinIOError(Int32 errorCode, String maybeFullPath)
   在 System.IO.FileStream.Init(String path, FileMode mode, FileAccess access, Int32 rights, Boolean useRights, FileShare share, Int32 bufferSize, FileOptions options, SECURITY_ATTRIBUTES secAttrs, String msgPath, Boolean bFromProxy, Boolean useLongPath, Boolean checkHost)
   在 System.IO.FileStream..ctor(String path, FileMode mode, FileAccess access, FileShare share)
   在 System.DrawingCore.Icon..ctor(String fileName)
   在 MonoTests.System.Drawing.IconTest.SetUp() 位置 C:\ProgramData\Git\zkweb.system.drawing\src\ZKWeb.System.Drawing.Tests\System.Drawing\TestIcon.cs:行号 61]]></stack-trace>
              </failure>
            </test-case>
            <test-case id="1658" name="Icon48ToBitmap" fullname="MonoTests.System.Drawing.IconTest.Icon48ToBitmap" methodname="Icon48ToBitmap" classname="MonoTests.System.Drawing.IconTest" runstate="Runnable" seed="1886937288" result="Failed" label="Error" start-time="2017-05-02 03:42:21Z" end-time="2017-05-02 03:42:21Z" duration="0.000552" asserts="0">
              <failure>
                <message><![CDATA[System.IO.DirectoryNotFoundException : 未能找到路径“C:\ProgramData\Git\zkweb.system.drawing\src\ZKWeb.System.Drawing.Console\Test\System.Drawing\bitmaps\smiley.ico”的一部分。]]></message>
                <stack-trace><![CDATA[   在 System.IO.__Error.WinIOError(Int32 errorCode, String maybeFullPath)
   在 System.IO.FileStream.Init(String path, FileMode mode, FileAccess access, Int32 rights, Boolean useRights, FileShare share, Int32 bufferSize, FileOptions options, SECURITY_ATTRIBUTES secAttrs, String msgPath, Boolean bFromProxy, Boolean useLongPath, Boolean checkHost)
   在 System.IO.FileStream..ctor(String path, FileMode mode, FileAccess access, FileShare share)
   在 System.DrawingCore.Icon..ctor(String fileName)
   在 MonoTests.System.Drawing.IconTest.SetUp() 位置 C:\ProgramData\Git\zkweb.system.drawing\src\ZKWeb.System.Drawing.Tests\System.Drawing\TestIcon.cs:行号 61]]></stack-trace>
              </failure>
            </test-case>
            <test-case id="1659" name="Icon64ToBitmap" fullname="MonoTests.System.Drawing.IconTest.Icon64ToBitmap" methodname="Icon64ToBitmap" classname="MonoTests.System.Drawing.IconTest" runstate="Runnable" seed="1101156104" result="Failed" label="Error" start-time="2017-05-02 03:42:21Z" end-time="2017-05-02 03:42:21Z" duration="0.000472" asserts="0">
              <failure>
                <message><![CDATA[System.IO.DirectoryNotFoundException : 未能找到路径“C:\ProgramData\Git\zkweb.system.drawing\src\ZKWeb.System.Drawing.Console\Test\System.Drawing\bitmaps\smiley.ico”的一部分。]]></message>
                <stack-trace><![CDATA[   在 System.IO.__Error.WinIOError(Int32 errorCode, String maybeFullPath)
   在 System.IO.FileStream.Init(String path, FileMode mode, FileAccess access, Int32 rights, Boolean useRights, FileShare share, Int32 bufferSize, FileOptions options, SECURITY_ATTRIBUTES secAttrs, String msgPath, Boolean bFromProxy, Boolean useLongPath, Boolean checkHost)
   在 System.IO.FileStream..ctor(String path, FileMode mode, FileAccess access, FileShare share)
   在 System.DrawingCore.Icon..ctor(String fileName)
   在 MonoTests.System.Drawing.IconTest.SetUp() 位置 C:\ProgramData\Git\zkweb.system.drawing\src\ZKWeb.System.Drawing.Tests\System.Drawing\TestIcon.cs:行号 61]]></stack-trace>
              </failure>
            </test-case>
            <test-case id="1660" name="Icon96ToBitmap" fullname="MonoTests.System.Drawing.IconTest.Icon96ToBitmap" methodname="Icon96ToBitmap" classname="MonoTests.System.Drawing.IconTest" runstate="Runnable" seed="2100459314" result="Failed" label="Error" start-time="2017-05-02 03:42:21Z" end-time="2017-05-02 03:42:21Z" duration="0.000462" asserts="0">
              <failure>
                <message><![CDATA[System.IO.DirectoryNotFoundException : 未能找到路径“C:\ProgramData\Git\zkweb.system.drawing\src\ZKWeb.System.Drawing.Console\Test\System.Drawing\bitmaps\smiley.ico”的一部分。]]></message>
                <stack-trace><![CDATA[   在 System.IO.__Error.WinIOError(Int32 errorCode, String maybeFullPath)
   在 System.IO.FileStream.Init(String path, FileMode mode, FileAccess access, Int32 rights, Boolean useRights, FileShare share, Int32 bufferSize, FileOptions options, SECURITY_ATTRIBUTES secAttrs, String msgPath, Boolean bFromProxy, Boolean useLongPath, Boolean checkHost)
   在 System.IO.FileStream..ctor(String path, FileMode mode, FileAccess access, FileShare share)
   在 System.DrawingCore.Icon..ctor(String fileName)
   在 MonoTests.System.Drawing.IconTest.SetUp() 位置 C:\ProgramData\Git\zkweb.system.drawing\src\ZKWeb.System.Drawing.Tests\System.Drawing\TestIcon.cs:行号 61]]></stack-trace>
              </failure>
            </test-case>
            <test-case id="1663" name="Only256InFile" fullname="MonoTests.System.Drawing.IconTest.Only256InFile" methodname="Only256InFile" classname="MonoTests.System.Drawing.IconTest" runstate="Runnable" seed="668222058" result="Failed" label="Error" start-time="2017-05-02 03:42:21Z" end-time="2017-05-02 03:42:21Z" duration="0.000513" asserts="0">
              <failure>
                <message><![CDATA[System.IO.DirectoryNotFoundException : 未能找到路径“C:\ProgramData\Git\zkweb.system.drawing\src\ZKWeb.System.Drawing.Console\Test\System.Drawing\bitmaps\smiley.ico”的一部分。]]></message>
                <stack-trace><![CDATA[   在 System.IO.__Error.WinIOError(Int32 errorCode, String maybeFullPath)
   在 System.IO.FileStream.Init(String path, FileMode mode, FileAccess access, Int32 rights, Boolean useRights, FileShare share, Int32 bufferSize, FileOptions options, SECURITY_ATTRIBUTES secAttrs, String msgPath, Boolean bFromProxy, Boolean useLongPath, Boolean checkHost)
   在 System.IO.FileStream..ctor(String path, FileMode mode, FileAccess access, FileShare share)
   在 System.DrawingCore.Icon..ctor(String fileName)
   在 MonoTests.System.Drawing.IconTest.SetUp() 位置 C:\ProgramData\Git\zkweb.system.drawing\src\ZKWeb.System.Drawing.Tests\System.Drawing\TestIcon.cs:行号 61]]></stack-trace>
              </failure>
            </test-case>
            <test-case id="1653" name="Save" fullname="MonoTests.System.Drawing.IconTest.Save" methodname="Save" classname="MonoTests.System.Drawing.IconTest" runstate="Runnable" seed="549739601" result="Failed" label="Error" start-time="2017-05-02 03:42:21Z" end-time="2017-05-02 03:42:21Z" duration="0.000641" asserts="0">
              <failure>
                <message><![CDATA[System.IO.DirectoryNotFoundException : 未能找到路径“C:\ProgramData\Git\zkweb.system.drawing\src\ZKWeb.System.Drawing.Console\Test\System.Drawing\bitmaps\smiley.ico”的一部分。]]></message>
                <stack-trace><![CDATA[   在 System.IO.__Error.WinIOError(Int32 errorCode, String maybeFullPath)
   在 System.IO.FileStream.Init(String path, FileMode mode, FileAccess access, Int32 rights, Boolean useRights, FileShare share, Int32 bufferSize, FileOptions options, SECURITY_ATTRIBUTES secAttrs, String msgPath, Boolean bFromProxy, Boolean useLongPath, Boolean checkHost)
   在 System.IO.FileStream..ctor(String path, FileMode mode, FileAccess access, FileShare share)
   在 System.DrawingCore.Icon..ctor(String fileName)
   在 MonoTests.System.Drawing.IconTest.SetUp() 位置 C:\ProgramData\Git\zkweb.system.drawing\src\ZKWeb.System.Drawing.Tests\System.Drawing\TestIcon.cs:行号 61]]></stack-trace>
              </failure>
            </test-case>
            <test-case id="1654" name="Save_256" fullname="MonoTests.System.Drawing.IconTest.Save_256" methodname="Save_256" classname="MonoTests.System.Drawing.IconTest" runstate="Runnable" seed="1313482237" result="Failed" label="Error" start-time="2017-05-02 03:42:21Z" end-time="2017-05-02 03:42:21Z" duration="0.000631" asserts="0">
              <failure>
                <message><![CDATA[System.IO.DirectoryNotFoundException : 未能找到路径“C:\ProgramData\Git\zkweb.system.drawing\src\ZKWeb.System.Drawing.Console\Test\System.Drawing\bitmaps\smiley.ico”的一部分。]]></message>
                <stack-trace><![CDATA[   在 System.IO.__Error.WinIOError(Int32 errorCode, String maybeFullPath)
   在 System.IO.FileStream.Init(String path, FileMode mode, FileAccess access, Int32 rights, Boolean useRights, FileShare share, Int32 bufferSize, FileOptions options, SECURITY_ATTRIBUTES secAttrs, String msgPath, Boolean bFromProxy, Boolean useLongPath, Boolean checkHost)
   在 System.IO.FileStream..ctor(String path, FileMode mode, FileAccess access, FileShare share)
   在 System.DrawingCore.Icon..ctor(String fileName)
   在 MonoTests.System.Drawing.IconTest.SetUp() 位置 C:\ProgramData\Git\zkweb.system.drawing\src\ZKWeb.System.Drawing.Tests\System.Drawing\TestIcon.cs:行号 61]]></stack-trace>
              </failure>
            </test-case>
            <test-case id="1655" name="Save_Null" fullname="MonoTests.System.Drawing.IconTest.Save_Null" methodname="Save_Null" classname="MonoTests.System.Drawing.IconTest" runstate="Runnable" seed="237293846" result="Failed" label="Error" start-time="2017-05-02 03:42:21Z" end-time="2017-05-02 03:42:21Z" duration="0.000621" asserts="0">
              <failure>
                <message><![CDATA[System.IO.DirectoryNotFoundException : 未能找到路径“C:\ProgramData\Git\zkweb.system.drawing\src\ZKWeb.System.Drawing.Console\Test\System.Drawing\bitmaps\smiley.ico”的一部分。]]></message>
                <stack-trace><![CDATA[   在 System.IO.__Error.WinIOError(Int32 errorCode, String maybeFullPath)
   在 System.IO.FileStream.Init(String path, FileMode mode, FileAccess access, Int32 rights, Boolean useRights, FileShare share, Int32 bufferSize, FileOptions options, SECURITY_ATTRIBUTES secAttrs, String msgPath, Boolean bFromProxy, Boolean useLongPath, Boolean checkHost)
   在 System.IO.FileStream..ctor(String path, FileMode mode, FileAccess access, FileShare share)
   在 System.DrawingCore.Icon..ctor(String fileName)
   在 MonoTests.System.Drawing.IconTest.SetUp() 位置 C:\ProgramData\Git\zkweb.system.drawing\src\ZKWeb.System.Drawing.Tests\System.Drawing\TestIcon.cs:行号 61]]></stack-trace>
              </failure>
            </test-case>
            <test-case id="1652" name="SelectFromUnusualSize_Normal32" fullname="MonoTests.System.Drawing.IconTest.SelectFromUnusualSize_Normal32" methodname="SelectFromUnusualSize_Normal32" classname="MonoTests.System.Drawing.IconTest" runstate="Runnable" seed="1425808293" result="Failed" label="Error" start-time="2017-05-02 03:42:21Z" end-time="2017-05-02 03:42:21Z" duration="0.000653" asserts="0">
              <failure>
                <message><![CDATA[System.IO.DirectoryNotFoundException : 未能找到路径“C:\ProgramData\Git\zkweb.system.drawing\src\ZKWeb.System.Drawing.Console\Test\System.Drawing\bitmaps\smiley.ico”的一部分。]]></message>
                <stack-trace><![CDATA[   在 System.IO.__Error.WinIOError(Int32 errorCode, String maybeFullPath)
   在 System.IO.FileStream.Init(String path, FileMode mode, FileAccess access, Int32 rights, Boolean useRights, FileShare share, Int32 bufferSize, FileOptions options, SECURITY_ATTRIBUTES secAttrs, String msgPath, Boolean bFromProxy, Boolean useLongPath, Boolean checkHost)
   在 System.IO.FileStream..ctor(String path, FileMode mode, FileAccess access, FileShare share)
   在 System.DrawingCore.Icon..ctor(String fileName)
   在 MonoTests.System.Drawing.IconTest.SetUp() 位置 C:\ProgramData\Git\zkweb.system.drawing\src\ZKWeb.System.Drawing.Tests\System.Drawing\TestIcon.cs:行号 61]]></stack-trace>
              </failure>
            </test-case>
            <test-case id="1651" name="SelectFromUnusualSize_Small16" fullname="MonoTests.System.Drawing.IconTest.SelectFromUnusualSize_Small16" methodname="SelectFromUnusualSize_Small16" classname="MonoTests.System.Drawing.IconTest" runstate="Runnable" seed="1347014236" result="Failed" label="Error" start-time="2017-05-02 03:42:21Z" end-time="2017-05-02 03:42:21Z" duration="0.000776" asserts="0">
              <failure>
                <message><![CDATA[System.IO.DirectoryNotFoundException : 未能找到路径“C:\ProgramData\Git\zkweb.system.drawing\src\ZKWeb.System.Drawing.Console\Test\System.Drawing\bitmaps\smiley.ico”的一部分。]]></message>
                <stack-trace><![CDATA[   在 System.IO.__Error.WinIOError(Int32 errorCode, String maybeFullPath)
   在 System.IO.FileStream.Init(String path, FileMode mode, FileAccess access, Int32 rights, Boolean useRights, FileShare share, Int32 bufferSize, FileOptions options, SECURITY_ATTRIBUTES secAttrs, String msgPath, Boolean bFromProxy, Boolean useLongPath, Boolean checkHost)
   在 System.IO.FileStream..ctor(String path, FileMode mode, FileAccess access, FileShare share)
   在 System.DrawingCore.Icon..ctor(String fileName)
   在 MonoTests.System.Drawing.IconTest.SetUp() 位置 C:\ProgramData\Git\zkweb.system.drawing\src\ZKWeb.System.Drawing.Tests\System.Drawing\TestIcon.cs:行号 61]]></stack-trace>
              </failure>
            </test-case>
            <test-case id="1629" name="TestConstructors" fullname="MonoTests.System.Drawing.IconTest.TestConstructors" methodname="TestConstructors" classname="MonoTests.System.Drawing.IconTest" runstate="Runnable" seed="789198680" result="Failed" label="Error" start-time="2017-05-02 03:42:21Z" end-time="2017-05-02 03:42:21Z" duration="0.000666" asserts="0">
              <failure>
                <message><![CDATA[System.IO.DirectoryNotFoundException : 未能找到路径“C:\ProgramData\Git\zkweb.system.drawing\src\ZKWeb.System.Drawing.Console\Test\System.Drawing\bitmaps\smiley.ico”的一部分。]]></message>
                <stack-trace><![CDATA[   在 System.IO.__Error.WinIOError(Int32 errorCode, String maybeFullPath)
   在 System.IO.FileStream.Init(String path, FileMode mode, FileAccess access, Int32 rights, Boolean useRights, FileShare share, Int32 bufferSize, FileOptions options, SECURITY_ATTRIBUTES secAttrs, String msgPath, Boolean bFromProxy, Boolean useLongPath, Boolean checkHost)
   在 System.IO.FileStream..ctor(String path, FileMode mode, FileAccess access, FileShare share)
   在 System.DrawingCore.Icon..ctor(String fileName)
   在 MonoTests.System.Drawing.IconTest.SetUp() 位置 C:\ProgramData\Git\zkweb.system.drawing\src\ZKWeb.System.Drawing.Tests\System.Drawing\TestIcon.cs:行号 61]]></stack-trace>
              </failure>
            </test-case>
            <test-case id="1646" name="TestProperties" fullname="MonoTests.System.Drawing.IconTest.TestProperties" methodname="TestProperties" classname="MonoTests.System.Drawing.IconTest" runstate="Runnable" seed="666150714" result="Failed" label="Error" start-time="2017-05-02 03:42:21Z" end-time="2017-05-02 03:42:21Z" duration="0.000939" asserts="0">
              <failure>
                <message><![CDATA[System.IO.DirectoryNotFoundException : 未能找到路径“C:\ProgramData\Git\zkweb.system.drawing\src\ZKWeb.System.Drawing.Console\Test\System.Drawing\bitmaps\smiley.ico”的一部分。]]></message>
                <stack-trace><![CDATA[   在 System.IO.__Error.WinIOError(Int32 errorCode, String maybeFullPath)
   在 System.IO.FileStream.Init(String path, FileMode mode, FileAccess access, Int32 rights, Boolean useRights, FileShare share, Int32 bufferSize, FileOptions options, SECURITY_ATTRIBUTES secAttrs, String msgPath, Boolean bFromProxy, Boolean useLongPath, Boolean checkHost)
   在 System.IO.FileStream..ctor(String path, FileMode mode, FileAccess access, FileShare share)
   在 System.DrawingCore.Icon..ctor(String fileName)
   在 MonoTests.System.Drawing.IconTest.SetUp() 位置 C:\ProgramData\Git\zkweb.system.drawing\src\ZKWeb.System.Drawing.Tests\System.Drawing\TestIcon.cs:行号 61]]></stack-trace>
              </failure>
            </test-case>
          </test-suite>
          <test-suite type="TestFixture" id="1701" name="ImageConverterTest" fullname="MonoTests.System.Drawing.ImageConverterTest" classname="MonoTests.System.Drawing.ImageConverterTest" runstate="Runnable" testcasecount="35" result="Failed" site="Child" start-time="2017-05-02 03:42:21Z" end-time="2017-05-02 03:42:21Z" duration="0.165462" total="35" passed="0" failed="35" warnings="0" inconclusive="0" skipped="0" asserts="0">
            <failure>
              <message><![CDATA[One or more child tests had errors]]></message>
            </failure>
            <test-case id="1704" name="ConvertFrom" fullname="MonoTests.System.Drawing.ImageConverterTest.ConvertFrom" methodname="ConvertFrom" classname="MonoTests.System.Drawing.ImageConverterTest" runstate="Runnable" seed="301986102" result="Failed" label="Error" start-time="2017-05-02 03:42:21Z" end-time="2017-05-02 03:42:21Z" duration="0.001536" asserts="0">
              <failure>
                <message><![CDATA[System.IO.FileNotFoundException : Test/System.Drawing/bitmaps/almogaver24bits.bmp]]></message>
                <stack-trace><![CDATA[   在 System.DrawingCore.Image.FromFile(String filename, Boolean useEmbeddedColorManagement)
   在 MonoTests.System.Drawing.ImageConverterTest.SetUp() 位置 C:\ProgramData\Git\zkweb.system.drawing\src\ZKWeb.System.Drawing.Tests\System.Drawing\TestImageConverter.cs:行号 56]]></stack-trace>
              </failure>
            </test-case>
            <test-case id="1705" name="ConvertFrom_BadString" fullname="MonoTests.System.Drawing.ImageConverterTest.ConvertFrom_BadString" methodname="ConvertFrom_BadString" classname="MonoTests.System.Drawing.ImageConverterTest" runstate="Runnable" seed="16980673" result="Failed" label="Error" start-time="2017-05-02 03:42:21Z" end-time="2017-05-02 03:42:21Z" duration="0.000637" asserts="0">
              <failure>
                <message><![CDATA[System.IO.FileNotFoundException : Test/System.Drawing/bitmaps/almogaver24bits.bmp]]></message>
                <stack-trace><![CDATA[   在 System.DrawingCore.Image.FromFile(String filename, Boolean useEmbeddedColorManagement)
   在 MonoTests.System.Drawing.ImageConverterTest.SetUp() 位置 C:\ProgramData\Git\zkweb.system.drawing\src\ZKWeb.System.Drawing.Tests\System.Drawing\TestImageConverter.cs:行号 56]]></stack-trace>
              </failure>
            </test-case>
            <test-case id="1706" name="ConvertFrom_BadString_WithCulture" fullname="MonoTests.System.Drawing.ImageConverterTest.ConvertFrom_BadString_WithCulture" methodname="ConvertFrom_BadString_WithCulture" classname="MonoTests.System.Drawing.ImageConverterTest" runstate="Runnable" seed="1356642990" result="Failed" label="Error" start-time="2017-05-02 03:42:21Z" end-time="2017-05-02 03:42:21Z" duration="0.000547" asserts="0">
              <failure>
                <message><![CDATA[System.IO.FileNotFoundException : Test/System.Drawing/bitmaps/almogaver24bits.bmp]]></message>
                <stack-trace><![CDATA[   在 System.DrawingCore.Image.FromFile(String filename, Boolean useEmbeddedColorManagement)
   在 MonoTests.System.Drawing.ImageConverterTest.SetUp() 位置 C:\ProgramData\Git\zkweb.system.drawing\src\ZKWeb.System.Drawing.Tests\System.Drawing\TestImageConverter.cs:行号 56]]></stack-trace>
              </failure>
            </test-case>
            <test-case id="1707" name="ConvertFrom_Bitmap" fullname="MonoTests.System.Drawing.ImageConverterTest.ConvertFrom_Bitmap" methodname="ConvertFrom_Bitmap" classname="MonoTests.System.Drawing.ImageConverterTest" runstate="Runnable" seed="449390523" result="Failed" label="Error" start-time="2017-05-02 03:42:21Z" end-time="2017-05-02 03:42:21Z" duration="0.000660" asserts="0">
              <failure>
                <message><![CDATA[System.IO.FileNotFoundException : Test/System.Drawing/bitmaps/almogaver24bits.bmp]]></message>
                <stack-trace><![CDATA[   在 System.DrawingCore.Image.FromFile(String filename, Boolean useEmbeddedColorManagement)
   在 MonoTests.System.Drawing.ImageConverterTest.SetUp() 位置 C:\ProgramData\Git\zkweb.system.drawing\src\ZKWeb.System.Drawing.Tests\System.Drawing\TestImageConverter.cs:行号 56]]></stack-trace>
              </failure>
            </test-case>
            <test-case id="1710" name="ConvertFrom_Object" fullname="MonoTests.System.Drawing.ImageConverterTest.ConvertFrom_Object" methodname="ConvertFrom_Object" classname="MonoTests.System.Drawing.ImageConverterTest" runstate="Runnable" seed="180946371" result="Failed" label="Error" start-time="2017-05-02 03:42:21Z" end-time="2017-05-02 03:42:21Z" duration="0.000611" asserts="0">
              <failure>
                <message><![CDATA[System.IO.FileNotFoundException : Test/System.Drawing/bitmaps/almogaver24bits.bmp]]></message>
                <stack-trace><![CDATA[   在 System.DrawingCore.Image.FromFile(String filename, Boolean useEmbeddedColorManagement)
   在 MonoTests.System.Drawing.ImageConverterTest.SetUp() 位置 C:\ProgramData\Git\zkweb.system.drawing\src\ZKWeb.System.Drawing.Tests\System.Drawing\TestImageConverter.cs:行号 56]]></stack-trace>
              </failure>
            </test-case>
            <test-case id="1708" name="ConvertFrom_Point" fullname="MonoTests.System.Drawing.ImageConverterTest.ConvertFrom_Point" methodname="ConvertFrom_Point" classname="MonoTests.System.Drawing.ImageConverterTest" runstate="Runnable" seed="2117594568" result="Failed" label="Error" start-time="2017-05-02 03:42:21Z" end-time="2017-05-02 03:42:21Z" duration="0.000579" asserts="0">
              <failure>
                <message><![CDATA[System.IO.FileNotFoundException : Test/System.Drawing/bitmaps/almogaver24bits.bmp]]></message>
                <stack-trace><![CDATA[   在 System.DrawingCore.Image.FromFile(String filename, Boolean useEmbeddedColorManagement)
   在 MonoTests.System.Drawing.ImageConverterTest.SetUp() 位置 C:\ProgramData\Git\zkweb.system.drawing\src\ZKWeb.System.Drawing.Tests\System.Drawing\TestImageConverter.cs:行号 56]]></stack-trace>
              </failure>
            </test-case>
            <test-case id="1709" name="ConvertFrom_SizeF" fullname="MonoTests.System.Drawing.ImageConverterTest.ConvertFrom_SizeF" methodname="ConvertFrom_SizeF" classname="MonoTests.System.Drawing.ImageConverterTest" runstate="Runnable" seed="1316449608" result="Failed" label="Error" start-time="2017-05-02 03:42:21Z" end-time="2017-05-02 03:42:21Z" duration="0.000557" asserts="0">
              <failure>
                <message><![CDATA[System.IO.FileNotFoundException : Test/System.Drawing/bitmaps/almogaver24bits.bmp]]></message>
                <stack-trace><![CDATA[   在 System.DrawingCore.Image.FromFile(String filename, Boolean useEmbeddedColorManagement)
   在 MonoTests.System.Drawing.ImageConverterTest.SetUp() 位置 C:\ProgramData\Git\zkweb.system.drawing\src\ZKWeb.System.Drawing.Tests\System.Drawing\TestImageConverter.cs:行号 56]]></stack-trace>
              </failure>
            </test-case>
            <test-case id="1717" name="ConvertTo" fullname="MonoTests.System.Drawing.ImageConverterTest.ConvertTo" methodname="ConvertTo" classname="MonoTests.System.Drawing.ImageConverterTest" runstate="Runnable" seed="470290918" result="Failed" label="Error" start-time="2017-05-02 03:42:21Z" end-time="2017-05-02 03:42:21Z" duration="0.000564" asserts="0">
              <failure>
                <message><![CDATA[System.IO.FileNotFoundException : Test/System.Drawing/bitmaps/almogaver24bits.bmp]]></message>
                <stack-trace><![CDATA[   在 System.DrawingCore.Image.FromFile(String filename, Boolean useEmbeddedColorManagement)
   在 MonoTests.System.Drawing.ImageConverterTest.SetUp() 位置 C:\ProgramData\Git\zkweb.system.drawing\src\ZKWeb.System.Drawing.Tests\System.Drawing\TestImageConverter.cs:行号 56]]></stack-trace>
              </failure>
            </test-case>
            <test-case id="1722" name="ConvertTo_Bitmap" fullname="MonoTests.System.Drawing.ImageConverterTest.ConvertTo_Bitmap" methodname="ConvertTo_Bitmap" classname="MonoTests.System.Drawing.ImageConverterTest" runstate="Runnable" seed="1436928480" result="Failed" label="Error" start-time="2017-05-02 03:42:21Z" end-time="2017-05-02 03:42:21Z" duration="0.000594" asserts="0">
              <failure>
                <message><![CDATA[System.IO.FileNotFoundException : Test/System.Drawing/bitmaps/almogaver24bits.bmp]]></message>
                <stack-trace><![CDATA[   在 System.DrawingCore.Image.FromFile(String filename, Boolean useEmbeddedColorManagement)
   在 MonoTests.System.Drawing.ImageConverterTest.SetUp() 位置 C:\ProgramData\Git\zkweb.system.drawing\src\ZKWeb.System.Drawing.Tests\System.Drawing\TestImageConverter.cs:行号 56]]></stack-trace>
              </failure>
            </test-case>
            <test-case id="1718" name="ConvertTo_ByteArray" fullname="MonoTests.System.Drawing.ImageConverterTest.ConvertTo_ByteArray" methodname="ConvertTo_ByteArray" classname="MonoTests.System.Drawing.ImageConverterTest" runstate="Runnable" seed="832865448" result="Failed" label="Error" start-time="2017-05-02 03:42:21Z" end-time="2017-05-02 03:42:21Z" duration="0.000570" asserts="0">
              <properties>
                <property name="Category" value="NotWorking" />
              </properties>
              <failure>
                <message><![CDATA[System.IO.FileNotFoundException : Test/System.Drawing/bitmaps/almogaver24bits.bmp]]></message>
                <stack-trace><![CDATA[   在 System.DrawingCore.Image.FromFile(String filename, Boolean useEmbeddedColorManagement)
   在 MonoTests.System.Drawing.ImageConverterTest.SetUp() 位置 C:\ProgramData\Git\zkweb.system.drawing\src\ZKWeb.System.Drawing.Tests\System.Drawing\TestImageConverter.cs:行号 56]]></stack-trace>
              </failure>
            </test-case>
            <test-case id="1720" name="ConvertTo_Image" fullname="MonoTests.System.Drawing.ImageConverterTest.ConvertTo_Image" methodname="ConvertTo_Image" classname="MonoTests.System.Drawing.ImageConverterTest" runstate="Runnable" seed="1060701569" result="Failed" label="Error" start-time="2017-05-02 03:42:21Z" end-time="2017-05-02 03:42:21Z" duration="0.000608" asserts="0">
              <failure>
                <message><![CDATA[System.IO.FileNotFoundException : Test/System.Drawing/bitmaps/almogaver24bits.bmp]]></message>
                <stack-trace><![CDATA[   在 System.DrawingCore.Image.FromFile(String filename, Boolean useEmbeddedColorManagement)
   在 MonoTests.System.Drawing.ImageConverterTest.SetUp() 位置 C:\ProgramData\Git\zkweb.system.drawing\src\ZKWeb.System.Drawing.Tests\System.Drawing\TestImageConverter.cs:行号 56]]></stack-trace>
              </failure>
            </test-case>
            <test-case id="1726" name="ConvertTo_Int" fullname="MonoTests.System.Drawing.ImageConverterTest.ConvertTo_Int" methodname="ConvertTo_Int" classname="MonoTests.System.Drawing.ImageConverterTest" runstate="Runnable" seed="1137367732" result="Failed" label="Error" start-time="2017-05-02 03:42:21Z" end-time="2017-05-02 03:42:21Z" duration="0.000588" asserts="0">
              <failure>
                <message><![CDATA[System.IO.FileNotFoundException : Test/System.Drawing/bitmaps/almogaver24bits.bmp]]></message>
                <stack-trace><![CDATA[   在 System.DrawingCore.Image.FromFile(String filename, Boolean useEmbeddedColorManagement)
   在 MonoTests.System.Drawing.ImageConverterTest.SetUp() 位置 C:\ProgramData\Git\zkweb.system.drawing\src\ZKWeb.System.Drawing.Tests\System.Drawing\TestImageConverter.cs:行号 56]]></stack-trace>
              </failure>
            </test-case>
            <test-case id="1724" name="ConvertTo_Metafile" fullname="MonoTests.System.Drawing.ImageConverterTest.ConvertTo_Metafile" methodname="ConvertTo_Metafile" classname="MonoTests.System.Drawing.ImageConverterTest" runstate="Runnable" seed="1129365508" result="Failed" label="Error" start-time="2017-05-02 03:42:21Z" end-time="2017-05-02 03:42:21Z" duration="0.000663" asserts="0">
              <failure>
                <message><![CDATA[System.IO.FileNotFoundException : Test/System.Drawing/bitmaps/almogaver24bits.bmp]]></message>
                <stack-trace><![CDATA[   在 System.DrawingCore.Image.FromFile(String filename, Boolean useEmbeddedColorManagement)
   在 MonoTests.System.Drawing.ImageConverterTest.SetUp() 位置 C:\ProgramData\Git\zkweb.system.drawing\src\ZKWeb.System.Drawing.Tests\System.Drawing\TestImageConverter.cs:行号 56]]></stack-trace>
              </failure>
            </test-case>
            <test-case id="1725" name="ConvertTo_Object" fullname="MonoTests.System.Drawing.ImageConverterTest.ConvertTo_Object" methodname="ConvertTo_Object" classname="MonoTests.System.Drawing.ImageConverterTest" runstate="Runnable" seed="268384958" result="Failed" label="Error" start-time="2017-05-02 03:42:21Z" end-time="2017-05-02 03:42:21Z" duration="0.000547" asserts="0">
              <failure>
                <message><![CDATA[System.IO.FileNotFoundException : Test/System.Drawing/bitmaps/almogaver24bits.bmp]]></message>
                <stack-trace><![CDATA[   在 System.DrawingCore.Image.FromFile(String filename, Boolean useEmbeddedColorManagement)
   在 MonoTests.System.Drawing.ImageConverterTest.SetUp() 位置 C:\ProgramData\Git\zkweb.system.drawing\src\ZKWeb.System.Drawing.Tests\System.Drawing\TestImageConverter.cs:行号 56]]></stack-trace>
              </failure>
            </test-case>
            <test-case id="1723" name="ConvertTo_Point" fullname="MonoTests.System.Drawing.ImageConverterTest.ConvertTo_Point" methodname="ConvertTo_Point" classname="MonoTests.System.Drawing.ImageConverterTest" runstate="Runnable" seed="375810930" result="Failed" label="Error" start-time="2017-05-02 03:42:21Z" end-time="2017-05-02 03:42:21Z" duration="0.021393" asserts="0">
              <failure>
                <message><![CDATA[System.IO.FileNotFoundException : Test/System.Drawing/bitmaps/almogaver24bits.bmp]]></message>
                <stack-trace><![CDATA[   在 System.DrawingCore.Image.FromFile(String filename, Boolean useEmbeddedColorManagement)
   在 MonoTests.System.Drawing.ImageConverterTest.SetUp() 位置 C:\ProgramData\Git\zkweb.system.drawing\src\ZKWeb.System.Drawing.Tests\System.Drawing\TestImageConverter.cs:行号 56]]></stack-trace>
              </failure>
            </test-case>
            <test-case id="1719" name="ConvertTo_Rectangle" fullname="MonoTests.System.Drawing.ImageConverterTest.ConvertTo_Rectangle" methodname="ConvertTo_Rectangle" classname="MonoTests.System.Drawing.ImageConverterTest" runstate="Runnable" seed="1673990382" result="Failed" label="Error" start-time="2017-05-02 03:42:21Z" end-time="2017-05-02 03:42:21Z" duration="0.000864" asserts="0">
              <failure>
                <message><![CDATA[System.IO.FileNotFoundException : Test/System.Drawing/bitmaps/almogaver24bits.bmp]]></message>
                <stack-trace><![CDATA[   在 System.DrawingCore.Image.FromFile(String filename, Boolean useEmbeddedColorManagement)
   在 MonoTests.System.Drawing.ImageConverterTest.SetUp() 位置 C:\ProgramData\Git\zkweb.system.drawing\src\ZKWeb.System.Drawing.Tests\System.Drawing\TestImageConverter.cs:行号 56]]></stack-trace>
              </failure>
            </test-case>
            <test-case id="1721" name="ConvertTo_Size" fullname="MonoTests.System.Drawing.ImageConverterTest.ConvertTo_Size" methodname="ConvertTo_Size" classname="MonoTests.System.Drawing.ImageConverterTest" runstate="Runnable" seed="141762646" result="Failed" label="Error" start-time="2017-05-02 03:42:21Z" end-time="2017-05-02 03:42:21Z" duration="0.000619" asserts="0">
              <failure>
                <message><![CDATA[System.IO.FileNotFoundException : Test/System.Drawing/bitmaps/almogaver24bits.bmp]]></message>
                <stack-trace><![CDATA[   在 System.DrawingCore.Image.FromFile(String filename, Boolean useEmbeddedColorManagement)
   在 MonoTests.System.Drawing.ImageConverterTest.SetUp() 位置 C:\ProgramData\Git\zkweb.system.drawing\src\ZKWeb.System.Drawing.Tests\System.Drawing\TestImageConverter.cs:行号 56]]></stack-trace>
              </failure>
            </test-case>
            <test-case id="1702" name="TestCanConvertFrom" fullname="MonoTests.System.Drawing.ImageConverterTest.TestCanConvertFrom" methodname="TestCanConvertFrom" classname="MonoTests.System.Drawing.ImageConverterTest" runstate="Runnable" seed="637270475" result="Failed" label="Error" start-time="2017-05-02 03:42:21Z" end-time="2017-05-02 03:42:21Z" duration="0.000695" asserts="0">
              <failure>
                <message><![CDATA[System.IO.FileNotFoundException : Test/System.Drawing/bitmaps/almogaver24bits.bmp]]></message>
                <stack-trace><![CDATA[   在 System.DrawingCore.Image.FromFile(String filename, Boolean useEmbeddedColorManagement)
   在 MonoTests.System.Drawing.ImageConverterTest.SetUp() 位置 C:\ProgramData\Git\zkweb.system.drawing\src\ZKWeb.System.Drawing.Tests\System.Drawing\TestImageConverter.cs:行号 56]]></stack-trace>
              </failure>
            </test-case>
            <test-case id="1703" name="TestCanConvertTo" fullname="MonoTests.System.Drawing.ImageConverterTest.TestCanConvertTo" methodname="TestCanConvertTo" classname="MonoTests.System.Drawing.ImageConverterTest" runstate="Runnable" seed="1025324394" result="Failed" label="Error" start-time="2017-05-02 03:42:21Z" end-time="2017-05-02 03:42:21Z" duration="0.000601" asserts="0">
              <failure>
                <message><![CDATA[System.IO.FileNotFoundException : Test/System.Drawing/bitmaps/almogaver24bits.bmp]]></message>
                <stack-trace><![CDATA[   在 System.DrawingCore.Image.FromFile(String filename, Boolean useEmbeddedColorManagement)
   在 MonoTests.System.Drawing.ImageConverterTest.SetUp() 位置 C:\ProgramData\Git\zkweb.system.drawing\src\ZKWeb.System.Drawing.Tests\System.Drawing\TestImageConverter.cs:行号 56]]></stack-trace>
              </failure>
            </test-case>
            <test-case id="1736" name="TestGetProperties" fullname="MonoTests.System.Drawing.ImageConverterTest.TestGetProperties" methodname="TestGetProperties" classname="MonoTests.System.Drawing.ImageConverterTest" runstate="Runnable" seed="1666313710" result="Failed" label="Error" start-time="2017-05-02 03:42:21Z" end-time="2017-05-02 03:42:21Z" duration="0.000677" asserts="0">
              <failure>
                <message><![CDATA[System.IO.FileNotFoundException : Test/System.Drawing/bitmaps/almogaver24bits.bmp]]></message>
                <stack-trace><![CDATA[   在 System.DrawingCore.Image.FromFile(String filename, Boolean useEmbeddedColorManagement)
   在 MonoTests.System.Drawing.ImageConverterTest.SetUp() 位置 C:\ProgramData\Git\zkweb.system.drawing\src\ZKWeb.System.Drawing.Tests\System.Drawing\TestImageConverter.cs:行号 56]]></stack-trace>
              </failure>
            </test-case>
            <test-case id="1735" name="TestGetPropertiesSupported" fullname="MonoTests.System.Drawing.ImageConverterTest.TestGetPropertiesSupported" methodname="TestGetPropertiesSupported" classname="MonoTests.System.Drawing.ImageConverterTest" runstate="Runnable" seed="933069766" result="Failed" label="Error" start-time="2017-05-02 03:42:21Z" end-time="2017-05-02 03:42:21Z" duration="0.000631" asserts="0">
              <failure>
                <message><![CDATA[System.IO.FileNotFoundException : Test/System.Drawing/bitmaps/almogaver24bits.bmp]]></message>
                <stack-trace><![CDATA[   在 System.DrawingCore.Image.FromFile(String filename, Boolean useEmbeddedColorManagement)
   在 MonoTests.System.Drawing.ImageConverterTest.SetUp() 位置 C:\ProgramData\Git\zkweb.system.drawing\src\ZKWeb.System.Drawing.Tests\System.Drawing\TestImageConverter.cs:行号 56]]></stack-trace>
              </failure>
            </test-case>
            <test-case id="1711" name="TypeDescriptor_ConvertFrom_BadString" fullname="MonoTests.System.Drawing.ImageConverterTest.TypeDescriptor_ConvertFrom_BadString" methodname="TypeDescriptor_ConvertFrom_BadString" classname="MonoTests.System.Drawing.ImageConverterTest" runstate="Runnable" seed="21002934" result="Failed" label="Error" start-time="2017-05-02 03:42:21Z" end-time="2017-05-02 03:42:21Z" duration="0.000732" asserts="0">
              <failure>
                <message><![CDATA[System.IO.FileNotFoundException : Test/System.Drawing/bitmaps/almogaver24bits.bmp]]></message>
                <stack-trace><![CDATA[   在 System.DrawingCore.Image.FromFile(String filename, Boolean useEmbeddedColorManagement)
   在 MonoTests.System.Drawing.ImageConverterTest.SetUp() 位置 C:\ProgramData\Git\zkweb.system.drawing\src\ZKWeb.System.Drawing.Tests\System.Drawing\TestImageConverter.cs:行号 56]]></stack-trace>
              </failure>
            </test-case>
            <test-case id="1712" name="TypeDescriptor_ConvertFrom_BadString_Culture" fullname="MonoTests.System.Drawing.ImageConverterTest.TypeDescriptor_ConvertFrom_BadString_Culture" methodname="TypeDescriptor_ConvertFrom_BadString_Culture" classname="MonoTests.System.Drawing.ImageConverterTest" runstate="Runnable" seed="1234140538" result="Failed" label="Error" start-time="2017-05-02 03:42:21Z" end-time="2017-05-02 03:42:21Z" duration="0.000646" asserts="0">
              <failure>
                <message><![CDATA[System.IO.FileNotFoundException : Test/System.Drawing/bitmaps/almogaver24bits.bmp]]></message>
                <stack-trace><![CDATA[   在 System.DrawingCore.Image.FromFile(String filename, Boolean useEmbeddedColorManagement)
   在 MonoTests.System.Drawing.ImageConverterTest.SetUp() 位置 C:\ProgramData\Git\zkweb.system.drawing\src\ZKWeb.System.Drawing.Tests\System.Drawing\TestImageConverter.cs:行号 56]]></stack-trace>
              </failure>
            </test-case>
            <test-case id="1713" name="TypeDescriptor_ConvertFrom_Bitmap" fullname="MonoTests.System.Drawing.ImageConverterTest.TypeDescriptor_ConvertFrom_Bitmap" methodname="TypeDescriptor_ConvertFrom_Bitmap" classname="MonoTests.System.Drawing.ImageConverterTest" runstate="Runnable" seed="117945815" result="Failed" label="Error" start-time="2017-05-02 03:42:21Z" end-time="2017-05-02 03:42:21Z" duration="0.000765" asserts="0">
              <failure>
                <message><![CDATA[System.IO.FileNotFoundException : Test/System.Drawing/bitmaps/almogaver24bits.bmp]]></message>
                <stack-trace><![CDATA[   在 System.DrawingCore.Image.FromFile(String filename, Boolean useEmbeddedColorManagement)
   在 MonoTests.System.Drawing.ImageConverterTest.SetUp() 位置 C:\ProgramData\Git\zkweb.system.drawing\src\ZKWeb.System.Drawing.Tests\System.Drawing\TestImageConverter.cs:行号 56]]></stack-trace>
              </failure>
            </test-case>
            <test-case id="1716" name="TypeDescriptor_ConvertFrom_Object" fullname="MonoTests.System.Drawing.ImageConverterTest.TypeDescriptor_ConvertFrom_Object" methodname="TypeDescriptor_ConvertFrom_Object" classname="MonoTests.System.Drawing.ImageConverterTest" runstate="Runnable" seed="640471912" result="Failed" label="Error" start-time="2017-05-02 03:42:21Z" end-time="2017-05-02 03:42:21Z" duration="0.000640" asserts="0">
              <failure>
                <message><![CDATA[System.IO.FileNotFoundException : Test/System.Drawing/bitmaps/almogaver24bits.bmp]]></message>
                <stack-trace><![CDATA[   在 System.DrawingCore.Image.FromFile(String filename, Boolean useEmbeddedColorManagement)
   在 MonoTests.System.Drawing.ImageConverterTest.SetUp() 位置 C:\ProgramData\Git\zkweb.system.drawing\src\ZKWeb.System.Drawing.Tests\System.Drawing\TestImageConverter.cs:行号 56]]></stack-trace>
              </failure>
            </test-case>
            <test-case id="1714" name="TypeDescriptor_ConvertFrom_Point" fullname="MonoTests.System.Drawing.ImageConverterTest.TypeDescriptor_ConvertFrom_Point" methodname="TypeDescriptor_ConvertFrom_Point" classname="MonoTests.System.Drawing.ImageConverterTest" runstate="Runnable" seed="1039347288" result="Failed" label="Error" start-time="2017-05-02 03:42:21Z" end-time="2017-05-02 03:42:21Z" duration="0.000503" asserts="0">
              <failure>
                <message><![CDATA[System.IO.FileNotFoundException : Test/System.Drawing/bitmaps/almogaver24bits.bmp]]></message>
                <stack-trace><![CDATA[   在 System.DrawingCore.Image.FromFile(String filename, Boolean useEmbeddedColorManagement)
   在 MonoTests.System.Drawing.ImageConverterTest.SetUp() 位置 C:\ProgramData\Git\zkweb.system.drawing\src\ZKWeb.System.Drawing.Tests\System.Drawing\TestImageConverter.cs:行号 56]]></stack-trace>
              </failure>
            </test-case>
            <test-case id="1715" name="TypeDescriptor_ConvertFrom_SizeF" fullname="MonoTests.System.Drawing.ImageConverterTest.TypeDescriptor_ConvertFrom_SizeF" methodname="TypeDescriptor_ConvertFrom_SizeF" classname="MonoTests.System.Drawing.ImageConverterTest" runstate="Runnable" seed="1157512892" result="Failed" label="Error" start-time="2017-05-02 03:42:21Z" end-time="2017-05-02 03:42:21Z" duration="0.000760" asserts="0">
              <failure>
                <message><![CDATA[System.IO.FileNotFoundException : Test/System.Drawing/bitmaps/almogaver24bits.bmp]]></message>
                <stack-trace><![CDATA[   在 System.DrawingCore.Image.FromFile(String filename, Boolean useEmbeddedColorManagement)
   在 MonoTests.System.Drawing.ImageConverterTest.SetUp() 位置 C:\ProgramData\Git\zkweb.system.drawing\src\ZKWeb.System.Drawing.Tests\System.Drawing\TestImageConverter.cs:行号 56]]></stack-trace>
              </failure>
            </test-case>
            <test-case id="1730" name="TypeDescriptor_ConvertTo_Bitmap" fullname="MonoTests.System.Drawing.ImageConverterTest.TypeDescriptor_ConvertTo_Bitmap" methodname="TypeDescriptor_ConvertTo_Bitmap" classname="MonoTests.System.Drawing.ImageConverterTest" runstate="Runnable" seed="483118422" result="Failed" label="Error" start-time="2017-05-02 03:42:21Z" end-time="2017-05-02 03:42:21Z" duration="0.000836" asserts="0">
              <failure>
                <message><![CDATA[System.IO.FileNotFoundException : Test/System.Drawing/bitmaps/almogaver24bits.bmp]]></message>
                <stack-trace><![CDATA[   在 System.DrawingCore.Image.FromFile(String filename, Boolean useEmbeddedColorManagement)
   在 MonoTests.System.Drawing.ImageConverterTest.SetUp() 位置 C:\ProgramData\Git\zkweb.system.drawing\src\ZKWeb.System.Drawing.Tests\System.Drawing\TestImageConverter.cs:行号 56]]></stack-trace>
              </failure>
            </test-case>
            <test-case id="1728" name="TypeDescriptor_ConvertTo_Image" fullname="MonoTests.System.Drawing.ImageConverterTest.TypeDescriptor_ConvertTo_Image" methodname="TypeDescriptor_ConvertTo_Image" classname="MonoTests.System.Drawing.ImageConverterTest" runstate="Runnable" seed="461497031" result="Failed" label="Error" start-time="2017-05-02 03:42:21Z" end-time="2017-05-02 03:42:21Z" duration="0.000763" asserts="0">
              <failure>
                <message><![CDATA[System.IO.FileNotFoundException : Test/System.Drawing/bitmaps/almogaver24bits.bmp]]></message>
                <stack-trace><![CDATA[   在 System.DrawingCore.Image.FromFile(String filename, Boolean useEmbeddedColorManagement)
   在 MonoTests.System.Drawing.ImageConverterTest.SetUp() 位置 C:\ProgramData\Git\zkweb.system.drawing\src\ZKWeb.System.Drawing.Tests\System.Drawing\TestImageConverter.cs:行号 56]]></stack-trace>
              </failure>
            </test-case>
            <test-case id="1734" name="TypeDescriptor_ConvertTo_Int" fullname="MonoTests.System.Drawing.ImageConverterTest.TypeDescriptor_ConvertTo_Int" methodname="TypeDescriptor_ConvertTo_Int" classname="MonoTests.System.Drawing.ImageConverterTest" runstate="Runnable" seed="1193957030" result="Failed" label="Error" start-time="2017-05-02 03:42:21Z" end-time="2017-05-02 03:42:21Z" duration="0.000669" asserts="0">
              <failure>
                <message><![CDATA[System.IO.FileNotFoundException : Test/System.Drawing/bitmaps/almogaver24bits.bmp]]></message>
                <stack-trace><![CDATA[   在 System.DrawingCore.Image.FromFile(String filename, Boolean useEmbeddedColorManagement)
   在 MonoTests.System.Drawing.ImageConverterTest.SetUp() 位置 C:\ProgramData\Git\zkweb.system.drawing\src\ZKWeb.System.Drawing.Tests\System.Drawing\TestImageConverter.cs:行号 56]]></stack-trace>
              </failure>
            </test-case>
            <test-case id="1732" name="TypeDescriptor_ConvertTo_Metafile" fullname="MonoTests.System.Drawing.ImageConverterTest.TypeDescriptor_ConvertTo_Metafile" methodname="TypeDescriptor_ConvertTo_Metafile" classname="MonoTests.System.Drawing.ImageConverterTest" runstate="Runnable" seed="701787316" result="Failed" label="Error" start-time="2017-05-02 03:42:21Z" end-time="2017-05-02 03:42:21Z" duration="0.000578" asserts="0">
              <failure>
                <message><![CDATA[System.IO.FileNotFoundException : Test/System.Drawing/bitmaps/almogaver24bits.bmp]]></message>
                <stack-trace><![CDATA[   在 System.DrawingCore.Image.FromFile(String filename, Boolean useEmbeddedColorManagement)
   在 MonoTests.System.Drawing.ImageConverterTest.SetUp() 位置 C:\ProgramData\Git\zkweb.system.drawing\src\ZKWeb.System.Drawing.Tests\System.Drawing\TestImageConverter.cs:行号 56]]></stack-trace>
              </failure>
            </test-case>
            <test-case id="1733" name="TypeDescriptor_ConvertTo_Object" fullname="MonoTests.System.Drawing.ImageConverterTest.TypeDescriptor_ConvertTo_Object" methodname="TypeDescriptor_ConvertTo_Object" classname="MonoTests.System.Drawing.ImageConverterTest" runstate="Runnable" seed="1703555586" result="Failed" label="Error" start-time="2017-05-02 03:42:21Z" end-time="2017-05-02 03:42:21Z" duration="0.000674" asserts="0">
              <failure>
                <message><![CDATA[System.IO.FileNotFoundException : Test/System.Drawing/bitmaps/almogaver24bits.bmp]]></message>
                <stack-trace><![CDATA[   在 System.DrawingCore.Image.FromFile(String filename, Boolean useEmbeddedColorManagement)
   在 MonoTests.System.Drawing.ImageConverterTest.SetUp() 位置 C:\ProgramData\Git\zkweb.system.drawing\src\ZKWeb.System.Drawing.Tests\System.Drawing\TestImageConverter.cs:行号 56]]></stack-trace>
              </failure>
            </test-case>
            <test-case id="1731" name="TypeDescriptor_ConvertTo_Point" fullname="MonoTests.System.Drawing.ImageConverterTest.TypeDescriptor_ConvertTo_Point" methodname="TypeDescriptor_ConvertTo_Point" classname="MonoTests.System.Drawing.ImageConverterTest" runstate="Runnable" seed="679289228" result="Failed" label="Error" start-time="2017-05-02 03:42:21Z" end-time="2017-05-02 03:42:21Z" duration="0.000688" asserts="0">
              <failure>
                <message><![CDATA[System.IO.FileNotFoundException : Test/System.Drawing/bitmaps/almogaver24bits.bmp]]></message>
                <stack-trace><![CDATA[   在 System.DrawingCore.Image.FromFile(String filename, Boolean useEmbeddedColorManagement)
   在 MonoTests.System.Drawing.ImageConverterTest.SetUp() 位置 C:\ProgramData\Git\zkweb.system.drawing\src\ZKWeb.System.Drawing.Tests\System.Drawing\TestImageConverter.cs:行号 56]]></stack-trace>
              </failure>
            </test-case>
            <test-case id="1727" name="TypeDescriptor_ConvertTo_Rectangle" fullname="MonoTests.System.Drawing.ImageConverterTest.TypeDescriptor_ConvertTo_Rectangle" methodname="TypeDescriptor_ConvertTo_Rectangle" classname="MonoTests.System.Drawing.ImageConverterTest" runstate="Runnable" seed="12933114" result="Failed" label="Error" start-time="2017-05-02 03:42:21Z" end-time="2017-05-02 03:42:21Z" duration="0.000627" asserts="0">
              <failure>
                <message><![CDATA[System.IO.FileNotFoundException : Test/System.Drawing/bitmaps/almogaver24bits.bmp]]></message>
                <stack-trace><![CDATA[   在 System.DrawingCore.Image.FromFile(String filename, Boolean useEmbeddedColorManagement)
   在 MonoTests.System.Drawing.ImageConverterTest.SetUp() 位置 C:\ProgramData\Git\zkweb.system.drawing\src\ZKWeb.System.Drawing.Tests\System.Drawing\TestImageConverter.cs:行号 56]]></stack-trace>
              </failure>
            </test-case>
            <test-case id="1729" name="TypeDescriptor_ConvertTo_Size" fullname="MonoTests.System.Drawing.ImageConverterTest.TypeDescriptor_ConvertTo_Size" methodname="TypeDescriptor_ConvertTo_Size" classname="MonoTests.System.Drawing.ImageConverterTest" runstate="Runnable" seed="1303230216" result="Failed" label="Error" start-time="2017-05-02 03:42:21Z" end-time="2017-05-02 03:42:21Z" duration="0.000606" asserts="0">
              <failure>
                <message><![CDATA[System.IO.FileNotFoundException : Test/System.Drawing/bitmaps/almogaver24bits.bmp]]></message>
                <stack-trace><![CDATA[   在 System.DrawingCore.Image.FromFile(String filename, Boolean useEmbeddedColorManagement)
   在 MonoTests.System.Drawing.ImageConverterTest.SetUp() 位置 C:\ProgramData\Git\zkweb.system.drawing\src\ZKWeb.System.Drawing.Tests\System.Drawing\TestImageConverter.cs:行号 56]]></stack-trace>
              </failure>
            </test-case>
          </test-suite>
          <test-suite type="TestFixture" id="1737" name="ImageFormatConverterTest" fullname="MonoTests.System.Drawing.ImageFormatConverterTest" classname="MonoTests.System.Drawing.ImageFormatConverterTest" runstate="Runnable" testcasecount="8" result="Passed" start-time="2017-05-02 03:42:21Z" end-time="2017-05-02 03:42:21Z" duration="0.049155" total="8" passed="8" failed="0" warnings="0" inconclusive="0" skipped="0" asserts="92">
            <test-case id="1742" name="ConvertFrom_LongName" fullname="MonoTests.System.Drawing.ImageFormatConverterTest.ConvertFrom_LongName" methodname="ConvertFrom_LongName" classname="MonoTests.System.Drawing.ImageFormatConverterTest" runstate="Runnable" seed="1872250889" result="Passed" start-time="2017-05-02 03:42:21Z" end-time="2017-05-02 03:42:21Z" duration="0.005149" asserts="10">
              <properties>
                <property name="Category" value="NotWorking" />
              </properties>
            </test-case>
            <test-case id="1741" name="ConvertFrom_ShortName" fullname="MonoTests.System.Drawing.ImageFormatConverterTest.ConvertFrom_ShortName" methodname="ConvertFrom_ShortName" classname="MonoTests.System.Drawing.ImageFormatConverterTest" runstate="Runnable" seed="35941213" result="Passed" start-time="2017-05-02 03:42:21Z" end-time="2017-05-02 03:42:21Z" duration="0.001286" asserts="10" />
            <test-case id="1745" name="GetStandardValues" fullname="MonoTests.System.Drawing.ImageFormatConverterTest.GetStandardValues" methodname="GetStandardValues" classname="MonoTests.System.Drawing.ImageFormatConverterTest" runstate="Runnable" seed="1144268354" result="Passed" start-time="2017-05-02 03:42:21Z" end-time="2017-05-02 03:42:21Z" duration="0.002677" asserts="20" />
            <test-case id="1744" name="GetStandardValuesSupported" fullname="MonoTests.System.Drawing.ImageFormatConverterTest.GetStandardValuesSupported" methodname="GetStandardValuesSupported" classname="MonoTests.System.Drawing.ImageFormatConverterTest" runstate="Runnable" seed="1882387553" result="Passed" start-time="2017-05-02 03:42:21Z" end-time="2017-05-02 03:42:21Z" duration="0.000674" asserts="2" />
            <test-case id="1738" name="TestCanConvertFrom" fullname="MonoTests.System.Drawing.ImageFormatConverterTest.TestCanConvertFrom" methodname="TestCanConvertFrom" classname="MonoTests.System.Drawing.ImageFormatConverterTest" runstate="Runnable" seed="71894635" result="Passed" start-time="2017-05-02 03:42:21Z" end-time="2017-05-02 03:42:21Z" duration="0.001491" asserts="12" />
            <test-case id="1739" name="TestCanConvertTo" fullname="MonoTests.System.Drawing.ImageFormatConverterTest.TestCanConvertTo" methodname="TestCanConvertTo" classname="MonoTests.System.Drawing.ImageFormatConverterTest" runstate="Runnable" seed="1877731098" result="Passed" start-time="2017-05-02 03:42:21Z" end-time="2017-05-02 03:42:21Z" duration="0.001460" asserts="12" />
            <test-case id="1740" name="TestConvertFrom" fullname="MonoTests.System.Drawing.ImageFormatConverterTest.TestConvertFrom" methodname="TestConvertFrom" classname="MonoTests.System.Drawing.ImageFormatConverterTest" runstate="Runnable" seed="629979026" result="Passed" start-time="2017-05-02 03:42:21Z" end-time="2017-05-02 03:42:21Z" duration="0.003272" asserts="14" />
            <test-case id="1743" name="TestConvertTo" fullname="MonoTests.System.Drawing.ImageFormatConverterTest.TestConvertTo" methodname="TestConvertTo" classname="MonoTests.System.Drawing.ImageFormatConverterTest" runstate="Runnable" seed="479720422" result="Passed" start-time="2017-05-02 03:42:21Z" end-time="2017-05-02 03:42:21Z" duration="0.004307" asserts="12" />
          </test-suite>
          <test-suite type="TestFixture" id="1678" name="ImageTest" fullname="MonoTests.System.Drawing.ImageTest" classname="MonoTests.System.Drawing.ImageTest" runstate="Runnable" testcasecount="22" result="Failed" site="Child" start-time="2017-05-02 03:42:21Z" end-time="2017-05-02 03:42:21Z" duration="0.288275" total="22" passed="16" failed="6" warnings="0" inconclusive="0" skipped="0" asserts="30">
            <failure>
              <message><![CDATA[One or more child tests had errors]]></message>
            </failure>
            <test-case id="1679" name="FileDoesNotExists" fullname="MonoTests.System.Drawing.ImageTest.FileDoesNotExists" methodname="FileDoesNotExists" classname="MonoTests.System.Drawing.ImageTest" runstate="Runnable" seed="1763244839" result="Passed" start-time="2017-05-02 03:42:21Z" end-time="2017-05-02 03:42:21Z" duration="0.001152" asserts="1" />
            <test-case id="1696" name="FromFile_Invalid" fullname="MonoTests.System.Drawing.ImageTest.FromFile_Invalid" methodname="FromFile_Invalid" classname="MonoTests.System.Drawing.ImageTest" runstate="Runnable" seed="531632744" result="Passed" start-time="2017-05-02 03:42:21Z" end-time="2017-05-02 03:42:21Z" duration="0.001047" asserts="1" />
            <test-case id="1693" name="FromFile_Metafile_Emf" fullname="MonoTests.System.Drawing.ImageTest.FromFile_Metafile_Emf" methodname="FromFile_Metafile_Emf" classname="MonoTests.System.Drawing.ImageTest" runstate="Runnable" seed="1170475319" result="Failed" label="Error" start-time="2017-05-02 03:42:21Z" end-time="2017-05-02 03:42:21Z" duration="0.001063" asserts="0">
              <failure>
                <message><![CDATA[System.IO.FileNotFoundException : Test/System.Drawing/bitmaps/milkmateya01.emf]]></message>
                <stack-trace><![CDATA[   在 System.DrawingCore.Image.FromFile(String filename, Boolean useEmbeddedColorManagement)
   在 MonoTests.System.Drawing.ImageTest.FromFile_Metafile_Emf() 位置 C:\ProgramData\Git\zkweb.system.drawing\src\ZKWeb.System.Drawing.Tests\System.Drawing\TestImage.cs:行号 276]]></stack-trace>
              </failure>
            </test-case>
            <test-case id="1690" name="FromFile_Metafile_Wmf" fullname="MonoTests.System.Drawing.ImageTest.FromFile_Metafile_Wmf" methodname="FromFile_Metafile_Wmf" classname="MonoTests.System.Drawing.ImageTest" runstate="Runnable" seed="1612605052" result="Failed" label="Error" start-time="2017-05-02 03:42:21Z" end-time="2017-05-02 03:42:21Z" duration="0.001012" asserts="0">
              <failure>
                <message><![CDATA[System.IO.FileNotFoundException : Test/System.Drawing/bitmaps/telescope_01.wmf]]></message>
                <stack-trace><![CDATA[   在 System.DrawingCore.Image.FromFile(String filename, Boolean useEmbeddedColorManagement)
   在 MonoTests.System.Drawing.ImageTest.FromFile_Metafile_Wmf() 位置 C:\ProgramData\Git\zkweb.system.drawing\src\ZKWeb.System.Drawing.Tests\System.Drawing\TestImage.cs:行号 233]]></stack-trace>
              </failure>
            </test-case>
            <test-case id="1697" name="FromStream_Invalid" fullname="MonoTests.System.Drawing.ImageTest.FromStream_Invalid" methodname="FromStream_Invalid" classname="MonoTests.System.Drawing.ImageTest" runstate="Runnable" seed="507302503" result="Passed" start-time="2017-05-02 03:42:21Z" end-time="2017-05-02 03:42:21Z" duration="0.030663" asserts="1" />
            <test-case id="1694" name="FromStream_Metafile_Emf" fullname="MonoTests.System.Drawing.ImageTest.FromStream_Metafile_Emf" methodname="FromStream_Metafile_Emf" classname="MonoTests.System.Drawing.ImageTest" runstate="Runnable" seed="632921695" result="Failed" label="Error" start-time="2017-05-02 03:42:21Z" end-time="2017-05-02 03:42:21Z" duration="0.001136" asserts="0">
              <failure>
                <message><![CDATA[System.IO.DirectoryNotFoundException : 未能找到路径“C:\ProgramData\Git\zkweb.system.drawing\src\ZKWeb.System.Drawing.Console\Test\System.Drawing\bitmaps\milkmateya01.emf”的一部分。]]></message>
                <stack-trace><![CDATA[   在 System.IO.__Error.WinIOError(Int32 errorCode, String maybeFullPath)
   在 System.IO.FileStream.Init(String path, FileMode mode, FileAccess access, Int32 rights, Boolean useRights, FileShare share, Int32 bufferSize, FileOptions options, SECURITY_ATTRIBUTES secAttrs, String msgPath, Boolean bFromProxy, Boolean useLongPath, Boolean checkHost)
   在 System.IO.FileStream..ctor(String path, FileMode mode, FileAccess access, FileShare share)
   在 MonoTests.System.Drawing.ImageTest.FromStream_Metafile_Emf() 位置 C:\ProgramData\Git\zkweb.system.drawing\src\ZKWeb.System.Drawing.Tests\System.Drawing\TestImage.cs:行号 285]]></stack-trace>
              </failure>
            </test-case>
            <test-case id="1695" name="FromStream_Metafile_Emf_NotOrigin" fullname="MonoTests.System.Drawing.ImageTest.FromStream_Metafile_Emf_NotOrigin" methodname="FromStream_Metafile_Emf_NotOrigin" classname="MonoTests.System.Drawing.ImageTest" runstate="Runnable" seed="884035910" result="Failed" start-time="2017-05-02 03:42:21Z" end-time="2017-05-02 03:42:21Z" duration="0.001649" asserts="1">
              <properties>
                <property name="Category" value="NotWorking" />
              </properties>
              <failure>
                <message><![CDATA[  Expected: <System.ArgumentException>
  But was:  <System.IO.DirectoryNotFoundException: 未能找到路径“C:\ProgramData\Git\zkweb.system.drawing\src\ZKWeb.System.Drawing.Console\Test\System.Drawing\bitmaps\milkmateya01.emf”的一部分。
   在 System.IO.__Error.WinIOError(Int32 errorCode, String maybeFullPath)
   在 System.IO.FileStream.Init(String path, FileMode mode, FileAccess access, Int32 rights, Boolean useRights, FileShare share, Int32 bufferSize, FileOptions options, SECURITY_ATTRIBUTES secAttrs, String msgPath, Boolean bFromProxy, Boolean useLongPath, Boolean checkHost)
   在 System.IO.FileStream..ctor(String path, FileMode mode, FileAccess access, FileShare share)
   在 MonoTests.System.Drawing.ImageTest.<>c.<FromStream_Metafile_Emf_NotOrigin>b__25_0() 位置 C:\ProgramData\Git\zkweb.system.drawing\src\ZKWeb.System.Drawing.Tests\System.Drawing\TestImage.cs:行号 299
   在 NUnit.Framework.Assert.Throws(IResolveConstraint expression, TestDelegate code, String message, Object[] args)>
]]></message>
                <stack-trace><![CDATA[在 MonoTests.System.Drawing.ImageTest.FromStream_Metafile_Emf_NotOrigin() 位置 C:\ProgramData\Git\zkweb.system.drawing\src\ZKWeb.System.Drawing.Tests\System.Drawing\TestImage.cs:行号 304
]]></stack-trace>
              </failure>
              <assertions>
                <assertion result="Failed">
                  <message><![CDATA[  Expected: <System.ArgumentException>
  But was:  <System.IO.DirectoryNotFoundException: 未能找到路径“C:\ProgramData\Git\zkweb.system.drawing\src\ZKWeb.System.Drawing.Console\Test\System.Drawing\bitmaps\milkmateya01.emf”的一部分。
   在 System.IO.__Error.WinIOError(Int32 errorCode, String maybeFullPath)
   在 System.IO.FileStream.Init(String path, FileMode mode, FileAccess access, Int32 rights, Boolean useRights, FileShare share, Int32 bufferSize, FileOptions options, SECURITY_ATTRIBUTES secAttrs, String msgPath, Boolean bFromProxy, Boolean useLongPath, Boolean checkHost)
   在 System.IO.FileStream..ctor(String path, FileMode mode, FileAccess access, FileShare share)
   在 MonoTests.System.Drawing.ImageTest.<>c.<FromStream_Metafile_Emf_NotOrigin>b__25_0() 位置 C:\ProgramData\Git\zkweb.system.drawing\src\ZKWeb.System.Drawing.Tests\System.Drawing\TestImage.cs:行号 299
   在 NUnit.Framework.Assert.Throws(IResolveConstraint expression, TestDelegate code, String message, Object[] args)>
]]></message>
                  <stack-trace><![CDATA[在 MonoTests.System.Drawing.ImageTest.FromStream_Metafile_Emf_NotOrigin() 位置 C:\ProgramData\Git\zkweb.system.drawing\src\ZKWeb.System.Drawing.Tests\System.Drawing\TestImage.cs:行号 304
]]></stack-trace>
                </assertion>
              </assertions>
            </test-case>
            <test-case id="1691" name="FromStream_Metafile_Wmf" fullname="MonoTests.System.Drawing.ImageTest.FromStream_Metafile_Wmf" methodname="FromStream_Metafile_Wmf" classname="MonoTests.System.Drawing.ImageTest" runstate="Runnable" seed="186168486" result="Failed" label="Error" start-time="2017-05-02 03:42:21Z" end-time="2017-05-02 03:42:21Z" duration="0.000943" asserts="0">
              <failure>
                <message><![CDATA[System.IO.DirectoryNotFoundException : 未能找到路径“C:\ProgramData\Git\zkweb.system.drawing\src\ZKWeb.System.Drawing.Console\Test\System.Drawing\bitmaps\telescope_01.wmf”的一部分。]]></message>
                <stack-trace><![CDATA[   在 System.IO.__Error.WinIOError(Int32 errorCode, String maybeFullPath)
   在 System.IO.FileStream.Init(String path, FileMode mode, FileAccess access, Int32 rights, Boolean useRights, FileShare share, Int32 bufferSize, FileOptions options, SECURITY_ATTRIBUTES secAttrs, String msgPath, Boolean bFromProxy, Boolean useLongPath, Boolean checkHost)
   在 System.IO.FileStream..ctor(String path, FileMode mode, FileAccess access, FileShare share)
   在 MonoTests.System.Drawing.ImageTest.FromStream_Metafile_Wmf() 位置 C:\ProgramData\Git\zkweb.system.drawing\src\ZKWeb.System.Drawing.Tests\System.Drawing\TestImage.cs:行号 242]]></stack-trace>
              </failure>
            </test-case>
            <test-case id="1692" name="FromStream_Metafile_Wmf_NotOrigin" fullname="MonoTests.System.Drawing.ImageTest.FromStream_Metafile_Wmf_NotOrigin" methodname="FromStream_Metafile_Wmf_NotOrigin" classname="MonoTests.System.Drawing.ImageTest" runstate="Runnable" seed="783819062" result="Failed" start-time="2017-05-02 03:42:21Z" end-time="2017-05-02 03:42:21Z" duration="0.001586" asserts="1">
              <properties>
                <property name="Category" value="NotWorking" />
              </properties>
              <failure>
                <message><![CDATA[  Expected: <System.ArgumentException>
  But was:  <System.IO.DirectoryNotFoundException: 未能找到路径“C:\ProgramData\Git\zkweb.system.drawing\src\ZKWeb.System.Drawing.Console\Test\System.Drawing\bitmaps\telescope_01.wmf”的一部分。
   在 System.IO.__Error.WinIOError(Int32 errorCode, String maybeFullPath)
   在 System.IO.FileStream.Init(String path, FileMode mode, FileAccess access, Int32 rights, Boolean useRights, FileShare share, Int32 bufferSize, FileOptions options, SECURITY_ATTRIBUTES secAttrs, String msgPath, Boolean bFromProxy, Boolean useLongPath, Boolean checkHost)
   在 System.IO.FileStream..ctor(String path, FileMode mode, FileAccess access, FileShare share)
   在 MonoTests.System.Drawing.ImageTest.<>c.<FromStream_Metafile_Wmf_NotOrigin>b__21_0() 位置 C:\ProgramData\Git\zkweb.system.drawing\src\ZKWeb.System.Drawing.Tests\System.Drawing\TestImage.cs:行号 256
   在 NUnit.Framework.Assert.Throws(IResolveConstraint expression, TestDelegate code, String message, Object[] args)>
]]></message>
                <stack-trace><![CDATA[在 MonoTests.System.Drawing.ImageTest.FromStream_Metafile_Wmf_NotOrigin() 位置 C:\ProgramData\Git\zkweb.system.drawing\src\ZKWeb.System.Drawing.Tests\System.Drawing\TestImage.cs:行号 261
]]></stack-trace>
              </failure>
              <assertions>
                <assertion result="Failed">
                  <message><![CDATA[  Expected: <System.ArgumentException>
  But was:  <System.IO.DirectoryNotFoundException: 未能找到路径“C:\ProgramData\Git\zkweb.system.drawing\src\ZKWeb.System.Drawing.Console\Test\System.Drawing\bitmaps\telescope_01.wmf”的一部分。
   在 System.IO.__Error.WinIOError(Int32 errorCode, String maybeFullPath)
   在 System.IO.FileStream.Init(String path, FileMode mode, FileAccess access, Int32 rights, Boolean useRights, FileShare share, Int32 bufferSize, FileOptions options, SECURITY_ATTRIBUTES secAttrs, String msgPath, Boolean bFromProxy, Boolean useLongPath, Boolean checkHost)
   在 System.IO.FileStream..ctor(String path, FileMode mode, FileAccess access, FileShare share)
   在 MonoTests.System.Drawing.ImageTest.<>c.<FromStream_Metafile_Wmf_NotOrigin>b__21_0() 位置 C:\ProgramData\Git\zkweb.system.drawing\src\ZKWeb.System.Drawing.Tests\System.Drawing\TestImage.cs:行号 256
   在 NUnit.Framework.Assert.Throws(IResolveConstraint expression, TestDelegate code, String message, Object[] args)>
]]></message>
                  <stack-trace><![CDATA[在 MonoTests.System.Drawing.ImageTest.FromStream_Metafile_Wmf_NotOrigin() 位置 C:\ProgramData\Git\zkweb.system.drawing\src\ZKWeb.System.Drawing.Tests\System.Drawing\TestImage.cs:行号 261
]]></stack-trace>
                </assertion>
              </assertions>
            </test-case>
            <test-case id="1686" name="GetThumbnailImage_Bigger_Png" fullname="MonoTests.System.Drawing.ImageTest.GetThumbnailImage_Bigger_Png" methodname="GetThumbnailImage_Bigger_Png" classname="MonoTests.System.Drawing.ImageTest" runstate="Runnable" seed="10510872" result="Passed" start-time="2017-05-02 03:42:21Z" end-time="2017-05-02 03:42:21Z" duration="0.002852" asserts="3" />
            <test-case id="1683" name="GetThumbnailImage_CallbackData_Invalid" fullname="MonoTests.System.Drawing.ImageTest.GetThumbnailImage_CallbackData_Invalid" methodname="GetThumbnailImage_CallbackData_Invalid" classname="MonoTests.System.Drawing.ImageTest" runstate="Runnable" seed="796088828" result="Passed" start-time="2017-05-02 03:42:21Z" end-time="2017-05-02 03:42:21Z" duration="0.001871" asserts="3" />
            <test-case id="1681" name="GetThumbnailImage_Height_Zero" fullname="MonoTests.System.Drawing.ImageTest.GetThumbnailImage_Height_Zero" methodname="GetThumbnailImage_Height_Zero" classname="MonoTests.System.Drawing.ImageTest" runstate="Runnable" seed="707990062" result="Passed" start-time="2017-05-02 03:42:21Z" end-time="2017-05-02 03:42:21Z" duration="0.000925" asserts="1" />
            <test-case id="1680" name="GetThumbnailImage_NullCallback_Tiff" fullname="MonoTests.System.Drawing.ImageTest.GetThumbnailImage_NullCallback_Tiff" methodname="GetThumbnailImage_NullCallback_Tiff" classname="MonoTests.System.Drawing.ImageTest" runstate="Runnable" seed="478001425" result="Passed" start-time="2017-05-02 03:42:21Z" end-time="2017-05-02 03:42:21Z" duration="0.001596" asserts="3" />
            <test-case id="1684" name="GetThumbnailImage_SameSize_Bmp" fullname="MonoTests.System.Drawing.ImageTest.GetThumbnailImage_SameSize_Bmp" methodname="GetThumbnailImage_SameSize_Bmp" classname="MonoTests.System.Drawing.ImageTest" runstate="Runnable" seed="997114213" result="Passed" start-time="2017-05-02 03:42:21Z" end-time="2017-05-02 03:42:21Z" duration="0.001767" asserts="3" />
            <test-case id="1685" name="GetThumbnailImage_Smaller_Gif" fullname="MonoTests.System.Drawing.ImageTest.GetThumbnailImage_Smaller_Gif" methodname="GetThumbnailImage_Smaller_Gif" classname="MonoTests.System.Drawing.ImageTest" runstate="Runnable" seed="910439924" result="Passed" start-time="2017-05-02 03:42:21Z" end-time="2017-05-02 03:42:21Z" duration="0.004321" asserts="3" />
            <test-case id="1682" name="GetThumbnailImage_Width_Negative" fullname="MonoTests.System.Drawing.ImageTest.GetThumbnailImage_Width_Negative" methodname="GetThumbnailImage_Width_Negative" classname="MonoTests.System.Drawing.ImageTest" runstate="Runnable" seed="325822097" result="Passed" start-time="2017-05-02 03:42:21Z" end-time="2017-05-02 03:42:21Z" duration="0.000888" asserts="1" />
            <test-case id="1688" name="Stream_Locked" fullname="MonoTests.System.Drawing.ImageTest.Stream_Locked" methodname="Stream_Locked" classname="MonoTests.System.Drawing.ImageTest" runstate="Runnable" seed="1909706587" result="Passed" start-time="2017-05-02 03:42:21Z" end-time="2017-05-02 03:42:21Z" duration="0.004315" asserts="0" />
            <test-case id="1687" name="Stream_Unlocked" fullname="MonoTests.System.Drawing.ImageTest.Stream_Unlocked" methodname="Stream_Unlocked" classname="MonoTests.System.Drawing.ImageTest" runstate="Runnable" seed="823433956" result="Passed" start-time="2017-05-02 03:42:21Z" end-time="2017-05-02 03:42:21Z" duration="0.001048" asserts="0" />
            <test-case id="1699" name="StreamJunkSaveLoad" fullname="MonoTests.System.Drawing.ImageTest.StreamJunkSaveLoad" methodname="StreamJunkSaveLoad" classname="MonoTests.System.Drawing.ImageTest" runstate="Runnable" seed="1229403832" result="Passed" start-time="2017-05-02 03:42:21Z" end-time="2017-05-02 03:42:21Z" duration="0.002343" asserts="1" />
            <test-case id="1698" name="StreamSaveLoad" fullname="MonoTests.System.Drawing.ImageTest.StreamSaveLoad" methodname="StreamSaveLoad" classname="MonoTests.System.Drawing.ImageTest" runstate="Runnable" seed="1753828105" result="Passed" start-time="2017-05-02 03:42:21Z" end-time="2017-05-02 03:42:21Z" duration="0.002060" asserts="7" />
            <test-case id="1700" name="XmlSerialization" fullname="MonoTests.System.Drawing.ImageTest.XmlSerialization" methodname="XmlSerialization" classname="MonoTests.System.Drawing.ImageTest" runstate="Runnable" seed="421920187" result="Passed" start-time="2017-05-02 03:42:21Z" end-time="2017-05-02 03:42:21Z" duration="0.142807" asserts="0" />
            <test-case id="1689" name="XmlSerialize" fullname="MonoTests.System.Drawing.ImageTest.XmlSerialize" methodname="XmlSerialize" classname="MonoTests.System.Drawing.ImageTest" runstate="Runnable" seed="1533072850" result="Passed" start-time="2017-05-02 03:42:21Z" end-time="2017-05-02 03:42:21Z" duration="0.000344" asserts="0">
              <properties>
                <property name="Category" value="NotWorking" />
              </properties>
            </test-case>
          </test-suite>
          <test-suite type="TestSuite" id="2949" name="Imaging" fullname="MonoTests.System.Drawing.Imaging" runstate="Runnable" testcasecount="203" result="Failed" site="Child" start-time="2017-05-02 03:42:15Z" end-time="2017-05-02 03:42:23Z" duration="7.264310" total="203" passed="116" failed="87" warnings="0" inconclusive="0" skipped="0" asserts="862">
            <failure>
              <message><![CDATA[One or more child tests had errors]]></message>
            </failure>
            <test-suite type="TestFixture" id="2390" name="BmpCodecTest" fullname="MonoTests.System.Drawing.Imaging.BmpCodecTest" classname="MonoTests.System.Drawing.Imaging.BmpCodecTest" runstate="Runnable" testcasecount="17" result="Failed" site="Child" start-time="2017-05-02 03:42:21Z" end-time="2017-05-02 03:42:21Z" duration="0.139364" total="17" passed="6" failed="11" warnings="0" inconclusive="0" skipped="0" asserts="13">
              <failure>
                <message><![CDATA[One or more child tests had errors]]></message>
              </failure>
              <test-case id="2391" name="Bitmap1bitFeatures" fullname="MonoTests.System.Drawing.Imaging.BmpCodecTest.Bitmap1bitFeatures" methodname="Bitmap1bitFeatures" classname="MonoTests.System.Drawing.Imaging.BmpCodecTest" runstate="Runnable" seed="960010100" result="Failed" label="Error" start-time="2017-05-02 03:42:21Z" end-time="2017-05-02 03:42:21Z" duration="0.002835" asserts="0">
                <failure>
                  <message><![CDATA[System.ArgumentException : A null reference or invalid value was found [GDI+ status: InvalidParameter]]]></message>
                  <stack-trace><![CDATA[   在 System.DrawingCore.GDIPlus.CheckStatus(Status status)
   在 System.DrawingCore.Bitmap..ctor(String filename, Boolean useIcm)
   在 MonoTests.System.Drawing.Imaging.BmpCodecTest.Bitmap1bitFeatures() 位置 C:\ProgramData\Git\zkweb.system.drawing\src\ZKWeb.System.Drawing.Tests\System.Drawing.Imaging\TestBmpCodec.cs:行号 80]]></stack-trace>
                </failure>
              </test-case>
              <test-case id="2392" name="Bitmap1bitPixels" fullname="MonoTests.System.Drawing.Imaging.BmpCodecTest.Bitmap1bitPixels" methodname="Bitmap1bitPixels" classname="MonoTests.System.Drawing.Imaging.BmpCodecTest" runstate="Runnable" seed="1931656812" result="Failed" label="Error" start-time="2017-05-02 03:42:21Z" end-time="2017-05-02 03:42:21Z" duration="0.004972" asserts="0">
                <failure>
                  <message><![CDATA[System.ArgumentException : A null reference or invalid value was found [GDI+ status: InvalidParameter]]]></message>
                  <stack-trace><![CDATA[   在 System.DrawingCore.GDIPlus.CheckStatus(Status status)
   在 System.DrawingCore.Bitmap..ctor(String filename, Boolean useIcm)
   在 MonoTests.System.Drawing.Imaging.BmpCodecTest.Bitmap1bitPixels() 位置 C:\ProgramData\Git\zkweb.system.drawing\src\ZKWeb.System.Drawing.Tests\System.Drawing.Imaging\TestBmpCodec.cs:行号 103]]></stack-trace>
                </failure>
              </test-case>
              <test-case id="2397" name="Bitmap24bitData" fullname="MonoTests.System.Drawing.Imaging.BmpCodecTest.Bitmap24bitData" methodname="Bitmap24bitData" classname="MonoTests.System.Drawing.Imaging.BmpCodecTest" runstate="Runnable" seed="1751648154" result="Failed" label="Error" start-time="2017-05-02 03:42:21Z" end-time="2017-05-02 03:42:21Z" duration="0.008988" asserts="0">
                <failure>
                  <message><![CDATA[System.ArgumentException : A null reference or invalid value was found [GDI+ status: InvalidParameter]]]></message>
                  <stack-trace><![CDATA[   在 System.DrawingCore.GDIPlus.CheckStatus(Status status)
   在 System.DrawingCore.Bitmap..ctor(String filename, Boolean useIcm)
   在 MonoTests.System.Drawing.Imaging.BmpCodecTest.Bitmap24bitData() 位置 C:\ProgramData\Git\zkweb.system.drawing\src\ZKWeb.System.Drawing.Tests\System.Drawing.Imaging\TestBmpCodec.cs:行号 305]]></stack-trace>
                </failure>
              </test-case>
              <test-case id="2395" name="Bitmap24bitFeatures" fullname="MonoTests.System.Drawing.Imaging.BmpCodecTest.Bitmap24bitFeatures" methodname="Bitmap24bitFeatures" classname="MonoTests.System.Drawing.Imaging.BmpCodecTest" runstate="Runnable" seed="1665599106" result="Failed" label="Error" start-time="2017-05-02 03:42:21Z" end-time="2017-05-02 03:42:21Z" duration="0.002162" asserts="0">
                <failure>
                  <message><![CDATA[System.ArgumentException : A null reference or invalid value was found [GDI+ status: InvalidParameter]]]></message>
                  <stack-trace><![CDATA[   在 System.DrawingCore.GDIPlus.CheckStatus(Status status)
   在 System.DrawingCore.Bitmap..ctor(String filename, Boolean useIcm)
   在 MonoTests.System.Drawing.Imaging.BmpCodecTest.Bitmap24bitFeatures() 位置 C:\ProgramData\Git\zkweb.system.drawing\src\ZKWeb.System.Drawing.Tests\System.Drawing.Imaging\TestBmpCodec.cs:行号 232]]></stack-trace>
                </failure>
              </test-case>
              <test-case id="2396" name="Bitmap24bitPixels" fullname="MonoTests.System.Drawing.Imaging.BmpCodecTest.Bitmap24bitPixels" methodname="Bitmap24bitPixels" classname="MonoTests.System.Drawing.Imaging.BmpCodecTest" runstate="Runnable" seed="1016178839" result="Failed" label="Error" start-time="2017-05-02 03:42:21Z" end-time="2017-05-02 03:42:21Z" duration="0.005148" asserts="0">
                <failure>
                  <message><![CDATA[System.ArgumentException : A null reference or invalid value was found [GDI+ status: InvalidParameter]]]></message>
                  <stack-trace><![CDATA[   在 System.DrawingCore.GDIPlus.CheckStatus(Status status)
   在 System.DrawingCore.Bitmap..ctor(String filename, Boolean useIcm)
   在 MonoTests.System.Drawing.Imaging.BmpCodecTest.Bitmap24bitPixels() 位置 C:\ProgramData\Git\zkweb.system.drawing\src\ZKWeb.System.Drawing.Tests\System.Drawing.Imaging\TestBmpCodec.cs:行号 254]]></stack-trace>
                </failure>
              </test-case>
              <test-case id="2398" name="Bitmap32bitFeatures" fullname="MonoTests.System.Drawing.Imaging.BmpCodecTest.Bitmap32bitFeatures" methodname="Bitmap32bitFeatures" classname="MonoTests.System.Drawing.Imaging.BmpCodecTest" runstate="Runnable" seed="1750275882" result="Failed" label="Error" start-time="2017-05-02 03:42:21Z" end-time="2017-05-02 03:42:21Z" duration="0.002184" asserts="0">
                <failure>
                  <message><![CDATA[System.ArgumentException : A null reference or invalid value was found [GDI+ status: InvalidParameter]]]></message>
                  <stack-trace><![CDATA[   在 System.DrawingCore.GDIPlus.CheckStatus(Status status)
   在 System.DrawingCore.Bitmap..ctor(String filename, Boolean useIcm)
   在 MonoTests.System.Drawing.Imaging.BmpCodecTest.Bitmap32bitFeatures() 位置 C:\ProgramData\Git\zkweb.system.drawing\src\ZKWeb.System.Drawing.Tests\System.Drawing.Imaging\TestBmpCodec.cs:行号 432]]></stack-trace>
                </failure>
              </test-case>
              <test-case id="2399" name="Bitmap32bitPixels" fullname="MonoTests.System.Drawing.Imaging.BmpCodecTest.Bitmap32bitPixels" methodname="Bitmap32bitPixels" classname="MonoTests.System.Drawing.Imaging.BmpCodecTest" runstate="Runnable" seed="1264619471" result="Failed" label="Error" start-time="2017-05-02 03:42:21Z" end-time="2017-05-02 03:42:21Z" duration="0.005593" asserts="0">
                <failure>
                  <message><![CDATA[System.ArgumentException : A null reference or invalid value was found [GDI+ status: InvalidParameter]]]></message>
                  <stack-trace><![CDATA[   在 System.DrawingCore.GDIPlus.CheckStatus(Status status)
   在 System.DrawingCore.Bitmap..ctor(String filename, Boolean useIcm)
   在 MonoTests.System.Drawing.Imaging.BmpCodecTest.Bitmap32bitPixels() 位置 C:\ProgramData\Git\zkweb.system.drawing\src\ZKWeb.System.Drawing.Tests\System.Drawing.Imaging\TestBmpCodec.cs:行号 453]]></stack-trace>
                </failure>
              </test-case>
              <test-case id="2393" name="Bitmap8bitFeatures" fullname="MonoTests.System.Drawing.Imaging.BmpCodecTest.Bitmap8bitFeatures" methodname="Bitmap8bitFeatures" classname="MonoTests.System.Drawing.Imaging.BmpCodecTest" runstate="Runnable" seed="344203508" result="Failed" label="Error" start-time="2017-05-02 03:42:21Z" end-time="2017-05-02 03:42:21Z" duration="0.002338" asserts="0">
                <failure>
                  <message><![CDATA[System.ArgumentException : A null reference or invalid value was found [GDI+ status: InvalidParameter]]]></message>
                  <stack-trace><![CDATA[   在 System.DrawingCore.GDIPlus.CheckStatus(Status status)
   在 System.DrawingCore.Bitmap..ctor(String filename, Boolean useIcm)
   在 MonoTests.System.Drawing.Imaging.BmpCodecTest.Bitmap8bitFeatures() 位置 C:\ProgramData\Git\zkweb.system.drawing\src\ZKWeb.System.Drawing.Tests\System.Drawing.Imaging\TestBmpCodec.cs:行号 156]]></stack-trace>
                </failure>
              </test-case>
              <test-case id="2394" name="Bitmap8bitPixels" fullname="MonoTests.System.Drawing.Imaging.BmpCodecTest.Bitmap8bitPixels" methodname="Bitmap8bitPixels" classname="MonoTests.System.Drawing.Imaging.BmpCodecTest" runstate="Runnable" seed="253599044" result="Failed" label="Error" start-time="2017-05-02 03:42:21Z" end-time="2017-05-02 03:42:21Z" duration="0.006731" asserts="0">
                <failure>
                  <message><![CDATA[System.ArgumentException : A null reference or invalid value was found [GDI+ status: InvalidParameter]]]></message>
                  <stack-trace><![CDATA[   在 System.DrawingCore.GDIPlus.CheckStatus(Status status)
   在 System.DrawingCore.Bitmap..ctor(String filename, Boolean useIcm)
   在 MonoTests.System.Drawing.Imaging.BmpCodecTest.Bitmap8bitPixels() 位置 C:\ProgramData\Git\zkweb.system.drawing\src\ZKWeb.System.Drawing.Tests\System.Drawing.Imaging\TestBmpCodec.cs:行号 178]]></stack-trace>
                </failure>
              </test-case>
              <test-case id="2407" name="NonInvertedBitmap" fullname="MonoTests.System.Drawing.Imaging.BmpCodecTest.NonInvertedBitmap" methodname="NonInvertedBitmap" classname="MonoTests.System.Drawing.Imaging.BmpCodecTest" runstate="Runnable" seed="1660710303" result="Failed" label="Error" start-time="2017-05-02 03:42:21Z" end-time="2017-05-02 03:42:21Z" duration="0.002339" asserts="0">
                <failure>
                  <message><![CDATA[System.ArgumentException : A null reference or invalid value was found [GDI+ status: InvalidParameter]]]></message>
                  <stack-trace><![CDATA[   在 System.DrawingCore.GDIPlus.CheckStatus(Status status)
   在 System.DrawingCore.Bitmap..ctor(String filename, Boolean useIcm)
   在 MonoTests.System.Drawing.Imaging.BmpCodecTest.NonInvertedBitmap() 位置 C:\ProgramData\Git\zkweb.system.drawing\src\ZKWeb.System.Drawing.Tests\System.Drawing.Imaging\TestBmpCodec.cs:行号 588]]></stack-trace>
                </failure>
              </test-case>
              <test-case id="2400" name="Save_24bppRgb" fullname="MonoTests.System.Drawing.Imaging.BmpCodecTest.Save_24bppRgb" methodname="Save_24bppRgb" classname="MonoTests.System.Drawing.Imaging.BmpCodecTest" runstate="Runnable" seed="355959489" result="Passed" start-time="2017-05-02 03:42:21Z" end-time="2017-05-02 03:42:21Z" duration="0.006172" asserts="2" />
              <test-case id="2402" name="Save_32bppArgb" fullname="MonoTests.System.Drawing.Imaging.BmpCodecTest.Save_32bppArgb" methodname="Save_32bppArgb" classname="MonoTests.System.Drawing.Imaging.BmpCodecTest" runstate="Runnable" seed="188518686" result="Passed" start-time="2017-05-02 03:42:21Z" end-time="2017-05-02 03:42:21Z" duration="0.004184" asserts="2" />
              <test-case id="2403" name="Save_32bppPArgb" fullname="MonoTests.System.Drawing.Imaging.BmpCodecTest.Save_32bppPArgb" methodname="Save_32bppPArgb" classname="MonoTests.System.Drawing.Imaging.BmpCodecTest" runstate="Runnable" seed="1590347563" result="Passed" start-time="2017-05-02 03:42:21Z" end-time="2017-05-02 03:42:21Z" duration="0.004212" asserts="2" />
              <test-case id="2401" name="Save_32bppRgb" fullname="MonoTests.System.Drawing.Imaging.BmpCodecTest.Save_32bppRgb" methodname="Save_32bppRgb" classname="MonoTests.System.Drawing.Imaging.BmpCodecTest" runstate="Runnable" seed="1660600305" result="Passed" start-time="2017-05-02 03:42:21Z" end-time="2017-05-02 03:42:21Z" duration="0.004134" asserts="2" />
              <test-case id="2404" name="Save_48bppRgb" fullname="MonoTests.System.Drawing.Imaging.BmpCodecTest.Save_48bppRgb" methodname="Save_48bppRgb" classname="MonoTests.System.Drawing.Imaging.BmpCodecTest" runstate="Runnable" seed="1630972897" result="Failed" start-time="2017-05-02 03:42:21Z" end-time="2017-05-02 03:42:21Z" duration="0.005251" asserts="1">
                <properties>
                  <property name="Category" value="NotWorking" />
                </properties>
                <failure>
                  <message><![CDATA[  PixelFormat
  Expected: Format32bppRgb
  But was:  Format24bppRgb
]]></message>
                  <stack-trace><![CDATA[在 MonoTests.System.Drawing.Imaging.BmpCodecTest.Save(PixelFormat original, PixelFormat expected, Boolean colorCheck) 位置 C:\ProgramData\Git\zkweb.system.drawing\src\ZKWeb.System.Drawing.Tests\System.Drawing.Imaging\TestBmpCodec.cs:行号 521
]]></stack-trace>
                </failure>
                <assertions>
                  <assertion result="Failed">
                    <message><![CDATA[  PixelFormat
  Expected: Format32bppRgb
  But was:  Format24bppRgb
]]></message>
                    <stack-trace><![CDATA[在 MonoTests.System.Drawing.Imaging.BmpCodecTest.Save(PixelFormat original, PixelFormat expected, Boolean colorCheck) 位置 C:\ProgramData\Git\zkweb.system.drawing\src\ZKWeb.System.Drawing.Tests\System.Drawing.Imaging\TestBmpCodec.cs:行号 521
]]></stack-trace>
                  </assertion>
                </assertions>
              </test-case>
              <test-case id="2405" name="Save_64bppArgb" fullname="MonoTests.System.Drawing.Imaging.BmpCodecTest.Save_64bppArgb" methodname="Save_64bppArgb" classname="MonoTests.System.Drawing.Imaging.BmpCodecTest" runstate="Runnable" seed="851183680" result="Passed" start-time="2017-05-02 03:42:21Z" end-time="2017-05-02 03:42:21Z" duration="0.004602" asserts="2">
                <properties>
                  <property name="Category" value="NotWorking" />
                </properties>
              </test-case>
              <test-case id="2406" name="Save_64bppPArgb" fullname="MonoTests.System.Drawing.Imaging.BmpCodecTest.Save_64bppPArgb" methodname="Save_64bppPArgb" classname="MonoTests.System.Drawing.Imaging.BmpCodecTest" runstate="Runnable" seed="1070052663" result="Passed" start-time="2017-05-02 03:42:21Z" end-time="2017-05-02 03:42:21Z" duration="0.004650" asserts="2">
                <properties>
                  <property name="Category" value="NotWorking" />
                </properties>
              </test-case>
            </test-suite>
            <test-suite type="TestFixture" id="2408" name="ColorMatrixTest" fullname="MonoTests.System.Drawing.Imaging.ColorMatrixTest" classname="MonoTests.System.Drawing.Imaging.ColorMatrixTest" runstate="Runnable" testcasecount="10" result="Passed" start-time="2017-05-02 03:42:21Z" end-time="2017-05-02 03:42:21Z" duration="0.056161" total="10" passed="10" failed="0" warnings="0" inconclusive="0" skipped="0" asserts="132">
              <test-case id="2409" name="Constructor_Null" fullname="MonoTests.System.Drawing.Imaging.ColorMatrixTest.Constructor_Null" methodname="Constructor_Null" classname="MonoTests.System.Drawing.Imaging.ColorMatrixTest" runstate="Runnable" seed="169334019" result="Passed" start-time="2017-05-02 03:42:21Z" end-time="2017-05-02 03:42:21Z" duration="0.001525" asserts="1" />
              <test-case id="2413" name="Constructor_TooBigArraySize" fullname="MonoTests.System.Drawing.Imaging.ColorMatrixTest.Constructor_TooBigArraySize" methodname="Constructor_TooBigArraySize" classname="MonoTests.System.Drawing.Imaging.ColorMatrixTest" runstate="Runnable" seed="491463649" result="Passed" start-time="2017-05-02 03:42:21Z" end-time="2017-05-02 03:42:21Z" duration="0.002981" asserts="25" />
              <test-case id="2410" name="Constructor_TooSmallArraySize" fullname="MonoTests.System.Drawing.Imaging.ColorMatrixTest.Constructor_TooSmallArraySize" methodname="Constructor_TooSmallArraySize" classname="MonoTests.System.Drawing.Imaging.ColorMatrixTest" runstate="Runnable" seed="1794124144" result="Passed" start-time="2017-05-02 03:42:21Z" end-time="2017-05-02 03:42:21Z" duration="0.000575" asserts="1" />
              <test-case id="2412" name="Constructor_TooTallArraySize" fullname="MonoTests.System.Drawing.Imaging.ColorMatrixTest.Constructor_TooTallArraySize" methodname="Constructor_TooTallArraySize" classname="MonoTests.System.Drawing.Imaging.ColorMatrixTest" runstate="Runnable" seed="112615956" result="Passed" start-time="2017-05-02 03:42:21Z" end-time="2017-05-02 03:42:21Z" duration="0.000850" asserts="1" />
              <test-case id="2411" name="Constructor_TooWideArraySize" fullname="MonoTests.System.Drawing.Imaging.ColorMatrixTest.Constructor_TooWideArraySize" methodname="Constructor_TooWideArraySize" classname="MonoTests.System.Drawing.Imaging.ColorMatrixTest" runstate="Runnable" seed="518848883" result="Passed" start-time="2017-05-02 03:42:21Z" end-time="2017-05-02 03:42:21Z" duration="0.000635" asserts="1" />
              <test-case id="2416" name="ConstructorArrayAndMethods" fullname="MonoTests.System.Drawing.Imaging.ColorMatrixTest.ConstructorArrayAndMethods" methodname="ConstructorArrayAndMethods" classname="MonoTests.System.Drawing.Imaging.ColorMatrixTest" runstate="Runnable" seed="527884474" result="Passed" start-time="2017-05-02 03:42:21Z" end-time="2017-05-02 03:42:21Z" duration="0.003016" asserts="25" />
              <test-case id="2415" name="DefaultConstructor" fullname="MonoTests.System.Drawing.Imaging.ColorMatrixTest.DefaultConstructor" methodname="DefaultConstructor" classname="MonoTests.System.Drawing.Imaging.ColorMatrixTest" runstate="Runnable" seed="871364054" result="Passed" start-time="2017-05-02 03:42:21Z" end-time="2017-05-02 03:42:21Z" duration="0.003097" asserts="27" />
              <test-case id="2417" name="IndexerProperty" fullname="MonoTests.System.Drawing.Imaging.ColorMatrixTest.IndexerProperty" methodname="IndexerProperty" classname="MonoTests.System.Drawing.Imaging.ColorMatrixTest" runstate="Runnable" seed="557760648" result="Passed" start-time="2017-05-02 03:42:21Z" end-time="2017-05-02 03:42:21Z" duration="0.003577" asserts="25" />
              <test-case id="2418" name="IndividualProperties" fullname="MonoTests.System.Drawing.Imaging.ColorMatrixTest.IndividualProperties" methodname="IndividualProperties" classname="MonoTests.System.Drawing.Imaging.ColorMatrixTest" runstate="Runnable" seed="996264033" result="Passed" start-time="2017-05-02 03:42:21Z" end-time="2017-05-02 03:42:21Z" duration="0.003159" asserts="25" />
              <test-case id="2414" name="TooBigItems" fullname="MonoTests.System.Drawing.Imaging.ColorMatrixTest.TooBigItems" methodname="TooBigItems" classname="MonoTests.System.Drawing.Imaging.ColorMatrixTest" runstate="Runnable" seed="215171982" result="Passed" start-time="2017-05-02 03:42:21Z" end-time="2017-05-02 03:42:21Z" duration="0.001158" asserts="1" />
            </test-suite>
            <test-suite type="TestFixture" id="2280" name="EmfPlusRecordTypeTest" fullname="MonoTests.System.Drawing.Imaging.EmfPlusRecordTypeTest" classname="MonoTests.System.Drawing.Imaging.EmfPlusRecordTypeTest" runstate="Runnable" testcasecount="3" result="Passed" start-time="2017-05-02 03:42:21Z" end-time="2017-05-02 03:42:21Z" duration="0.026094" total="3" passed="3" failed="0" warnings="0" inconclusive="0" skipped="0" asserts="253">
              <test-case id="2282" name="EmfPlusRecords" fullname="MonoTests.System.Drawing.Imaging.EmfPlusRecordTypeTest.EmfPlusRecords" methodname="EmfPlusRecords" classname="MonoTests.System.Drawing.Imaging.EmfPlusRecordTypeTest" runstate="Runnable" seed="676202482" result="Passed" start-time="2017-05-02 03:42:21Z" end-time="2017-05-02 03:42:21Z" duration="0.003982" asserts="59" />
              <test-case id="2281" name="EmfRecords" fullname="MonoTests.System.Drawing.Imaging.EmfPlusRecordTypeTest.EmfRecords" methodname="EmfRecords" classname="MonoTests.System.Drawing.Imaging.EmfPlusRecordTypeTest" runstate="Runnable" seed="180310876" result="Passed" start-time="2017-05-02 03:42:21Z" end-time="2017-05-02 03:42:21Z" duration="0.007655" asserts="124" />
              <test-case id="2283" name="WmfRecords" fullname="MonoTests.System.Drawing.Imaging.EmfPlusRecordTypeTest.WmfRecords" methodname="WmfRecords" classname="MonoTests.System.Drawing.Imaging.EmfPlusRecordTypeTest" runstate="Runnable" seed="1400595171" result="Passed" start-time="2017-05-02 03:42:21Z" end-time="2017-05-02 03:42:21Z" duration="0.004767" asserts="70" />
            </test-suite>
            <test-suite type="TestFixture" id="2284" name="FrameDimensionTest" fullname="MonoTests.System.Drawing.Imaging.FrameDimensionTest" classname="MonoTests.System.Drawing.Imaging.FrameDimensionTest" runstate="Runnable" testcasecount="3" result="Passed" start-time="2017-05-02 03:42:21Z" end-time="2017-05-02 03:42:21Z" duration="0.014122" total="3" passed="3" failed="0" warnings="0" inconclusive="0" skipped="0" asserts="16">
              <test-case id="2285" name="Empty" fullname="MonoTests.System.Drawing.Imaging.FrameDimensionTest.Empty" methodname="Empty" classname="MonoTests.System.Drawing.Imaging.FrameDimensionTest" runstate="Runnable" seed="1137332439" result="Passed" start-time="2017-05-02 03:42:21Z" end-time="2017-05-02 03:42:21Z" duration="0.001622" asserts="5" />
              <test-case id="2287" name="Equals" fullname="MonoTests.System.Drawing.Imaging.FrameDimensionTest.Equals" methodname="Equals" classname="MonoTests.System.Drawing.Imaging.FrameDimensionTest" runstate="Runnable" seed="1123046304" result="Passed" start-time="2017-05-02 03:42:21Z" end-time="2017-05-02 03:42:21Z" duration="0.000640" asserts="2" />
              <test-case id="2286" name="WellKnownValues" fullname="MonoTests.System.Drawing.Imaging.FrameDimensionTest.WellKnownValues" methodname="WellKnownValues" classname="MonoTests.System.Drawing.Imaging.FrameDimensionTest" runstate="Runnable" seed="587326723" result="Passed" start-time="2017-05-02 03:42:21Z" end-time="2017-05-02 03:42:21Z" duration="0.001384" asserts="9" />
            </test-suite>
            <test-suite type="TestFixture" id="2288" name="GifCodecTest" fullname="MonoTests.System.Drawing.Imaging.GifCodecTest" classname="MonoTests.System.Drawing.Imaging.GifCodecTest" runstate="Runnable" testcasecount="13" result="Failed" site="Child" start-time="2017-05-02 03:42:21Z" end-time="2017-05-02 03:42:22Z" duration="0.099311" total="13" passed="7" failed="6" warnings="0" inconclusive="0" skipped="0" asserts="35">
              <failure>
                <message><![CDATA[One or more child tests had errors]]></message>
              </failure>
              <test-case id="2293" name="Bitmap8bitsData" fullname="MonoTests.System.Drawing.Imaging.GifCodecTest.Bitmap8bitsData" methodname="Bitmap8bitsData" classname="MonoTests.System.Drawing.Imaging.GifCodecTest" runstate="Runnable" seed="991977423" result="Failed" label="Error" start-time="2017-05-02 03:42:21Z" end-time="2017-05-02 03:42:21Z" duration="0.004805" asserts="0">
                <failure>
                  <message><![CDATA[System.ArgumentException : A null reference or invalid value was found [GDI+ status: InvalidParameter]]]></message>
                  <stack-trace><![CDATA[   在 System.DrawingCore.GDIPlus.CheckStatus(Status status)
   在 System.DrawingCore.Bitmap..ctor(String filename, Boolean useIcm)
   在 MonoTests.System.Drawing.Imaging.GifCodecTest.Bitmap8bitsData() 位置 C:\ProgramData\Git\zkweb.system.drawing\src\ZKWeb.System.Drawing.Tests\System.Drawing.Imaging\GifCodecTest.cs:行号 153]]></stack-trace>
                </failure>
              </test-case>
              <test-case id="2290" name="Bitmap8bitsFeatures_Gif87" fullname="MonoTests.System.Drawing.Imaging.GifCodecTest.Bitmap8bitsFeatures_Gif87" methodname="Bitmap8bitsFeatures_Gif87" classname="MonoTests.System.Drawing.Imaging.GifCodecTest" runstate="Runnable" seed="328279198" result="Failed" label="Error" start-time="2017-05-02 03:42:21Z" end-time="2017-05-02 03:42:21Z" duration="0.003058" asserts="0">
                <failure>
                  <message><![CDATA[System.ArgumentException : A null reference or invalid value was found [GDI+ status: InvalidParameter]]]></message>
                  <stack-trace><![CDATA[   在 System.DrawingCore.GDIPlus.CheckStatus(Status status)
   在 System.DrawingCore.Bitmap..ctor(String filename, Boolean useIcm)
   在 MonoTests.System.Drawing.Imaging.GifCodecTest.Bitmap8bitsFeatures(String filename) 位置 C:\ProgramData\Git\zkweb.system.drawing\src\ZKWeb.System.Drawing.Tests\System.Drawing.Imaging\GifCodecTest.cs:行号 77]]></stack-trace>
                </failure>
              </test-case>
              <test-case id="2289" name="Bitmap8bitsFeatures_Gif89" fullname="MonoTests.System.Drawing.Imaging.GifCodecTest.Bitmap8bitsFeatures_Gif89" methodname="Bitmap8bitsFeatures_Gif89" classname="MonoTests.System.Drawing.Imaging.GifCodecTest" runstate="Runnable" seed="1259186049" result="Failed" label="Error" start-time="2017-05-02 03:42:21Z" end-time="2017-05-02 03:42:21Z" duration="0.000995" asserts="0">
                <failure>
                  <message><![CDATA[System.ArgumentException : A null reference or invalid value was found [GDI+ status: InvalidParameter]]]></message>
                  <stack-trace><![CDATA[   在 System.DrawingCore.GDIPlus.CheckStatus(Status status)
   在 System.DrawingCore.Bitmap..ctor(String filename, Boolean useIcm)
   在 MonoTests.System.Drawing.Imaging.GifCodecTest.Bitmap8bitsFeatures(String filename) 位置 C:\ProgramData\Git\zkweb.system.drawing\src\ZKWeb.System.Drawing.Tests\System.Drawing.Imaging\GifCodecTest.cs:行号 77]]></stack-trace>
                </failure>
              </test-case>
              <test-case id="2292" name="Bitmap8bitsPixels_Gif87" fullname="MonoTests.System.Drawing.Imaging.GifCodecTest.Bitmap8bitsPixels_Gif87" methodname="Bitmap8bitsPixels_Gif87" classname="MonoTests.System.Drawing.Imaging.GifCodecTest" runstate="Runnable" seed="747716322" result="Failed" label="Error" start-time="2017-05-02 03:42:21Z" end-time="2017-05-02 03:42:21Z" duration="0.003549" asserts="0">
                <failure>
                  <message><![CDATA[System.ArgumentException : A null reference or invalid value was found [GDI+ status: InvalidParameter]]]></message>
                  <stack-trace><![CDATA[   在 System.DrawingCore.GDIPlus.CheckStatus(Status status)
   在 System.DrawingCore.Bitmap..ctor(String filename, Boolean useIcm)
   在 MonoTests.System.Drawing.Imaging.GifCodecTest.Bitmap8bitsPixels(String filename) 位置 C:\ProgramData\Git\zkweb.system.drawing\src\ZKWeb.System.Drawing.Tests\System.Drawing.Imaging\GifCodecTest.cs:行号 109]]></stack-trace>
                </failure>
              </test-case>
              <test-case id="2291" name="Bitmap8bitsPixels_Gif89" fullname="MonoTests.System.Drawing.Imaging.GifCodecTest.Bitmap8bitsPixels_Gif89" methodname="Bitmap8bitsPixels_Gif89" classname="MonoTests.System.Drawing.Imaging.GifCodecTest" runstate="Runnable" seed="240787732" result="Failed" label="Error" start-time="2017-05-02 03:42:21Z" end-time="2017-05-02 03:42:21Z" duration="0.001056" asserts="0">
                <failure>
                  <message><![CDATA[System.ArgumentException : A null reference or invalid value was found [GDI+ status: InvalidParameter]]]></message>
                  <stack-trace><![CDATA[   在 System.DrawingCore.GDIPlus.CheckStatus(Status status)
   在 System.DrawingCore.Bitmap..ctor(String filename, Boolean useIcm)
   在 MonoTests.System.Drawing.Imaging.GifCodecTest.Bitmap8bitsPixels(String filename) 位置 C:\ProgramData\Git\zkweb.system.drawing\src\ZKWeb.System.Drawing.Tests\System.Drawing.Imaging\GifCodecTest.cs:行号 109]]></stack-trace>
                </failure>
              </test-case>
              <test-case id="2294" name="Interlaced" fullname="MonoTests.System.Drawing.Imaging.GifCodecTest.Interlaced" methodname="Interlaced" classname="MonoTests.System.Drawing.Imaging.GifCodecTest" runstate="Runnable" seed="527942067" result="Failed" label="Error" start-time="2017-05-02 03:42:21Z" end-time="2017-05-02 03:42:21Z" duration="0.002132" asserts="0">
                <failure>
                  <message><![CDATA[System.ArgumentException : A null reference or invalid value was found [GDI+ status: InvalidParameter]]]></message>
                  <stack-trace><![CDATA[   在 System.DrawingCore.GDIPlus.CheckStatus(Status status)
   在 System.DrawingCore.Bitmap..ctor(String filename, Boolean useIcm)
   在 MonoTests.System.Drawing.Imaging.GifCodecTest.Interlaced() 位置 C:\ProgramData\Git\zkweb.system.drawing\src\ZKWeb.System.Drawing.Tests\System.Drawing.Imaging\GifCodecTest.cs:行号 216]]></stack-trace>
                </failure>
              </test-case>
              <test-case id="2295" name="Save_24bppRgb" fullname="MonoTests.System.Drawing.Imaging.GifCodecTest.Save_24bppRgb" methodname="Save_24bppRgb" classname="MonoTests.System.Drawing.Imaging.GifCodecTest" runstate="Runnable" seed="107618172" result="Passed" start-time="2017-05-02 03:42:21Z" end-time="2017-05-02 03:42:21Z" duration="0.007018" asserts="5" />
              <test-case id="2297" name="Save_32bppArgb" fullname="MonoTests.System.Drawing.Imaging.GifCodecTest.Save_32bppArgb" methodname="Save_32bppArgb" classname="MonoTests.System.Drawing.Imaging.GifCodecTest" runstate="Runnable" seed="1695668212" result="Passed" start-time="2017-05-02 03:42:21Z" end-time="2017-05-02 03:42:21Z" duration="0.004930" asserts="5" />
              <test-case id="2298" name="Save_32bppPArgb" fullname="MonoTests.System.Drawing.Imaging.GifCodecTest.Save_32bppPArgb" methodname="Save_32bppPArgb" classname="MonoTests.System.Drawing.Imaging.GifCodecTest" runstate="Runnable" seed="1046954343" result="Passed" start-time="2017-05-02 03:42:21Z" end-time="2017-05-02 03:42:21Z" duration="0.004690" asserts="5" />
              <test-case id="2296" name="Save_32bppRgb" fullname="MonoTests.System.Drawing.Imaging.GifCodecTest.Save_32bppRgb" methodname="Save_32bppRgb" classname="MonoTests.System.Drawing.Imaging.GifCodecTest" runstate="Runnable" seed="1524463585" result="Passed" start-time="2017-05-02 03:42:21Z" end-time="2017-05-02 03:42:21Z" duration="0.004950" asserts="5" />
              <test-case id="2299" name="Save_48bppRgb" fullname="MonoTests.System.Drawing.Imaging.GifCodecTest.Save_48bppRgb" methodname="Save_48bppRgb" classname="MonoTests.System.Drawing.Imaging.GifCodecTest" runstate="Runnable" seed="1364869092" result="Passed" start-time="2017-05-02 03:42:21Z" end-time="2017-05-02 03:42:22Z" duration="0.005174" asserts="5">
                <properties>
                  <property name="Category" value="NotWorking" />
                </properties>
              </test-case>
              <test-case id="2300" name="Save_64bppArgb" fullname="MonoTests.System.Drawing.Imaging.GifCodecTest.Save_64bppArgb" methodname="Save_64bppArgb" classname="MonoTests.System.Drawing.Imaging.GifCodecTest" runstate="Runnable" seed="878031923" result="Passed" start-time="2017-05-02 03:42:22Z" end-time="2017-05-02 03:42:22Z" duration="0.004865" asserts="5">
                <properties>
                  <property name="Category" value="NotWorking" />
                </properties>
              </test-case>
              <test-case id="2301" name="Save_64bppPArgb" fullname="MonoTests.System.Drawing.Imaging.GifCodecTest.Save_64bppPArgb" methodname="Save_64bppPArgb" classname="MonoTests.System.Drawing.Imaging.GifCodecTest" runstate="Runnable" seed="1203357496" result="Passed" start-time="2017-05-02 03:42:22Z" end-time="2017-05-02 03:42:22Z" duration="0.005461" asserts="5">
                <properties>
                  <property name="Category" value="NotWorking" />
                </properties>
              </test-case>
            </test-suite>
            <test-suite type="TestFixture" id="2302" name="IconCodecTest" fullname="MonoTests.System.Drawing.Imaging.IconCodecTest" classname="MonoTests.System.Drawing.Imaging.IconCodecTest" runstate="Runnable" testcasecount="24" result="Failed" site="Child" start-time="2017-05-02 03:42:22Z" end-time="2017-05-02 03:42:22Z" duration="0.276910" total="24" passed="4" failed="20" warnings="0" inconclusive="0" skipped="0" asserts="18">
              <failure>
                <message><![CDATA[One or more child tests had errors]]></message>
              </failure>
              <test-case id="2306" name="Bitmap16Data" fullname="MonoTests.System.Drawing.Imaging.IconCodecTest.Bitmap16Data" methodname="Bitmap16Data" classname="MonoTests.System.Drawing.Imaging.IconCodecTest" runstate="Runnable" seed="787459479" result="Failed" label="Error" start-time="2017-05-02 03:42:22Z" end-time="2017-05-02 03:42:22Z" duration="0.006023" asserts="0">
                <failure>
                  <message><![CDATA[System.ArgumentException : A null reference or invalid value was found [GDI+ status: InvalidParameter]]]></message>
                  <stack-trace><![CDATA[   在 System.DrawingCore.GDIPlus.CheckStatus(Status status)
   在 System.DrawingCore.Bitmap..ctor(String filename, Boolean useIcm)
   在 MonoTests.System.Drawing.Imaging.IconCodecTest.Bitmap16Data() 位置 C:\ProgramData\Git\zkweb.system.drawing\src\ZKWeb.System.Drawing.Tests\System.Drawing.Imaging\IconCodecTest.cs:行号 178]]></stack-trace>
                </failure>
              </test-case>
              <test-case id="2304" name="Bitmap16Features" fullname="MonoTests.System.Drawing.Imaging.IconCodecTest.Bitmap16Features" methodname="Bitmap16Features" classname="MonoTests.System.Drawing.Imaging.IconCodecTest" runstate="Runnable" seed="1765003667" result="Failed" label="Error" start-time="2017-05-02 03:42:22Z" end-time="2017-05-02 03:42:22Z" duration="0.004684" asserts="0">
                <failure>
                  <message><![CDATA[System.ArgumentException : A null reference or invalid value was found [GDI+ status: InvalidParameter]]]></message>
                  <stack-trace><![CDATA[   在 System.DrawingCore.GDIPlus.CheckStatus(Status status)
   在 System.DrawingCore.Bitmap..ctor(String filename, Boolean useIcm)
   在 MonoTests.System.Drawing.Imaging.IconCodecTest.Bitmap16Features() 位置 C:\ProgramData\Git\zkweb.system.drawing\src\ZKWeb.System.Drawing.Tests\System.Drawing.Imaging\IconCodecTest.cs:行号 98]]></stack-trace>
                </failure>
              </test-case>
              <test-case id="2305" name="Bitmap16Pixels" fullname="MonoTests.System.Drawing.Imaging.IconCodecTest.Bitmap16Pixels" methodname="Bitmap16Pixels" classname="MonoTests.System.Drawing.Imaging.IconCodecTest" runstate="Runnable" seed="1908753048" result="Failed" label="Error" start-time="2017-05-02 03:42:22Z" end-time="2017-05-02 03:42:22Z" duration="0.003559" asserts="0">
                <failure>
                  <message><![CDATA[System.ArgumentException : A null reference or invalid value was found [GDI+ status: InvalidParameter]]]></message>
                  <stack-trace><![CDATA[   在 System.DrawingCore.GDIPlus.CheckStatus(Status status)
   在 System.DrawingCore.Bitmap..ctor(String filename, Boolean useIcm)
   在 MonoTests.System.Drawing.Imaging.IconCodecTest.Bitmap16Pixels() 位置 C:\ProgramData\Git\zkweb.system.drawing\src\ZKWeb.System.Drawing.Tests\System.Drawing.Imaging\IconCodecTest.cs:行号 146]]></stack-trace>
                </failure>
              </test-case>
              <test-case id="2309" name="Bitmap32Data" fullname="MonoTests.System.Drawing.Imaging.IconCodecTest.Bitmap32Data" methodname="Bitmap32Data" classname="MonoTests.System.Drawing.Imaging.IconCodecTest" runstate="Runnable" seed="1052547432" result="Failed" label="Error" start-time="2017-05-02 03:42:22Z" end-time="2017-05-02 03:42:22Z" duration="0.006324" asserts="0">
                <failure>
                  <message><![CDATA[System.ArgumentException : A null reference or invalid value was found [GDI+ status: InvalidParameter]]]></message>
                  <stack-trace><![CDATA[   在 System.DrawingCore.GDIPlus.CheckStatus(Status status)
   在 System.DrawingCore.Bitmap..ctor(String filename, Boolean useIcm)
   在 MonoTests.System.Drawing.Imaging.IconCodecTest.Bitmap32Data() 位置 C:\ProgramData\Git\zkweb.system.drawing\src\ZKWeb.System.Drawing.Tests\System.Drawing.Imaging\IconCodecTest.cs:行号 395]]></stack-trace>
                </failure>
              </test-case>
              <test-case id="2307" name="Bitmap32Features" fullname="MonoTests.System.Drawing.Imaging.IconCodecTest.Bitmap32Features" methodname="Bitmap32Features" classname="MonoTests.System.Drawing.Imaging.IconCodecTest" runstate="Runnable" seed="2126337816" result="Failed" label="Error" start-time="2017-05-02 03:42:22Z" end-time="2017-05-02 03:42:22Z" duration="0.005199" asserts="0">
                <failure>
                  <message><![CDATA[System.ArgumentException : A null reference or invalid value was found [GDI+ status: InvalidParameter]]]></message>
                  <stack-trace><![CDATA[   在 System.DrawingCore.GDIPlus.CheckStatus(Status status)
   在 System.DrawingCore.Bitmap..ctor(String filename, Boolean useIcm)
   在 MonoTests.System.Drawing.Imaging.IconCodecTest.Bitmap32Features() 位置 C:\ProgramData\Git\zkweb.system.drawing\src\ZKWeb.System.Drawing.Tests\System.Drawing.Imaging\IconCodecTest.cs:行号 268]]></stack-trace>
                </failure>
              </test-case>
              <test-case id="2308" name="Bitmap32Pixels" fullname="MonoTests.System.Drawing.Imaging.IconCodecTest.Bitmap32Pixels" methodname="Bitmap32Pixels" classname="MonoTests.System.Drawing.Imaging.IconCodecTest" runstate="Runnable" seed="782922533" result="Failed" label="Error" start-time="2017-05-02 03:42:22Z" end-time="2017-05-02 03:42:22Z" duration="0.007882" asserts="0">
                <failure>
                  <message><![CDATA[System.ArgumentException : A null reference or invalid value was found [GDI+ status: InvalidParameter]]]></message>
                  <stack-trace><![CDATA[   在 System.DrawingCore.GDIPlus.CheckStatus(Status status)
   在 System.DrawingCore.Bitmap..ctor(String filename, Boolean useIcm)
   在 MonoTests.System.Drawing.Imaging.IconCodecTest.Bitmap32Pixels() 位置 C:\ProgramData\Git\zkweb.system.drawing\src\ZKWeb.System.Drawing.Tests\System.Drawing.Imaging\IconCodecTest.cs:行号 315]]></stack-trace>
                </failure>
              </test-case>
              <test-case id="2312" name="Bitmap48Data" fullname="MonoTests.System.Drawing.Imaging.IconCodecTest.Bitmap48Data" methodname="Bitmap48Data" classname="MonoTests.System.Drawing.Imaging.IconCodecTest" runstate="Runnable" seed="667754358" result="Failed" label="Error" start-time="2017-05-02 03:42:22Z" end-time="2017-05-02 03:42:22Z" duration="0.007116" asserts="0">
                <failure>
                  <message><![CDATA[System.ArgumentException : A null reference or invalid value was found [GDI+ status: InvalidParameter]]]></message>
                  <stack-trace><![CDATA[   在 System.DrawingCore.GDIPlus.CheckStatus(Status status)
   在 System.DrawingCore.Bitmap..ctor(String filename, Boolean useIcm)
   在 MonoTests.System.Drawing.Imaging.IconCodecTest.Bitmap48Data() 位置 C:\ProgramData\Git\zkweb.system.drawing\src\ZKWeb.System.Drawing.Tests\System.Drawing.Imaging\IconCodecTest.cs:行号 620]]></stack-trace>
                </failure>
              </test-case>
              <test-case id="2310" name="Bitmap48Features" fullname="MonoTests.System.Drawing.Imaging.IconCodecTest.Bitmap48Features" methodname="Bitmap48Features" classname="MonoTests.System.Drawing.Imaging.IconCodecTest" runstate="Runnable" seed="506265948" result="Failed" label="Error" start-time="2017-05-02 03:42:22Z" end-time="2017-05-02 03:42:22Z" duration="0.003622" asserts="0">
                <failure>
                  <message><![CDATA[System.ArgumentException : A null reference or invalid value was found [GDI+ status: InvalidParameter]]]></message>
                  <stack-trace><![CDATA[   在 System.DrawingCore.GDIPlus.CheckStatus(Status status)
   在 System.DrawingCore.Bitmap..ctor(String filename, Boolean useIcm)
   在 MonoTests.System.Drawing.Imaging.IconCodecTest.Bitmap48Features() 位置 C:\ProgramData\Git\zkweb.system.drawing\src\ZKWeb.System.Drawing.Tests\System.Drawing.Imaging\IconCodecTest.cs:行号 494]]></stack-trace>
                </failure>
              </test-case>
              <test-case id="2311" name="Bitmap48Pixels" fullname="MonoTests.System.Drawing.Imaging.IconCodecTest.Bitmap48Pixels" methodname="Bitmap48Pixels" classname="MonoTests.System.Drawing.Imaging.IconCodecTest" runstate="Runnable" seed="801467304" result="Failed" label="Error" start-time="2017-05-02 03:42:22Z" end-time="2017-05-02 03:42:22Z" duration="0.008489" asserts="0">
                <failure>
                  <message><![CDATA[System.ArgumentException : A null reference or invalid value was found [GDI+ status: InvalidParameter]]]></message>
                  <stack-trace><![CDATA[   在 System.DrawingCore.GDIPlus.CheckStatus(Status status)
   在 System.DrawingCore.Bitmap..ctor(String filename, Boolean useIcm)
   在 MonoTests.System.Drawing.Imaging.IconCodecTest.Bitmap48Pixels() 位置 C:\ProgramData\Git\zkweb.system.drawing\src\ZKWeb.System.Drawing.Tests\System.Drawing.Imaging\IconCodecTest.cs:行号 527]]></stack-trace>
                </failure>
              </test-case>
              <test-case id="2315" name="Bitmap64Data" fullname="MonoTests.System.Drawing.Imaging.IconCodecTest.Bitmap64Data" methodname="Bitmap64Data" classname="MonoTests.System.Drawing.Imaging.IconCodecTest" runstate="Runnable" seed="1605867310" result="Failed" label="Error" start-time="2017-05-02 03:42:22Z" end-time="2017-05-02 03:42:22Z" duration="0.010823" asserts="0">
                <failure>
                  <message><![CDATA[System.ArgumentException : A null reference or invalid value was found [GDI+ status: InvalidParameter]]]></message>
                  <stack-trace><![CDATA[   在 System.DrawingCore.GDIPlus.CheckStatus(Status status)
   在 System.DrawingCore.Bitmap..ctor(String filename, Boolean useIcm)
   在 MonoTests.System.Drawing.Imaging.IconCodecTest.Bitmap64Data() 位置 C:\ProgramData\Git\zkweb.system.drawing\src\ZKWeb.System.Drawing.Tests\System.Drawing.Imaging\IconCodecTest.cs:行号 829]]></stack-trace>
                </failure>
              </test-case>
              <test-case id="2313" name="Bitmap64Features" fullname="MonoTests.System.Drawing.Imaging.IconCodecTest.Bitmap64Features" methodname="Bitmap64Features" classname="MonoTests.System.Drawing.Imaging.IconCodecTest" runstate="Runnable" seed="1119264485" result="Failed" label="Error" start-time="2017-05-02 03:42:22Z" end-time="2017-05-02 03:42:22Z" duration="0.004160" asserts="0">
                <failure>
                  <message><![CDATA[System.ArgumentException : A null reference or invalid value was found [GDI+ status: InvalidParameter]]]></message>
                  <stack-trace><![CDATA[   在 System.DrawingCore.GDIPlus.CheckStatus(Status status)
   在 System.DrawingCore.Bitmap..ctor(String filename, Boolean useIcm)
   在 MonoTests.System.Drawing.Imaging.IconCodecTest.Bitmap64Features() 位置 C:\ProgramData\Git\zkweb.system.drawing\src\ZKWeb.System.Drawing.Tests\System.Drawing.Imaging\IconCodecTest.cs:行号 723]]></stack-trace>
                </failure>
              </test-case>
              <test-case id="2314" name="Bitmap64Pixels" fullname="MonoTests.System.Drawing.Imaging.IconCodecTest.Bitmap64Pixels" methodname="Bitmap64Pixels" classname="MonoTests.System.Drawing.Imaging.IconCodecTest" runstate="Runnable" seed="684728992" result="Failed" label="Error" start-time="2017-05-02 03:42:22Z" end-time="2017-05-02 03:42:22Z" duration="0.007145" asserts="0">
                <failure>
                  <message><![CDATA[System.ArgumentException : A null reference or invalid value was found [GDI+ status: InvalidParameter]]]></message>
                  <stack-trace><![CDATA[   在 System.DrawingCore.GDIPlus.CheckStatus(Status status)
   在 System.DrawingCore.Bitmap..ctor(String filename, Boolean useIcm)
   在 MonoTests.System.Drawing.Imaging.IconCodecTest.Bitmap64Pixels() 位置 C:\ProgramData\Git\zkweb.system.drawing\src\ZKWeb.System.Drawing.Tests\System.Drawing.Imaging\IconCodecTest.cs:行号 754]]></stack-trace>
                </failure>
              </test-case>
              <test-case id="2318" name="Bitmap96Data" fullname="MonoTests.System.Drawing.Imaging.IconCodecTest.Bitmap96Data" methodname="Bitmap96Data" classname="MonoTests.System.Drawing.Imaging.IconCodecTest" runstate="Runnable" seed="1649268116" result="Failed" label="Error" start-time="2017-05-02 03:42:22Z" end-time="2017-05-02 03:42:22Z" duration="0.021946" asserts="0">
                <failure>
                  <message><![CDATA[System.ArgumentException : A null reference or invalid value was found [GDI+ status: InvalidParameter]]]></message>
                  <stack-trace><![CDATA[   在 System.DrawingCore.GDIPlus.CheckStatus(Status status)
   在 System.DrawingCore.Bitmap..ctor(String filename, Boolean useIcm)
   在 MonoTests.System.Drawing.Imaging.IconCodecTest.Bitmap96Data() 位置 C:\ProgramData\Git\zkweb.system.drawing\src\ZKWeb.System.Drawing.Tests\System.Drawing.Imaging\IconCodecTest.cs:行号 1609]]></stack-trace>
                </failure>
              </test-case>
              <test-case id="2316" name="Bitmap96Features" fullname="MonoTests.System.Drawing.Imaging.IconCodecTest.Bitmap96Features" methodname="Bitmap96Features" classname="MonoTests.System.Drawing.Imaging.IconCodecTest" runstate="Runnable" seed="104514723" result="Failed" label="Error" start-time="2017-05-02 03:42:22Z" end-time="2017-05-02 03:42:22Z" duration="0.003775" asserts="0">
                <failure>
                  <message><![CDATA[System.ArgumentException : A null reference or invalid value was found [GDI+ status: InvalidParameter]]]></message>
                  <stack-trace><![CDATA[   在 System.DrawingCore.GDIPlus.CheckStatus(Status status)
   在 System.DrawingCore.Bitmap..ctor(String filename, Boolean useIcm)
   在 MonoTests.System.Drawing.Imaging.IconCodecTest.Bitmap96Features() 位置 C:\ProgramData\Git\zkweb.system.drawing\src\ZKWeb.System.Drawing.Tests\System.Drawing.Imaging\IconCodecTest.cs:行号 986]]></stack-trace>
                </failure>
              </test-case>
              <test-case id="2317" name="Bitmap96Pixels" fullname="MonoTests.System.Drawing.Imaging.IconCodecTest.Bitmap96Pixels" methodname="Bitmap96Pixels" classname="MonoTests.System.Drawing.Imaging.IconCodecTest" runstate="Runnable" seed="56193250" result="Failed" label="Error" start-time="2017-05-02 03:42:22Z" end-time="2017-05-02 03:42:22Z" duration="0.063562" asserts="0">
                <failure>
                  <message><![CDATA[System.ArgumentException : A null reference or invalid value was found [GDI+ status: InvalidParameter]]]></message>
                  <stack-trace><![CDATA[   在 System.DrawingCore.GDIPlus.CheckStatus(Status status)
   在 System.DrawingCore.Bitmap..ctor(String filename, Boolean useIcm)
   在 MonoTests.System.Drawing.Imaging.IconCodecTest.Bitmap96Pixels() 位置 C:\ProgramData\Git\zkweb.system.drawing\src\ZKWeb.System.Drawing.Tests\System.Drawing.Imaging\IconCodecTest.cs:行号 1017]]></stack-trace>
                </failure>
              </test-case>
              <test-case id="2303" name="Image16" fullname="MonoTests.System.Drawing.Imaging.IconCodecTest.Image16" methodname="Image16" classname="MonoTests.System.Drawing.Imaging.IconCodecTest" runstate="Runnable" seed="446017000" result="Failed" label="Error" start-time="2017-05-02 03:42:22Z" end-time="2017-05-02 03:42:22Z" duration="0.002191" asserts="0">
                <failure>
                  <message><![CDATA[System.IO.FileNotFoundException : Test/System.Drawing/bitmaps/16x16x16.ico]]></message>
                  <stack-trace><![CDATA[   在 System.DrawingCore.Image.FromFile(String filename, Boolean useEmbeddedColorManagement)
   在 MonoTests.System.Drawing.Imaging.IconCodecTest.Image16() 位置 C:\ProgramData\Git\zkweb.system.drawing\src\ZKWeb.System.Drawing.Tests\System.Drawing.Imaging\IconCodecTest.cs:行号 76]]></stack-trace>
                </failure>
              </test-case>
              <test-case id="2320" name="Save_24bppRgb" fullname="MonoTests.System.Drawing.Imaging.IconCodecTest.Save_24bppRgb" methodname="Save_24bppRgb" classname="MonoTests.System.Drawing.Imaging.IconCodecTest" runstate="Runnable" seed="361679909" result="Passed" start-time="2017-05-02 03:42:22Z" end-time="2017-05-02 03:42:22Z" duration="0.003245" asserts="3" />
              <test-case id="2322" name="Save_32bppArgb" fullname="MonoTests.System.Drawing.Imaging.IconCodecTest.Save_32bppArgb" methodname="Save_32bppArgb" classname="MonoTests.System.Drawing.Imaging.IconCodecTest" runstate="Runnable" seed="703809730" result="Passed" start-time="2017-05-02 03:42:22Z" end-time="2017-05-02 03:42:22Z" duration="0.002042" asserts="3" />
              <test-case id="2323" name="Save_32bppPArgb" fullname="MonoTests.System.Drawing.Imaging.IconCodecTest.Save_32bppPArgb" methodname="Save_32bppPArgb" classname="MonoTests.System.Drawing.Imaging.IconCodecTest" runstate="Runnable" seed="1470813083" result="Passed" start-time="2017-05-02 03:42:22Z" end-time="2017-05-02 03:42:22Z" duration="0.001974" asserts="3" />
              <test-case id="2321" name="Save_32bppRgb" fullname="MonoTests.System.Drawing.Imaging.IconCodecTest.Save_32bppRgb" methodname="Save_32bppRgb" classname="MonoTests.System.Drawing.Imaging.IconCodecTest" runstate="Runnable" seed="1563466281" result="Passed" start-time="2017-05-02 03:42:22Z" end-time="2017-05-02 03:42:22Z" duration="0.002000" asserts="3" />
              <test-case id="2324" name="Save_48bppRgb" fullname="MonoTests.System.Drawing.Imaging.IconCodecTest.Save_48bppRgb" methodname="Save_48bppRgb" classname="MonoTests.System.Drawing.Imaging.IconCodecTest" runstate="Runnable" seed="962295076" result="Failed" start-time="2017-05-02 03:42:22Z" end-time="2017-05-02 03:42:22Z" duration="0.003387" asserts="2">
                <properties>
                  <property name="Category" value="NotWorking" />
                </properties>
                <failure>
                  <message><![CDATA[  PixelFormat
  Expected: Format48bppRgb
  But was:  Format32bppArgb
]]></message>
                  <stack-trace><![CDATA[在 MonoTests.System.Drawing.Imaging.IconCodecTest.Save(PixelFormat original, PixelFormat expected, Boolean colorCheck) 位置 C:\ProgramData\Git\zkweb.system.drawing\src\ZKWeb.System.Drawing.Tests\System.Drawing.Imaging\IconCodecTest.cs:行号 1974
]]></stack-trace>
                </failure>
                <assertions>
                  <assertion result="Failed">
                    <message><![CDATA[  PixelFormat
  Expected: Format48bppRgb
  But was:  Format32bppArgb
]]></message>
                    <stack-trace><![CDATA[在 MonoTests.System.Drawing.Imaging.IconCodecTest.Save(PixelFormat original, PixelFormat expected, Boolean colorCheck) 位置 C:\ProgramData\Git\zkweb.system.drawing\src\ZKWeb.System.Drawing.Tests\System.Drawing.Imaging\IconCodecTest.cs:行号 1974
]]></stack-trace>
                  </assertion>
                </assertions>
              </test-case>
              <test-case id="2325" name="Save_64bppArgb" fullname="MonoTests.System.Drawing.Imaging.IconCodecTest.Save_64bppArgb" methodname="Save_64bppArgb" classname="MonoTests.System.Drawing.Imaging.IconCodecTest" runstate="Runnable" seed="678434695" result="Failed" start-time="2017-05-02 03:42:22Z" end-time="2017-05-02 03:42:22Z" duration="0.003514" asserts="2">
                <properties>
                  <property name="Category" value="NotWorking" />
                </properties>
                <failure>
                  <message><![CDATA[  PixelFormat
  Expected: Format64bppArgb
  But was:  Format32bppArgb
]]></message>
                  <stack-trace><![CDATA[在 MonoTests.System.Drawing.Imaging.IconCodecTest.Save(PixelFormat original, PixelFormat expected, Boolean colorCheck) 位置 C:\ProgramData\Git\zkweb.system.drawing\src\ZKWeb.System.Drawing.Tests\System.Drawing.Imaging\IconCodecTest.cs:行号 1974
]]></stack-trace>
                </failure>
                <assertions>
                  <assertion result="Failed">
                    <message><![CDATA[  PixelFormat
  Expected: Format64bppArgb
  But was:  Format32bppArgb
]]></message>
                    <stack-trace><![CDATA[在 MonoTests.System.Drawing.Imaging.IconCodecTest.Save(PixelFormat original, PixelFormat expected, Boolean colorCheck) 位置 C:\ProgramData\Git\zkweb.system.drawing\src\ZKWeb.System.Drawing.Tests\System.Drawing.Imaging\IconCodecTest.cs:行号 1974
]]></stack-trace>
                  </assertion>
                </assertions>
              </test-case>
              <test-case id="2326" name="Save_64bppPArgb" fullname="MonoTests.System.Drawing.Imaging.IconCodecTest.Save_64bppPArgb" methodname="Save_64bppPArgb" classname="MonoTests.System.Drawing.Imaging.IconCodecTest" runstate="Runnable" seed="445450739" result="Failed" start-time="2017-05-02 03:42:22Z" end-time="2017-05-02 03:42:22Z" duration="0.003668" asserts="2">
                <properties>
                  <property name="Category" value="NotWorking" />
                </properties>
                <failure>
                  <message><![CDATA[  PixelFormat
  Expected: Format64bppArgb
  But was:  Format32bppArgb
]]></message>
                  <stack-trace><![CDATA[在 MonoTests.System.Drawing.Imaging.IconCodecTest.Save(PixelFormat original, PixelFormat expected, Boolean colorCheck) 位置 C:\ProgramData\Git\zkweb.system.drawing\src\ZKWeb.System.Drawing.Tests\System.Drawing.Imaging\IconCodecTest.cs:行号 1974
]]></stack-trace>
                </failure>
                <assertions>
                  <assertion result="Failed">
                    <message><![CDATA[  PixelFormat
  Expected: Format64bppArgb
  But was:  Format32bppArgb
]]></message>
                    <stack-trace><![CDATA[在 MonoTests.System.Drawing.Imaging.IconCodecTest.Save(PixelFormat original, PixelFormat expected, Boolean colorCheck) 位置 C:\ProgramData\Git\zkweb.system.drawing\src\ZKWeb.System.Drawing.Tests\System.Drawing.Imaging\IconCodecTest.cs:行号 1974
]]></stack-trace>
                  </assertion>
                </assertions>
              </test-case>
              <test-case id="2319" name="Xp32bppIconFeatures" fullname="MonoTests.System.Drawing.Imaging.IconCodecTest.Xp32bppIconFeatures" methodname="Xp32bppIconFeatures" classname="MonoTests.System.Drawing.Imaging.IconCodecTest" runstate="Runnable" seed="55068067" result="Failed" label="Error" start-time="2017-05-02 03:42:22Z" end-time="2017-05-02 03:42:22Z" duration="0.003761" asserts="0">
                <failure>
                  <message><![CDATA[System.ArgumentException : A null reference or invalid value was found [GDI+ status: InvalidParameter]]]></message>
                  <stack-trace><![CDATA[   在 System.DrawingCore.GDIPlus.CheckStatus(Status status)
   在 System.DrawingCore.Bitmap..ctor(String filename, Boolean useIcm)
   在 MonoTests.System.Drawing.Imaging.IconCodecTest.Xp32bppIconFeatures() 位置 C:\ProgramData\Git\zkweb.system.drawing\src\ZKWeb.System.Drawing.Tests\System.Drawing.Imaging\IconCodecTest.cs:行号 1924]]></stack-trace>
                </failure>
              </test-case>
            </test-suite>
            <test-suite type="TestFixture" id="2419" name="ImageAttributesTest" fullname="MonoTests.System.Drawing.Imaging.ImageAttributesTest" classname="MonoTests.System.Drawing.Imaging.ImageAttributesTest" runstate="Runnable" testcasecount="30" result="Failed" site="Child" start-time="2017-05-02 03:42:22Z" end-time="2017-05-02 03:42:22Z" duration="0.156593" total="30" passed="29" failed="1" warnings="0" inconclusive="0" skipped="0" asserts="41">
              <failure>
                <message><![CDATA[One or more child tests had errors]]></message>
              </failure>
              <test-case id="2422" name="ColorMatrix_80323_UsingAlpha" fullname="MonoTests.System.Drawing.Imaging.ImageAttributesTest.ColorMatrix_80323_UsingAlpha" methodname="ColorMatrix_80323_UsingAlpha" classname="MonoTests.System.Drawing.Imaging.ImageAttributesTest" runstate="Runnable" seed="1601030308" result="Passed" start-time="2017-05-02 03:42:22Z" end-time="2017-05-02 03:42:22Z" duration="0.005516" asserts="2" />
              <test-case id="2423" name="ColorMatrix_80323_WithoutAlpha" fullname="MonoTests.System.Drawing.Imaging.ImageAttributesTest.ColorMatrix_80323_WithoutAlpha" methodname="ColorMatrix_80323_WithoutAlpha" classname="MonoTests.System.Drawing.Imaging.ImageAttributesTest" runstate="Runnable" seed="176162745" result="Passed" start-time="2017-05-02 03:42:22Z" end-time="2017-05-02 03:42:22Z" duration="0.002374" asserts="2" />
              <test-case id="2420" name="ColorMatrix1" fullname="MonoTests.System.Drawing.Imaging.ImageAttributesTest.ColorMatrix1" methodname="ColorMatrix1" classname="MonoTests.System.Drawing.Imaging.ImageAttributesTest" runstate="Runnable" seed="124076226" result="Passed" start-time="2017-05-02 03:42:22Z" end-time="2017-05-02 03:42:22Z" duration="0.002181" asserts="1" />
              <test-case id="2421" name="ColorMatrix2" fullname="MonoTests.System.Drawing.Imaging.ImageAttributesTest.ColorMatrix2" methodname="ColorMatrix2" classname="MonoTests.System.Drawing.Imaging.ImageAttributesTest" runstate="Runnable" seed="1773513174" result="Passed" start-time="2017-05-02 03:42:22Z" end-time="2017-05-02 03:42:22Z" duration="0.001607" asserts="1" />
              <test-case id="2449" name="ColorMatrixAlpha" fullname="MonoTests.System.Drawing.Imaging.ImageAttributesTest.ColorMatrixAlpha" methodname="ColorMatrixAlpha" classname="MonoTests.System.Drawing.Imaging.ImageAttributesTest" runstate="Runnable" seed="1069867261" result="Failed" start-time="2017-05-02 03:42:22Z" end-time="2017-05-02 03:42:22Z" duration="0.003236" asserts="10">
                <failure>
                  <message><![CDATA[  big-0-0,1
  Expected: Color [A=255, R=255, G=255, B=255]
  But was:  Color [A=255, R=255, G=0, B=0]
]]></message>
                  <stack-trace><![CDATA[在 MonoTests.System.Drawing.Imaging.ImageAttributesTest.Alpha(String prefix, Int32 n, Single a) 位置 C:\ProgramData\Git\zkweb.system.drawing\src\ZKWeb.System.Drawing.Tests\System.Drawing.Imaging\TestImageAttributes.cs:行号 461
在 MonoTests.System.Drawing.Imaging.ImageAttributesTest.ColorMatrixAlpha() 位置 C:\ProgramData\Git\zkweb.system.drawing\src\ZKWeb.System.Drawing.Tests\System.Drawing.Imaging\TestImageAttributes.cs:行号 473
]]></stack-trace>
                </failure>
                <assertions>
                  <assertion result="Failed">
                    <message><![CDATA[  big-0-0,1
  Expected: Color [A=255, R=255, G=255, B=255]
  But was:  Color [A=255, R=255, G=0, B=0]
]]></message>
                    <stack-trace><![CDATA[在 MonoTests.System.Drawing.Imaging.ImageAttributesTest.Alpha(String prefix, Int32 n, Single a) 位置 C:\ProgramData\Git\zkweb.system.drawing\src\ZKWeb.System.Drawing.Tests\System.Drawing.Imaging\TestImageAttributes.cs:行号 461
在 MonoTests.System.Drawing.Imaging.ImageAttributesTest.ColorMatrixAlpha() 位置 C:\ProgramData\Git\zkweb.system.drawing\src\ZKWeb.System.Drawing.Tests\System.Drawing.Imaging\TestImageAttributes.cs:行号 473
]]></stack-trace>
                  </assertion>
                </assertions>
              </test-case>
              <test-case id="2446" name="SetColorMatrices_Color" fullname="MonoTests.System.Drawing.Imaging.ImageAttributesTest.SetColorMatrices_Color" methodname="SetColorMatrices_Color" classname="MonoTests.System.Drawing.Imaging.ImageAttributesTest" runstate="Runnable" seed="1899325263" result="Passed" start-time="2017-05-02 03:42:22Z" end-time="2017-05-02 03:42:22Z" duration="0.002508" asserts="3" />
              <test-case id="2444" name="SetColorMatrices_ColorMatrix_ColorMatrix" fullname="MonoTests.System.Drawing.Imaging.ImageAttributesTest.SetColorMatrices_ColorMatrix_ColorMatrix" methodname="SetColorMatrices_ColorMatrix_ColorMatrix" classname="MonoTests.System.Drawing.Imaging.ImageAttributesTest" runstate="Runnable" seed="477645978" result="Passed" start-time="2017-05-02 03:42:22Z" end-time="2017-05-02 03:42:22Z" duration="0.000421" asserts="0" />
              <test-case id="2442" name="SetColorMatrices_ColorMatrix_Null" fullname="MonoTests.System.Drawing.Imaging.ImageAttributesTest.SetColorMatrices_ColorMatrix_Null" methodname="SetColorMatrices_ColorMatrix_Null" classname="MonoTests.System.Drawing.Imaging.ImageAttributesTest" runstate="Runnable" seed="212951574" result="Passed" start-time="2017-05-02 03:42:22Z" end-time="2017-05-02 03:42:22Z" duration="0.000551" asserts="0" />
              <test-case id="2443" name="SetColorMatrices_ColorMatrix_Null_AltGrays" fullname="MonoTests.System.Drawing.Imaging.ImageAttributesTest.SetColorMatrices_ColorMatrix_Null_AltGrays" methodname="SetColorMatrices_ColorMatrix_Null_AltGrays" classname="MonoTests.System.Drawing.Imaging.ImageAttributesTest" runstate="Runnable" seed="757968726" result="Passed" start-time="2017-05-02 03:42:22Z" end-time="2017-05-02 03:42:22Z" duration="0.001460" asserts="1" />
              <test-case id="2445" name="SetColorMatrices_Gray" fullname="MonoTests.System.Drawing.Imaging.ImageAttributesTest.SetColorMatrices_Gray" methodname="SetColorMatrices_Gray" classname="MonoTests.System.Drawing.Imaging.ImageAttributesTest" runstate="Runnable" seed="1622960505" result="Passed" start-time="2017-05-02 03:42:22Z" end-time="2017-05-02 03:42:22Z" duration="0.001347" asserts="3" />
              <test-case id="2447" name="SetColorMatrices_InvalidFlags" fullname="MonoTests.System.Drawing.Imaging.ImageAttributesTest.SetColorMatrices_InvalidFlags" methodname="SetColorMatrices_InvalidFlags" classname="MonoTests.System.Drawing.Imaging.ImageAttributesTest" runstate="Runnable" seed="885919647" result="Passed" start-time="2017-05-02 03:42:22Z" end-time="2017-05-02 03:42:22Z" duration="0.001007" asserts="1" />
              <test-case id="2448" name="SetColorMatrices_InvalidType" fullname="MonoTests.System.Drawing.Imaging.ImageAttributesTest.SetColorMatrices_InvalidType" methodname="SetColorMatrices_InvalidType" classname="MonoTests.System.Drawing.Imaging.ImageAttributesTest" runstate="Runnable" seed="1302785833" result="Passed" start-time="2017-05-02 03:42:22Z" end-time="2017-05-02 03:42:22Z" duration="0.000951" asserts="1" />
              <test-case id="2441" name="SetColorMatrices_Null_ColorMatrix" fullname="MonoTests.System.Drawing.Imaging.ImageAttributesTest.SetColorMatrices_Null_ColorMatrix" methodname="SetColorMatrices_Null_ColorMatrix" classname="MonoTests.System.Drawing.Imaging.ImageAttributesTest" runstate="Runnable" seed="1818034551" result="Passed" start-time="2017-05-02 03:42:22Z" end-time="2017-05-02 03:42:22Z" duration="0.001067" asserts="1" />
              <test-case id="2428" name="SetColorMatrix_AltGrays" fullname="MonoTests.System.Drawing.Imaging.ImageAttributesTest.SetColorMatrix_AltGrays" methodname="SetColorMatrix_AltGrays" classname="MonoTests.System.Drawing.Imaging.ImageAttributesTest" runstate="Runnable" seed="1322568229" result="Passed" start-time="2017-05-02 03:42:22Z" end-time="2017-05-02 03:42:22Z" duration="0.001011" asserts="1" />
              <test-case id="2429" name="SetColorMatrix_AltGrays_Any" fullname="MonoTests.System.Drawing.Imaging.ImageAttributesTest.SetColorMatrix_AltGrays_Any" methodname="SetColorMatrix_AltGrays_Any" classname="MonoTests.System.Drawing.Imaging.ImageAttributesTest" runstate="Runnable" seed="1995970285" result="Passed" start-time="2017-05-02 03:42:22Z" end-time="2017-05-02 03:42:22Z" duration="0.001177" asserts="1" />
              <test-case id="2430" name="SetColorMatrix_AltGrays_Bitmap" fullname="MonoTests.System.Drawing.Imaging.ImageAttributesTest.SetColorMatrix_AltGrays_Bitmap" methodname="SetColorMatrix_AltGrays_Bitmap" classname="MonoTests.System.Drawing.Imaging.ImageAttributesTest" runstate="Runnable" seed="393214696" result="Passed" start-time="2017-05-02 03:42:22Z" end-time="2017-05-02 03:42:22Z" duration="0.000924" asserts="1" />
              <test-case id="2431" name="SetColorMatrix_AltGrays_Brush" fullname="MonoTests.System.Drawing.Imaging.ImageAttributesTest.SetColorMatrix_AltGrays_Brush" methodname="SetColorMatrix_AltGrays_Brush" classname="MonoTests.System.Drawing.Imaging.ImageAttributesTest" runstate="Runnable" seed="142693701" result="Passed" start-time="2017-05-02 03:42:22Z" end-time="2017-05-02 03:42:22Z" duration="0.001056" asserts="1" />
              <test-case id="2432" name="SetColorMatrix_AltGrays_Count" fullname="MonoTests.System.Drawing.Imaging.ImageAttributesTest.SetColorMatrix_AltGrays_Count" methodname="SetColorMatrix_AltGrays_Count" classname="MonoTests.System.Drawing.Imaging.ImageAttributesTest" runstate="Runnable" seed="1308288522" result="Passed" start-time="2017-05-02 03:42:22Z" end-time="2017-05-02 03:42:22Z" duration="0.000952" asserts="1" />
              <test-case id="2433" name="SetColorMatrix_AltGrays_Default" fullname="MonoTests.System.Drawing.Imaging.ImageAttributesTest.SetColorMatrix_AltGrays_Default" methodname="SetColorMatrix_AltGrays_Default" classname="MonoTests.System.Drawing.Imaging.ImageAttributesTest" runstate="Runnable" seed="1442155917" result="Passed" start-time="2017-05-02 03:42:22Z" end-time="2017-05-02 03:42:22Z" duration="0.001355" asserts="1" />
              <test-case id="2434" name="SetColorMatrix_AltGrays_Pen" fullname="MonoTests.System.Drawing.Imaging.ImageAttributesTest.SetColorMatrix_AltGrays_Pen" methodname="SetColorMatrix_AltGrays_Pen" classname="MonoTests.System.Drawing.Imaging.ImageAttributesTest" runstate="Runnable" seed="1860377175" result="Passed" start-time="2017-05-02 03:42:22Z" end-time="2017-05-02 03:42:22Z" duration="0.000936" asserts="1" />
              <test-case id="2435" name="SetColorMatrix_AltGrays_Text" fullname="MonoTests.System.Drawing.Imaging.ImageAttributesTest.SetColorMatrix_AltGrays_Text" methodname="SetColorMatrix_AltGrays_Text" classname="MonoTests.System.Drawing.Imaging.ImageAttributesTest" runstate="Runnable" seed="1849772936" result="Passed" start-time="2017-05-02 03:42:22Z" end-time="2017-05-02 03:42:22Z" duration="0.000947" asserts="1" />
              <test-case id="2425" name="SetColorMatrix_Default" fullname="MonoTests.System.Drawing.Imaging.ImageAttributesTest.SetColorMatrix_Default" methodname="SetColorMatrix_Default" classname="MonoTests.System.Drawing.Imaging.ImageAttributesTest" runstate="Runnable" seed="1120087491" result="Passed" start-time="2017-05-02 03:42:22Z" end-time="2017-05-02 03:42:22Z" duration="0.000507" asserts="0" />
              <test-case id="2426" name="SetColorMatrix_Default_Any" fullname="MonoTests.System.Drawing.Imaging.ImageAttributesTest.SetColorMatrix_Default_Any" methodname="SetColorMatrix_Default_Any" classname="MonoTests.System.Drawing.Imaging.ImageAttributesTest" runstate="Runnable" seed="1917720701" result="Passed" start-time="2017-05-02 03:42:22Z" end-time="2017-05-02 03:42:22Z" duration="0.000928" asserts="1" />
              <test-case id="2427" name="SetColorMatrix_Default_Count" fullname="MonoTests.System.Drawing.Imaging.ImageAttributesTest.SetColorMatrix_Default_Count" methodname="SetColorMatrix_Default_Count" classname="MonoTests.System.Drawing.Imaging.ImageAttributesTest" runstate="Runnable" seed="32057939" result="Passed" start-time="2017-05-02 03:42:22Z" end-time="2017-05-02 03:42:22Z" duration="0.000918" asserts="1" />
              <test-case id="2439" name="SetColorMatrix_InvalidFlag" fullname="MonoTests.System.Drawing.Imaging.ImageAttributesTest.SetColorMatrix_InvalidFlag" methodname="SetColorMatrix_InvalidFlag" classname="MonoTests.System.Drawing.Imaging.ImageAttributesTest" runstate="Runnable" seed="1769058859" result="Passed" start-time="2017-05-02 03:42:22Z" end-time="2017-05-02 03:42:22Z" duration="0.000947" asserts="1" />
              <test-case id="2440" name="SetColorMatrix_InvalidType" fullname="MonoTests.System.Drawing.Imaging.ImageAttributesTest.SetColorMatrix_InvalidType" methodname="SetColorMatrix_InvalidType" classname="MonoTests.System.Drawing.Imaging.ImageAttributesTest" runstate="Runnable" seed="258882218" result="Passed" start-time="2017-05-02 03:42:22Z" end-time="2017-05-02 03:42:22Z" duration="0.000918" asserts="1" />
              <test-case id="2424" name="SetColorMatrix_Null" fullname="MonoTests.System.Drawing.Imaging.ImageAttributesTest.SetColorMatrix_Null" methodname="SetColorMatrix_Null" classname="MonoTests.System.Drawing.Imaging.ImageAttributesTest" runstate="Runnable" seed="1516825096" result="Passed" start-time="2017-05-02 03:42:22Z" end-time="2017-05-02 03:42:22Z" duration="0.000931" asserts="1" />
              <test-case id="2436" name="SetColorMatrix_SkipGrays" fullname="MonoTests.System.Drawing.Imaging.ImageAttributesTest.SetColorMatrix_SkipGrays" methodname="SetColorMatrix_SkipGrays" classname="MonoTests.System.Drawing.Imaging.ImageAttributesTest" runstate="Runnable" seed="1689086827" result="Passed" start-time="2017-05-02 03:42:22Z" end-time="2017-05-02 03:42:22Z" duration="0.000545" asserts="0" />
              <test-case id="2437" name="SetColorMatrix_SkipGrays_Any" fullname="MonoTests.System.Drawing.Imaging.ImageAttributesTest.SetColorMatrix_SkipGrays_Any" methodname="SetColorMatrix_SkipGrays_Any" classname="MonoTests.System.Drawing.Imaging.ImageAttributesTest" runstate="Runnable" seed="264654932" result="Passed" start-time="2017-05-02 03:42:22Z" end-time="2017-05-02 03:42:22Z" duration="0.000930" asserts="1" />
              <test-case id="2438" name="SetColorMatrix_SkipGrays_Count" fullname="MonoTests.System.Drawing.Imaging.ImageAttributesTest.SetColorMatrix_SkipGrays_Count" methodname="SetColorMatrix_SkipGrays_Count" classname="MonoTests.System.Drawing.Imaging.ImageAttributesTest" runstate="Runnable" seed="1347405643" result="Passed" start-time="2017-05-02 03:42:22Z" end-time="2017-05-02 03:42:22Z" duration="0.000824" asserts="1" />
            </test-suite>
            <test-suite type="TestFixture" id="2450" name="ImageCodecInfoTest" fullname="MonoTests.System.Drawing.Imaging.ImageCodecInfoTest" classname="MonoTests.System.Drawing.Imaging.ImageCodecInfoTest" runstate="Runnable" testcasecount="13" result="Passed" start-time="2017-05-02 03:42:22Z" end-time="2017-05-02 03:42:22Z" duration="0.060049" total="13" passed="13" failed="0" warnings="0" inconclusive="0" skipped="0" asserts="156">
              <test-case id="2453" name="BMPCodec" fullname="MonoTests.System.Drawing.Imaging.ImageCodecInfoTest.BMPCodec" methodname="BMPCodec" classname="MonoTests.System.Drawing.Imaging.ImageCodecInfoTest" runstate="Runnable" seed="1359828741" result="Passed" start-time="2017-05-02 03:42:22Z" end-time="2017-05-02 03:42:22Z" duration="0.004757" asserts="22" />
              <test-case id="2451" name="Decoders" fullname="MonoTests.System.Drawing.Imaging.ImageCodecInfoTest.Decoders" methodname="Decoders" classname="MonoTests.System.Drawing.Imaging.ImageCodecInfoTest" runstate="Runnable" seed="2023289584" result="Passed" start-time="2017-05-02 03:42:22Z" end-time="2017-05-02 03:42:22Z" duration="0.001112" asserts="1" />
              <test-case id="2461" name="EmfCodec_Decoder" fullname="MonoTests.System.Drawing.Imaging.ImageCodecInfoTest.EmfCodec_Decoder" methodname="EmfCodec_Decoder" classname="MonoTests.System.Drawing.Imaging.ImageCodecInfoTest" runstate="Runnable" seed="1102728579" result="Passed" start-time="2017-05-02 03:42:22Z" end-time="2017-05-02 03:42:22Z" duration="0.000486" asserts="11" />
              <test-case id="2460" name="EmfCodec_Encoder" fullname="MonoTests.System.Drawing.Imaging.ImageCodecInfoTest.EmfCodec_Encoder" methodname="EmfCodec_Encoder" classname="MonoTests.System.Drawing.Imaging.ImageCodecInfoTest" runstate="Runnable" seed="1754531633" result="Passed" start-time="2017-05-02 03:42:22Z" end-time="2017-05-02 03:42:22Z" duration="0.000419" asserts="1" />
              <test-case id="2452" name="Encoders" fullname="MonoTests.System.Drawing.Imaging.ImageCodecInfoTest.Encoders" methodname="Encoders" classname="MonoTests.System.Drawing.Imaging.ImageCodecInfoTest" runstate="Runnable" seed="681174184" result="Passed" start-time="2017-05-02 03:42:22Z" end-time="2017-05-02 03:42:22Z" duration="0.000993" asserts="1" />
              <test-case id="2454" name="GifCodec" fullname="MonoTests.System.Drawing.Imaging.ImageCodecInfoTest.GifCodec" methodname="GifCodec" classname="MonoTests.System.Drawing.Imaging.ImageCodecInfoTest" runstate="Runnable" seed="1603575490" result="Passed" start-time="2017-05-02 03:42:22Z" end-time="2017-05-02 03:42:22Z" duration="0.000517" asserts="26" />
              <test-case id="2459" name="IconCodec_Decoder" fullname="MonoTests.System.Drawing.Imaging.ImageCodecInfoTest.IconCodec_Decoder" methodname="IconCodec_Decoder" classname="MonoTests.System.Drawing.Imaging.ImageCodecInfoTest" runstate="Runnable" seed="1092370119" result="Passed" start-time="2017-05-02 03:42:22Z" end-time="2017-05-02 03:42:22Z" duration="0.000483" asserts="11" />
              <test-case id="2458" name="IconCodec_Encoder" fullname="MonoTests.System.Drawing.Imaging.ImageCodecInfoTest.IconCodec_Encoder" methodname="IconCodec_Encoder" classname="MonoTests.System.Drawing.Imaging.ImageCodecInfoTest" runstate="Runnable" seed="1879697641" result="Passed" start-time="2017-05-02 03:42:22Z" end-time="2017-05-02 03:42:22Z" duration="0.000410" asserts="1" />
              <test-case id="2455" name="JpegCodec" fullname="MonoTests.System.Drawing.Imaging.ImageCodecInfoTest.JpegCodec" methodname="JpegCodec" classname="MonoTests.System.Drawing.Imaging.ImageCodecInfoTest" runstate="Runnable" seed="322142301" result="Passed" start-time="2017-05-02 03:42:22Z" end-time="2017-05-02 03:42:22Z" duration="0.000525" asserts="22" />
              <test-case id="2456" name="PngCodec" fullname="MonoTests.System.Drawing.Imaging.ImageCodecInfoTest.PngCodec" methodname="PngCodec" classname="MonoTests.System.Drawing.Imaging.ImageCodecInfoTest" runstate="Runnable" seed="126886901" result="Passed" start-time="2017-05-02 03:42:22Z" end-time="2017-05-02 03:42:22Z" duration="0.000383" asserts="22" />
              <test-case id="2457" name="TiffCodec" fullname="MonoTests.System.Drawing.Imaging.ImageCodecInfoTest.TiffCodec" methodname="TiffCodec" classname="MonoTests.System.Drawing.Imaging.ImageCodecInfoTest" runstate="Runnable" seed="1983698696" result="Passed" start-time="2017-05-02 03:42:22Z" end-time="2017-05-02 03:42:22Z" duration="0.000409" asserts="26" />
              <test-case id="2463" name="WmfCodec_Decoder" fullname="MonoTests.System.Drawing.Imaging.ImageCodecInfoTest.WmfCodec_Decoder" methodname="WmfCodec_Decoder" classname="MonoTests.System.Drawing.Imaging.ImageCodecInfoTest" runstate="Runnable" seed="1208239404" result="Passed" start-time="2017-05-02 03:42:22Z" end-time="2017-05-02 03:42:22Z" duration="0.000328" asserts="11" />
              <test-case id="2462" name="WmfCodec_Encoder" fullname="MonoTests.System.Drawing.Imaging.ImageCodecInfoTest.WmfCodec_Encoder" methodname="WmfCodec_Encoder" classname="MonoTests.System.Drawing.Imaging.ImageCodecInfoTest" runstate="Runnable" seed="1339613114" result="Passed" start-time="2017-05-02 03:42:22Z" end-time="2017-05-02 03:42:22Z" duration="0.000642" asserts="1" />
            </test-suite>
            <test-suite type="TestFixture" id="2464" name="ImageFormatTest" fullname="MonoTests.System.Drawing.Imaging.ImageFormatTest" classname="MonoTests.System.Drawing.Imaging.ImageFormatTest" runstate="Runnable" testcasecount="5" result="Passed" start-time="2017-05-02 03:42:22Z" end-time="2017-05-02 03:42:22Z" duration="0.025115" total="5" passed="5" failed="0" warnings="0" inconclusive="0" skipped="0" asserts="56">
              <test-case id="2465" name="DefaultImageFormats" fullname="MonoTests.System.Drawing.Imaging.ImageFormatTest.DefaultImageFormats" methodname="DefaultImageFormats" classname="MonoTests.System.Drawing.Imaging.ImageFormatTest" runstate="Runnable" seed="1136088537" result="Passed" start-time="2017-05-02 03:42:22Z" end-time="2017-05-02 03:42:22Z" duration="0.002075" asserts="10" />
              <test-case id="2468" name="TestEquals" fullname="MonoTests.System.Drawing.Imaging.ImageFormatTest.TestEquals" methodname="TestEquals" classname="MonoTests.System.Drawing.Imaging.ImageFormatTest" runstate="Runnable" seed="272614688" result="Passed" start-time="2017-05-02 03:42:22Z" end-time="2017-05-02 03:42:22Z" duration="0.001340" asserts="14" />
              <test-case id="2469" name="TestGetHashCode" fullname="MonoTests.System.Drawing.Imaging.ImageFormatTest.TestGetHashCode" methodname="TestGetHashCode" classname="MonoTests.System.Drawing.Imaging.ImageFormatTest" runstate="Runnable" seed="1359669764" result="Passed" start-time="2017-05-02 03:42:22Z" end-time="2017-05-02 03:42:22Z" duration="0.001707" asserts="11" />
              <test-case id="2466" name="ToStringTest" fullname="MonoTests.System.Drawing.Imaging.ImageFormatTest.ToStringTest" methodname="ToStringTest" classname="MonoTests.System.Drawing.Imaging.ImageFormatTest" runstate="Runnable" seed="304973357" result="Passed" start-time="2017-05-02 03:42:22Z" end-time="2017-05-02 03:42:22Z" duration="0.001024" asserts="11" />
              <test-case id="2467" name="WellKnown_ToString" fullname="MonoTests.System.Drawing.Imaging.ImageFormatTest.WellKnown_ToString" methodname="WellKnown_ToString" classname="MonoTests.System.Drawing.Imaging.ImageFormatTest" runstate="Runnable" seed="1409065429" result="Passed" start-time="2017-05-02 03:42:22Z" end-time="2017-05-02 03:42:22Z" duration="0.000901" asserts="10" />
            </test-suite>
            <test-suite type="TestFixture" id="2470" name="JpegCodecTest" fullname="MonoTests.System.Drawing.Imaging.JpegCodecTest" classname="MonoTests.System.Drawing.Imaging.JpegCodecTest" runstate="Runnable" testcasecount="13" result="Failed" site="Child" start-time="2017-05-02 03:42:22Z" end-time="2017-05-02 03:42:22Z" duration="0.101300" total="13" passed="0" failed="13" warnings="0" inconclusive="0" skipped="0" asserts="14">
              <failure>
                <message><![CDATA[One or more child tests had errors]]></message>
              </failure>
              <test-case id="2476" name="Bitmap24bitData" fullname="MonoTests.System.Drawing.Imaging.JpegCodecTest.Bitmap24bitData" methodname="Bitmap24bitData" classname="MonoTests.System.Drawing.Imaging.JpegCodecTest" runstate="Runnable" seed="727781171" result="Failed" label="Error" start-time="2017-05-02 03:42:22Z" end-time="2017-05-02 03:42:22Z" duration="0.008672" asserts="0">
                <failure>
                  <message><![CDATA[System.ArgumentException : A null reference or invalid value was found [GDI+ status: InvalidParameter]]]></message>
                  <stack-trace><![CDATA[   在 System.DrawingCore.GDIPlus.CheckStatus(Status status)
   在 System.DrawingCore.Bitmap..ctor(String filename, Boolean useIcm)
   在 MonoTests.System.Drawing.Imaging.JpegCodecTest.Bitmap24bitData() 位置 C:\ProgramData\Git\zkweb.system.drawing\src\ZKWeb.System.Drawing.Tests\System.Drawing.Imaging\TestJpegCodec.cs:行号 278]]></stack-trace>
                </failure>
              </test-case>
              <test-case id="2474" name="Bitmap24bitFeatures" fullname="MonoTests.System.Drawing.Imaging.JpegCodecTest.Bitmap24bitFeatures" methodname="Bitmap24bitFeatures" classname="MonoTests.System.Drawing.Imaging.JpegCodecTest" runstate="Runnable" seed="908671715" result="Failed" label="Error" start-time="2017-05-02 03:42:22Z" end-time="2017-05-02 03:42:22Z" duration="0.002958" asserts="0">
                <failure>
                  <message><![CDATA[System.ArgumentException : A null reference or invalid value was found [GDI+ status: InvalidParameter]]]></message>
                  <stack-trace><![CDATA[   在 System.DrawingCore.GDIPlus.CheckStatus(Status status)
   在 System.DrawingCore.Bitmap..ctor(String filename, Boolean useIcm)
   在 MonoTests.System.Drawing.Imaging.JpegCodecTest.Bitmap24bitFeatures() 位置 C:\ProgramData\Git\zkweb.system.drawing\src\ZKWeb.System.Drawing.Tests\System.Drawing.Imaging\TestJpegCodec.cs:行号 213]]></stack-trace>
                </failure>
              </test-case>
              <test-case id="2475" name="Bitmap24bitPixels" fullname="MonoTests.System.Drawing.Imaging.JpegCodecTest.Bitmap24bitPixels" methodname="Bitmap24bitPixels" classname="MonoTests.System.Drawing.Imaging.JpegCodecTest" runstate="Runnable" seed="1659581678" result="Failed" label="Error" start-time="2017-05-02 03:42:22Z" end-time="2017-05-02 03:42:22Z" duration="0.005340" asserts="0">
                <failure>
                  <message><![CDATA[System.ArgumentException : A null reference or invalid value was found [GDI+ status: InvalidParameter]]]></message>
                  <stack-trace><![CDATA[   在 System.DrawingCore.GDIPlus.CheckStatus(Status status)
   在 System.DrawingCore.Bitmap..ctor(String filename, Boolean useIcm)
   在 MonoTests.System.Drawing.Imaging.JpegCodecTest.Bitmap24bitPixels() 位置 C:\ProgramData\Git\zkweb.system.drawing\src\ZKWeb.System.Drawing.Tests\System.Drawing.Imaging\TestJpegCodec.cs:行号 246]]></stack-trace>
                </failure>
              </test-case>
              <test-case id="2473" name="Bitmap8bbpIndexedGreyscaleData" fullname="MonoTests.System.Drawing.Imaging.JpegCodecTest.Bitmap8bbpIndexedGreyscaleData" methodname="Bitmap8bbpIndexedGreyscaleData" classname="MonoTests.System.Drawing.Imaging.JpegCodecTest" runstate="Runnable" seed="1736990428" result="Failed" label="Error" start-time="2017-05-02 03:42:22Z" end-time="2017-05-02 03:42:22Z" duration="0.004617" asserts="0">
                <failure>
                  <message><![CDATA[System.ArgumentException : A null reference or invalid value was found [GDI+ status: InvalidParameter]]]></message>
                  <stack-trace><![CDATA[   在 System.DrawingCore.GDIPlus.CheckStatus(Status status)
   在 System.DrawingCore.Bitmap..ctor(String filename, Boolean useIcm)
   在 MonoTests.System.Drawing.Imaging.JpegCodecTest.Bitmap8bbpIndexedGreyscaleData() 位置 C:\ProgramData\Git\zkweb.system.drawing\src\ZKWeb.System.Drawing.Tests\System.Drawing.Imaging\TestJpegCodec.cs:行号 150]]></stack-trace>
                </failure>
              </test-case>
              <test-case id="2471" name="Bitmap8bbpIndexedGreyscaleFeatures" fullname="MonoTests.System.Drawing.Imaging.JpegCodecTest.Bitmap8bbpIndexedGreyscaleFeatures" methodname="Bitmap8bbpIndexedGreyscaleFeatures" classname="MonoTests.System.Drawing.Imaging.JpegCodecTest" runstate="Runnable" seed="536157183" result="Failed" label="Error" start-time="2017-05-02 03:42:22Z" end-time="2017-05-02 03:42:22Z" duration="0.003887" asserts="0">
                <failure>
                  <message><![CDATA[System.ArgumentException : A null reference or invalid value was found [GDI+ status: InvalidParameter]]]></message>
                  <stack-trace><![CDATA[   在 System.DrawingCore.GDIPlus.CheckStatus(Status status)
   在 System.DrawingCore.Bitmap..ctor(String filename, Boolean useIcm)
   在 MonoTests.System.Drawing.Imaging.JpegCodecTest.Bitmap8bbpIndexedGreyscaleFeatures() 位置 C:\ProgramData\Git\zkweb.system.drawing\src\ZKWeb.System.Drawing.Tests\System.Drawing.Imaging\TestJpegCodec.cs:行号 77]]></stack-trace>
                </failure>
              </test-case>
              <test-case id="2472" name="Bitmap8bbpIndexedGreyscalePixels" fullname="MonoTests.System.Drawing.Imaging.JpegCodecTest.Bitmap8bbpIndexedGreyscalePixels" methodname="Bitmap8bbpIndexedGreyscalePixels" classname="MonoTests.System.Drawing.Imaging.JpegCodecTest" runstate="Runnable" seed="1076326998" result="Failed" label="Error" start-time="2017-05-02 03:42:22Z" end-time="2017-05-02 03:42:22Z" duration="0.003177" asserts="0">
                <failure>
                  <message><![CDATA[System.ArgumentException : A null reference or invalid value was found [GDI+ status: InvalidParameter]]]></message>
                  <stack-trace><![CDATA[   在 System.DrawingCore.GDIPlus.CheckStatus(Status status)
   在 System.DrawingCore.Bitmap..ctor(String filename, Boolean useIcm)
   在 MonoTests.System.Drawing.Imaging.JpegCodecTest.Bitmap8bbpIndexedGreyscalePixels() 位置 C:\ProgramData\Git\zkweb.system.drawing\src\ZKWeb.System.Drawing.Tests\System.Drawing.Imaging\TestJpegCodec.cs:行号 118]]></stack-trace>
                </failure>
              </test-case>
              <test-case id="2477" name="Save_24bppRgb" fullname="MonoTests.System.Drawing.Imaging.JpegCodecTest.Save_24bppRgb" methodname="Save_24bppRgb" classname="MonoTests.System.Drawing.Imaging.JpegCodecTest" runstate="Runnable" seed="2048524796" result="Failed" start-time="2017-05-02 03:42:22Z" end-time="2017-05-02 03:42:22Z" duration="0.004860" asserts="2">
                <failure>
                  <message><![CDATA[  Red
  Expected: True
  But was:  False
]]></message>
                  <stack-trace><![CDATA[在 MonoTests.System.Drawing.Imaging.JpegCodecTest.Save(PixelFormat original, PixelFormat expected) 位置 C:\ProgramData\Git\zkweb.system.drawing\src\ZKWeb.System.Drawing.Tests\System.Drawing.Imaging\TestJpegCodec.cs:行号 418
]]></stack-trace>
                </failure>
                <assertions>
                  <assertion result="Failed">
                    <message><![CDATA[  Red
  Expected: True
  But was:  False
]]></message>
                    <stack-trace><![CDATA[在 MonoTests.System.Drawing.Imaging.JpegCodecTest.Save(PixelFormat original, PixelFormat expected) 位置 C:\ProgramData\Git\zkweb.system.drawing\src\ZKWeb.System.Drawing.Tests\System.Drawing.Imaging\TestJpegCodec.cs:行号 418
]]></stack-trace>
                  </assertion>
                </assertions>
              </test-case>
              <test-case id="2479" name="Save_32bppArgb" fullname="MonoTests.System.Drawing.Imaging.JpegCodecTest.Save_32bppArgb" methodname="Save_32bppArgb" classname="MonoTests.System.Drawing.Imaging.JpegCodecTest" runstate="Runnable" seed="530019298" result="Failed" start-time="2017-05-02 03:42:22Z" end-time="2017-05-02 03:42:22Z" duration="0.003161" asserts="2">
                <failure>
                  <message><![CDATA[  Red
  Expected: True
  But was:  False
]]></message>
                  <stack-trace><![CDATA[在 MonoTests.System.Drawing.Imaging.JpegCodecTest.Save(PixelFormat original, PixelFormat expected) 位置 C:\ProgramData\Git\zkweb.system.drawing\src\ZKWeb.System.Drawing.Tests\System.Drawing.Imaging\TestJpegCodec.cs:行号 418
]]></stack-trace>
                </failure>
                <assertions>
                  <assertion result="Failed">
                    <message><![CDATA[  Red
  Expected: True
  But was:  False
]]></message>
                    <stack-trace><![CDATA[在 MonoTests.System.Drawing.Imaging.JpegCodecTest.Save(PixelFormat original, PixelFormat expected) 位置 C:\ProgramData\Git\zkweb.system.drawing\src\ZKWeb.System.Drawing.Tests\System.Drawing.Imaging\TestJpegCodec.cs:行号 418
]]></stack-trace>
                  </assertion>
                </assertions>
              </test-case>
              <test-case id="2480" name="Save_32bppPArgb" fullname="MonoTests.System.Drawing.Imaging.JpegCodecTest.Save_32bppPArgb" methodname="Save_32bppPArgb" classname="MonoTests.System.Drawing.Imaging.JpegCodecTest" runstate="Runnable" seed="2097953658" result="Failed" start-time="2017-05-02 03:42:22Z" end-time="2017-05-02 03:42:22Z" duration="0.003251" asserts="2">
                <failure>
                  <message><![CDATA[  Red
  Expected: True
  But was:  False
]]></message>
                  <stack-trace><![CDATA[在 MonoTests.System.Drawing.Imaging.JpegCodecTest.Save(PixelFormat original, PixelFormat expected) 位置 C:\ProgramData\Git\zkweb.system.drawing\src\ZKWeb.System.Drawing.Tests\System.Drawing.Imaging\TestJpegCodec.cs:行号 418
]]></stack-trace>
                </failure>
                <assertions>
                  <assertion result="Failed">
                    <message><![CDATA[  Red
  Expected: True
  But was:  False
]]></message>
                    <stack-trace><![CDATA[在 MonoTests.System.Drawing.Imaging.JpegCodecTest.Save(PixelFormat original, PixelFormat expected) 位置 C:\ProgramData\Git\zkweb.system.drawing\src\ZKWeb.System.Drawing.Tests\System.Drawing.Imaging\TestJpegCodec.cs:行号 418
]]></stack-trace>
                  </assertion>
                </assertions>
              </test-case>
              <test-case id="2478" name="Save_32bppRgb" fullname="MonoTests.System.Drawing.Imaging.JpegCodecTest.Save_32bppRgb" methodname="Save_32bppRgb" classname="MonoTests.System.Drawing.Imaging.JpegCodecTest" runstate="Runnable" seed="1818236094" result="Failed" start-time="2017-05-02 03:42:22Z" end-time="2017-05-02 03:42:22Z" duration="0.003177" asserts="2">
                <failure>
                  <message><![CDATA[  Red
  Expected: True
  But was:  False
]]></message>
                  <stack-trace><![CDATA[在 MonoTests.System.Drawing.Imaging.JpegCodecTest.Save(PixelFormat original, PixelFormat expected) 位置 C:\ProgramData\Git\zkweb.system.drawing\src\ZKWeb.System.Drawing.Tests\System.Drawing.Imaging\TestJpegCodec.cs:行号 418
]]></stack-trace>
                </failure>
                <assertions>
                  <assertion result="Failed">
                    <message><![CDATA[  Red
  Expected: True
  But was:  False
]]></message>
                    <stack-trace><![CDATA[在 MonoTests.System.Drawing.Imaging.JpegCodecTest.Save(PixelFormat original, PixelFormat expected) 位置 C:\ProgramData\Git\zkweb.system.drawing\src\ZKWeb.System.Drawing.Tests\System.Drawing.Imaging\TestJpegCodec.cs:行号 418
]]></stack-trace>
                  </assertion>
                </assertions>
              </test-case>
              <test-case id="2481" name="Save_48bppRgb" fullname="MonoTests.System.Drawing.Imaging.JpegCodecTest.Save_48bppRgb" methodname="Save_48bppRgb" classname="MonoTests.System.Drawing.Imaging.JpegCodecTest" runstate="Runnable" seed="1513259717" result="Failed" start-time="2017-05-02 03:42:22Z" end-time="2017-05-02 03:42:22Z" duration="0.004198" asserts="2">
                <properties>
                  <property name="Category" value="NotWorking" />
                </properties>
                <failure>
                  <message><![CDATA[  Red
  Expected: True
  But was:  False
]]></message>
                  <stack-trace><![CDATA[在 MonoTests.System.Drawing.Imaging.JpegCodecTest.Save(PixelFormat original, PixelFormat expected) 位置 C:\ProgramData\Git\zkweb.system.drawing\src\ZKWeb.System.Drawing.Tests\System.Drawing.Imaging\TestJpegCodec.cs:行号 418
]]></stack-trace>
                </failure>
                <assertions>
                  <assertion result="Failed">
                    <message><![CDATA[  Red
  Expected: True
  But was:  False
]]></message>
                    <stack-trace><![CDATA[在 MonoTests.System.Drawing.Imaging.JpegCodecTest.Save(PixelFormat original, PixelFormat expected) 位置 C:\ProgramData\Git\zkweb.system.drawing\src\ZKWeb.System.Drawing.Tests\System.Drawing.Imaging\TestJpegCodec.cs:行号 418
]]></stack-trace>
                  </assertion>
                </assertions>
              </test-case>
              <test-case id="2482" name="Save_64bppArgb" fullname="MonoTests.System.Drawing.Imaging.JpegCodecTest.Save_64bppArgb" methodname="Save_64bppArgb" classname="MonoTests.System.Drawing.Imaging.JpegCodecTest" runstate="Runnable" seed="106825038" result="Failed" start-time="2017-05-02 03:42:22Z" end-time="2017-05-02 03:42:22Z" duration="0.003086" asserts="2">
                <properties>
                  <property name="Category" value="NotWorking" />
                </properties>
                <failure>
                  <message><![CDATA[  Red
  Expected: True
  But was:  False
]]></message>
                  <stack-trace><![CDATA[在 MonoTests.System.Drawing.Imaging.JpegCodecTest.Save(PixelFormat original, PixelFormat expected) 位置 C:\ProgramData\Git\zkweb.system.drawing\src\ZKWeb.System.Drawing.Tests\System.Drawing.Imaging\TestJpegCodec.cs:行号 418
]]></stack-trace>
                </failure>
                <assertions>
                  <assertion result="Failed">
                    <message><![CDATA[  Red
  Expected: True
  But was:  False
]]></message>
                    <stack-trace><![CDATA[在 MonoTests.System.Drawing.Imaging.JpegCodecTest.Save(PixelFormat original, PixelFormat expected) 位置 C:\ProgramData\Git\zkweb.system.drawing\src\ZKWeb.System.Drawing.Tests\System.Drawing.Imaging\TestJpegCodec.cs:行号 418
]]></stack-trace>
                  </assertion>
                </assertions>
              </test-case>
              <test-case id="2483" name="Save_64bppPArgb" fullname="MonoTests.System.Drawing.Imaging.JpegCodecTest.Save_64bppPArgb" methodname="Save_64bppPArgb" classname="MonoTests.System.Drawing.Imaging.JpegCodecTest" runstate="Runnable" seed="115702608" result="Failed" start-time="2017-05-02 03:42:22Z" end-time="2017-05-02 03:42:22Z" duration="0.003505" asserts="2">
                <properties>
                  <property name="Category" value="NotWorking" />
                </properties>
                <failure>
                  <message><![CDATA[  Red
  Expected: True
  But was:  False
]]></message>
                  <stack-trace><![CDATA[在 MonoTests.System.Drawing.Imaging.JpegCodecTest.Save(PixelFormat original, PixelFormat expected) 位置 C:\ProgramData\Git\zkweb.system.drawing\src\ZKWeb.System.Drawing.Tests\System.Drawing.Imaging\TestJpegCodec.cs:行号 418
]]></stack-trace>
                </failure>
                <assertions>
                  <assertion result="Failed">
                    <message><![CDATA[  Red
  Expected: True
  But was:  False
]]></message>
                    <stack-trace><![CDATA[在 MonoTests.System.Drawing.Imaging.JpegCodecTest.Save(PixelFormat original, PixelFormat expected) 位置 C:\ProgramData\Git\zkweb.system.drawing\src\ZKWeb.System.Drawing.Tests\System.Drawing.Imaging\TestJpegCodec.cs:行号 418
]]></stack-trace>
                  </assertion>
                </assertions>
              </test-case>
            </test-suite>
            <test-suite type="TestFixture" id="2345" name="MetafileFulltrustTest" fullname="MonoTests.System.Drawing.Imaging.MetafileFulltrustTest" classname="MonoTests.System.Drawing.Imaging.MetafileFulltrustTest" runstate="Runnable" testcasecount="23" result="Failed" site="Child" start-time="2017-05-02 03:42:22Z" end-time="2017-05-02 03:42:22Z" duration="0.120305" total="23" passed="14" failed="9" warnings="0" inconclusive="0" skipped="0" asserts="51">
              <failure>
                <message><![CDATA[One or more child tests had errors]]></message>
              </failure>
              <test-case id="2364" name="CreateFilename_MultipleGraphics_EmfOnly" fullname="MonoTests.System.Drawing.Imaging.MetafileFulltrustTest.CreateFilename_MultipleGraphics_EmfOnly" methodname="CreateFilename_MultipleGraphics_EmfOnly" classname="MonoTests.System.Drawing.Imaging.MetafileFulltrustTest" runstate="Runnable" seed="288950105" result="Failed" start-time="2017-05-02 03:42:22Z" end-time="2017-05-02 03:42:22Z" duration="0.003578" asserts="1">
                <failure>
                  <message><![CDATA[  Expected: <System.OutOfMemoryException>
  But was:  <System.ArgumentException: A null reference or invalid value was found [GDI+ status: InvalidParameter]
   在 System.DrawingCore.GDIPlus.CheckStatus(Status status)
   在 System.DrawingCore.Image.get_PixelFormat()
   在 System.DrawingCore.Graphics.FromImage(Image image)
   在 MonoTests.System.Drawing.Imaging.MetafileFulltrustTest.CreateFilename(EmfType type, Boolean single) 位置 C:\ProgramData\Git\zkweb.system.drawing\src\ZKWeb.System.Drawing.Tests\System.Drawing.Imaging\MetafileTest.cs:行号 556
   在 NUnit.Framework.Assert.Throws(IResolveConstraint expression, TestDelegate code, String message, Object[] args)>
]]></message>
                  <stack-trace><![CDATA[在 MonoTests.System.Drawing.Imaging.MetafileFulltrustTest.CreateFilename_MultipleGraphics_EmfOnly() 位置 C:\ProgramData\Git\zkweb.system.drawing\src\ZKWeb.System.Drawing.Tests\System.Drawing.Imaging\MetafileTest.cs:行号 600
]]></stack-trace>
                </failure>
                <assertions>
                  <assertion result="Failed">
                    <message><![CDATA[  Expected: <System.OutOfMemoryException>
  But was:  <System.ArgumentException: A null reference or invalid value was found [GDI+ status: InvalidParameter]
   在 System.DrawingCore.GDIPlus.CheckStatus(Status status)
   在 System.DrawingCore.Image.get_PixelFormat()
   在 System.DrawingCore.Graphics.FromImage(Image image)
   在 MonoTests.System.Drawing.Imaging.MetafileFulltrustTest.CreateFilename(EmfType type, Boolean single) 位置 C:\ProgramData\Git\zkweb.system.drawing\src\ZKWeb.System.Drawing.Tests\System.Drawing.Imaging\MetafileTest.cs:行号 556
   在 NUnit.Framework.Assert.Throws(IResolveConstraint expression, TestDelegate code, String message, Object[] args)>
]]></message>
                    <stack-trace><![CDATA[在 MonoTests.System.Drawing.Imaging.MetafileFulltrustTest.CreateFilename_MultipleGraphics_EmfOnly() 位置 C:\ProgramData\Git\zkweb.system.drawing\src\ZKWeb.System.Drawing.Tests\System.Drawing.Imaging\MetafileTest.cs:行号 600
]]></stack-trace>
                  </assertion>
                </assertions>
              </test-case>
              <test-case id="2365" name="CreateFilename_MultipleGraphics_EmfPlusDual" fullname="MonoTests.System.Drawing.Imaging.MetafileFulltrustTest.CreateFilename_MultipleGraphics_EmfPlusDual" methodname="CreateFilename_MultipleGraphics_EmfPlusDual" classname="MonoTests.System.Drawing.Imaging.MetafileFulltrustTest" runstate="Runnable" seed="248448146" result="Failed" start-time="2017-05-02 03:42:22Z" end-time="2017-05-02 03:42:22Z" duration="0.001739" asserts="1">
                <failure>
                  <message><![CDATA[  Expected: <System.OutOfMemoryException>
  But was:  <System.ArgumentException: A null reference or invalid value was found [GDI+ status: InvalidParameter]
   在 System.DrawingCore.GDIPlus.CheckStatus(Status status)
   在 System.DrawingCore.Image.get_PixelFormat()
   在 System.DrawingCore.Graphics.FromImage(Image image)
   在 MonoTests.System.Drawing.Imaging.MetafileFulltrustTest.CreateFilename(EmfType type, Boolean single) 位置 C:\ProgramData\Git\zkweb.system.drawing\src\ZKWeb.System.Drawing.Tests\System.Drawing.Imaging\MetafileTest.cs:行号 556
   在 NUnit.Framework.Assert.Throws(IResolveConstraint expression, TestDelegate code, String message, Object[] args)>
]]></message>
                  <stack-trace><![CDATA[在 MonoTests.System.Drawing.Imaging.MetafileFulltrustTest.CreateFilename_MultipleGraphics_EmfPlusDual() 位置 C:\ProgramData\Git\zkweb.system.drawing\src\ZKWeb.System.Drawing.Tests\System.Drawing.Imaging\MetafileTest.cs:行号 608
]]></stack-trace>
                </failure>
                <assertions>
                  <assertion result="Failed">
                    <message><![CDATA[  Expected: <System.OutOfMemoryException>
  But was:  <System.ArgumentException: A null reference or invalid value was found [GDI+ status: InvalidParameter]
   在 System.DrawingCore.GDIPlus.CheckStatus(Status status)
   在 System.DrawingCore.Image.get_PixelFormat()
   在 System.DrawingCore.Graphics.FromImage(Image image)
   在 MonoTests.System.Drawing.Imaging.MetafileFulltrustTest.CreateFilename(EmfType type, Boolean single) 位置 C:\ProgramData\Git\zkweb.system.drawing\src\ZKWeb.System.Drawing.Tests\System.Drawing.Imaging\MetafileTest.cs:行号 556
   在 NUnit.Framework.Assert.Throws(IResolveConstraint expression, TestDelegate code, String message, Object[] args)>
]]></message>
                    <stack-trace><![CDATA[在 MonoTests.System.Drawing.Imaging.MetafileFulltrustTest.CreateFilename_MultipleGraphics_EmfPlusDual() 位置 C:\ProgramData\Git\zkweb.system.drawing\src\ZKWeb.System.Drawing.Tests\System.Drawing.Imaging\MetafileTest.cs:行号 608
]]></stack-trace>
                  </assertion>
                </assertions>
              </test-case>
              <test-case id="2366" name="CreateFilename_MultipleGraphics_EmfPlusOnly" fullname="MonoTests.System.Drawing.Imaging.MetafileFulltrustTest.CreateFilename_MultipleGraphics_EmfPlusOnly" methodname="CreateFilename_MultipleGraphics_EmfPlusOnly" classname="MonoTests.System.Drawing.Imaging.MetafileFulltrustTest" runstate="Runnable" seed="1575050016" result="Failed" start-time="2017-05-02 03:42:22Z" end-time="2017-05-02 03:42:22Z" duration="0.001792" asserts="1">
                <failure>
                  <message><![CDATA[  Expected: <System.OutOfMemoryException>
  But was:  <System.ArgumentException: A null reference or invalid value was found [GDI+ status: InvalidParameter]
   在 System.DrawingCore.GDIPlus.CheckStatus(Status status)
   在 System.DrawingCore.Image.get_PixelFormat()
   在 System.DrawingCore.Graphics.FromImage(Image image)
   在 MonoTests.System.Drawing.Imaging.MetafileFulltrustTest.CreateFilename(EmfType type, Boolean single) 位置 C:\ProgramData\Git\zkweb.system.drawing\src\ZKWeb.System.Drawing.Tests\System.Drawing.Imaging\MetafileTest.cs:行号 556
   在 NUnit.Framework.Assert.Throws(IResolveConstraint expression, TestDelegate code, String message, Object[] args)>
]]></message>
                  <stack-trace><![CDATA[在 MonoTests.System.Drawing.Imaging.MetafileFulltrustTest.CreateFilename_MultipleGraphics_EmfPlusOnly() 位置 C:\ProgramData\Git\zkweb.system.drawing\src\ZKWeb.System.Drawing.Tests\System.Drawing.Imaging\MetafileTest.cs:行号 616
]]></stack-trace>
                </failure>
                <assertions>
                  <assertion result="Failed">
                    <message><![CDATA[  Expected: <System.OutOfMemoryException>
  But was:  <System.ArgumentException: A null reference or invalid value was found [GDI+ status: InvalidParameter]
   在 System.DrawingCore.GDIPlus.CheckStatus(Status status)
   在 System.DrawingCore.Image.get_PixelFormat()
   在 System.DrawingCore.Graphics.FromImage(Image image)
   在 MonoTests.System.Drawing.Imaging.MetafileFulltrustTest.CreateFilename(EmfType type, Boolean single) 位置 C:\ProgramData\Git\zkweb.system.drawing\src\ZKWeb.System.Drawing.Tests\System.Drawing.Imaging\MetafileTest.cs:行号 556
   在 NUnit.Framework.Assert.Throws(IResolveConstraint expression, TestDelegate code, String message, Object[] args)>
]]></message>
                    <stack-trace><![CDATA[在 MonoTests.System.Drawing.Imaging.MetafileFulltrustTest.CreateFilename_MultipleGraphics_EmfPlusOnly() 位置 C:\ProgramData\Git\zkweb.system.drawing\src\ZKWeb.System.Drawing.Tests\System.Drawing.Imaging\MetafileTest.cs:行号 616
]]></stack-trace>
                  </assertion>
                </assertions>
              </test-case>
              <test-case id="2361" name="CreateFilename_SingleGraphics_EmfOnly" fullname="MonoTests.System.Drawing.Imaging.MetafileFulltrustTest.CreateFilename_SingleGraphics_EmfOnly" methodname="CreateFilename_SingleGraphics_EmfOnly" classname="MonoTests.System.Drawing.Imaging.MetafileFulltrustTest" runstate="Runnable" seed="676944777" result="Failed" label="Error" start-time="2017-05-02 03:42:22Z" end-time="2017-05-02 03:42:22Z" duration="0.001337" asserts="1">
                <failure>
                  <message><![CDATA[System.ArgumentException : A null reference or invalid value was found [GDI+ status: InvalidParameter]]]></message>
                  <stack-trace><![CDATA[   在 System.DrawingCore.GDIPlus.CheckStatus(Status status)
   在 System.DrawingCore.Image.get_PixelFormat()
   在 System.DrawingCore.Graphics.FromImage(Image image)
   在 MonoTests.System.Drawing.Imaging.MetafileFulltrustTest.CreateFilename(EmfType type, Boolean single) 位置 C:\ProgramData\Git\zkweb.system.drawing\src\ZKWeb.System.Drawing.Tests\System.Drawing.Imaging\MetafileTest.cs:行号 556]]></stack-trace>
                </failure>
              </test-case>
              <test-case id="2362" name="CreateFilename_SingleGraphics_EmfPlusDual" fullname="MonoTests.System.Drawing.Imaging.MetafileFulltrustTest.CreateFilename_SingleGraphics_EmfPlusDual" methodname="CreateFilename_SingleGraphics_EmfPlusDual" classname="MonoTests.System.Drawing.Imaging.MetafileFulltrustTest" runstate="Runnable" seed="966126453" result="Failed" label="Error" start-time="2017-05-02 03:42:22Z" end-time="2017-05-02 03:42:22Z" duration="0.001706" asserts="1">
                <failure>
                  <message><![CDATA[System.ArgumentException : A null reference or invalid value was found [GDI+ status: InvalidParameter]]]></message>
                  <stack-trace><![CDATA[   在 System.DrawingCore.GDIPlus.CheckStatus(Status status)
   在 System.DrawingCore.Image.get_PixelFormat()
   在 System.DrawingCore.Graphics.FromImage(Image image)
   在 MonoTests.System.Drawing.Imaging.MetafileFulltrustTest.CreateFilename(EmfType type, Boolean single) 位置 C:\ProgramData\Git\zkweb.system.drawing\src\ZKWeb.System.Drawing.Tests\System.Drawing.Imaging\MetafileTest.cs:行号 556]]></stack-trace>
                </failure>
              </test-case>
              <test-case id="2363" name="CreateFilename_SingleGraphics_EmfPlusOnly" fullname="MonoTests.System.Drawing.Imaging.MetafileFulltrustTest.CreateFilename_SingleGraphics_EmfPlusOnly" methodname="CreateFilename_SingleGraphics_EmfPlusOnly" classname="MonoTests.System.Drawing.Imaging.MetafileFulltrustTest" runstate="Runnable" seed="2025829259" result="Failed" label="Error" start-time="2017-05-02 03:42:22Z" end-time="2017-05-02 03:42:22Z" duration="0.001282" asserts="1">
                <failure>
                  <message><![CDATA[System.ArgumentException : A null reference or invalid value was found [GDI+ status: InvalidParameter]]]></message>
                  <stack-trace><![CDATA[   在 System.DrawingCore.GDIPlus.CheckStatus(Status status)
   在 System.DrawingCore.Image.get_PixelFormat()
   在 System.DrawingCore.Graphics.FromImage(Image image)
   在 MonoTests.System.Drawing.Imaging.MetafileFulltrustTest.CreateFilename(EmfType type, Boolean single) 位置 C:\ProgramData\Git\zkweb.system.drawing\src\ZKWeb.System.Drawing.Tests\System.Drawing.Imaging\MetafileTest.cs:行号 556]]></stack-trace>
                </failure>
              </test-case>
              <test-case id="2367" name="Measure" fullname="MonoTests.System.Drawing.Imaging.MetafileFulltrustTest.Measure" methodname="Measure" classname="MonoTests.System.Drawing.Imaging.MetafileFulltrustTest" runstate="Runnable" seed="1471504753" result="Failed" label="Error" start-time="2017-05-02 03:42:22Z" end-time="2017-05-02 03:42:22Z" duration="0.002644" asserts="0">
                <failure>
                  <message><![CDATA[System.ArgumentException : A null reference or invalid value was found [GDI+ status: InvalidParameter]]]></message>
                  <stack-trace><![CDATA[   在 System.DrawingCore.GDIPlus.CheckStatus(Status status)
   在 System.DrawingCore.Image.get_PixelFormat()
   在 System.DrawingCore.Graphics.FromImage(Image image)
   在 MonoTests.System.Drawing.Imaging.MetafileFulltrustTest.Measure() 位置 C:\ProgramData\Git\zkweb.system.drawing\src\ZKWeb.System.Drawing.Tests\System.Drawing.Imaging\MetafileTest.cs:行号 635]]></stack-trace>
                </failure>
              </test-case>
              <test-case id="2348" name="Metafile_IntPtrBool_Zero" fullname="MonoTests.System.Drawing.Imaging.MetafileFulltrustTest.Metafile_IntPtrBool_Zero" methodname="Metafile_IntPtrBool_Zero" classname="MonoTests.System.Drawing.Imaging.MetafileFulltrustTest" runstate="Runnable" seed="1315052719" result="Passed" start-time="2017-05-02 03:42:22Z" end-time="2017-05-02 03:42:22Z" duration="0.001569" asserts="1" />
              <test-case id="2351" name="Metafile_IntPtrEmfType_EmfOnly" fullname="MonoTests.System.Drawing.Imaging.MetafileFulltrustTest.Metafile_IntPtrEmfType_EmfOnly" methodname="Metafile_IntPtrEmfType_EmfOnly" classname="MonoTests.System.Drawing.Imaging.MetafileFulltrustTest" runstate="Runnable" seed="1554742047" result="Passed" start-time="2017-05-02 03:42:22Z" end-time="2017-05-02 03:42:22Z" duration="0.002487" asserts="6" />
              <test-case id="2352" name="Metafile_IntPtrEmfType_EmfPlusDual" fullname="MonoTests.System.Drawing.Imaging.MetafileFulltrustTest.Metafile_IntPtrEmfType_EmfPlusDual" methodname="Metafile_IntPtrEmfType_EmfPlusDual" classname="MonoTests.System.Drawing.Imaging.MetafileFulltrustTest" runstate="Runnable" seed="287168787" result="Passed" start-time="2017-05-02 03:42:22Z" end-time="2017-05-02 03:42:22Z" duration="0.000374" asserts="6" />
              <test-case id="2353" name="Metafile_IntPtrEmfType_EmfPlusOnly" fullname="MonoTests.System.Drawing.Imaging.MetafileFulltrustTest.Metafile_IntPtrEmfType_EmfPlusOnly" methodname="Metafile_IntPtrEmfType_EmfPlusOnly" classname="MonoTests.System.Drawing.Imaging.MetafileFulltrustTest" runstate="Runnable" seed="1624131660" result="Passed" start-time="2017-05-02 03:42:22Z" end-time="2017-05-02 03:42:22Z" duration="0.000328" asserts="6" />
              <test-case id="2350" name="Metafile_IntPtrEmfType_Invalid" fullname="MonoTests.System.Drawing.Imaging.MetafileFulltrustTest.Metafile_IntPtrEmfType_Invalid" methodname="Metafile_IntPtrEmfType_Invalid" classname="MonoTests.System.Drawing.Imaging.MetafileFulltrustTest" runstate="Runnable" seed="1551718165" result="Passed" start-time="2017-05-02 03:42:22Z" end-time="2017-05-02 03:42:22Z" duration="0.000717" asserts="1" />
              <test-case id="2349" name="Metafile_IntPtrEmfType_Zero" fullname="MonoTests.System.Drawing.Imaging.MetafileFulltrustTest.Metafile_IntPtrEmfType_Zero" methodname="Metafile_IntPtrEmfType_Zero" classname="MonoTests.System.Drawing.Imaging.MetafileFulltrustTest" runstate="Runnable" seed="1723920626" result="Passed" start-time="2017-05-02 03:42:22Z" end-time="2017-05-02 03:42:22Z" duration="0.000459" asserts="1" />
              <test-case id="2355" name="Metafile_IntPtrRectangle_Empty" fullname="MonoTests.System.Drawing.Imaging.MetafileFulltrustTest.Metafile_IntPtrRectangle_Empty" methodname="Metafile_IntPtrRectangle_Empty" classname="MonoTests.System.Drawing.Imaging.MetafileFulltrustTest" runstate="Runnable" seed="1812172209" result="Passed" start-time="2017-05-02 03:42:22Z" end-time="2017-05-02 03:42:22Z" duration="0.001134" asserts="6" />
              <test-case id="2354" name="Metafile_IntPtrRectangle_Zero" fullname="MonoTests.System.Drawing.Imaging.MetafileFulltrustTest.Metafile_IntPtrRectangle_Zero" methodname="Metafile_IntPtrRectangle_Zero" classname="MonoTests.System.Drawing.Imaging.MetafileFulltrustTest" runstate="Runnable" seed="2021235536" result="Passed" start-time="2017-05-02 03:42:22Z" end-time="2017-05-02 03:42:22Z" duration="0.000824" asserts="1" />
              <test-case id="2357" name="Metafile_IntPtrRectangleF_Empty" fullname="MonoTests.System.Drawing.Imaging.MetafileFulltrustTest.Metafile_IntPtrRectangleF_Empty" methodname="Metafile_IntPtrRectangleF_Empty" classname="MonoTests.System.Drawing.Imaging.MetafileFulltrustTest" runstate="Runnable" seed="738478902" result="Passed" start-time="2017-05-02 03:42:22Z" end-time="2017-05-02 03:42:22Z" duration="0.001055" asserts="6" />
              <test-case id="2356" name="Metafile_IntPtrRectangleF_Zero" fullname="MonoTests.System.Drawing.Imaging.MetafileFulltrustTest.Metafile_IntPtrRectangleF_Zero" methodname="Metafile_IntPtrRectangleF_Zero" classname="MonoTests.System.Drawing.Imaging.MetafileFulltrustTest" runstate="Runnable" seed="745734326" result="Passed" start-time="2017-05-02 03:42:22Z" end-time="2017-05-02 03:42:22Z" duration="0.001037" asserts="1" />
              <test-case id="2359" name="Metafile_StreamIntPtrEmfType_EmfOnly" fullname="MonoTests.System.Drawing.Imaging.MetafileFulltrustTest.Metafile_StreamIntPtrEmfType_EmfOnly" methodname="Metafile_StreamIntPtrEmfType_EmfOnly" classname="MonoTests.System.Drawing.Imaging.MetafileFulltrustTest" runstate="Runnable" seed="533082904" result="Passed" start-time="2017-05-02 03:42:22Z" end-time="2017-05-02 03:42:22Z" duration="0.002025" asserts="6" />
              <test-case id="2360" name="Metafile_StreamIntPtrEmfType_Invalid" fullname="MonoTests.System.Drawing.Imaging.MetafileFulltrustTest.Metafile_StreamIntPtrEmfType_Invalid" methodname="Metafile_StreamIntPtrEmfType_Invalid" classname="MonoTests.System.Drawing.Imaging.MetafileFulltrustTest" runstate="Runnable" seed="365806192" result="Passed" start-time="2017-05-02 03:42:22Z" end-time="2017-05-02 03:42:22Z" duration="0.000976" asserts="1" />
              <test-case id="2358" name="Metafile_StreamIntPtrEmfType_Null" fullname="MonoTests.System.Drawing.Imaging.MetafileFulltrustTest.Metafile_StreamIntPtrEmfType_Null" methodname="Metafile_StreamIntPtrEmfType_Null" classname="MonoTests.System.Drawing.Imaging.MetafileFulltrustTest" runstate="Runnable" seed="841413686" result="Passed" start-time="2017-05-02 03:42:22Z" end-time="2017-05-02 03:42:22Z" duration="0.001500" asserts="1" />
              <test-case id="2347" name="Static_GetMetafileHeader_IntPtr" fullname="MonoTests.System.Drawing.Imaging.MetafileFulltrustTest.Static_GetMetafileHeader_IntPtr" methodname="Static_GetMetafileHeader_IntPtr" classname="MonoTests.System.Drawing.Imaging.MetafileFulltrustTest" runstate="Runnable" seed="878036449" result="Failed" start-time="2017-05-02 03:42:22Z" end-time="2017-05-02 03:42:22Z" duration="0.002911" asserts="1">
                <failure>
                  <message><![CDATA[  Expected: <System.ArgumentException>
  But was:  <System.IO.FileLoadException: Couldn't load specified file.
   在 System.DrawingCore.Imaging.Metafile..ctor(String filename)
   在 MonoTests.System.Drawing.Imaging.MetafileFulltrustTest.<>c.<Static_GetMetafileHeader_IntPtr>b__3_0() 位置 C:\ProgramData\Git\zkweb.system.drawing\src\ZKWeb.System.Drawing.Tests\System.Drawing.Imaging\MetafileTest.cs:行号 356
   在 NUnit.Framework.Assert.Throws(IResolveConstraint expression, TestDelegate code, String message, Object[] args)>
]]></message>
                  <stack-trace><![CDATA[在 MonoTests.System.Drawing.Imaging.MetafileFulltrustTest.Static_GetMetafileHeader_IntPtr() 位置 C:\ProgramData\Git\zkweb.system.drawing\src\ZKWeb.System.Drawing.Tests\System.Drawing.Imaging\MetafileTest.cs:行号 363
]]></stack-trace>
                </failure>
                <assertions>
                  <assertion result="Failed">
                    <message><![CDATA[  Expected: <System.ArgumentException>
  But was:  <System.IO.FileLoadException: Couldn't load specified file.
   在 System.DrawingCore.Imaging.Metafile..ctor(String filename)
   在 MonoTests.System.Drawing.Imaging.MetafileFulltrustTest.<>c.<Static_GetMetafileHeader_IntPtr>b__3_0() 位置 C:\ProgramData\Git\zkweb.system.drawing\src\ZKWeb.System.Drawing.Tests\System.Drawing.Imaging\MetafileTest.cs:行号 356
   在 NUnit.Framework.Assert.Throws(IResolveConstraint expression, TestDelegate code, String message, Object[] args)>
]]></message>
                    <stack-trace><![CDATA[在 MonoTests.System.Drawing.Imaging.MetafileFulltrustTest.Static_GetMetafileHeader_IntPtr() 位置 C:\ProgramData\Git\zkweb.system.drawing\src\ZKWeb.System.Drawing.Tests\System.Drawing.Imaging\MetafileTest.cs:行号 363
]]></stack-trace>
                  </assertion>
                </assertions>
              </test-case>
              <test-case id="2346" name="Static_GetMetafileHeader_IntPtr_Zero" fullname="MonoTests.System.Drawing.Imaging.MetafileFulltrustTest.Static_GetMetafileHeader_IntPtr_Zero" methodname="Static_GetMetafileHeader_IntPtr_Zero" classname="MonoTests.System.Drawing.Imaging.MetafileFulltrustTest" runstate="Runnable" seed="1109393947" result="Passed" start-time="2017-05-02 03:42:22Z" end-time="2017-05-02 03:42:22Z" duration="0.000956" asserts="1" />
              <test-case id="2368" name="WorldTransforms" fullname="MonoTests.System.Drawing.Imaging.MetafileFulltrustTest.WorldTransforms" methodname="WorldTransforms" classname="MonoTests.System.Drawing.Imaging.MetafileFulltrustTest" runstate="Runnable" seed="60260124" result="Failed" label="Error" start-time="2017-05-02 03:42:22Z" end-time="2017-05-02 03:42:22Z" duration="0.002413" asserts="0">
                <failure>
                  <message><![CDATA[System.ArgumentException : A null reference or invalid value was found [GDI+ status: InvalidParameter]]]></message>
                  <stack-trace><![CDATA[   在 System.DrawingCore.GDIPlus.CheckStatus(Status status)
   在 System.DrawingCore.Image.get_PixelFormat()
   在 System.DrawingCore.Graphics.FromImage(Image image)
   在 MonoTests.System.Drawing.Imaging.MetafileFulltrustTest.WorldTransforms() 位置 C:\ProgramData\Git\zkweb.system.drawing\src\ZKWeb.System.Drawing.Tests\System.Drawing.Imaging\MetafileTest.cs:行号 670]]></stack-trace>
                </failure>
              </test-case>
            </test-suite>
            <test-suite type="TestFixture" id="2327" name="MetafileTest" fullname="MonoTests.System.Drawing.Imaging.MetafileTest" classname="MonoTests.System.Drawing.Imaging.MetafileTest" runstate="Runnable" testcasecount="17" result="Failed" site="Child" start-time="2017-05-02 03:42:22Z" end-time="2017-05-02 03:42:22Z" duration="0.083454" total="17" passed="5" failed="12" warnings="0" inconclusive="0" skipped="0" asserts="7">
              <failure>
                <message><![CDATA[One or more child tests had errors]]></message>
              </failure>
              <test-case id="2333" name="GetMetafileHeader_Bitmap" fullname="MonoTests.System.Drawing.Imaging.MetafileTest.GetMetafileHeader_Bitmap" methodname="GetMetafileHeader_Bitmap" classname="MonoTests.System.Drawing.Imaging.MetafileTest" runstate="Runnable" seed="534946307" result="Failed" start-time="2017-05-02 03:42:22Z" end-time="2017-05-02 03:42:22Z" duration="0.001505" asserts="1">
                <failure>
                  <message><![CDATA[  Expected: <System.Exception>
  But was:  <System.IO.FileLoadException: Couldn't load specified file.
   在 System.DrawingCore.Imaging.Metafile..ctor(String filename)
   在 MonoTests.System.Drawing.Imaging.MetafileTest.<>c.<GetMetafileHeader_Bitmap>b__9_0() 位置 C:\ProgramData\Git\zkweb.system.drawing\src\ZKWeb.System.Drawing.Tests\System.Drawing.Imaging\MetafileTest.cs:行号 106
   在 NUnit.Framework.Assert.Throws(IResolveConstraint expression, TestDelegate code, String message, Object[] args)>
]]></message>
                  <stack-trace><![CDATA[在 MonoTests.System.Drawing.Imaging.MetafileTest.GetMetafileHeader_Bitmap() 位置 C:\ProgramData\Git\zkweb.system.drawing\src\ZKWeb.System.Drawing.Tests\System.Drawing.Imaging\MetafileTest.cs:行号 107
]]></stack-trace>
                </failure>
                <assertions>
                  <assertion result="Failed">
                    <message><![CDATA[  Expected: <System.Exception>
  But was:  <System.IO.FileLoadException: Couldn't load specified file.
   在 System.DrawingCore.Imaging.Metafile..ctor(String filename)
   在 MonoTests.System.Drawing.Imaging.MetafileTest.<>c.<GetMetafileHeader_Bitmap>b__9_0() 位置 C:\ProgramData\Git\zkweb.system.drawing\src\ZKWeb.System.Drawing.Tests\System.Drawing.Imaging\MetafileTest.cs:行号 106
   在 NUnit.Framework.Assert.Throws(IResolveConstraint expression, TestDelegate code, String message, Object[] args)>
]]></message>
                    <stack-trace><![CDATA[在 MonoTests.System.Drawing.Imaging.MetafileTest.GetMetafileHeader_Bitmap() 位置 C:\ProgramData\Git\zkweb.system.drawing\src\ZKWeb.System.Drawing.Tests\System.Drawing.Imaging\MetafileTest.cs:行号 107
]]></stack-trace>
                  </assertion>
                </assertions>
              </test-case>
              <test-case id="2338" name="GetMetafileHeader_FromFile_Emf" fullname="MonoTests.System.Drawing.Imaging.MetafileTest.GetMetafileHeader_FromFile_Emf" methodname="GetMetafileHeader_FromFile_Emf" classname="MonoTests.System.Drawing.Imaging.MetafileTest" runstate="Runnable" seed="1314774396" result="Failed" label="Error" start-time="2017-05-02 03:42:22Z" end-time="2017-05-02 03:42:22Z" duration="0.000845" asserts="0">
                <failure>
                  <message><![CDATA[System.IO.FileLoadException : Couldn't load specified file.]]></message>
                  <stack-trace><![CDATA[   在 System.DrawingCore.Imaging.Metafile..ctor(String filename)
   在 MonoTests.System.Drawing.Imaging.MetafileTest.GetMetafileHeader_FromFile_Emf() 位置 C:\ProgramData\Git\zkweb.system.drawing\src\ZKWeb.System.Drawing.Tests\System.Drawing.Imaging\MetafileTest.cs:行号 258]]></stack-trace>
                </failure>
              </test-case>
              <test-case id="2335" name="GetMetafileHeader_FromFile_WmfPlaceable" fullname="MonoTests.System.Drawing.Imaging.MetafileTest.GetMetafileHeader_FromFile_WmfPlaceable" methodname="GetMetafileHeader_FromFile_WmfPlaceable" classname="MonoTests.System.Drawing.Imaging.MetafileTest" runstate="Runnable" seed="999165180" result="Failed" label="Error" start-time="2017-05-02 03:42:22Z" end-time="2017-05-02 03:42:22Z" duration="0.001539" asserts="0">
                <failure>
                  <message><![CDATA[System.IO.FileLoadException : Couldn't load specified file.]]></message>
                  <stack-trace><![CDATA[   在 System.DrawingCore.Imaging.Metafile..ctor(String filename)
   在 MonoTests.System.Drawing.Imaging.MetafileTest.GetMetafileHeader_FromFile_WmfPlaceable() 位置 C:\ProgramData\Git\zkweb.system.drawing\src\ZKWeb.System.Drawing.Tests\System.Drawing.Imaging\MetafileTest.cs:行号 165]]></stack-trace>
                </failure>
              </test-case>
              <test-case id="2339" name="GetMetafileHeader_FromFileStream_Emf" fullname="MonoTests.System.Drawing.Imaging.MetafileTest.GetMetafileHeader_FromFileStream_Emf" methodname="GetMetafileHeader_FromFileStream_Emf" classname="MonoTests.System.Drawing.Imaging.MetafileTest" runstate="Runnable" seed="1992680652" result="Failed" label="Error" start-time="2017-05-02 03:42:22Z" end-time="2017-05-02 03:42:22Z" duration="0.001465" asserts="0">
                <failure>
                  <message><![CDATA[System.IO.DirectoryNotFoundException : 未能找到路径“C:\ProgramData\Git\zkweb.system.drawing\src\ZKWeb.System.Drawing.Console\Test\System.Drawing\bitmaps\milkmateya01.emf”的一部分。]]></message>
                  <stack-trace><![CDATA[   在 System.IO.__Error.WinIOError(Int32 errorCode, String maybeFullPath)
   在 System.IO.FileStream.Init(String path, FileMode mode, FileAccess access, Int32 rights, Boolean useRights, FileShare share, Int32 bufferSize, FileOptions options, SECURITY_ATTRIBUTES secAttrs, String msgPath, Boolean bFromProxy, Boolean useLongPath, Boolean checkHost)
   在 System.IO.FileStream..ctor(String path, FileMode mode, FileAccess access, FileShare share)
   在 MonoTests.System.Drawing.Imaging.MetafileTest.GetMetafileHeader_FromFileStream_Emf() 位置 C:\ProgramData\Git\zkweb.system.drawing\src\ZKWeb.System.Drawing.Tests\System.Drawing.Imaging\MetafileTest.cs:行号 267]]></stack-trace>
                </failure>
              </test-case>
              <test-case id="2336" name="GetMetafileHeader_FromFileStream_WmfPlaceable" fullname="MonoTests.System.Drawing.Imaging.MetafileTest.GetMetafileHeader_FromFileStream_WmfPlaceable" methodname="GetMetafileHeader_FromFileStream_WmfPlaceable" classname="MonoTests.System.Drawing.Imaging.MetafileTest" runstate="Runnable" seed="1528818421" result="Failed" label="Error" start-time="2017-05-02 03:42:22Z" end-time="2017-05-02 03:42:22Z" duration="0.001272" asserts="0">
                <failure>
                  <message><![CDATA[System.IO.DirectoryNotFoundException : 未能找到路径“C:\ProgramData\Git\zkweb.system.drawing\src\ZKWeb.System.Drawing.Console\Test\System.Drawing\bitmaps\telescope_01.wmf”的一部分。]]></message>
                  <stack-trace><![CDATA[   在 System.IO.__Error.WinIOError(Int32 errorCode, String maybeFullPath)
   在 System.IO.FileStream.Init(String path, FileMode mode, FileAccess access, Int32 rights, Boolean useRights, FileShare share, Int32 bufferSize, FileOptions options, SECURITY_ATTRIBUTES secAttrs, String msgPath, Boolean bFromProxy, Boolean useLongPath, Boolean checkHost)
   在 System.IO.FileStream..ctor(String path, FileMode mode, FileAccess access, FileShare share)
   在 MonoTests.System.Drawing.Imaging.MetafileTest.GetMetafileHeader_FromFileStream_WmfPlaceable() 位置 C:\ProgramData\Git\zkweb.system.drawing\src\ZKWeb.System.Drawing.Tests\System.Drawing.Imaging\MetafileTest.cs:行号 180]]></stack-trace>
                </failure>
              </test-case>
              <test-case id="2340" name="GetMetafileHeader_FromMemoryStream_Emf" fullname="MonoTests.System.Drawing.Imaging.MetafileTest.GetMetafileHeader_FromMemoryStream_Emf" methodname="GetMetafileHeader_FromMemoryStream_Emf" classname="MonoTests.System.Drawing.Imaging.MetafileTest" runstate="Runnable" seed="531300374" result="Failed" label="Error" start-time="2017-05-02 03:42:22Z" end-time="2017-05-02 03:42:22Z" duration="0.001244" asserts="0">
                <failure>
                  <message><![CDATA[System.IO.DirectoryNotFoundException : 未能找到路径“C:\ProgramData\Git\zkweb.system.drawing\src\ZKWeb.System.Drawing.Console\Test\System.Drawing\bitmaps\milkmateya01.emf”的一部分。]]></message>
                  <stack-trace><![CDATA[   在 System.IO.__Error.WinIOError(Int32 errorCode, String maybeFullPath)
   在 System.IO.FileStream.Init(String path, FileMode mode, FileAccess access, Int32 rights, Boolean useRights, FileShare share, Int32 bufferSize, FileOptions options, SECURITY_ATTRIBUTES secAttrs, String msgPath, Boolean bFromProxy, Boolean useLongPath, Boolean checkHost)
   在 System.IO.FileStream..ctor(String path, FileMode mode, FileAccess access, FileShare share)
   在 MonoTests.System.Drawing.Imaging.MetafileTest.GetMetafileHeader_FromMemoryStream_Emf() 位置 C:\ProgramData\Git\zkweb.system.drawing\src\ZKWeb.System.Drawing.Tests\System.Drawing.Imaging\MetafileTest.cs:行号 279]]></stack-trace>
                </failure>
              </test-case>
              <test-case id="2337" name="GetMetafileHeader_FromMemoryStream_WmfPlaceable" fullname="MonoTests.System.Drawing.Imaging.MetafileTest.GetMetafileHeader_FromMemoryStream_WmfPlaceable" methodname="GetMetafileHeader_FromMemoryStream_WmfPlaceable" classname="MonoTests.System.Drawing.Imaging.MetafileTest" runstate="Runnable" seed="756670589" result="Failed" label="Error" start-time="2017-05-02 03:42:22Z" end-time="2017-05-02 03:42:22Z" duration="0.001372" asserts="0">
                <failure>
                  <message><![CDATA[System.IO.DirectoryNotFoundException : 未能找到路径“C:\ProgramData\Git\zkweb.system.drawing\src\ZKWeb.System.Drawing.Console\Test\System.Drawing\bitmaps\telescope_01.wmf”的一部分。]]></message>
                  <stack-trace><![CDATA[   在 System.IO.__Error.WinIOError(Int32 errorCode, String maybeFullPath)
   在 System.IO.FileStream.Init(String path, FileMode mode, FileAccess access, Int32 rights, Boolean useRights, FileShare share, Int32 bufferSize, FileOptions options, SECURITY_ATTRIBUTES secAttrs, String msgPath, Boolean bFromProxy, Boolean useLongPath, Boolean checkHost)
   在 System.IO.FileStream..ctor(String path, FileMode mode, FileAccess access, FileShare share)
   在 MonoTests.System.Drawing.Imaging.MetafileTest.GetMetafileHeader_FromMemoryStream_WmfPlaceable() 位置 C:\ProgramData\Git\zkweb.system.drawing\src\ZKWeb.System.Drawing.Tests\System.Drawing.Imaging\MetafileTest.cs:行号 198]]></stack-trace>
                </failure>
              </test-case>
              <test-case id="2334" name="GetMetafileHeader_WmfPlaceable" fullname="MonoTests.System.Drawing.Imaging.MetafileTest.GetMetafileHeader_WmfPlaceable" methodname="GetMetafileHeader_WmfPlaceable" classname="MonoTests.System.Drawing.Imaging.MetafileTest" runstate="Runnable" seed="523188411" result="Failed" label="Error" start-time="2017-05-02 03:42:22Z" end-time="2017-05-02 03:42:22Z" duration="0.001211" asserts="0">
                <failure>
                  <message><![CDATA[System.IO.FileLoadException : Couldn't load specified file.]]></message>
                  <stack-trace><![CDATA[   在 System.DrawingCore.Imaging.Metafile..ctor(String filename)
   在 MonoTests.System.Drawing.Imaging.MetafileTest.GetMetafileHeader_WmfPlaceable() 位置 C:\ProgramData\Git\zkweb.system.drawing\src\ZKWeb.System.Drawing.Tests\System.Drawing.Imaging\MetafileTest.cs:行号 153]]></stack-trace>
                </failure>
              </test-case>
              <test-case id="2328" name="Metafile_Stream_Null" fullname="MonoTests.System.Drawing.Imaging.MetafileTest.Metafile_Stream_Null" methodname="Metafile_Stream_Null" classname="MonoTests.System.Drawing.Imaging.MetafileTest" runstate="Runnable" seed="1293756945" result="Passed" start-time="2017-05-02 03:42:22Z" end-time="2017-05-02 03:42:22Z" duration="0.001186" asserts="1" />
              <test-case id="2332" name="Metafile_String" fullname="MonoTests.System.Drawing.Imaging.MetafileTest.Metafile_String" methodname="Metafile_String" classname="MonoTests.System.Drawing.Imaging.MetafileTest" runstate="Runnable" seed="66559430" result="Failed" label="Error" start-time="2017-05-02 03:42:22Z" end-time="2017-05-02 03:42:22Z" duration="0.001165" asserts="0">
                <failure>
                  <message><![CDATA[System.IO.FileLoadException : Couldn't load specified file.]]></message>
                  <stack-trace><![CDATA[   在 System.DrawingCore.Imaging.Metafile..ctor(String filename)
   在 MonoTests.System.Drawing.Imaging.MetafileTest.Metafile_String() 位置 C:\ProgramData\Git\zkweb.system.drawing\src\ZKWeb.System.Drawing.Tests\System.Drawing.Imaging\MetafileTest.cs:行号 97]]></stack-trace>
                </failure>
              </test-case>
              <test-case id="2330" name="Metafile_String_Empty" fullname="MonoTests.System.Drawing.Imaging.MetafileTest.Metafile_String_Empty" methodname="Metafile_String_Empty" classname="MonoTests.System.Drawing.Imaging.MetafileTest" runstate="Runnable" seed="1402704847" result="Passed" start-time="2017-05-02 03:42:22Z" end-time="2017-05-02 03:42:22Z" duration="0.000945" asserts="1" />
              <test-case id="2331" name="Metafile_String_FileDoesNotExists" fullname="MonoTests.System.Drawing.Imaging.MetafileTest.Metafile_String_FileDoesNotExists" methodname="Metafile_String_FileDoesNotExists" classname="MonoTests.System.Drawing.Imaging.MetafileTest" runstate="Runnable" seed="483926498" result="Failed" start-time="2017-05-02 03:42:22Z" end-time="2017-05-02 03:42:22Z" duration="0.001567" asserts="1">
                <failure>
                  <message><![CDATA[  Expected: <System.Exception>
  But was:  <System.IO.FileLoadException: Couldn't load specified file.
   在 System.DrawingCore.Imaging.Metafile..ctor(String filename)
   在 MonoTests.System.Drawing.Imaging.MetafileTest.<>c.<Metafile_String_FileDoesNotExists>b__7_0() 位置 C:\ProgramData\Git\zkweb.system.drawing\src\ZKWeb.System.Drawing.Tests\System.Drawing.Imaging\MetafileTest.cs:行号 89
   在 NUnit.Framework.Assert.Throws(IResolveConstraint expression, TestDelegate code, String message, Object[] args)>
]]></message>
                  <stack-trace><![CDATA[在 MonoTests.System.Drawing.Imaging.MetafileTest.Metafile_String_FileDoesNotExists() 位置 C:\ProgramData\Git\zkweb.system.drawing\src\ZKWeb.System.Drawing.Tests\System.Drawing.Imaging\MetafileTest.cs:行号 90
]]></stack-trace>
                </failure>
                <assertions>
                  <assertion result="Failed">
                    <message><![CDATA[  Expected: <System.Exception>
  But was:  <System.IO.FileLoadException: Couldn't load specified file.
   在 System.DrawingCore.Imaging.Metafile..ctor(String filename)
   在 MonoTests.System.Drawing.Imaging.MetafileTest.<>c.<Metafile_String_FileDoesNotExists>b__7_0() 位置 C:\ProgramData\Git\zkweb.system.drawing\src\ZKWeb.System.Drawing.Tests\System.Drawing.Imaging\MetafileTest.cs:行号 89
   在 NUnit.Framework.Assert.Throws(IResolveConstraint expression, TestDelegate code, String message, Object[] args)>
]]></message>
                    <stack-trace><![CDATA[在 MonoTests.System.Drawing.Imaging.MetafileTest.Metafile_String_FileDoesNotExists() 位置 C:\ProgramData\Git\zkweb.system.drawing\src\ZKWeb.System.Drawing.Tests\System.Drawing.Imaging\MetafileTest.cs:行号 90
]]></stack-trace>
                  </assertion>
                </assertions>
              </test-case>
              <test-case id="2329" name="Metafile_String_Null" fullname="MonoTests.System.Drawing.Imaging.MetafileTest.Metafile_String_Null" methodname="Metafile_String_Null" classname="MonoTests.System.Drawing.Imaging.MetafileTest" runstate="Runnable" seed="130571096" result="Passed" start-time="2017-05-02 03:42:22Z" end-time="2017-05-02 03:42:22Z" duration="0.000754" asserts="1" />
              <test-case id="2344" name="Static_GetMetafileHeader_Filename" fullname="MonoTests.System.Drawing.Imaging.MetafileTest.Static_GetMetafileHeader_Filename" methodname="Static_GetMetafileHeader_Filename" classname="MonoTests.System.Drawing.Imaging.MetafileTest" runstate="Runnable" seed="1584073070" result="Failed" label="Error" start-time="2017-05-02 03:42:22Z" end-time="2017-05-02 03:42:22Z" duration="0.001336" asserts="0">
                <failure>
                  <message><![CDATA[System.ArgumentException : A null reference or invalid value was found [GDI+ status: InvalidParameter]]]></message>
                  <stack-trace><![CDATA[   在 System.DrawingCore.GDIPlus.CheckStatus(Status status)
   在 System.DrawingCore.Imaging.Metafile.GetMetafileHeader(String fileName)
   在 MonoTests.System.Drawing.Imaging.MetafileTest.Static_GetMetafileHeader_Filename() 位置 C:\ProgramData\Git\zkweb.system.drawing\src\ZKWeb.System.Drawing.Tests\System.Drawing.Imaging\MetafileTest.cs:行号 321]]></stack-trace>
                </failure>
              </test-case>
              <test-case id="2343" name="Static_GetMetafileHeader_Filename_Null" fullname="MonoTests.System.Drawing.Imaging.MetafileTest.Static_GetMetafileHeader_Filename_Null" methodname="Static_GetMetafileHeader_Filename_Null" classname="MonoTests.System.Drawing.Imaging.MetafileTest" runstate="Runnable" seed="58201601" result="Passed" start-time="2017-05-02 03:42:22Z" end-time="2017-05-02 03:42:22Z" duration="0.000781" asserts="1" />
              <test-case id="2342" name="Static_GetMetafileHeader_Stream" fullname="MonoTests.System.Drawing.Imaging.MetafileTest.Static_GetMetafileHeader_Stream" methodname="Static_GetMetafileHeader_Stream" classname="MonoTests.System.Drawing.Imaging.MetafileTest" runstate="Runnable" seed="1830757474" result="Failed" label="Error" start-time="2017-05-02 03:42:22Z" end-time="2017-05-02 03:42:22Z" duration="0.001077" asserts="0">
                <failure>
                  <message><![CDATA[System.IO.DirectoryNotFoundException : 未能找到路径“C:\ProgramData\Git\zkweb.system.drawing\src\ZKWeb.System.Drawing.Console\Test\System.Drawing\bitmaps\telescope_01.wmf”的一部分。]]></message>
                  <stack-trace><![CDATA[   在 System.IO.__Error.WinIOError(Int32 errorCode, String maybeFullPath)
   在 System.IO.FileStream.Init(String path, FileMode mode, FileAccess access, Int32 rights, Boolean useRights, FileShare share, Int32 bufferSize, FileOptions options, SECURITY_ATTRIBUTES secAttrs, String msgPath, Boolean bFromProxy, Boolean useLongPath, Boolean checkHost)
   在 System.IO.FileStream..ctor(String path, FileMode mode, FileAccess access, FileShare share)
   在 MonoTests.System.Drawing.Imaging.MetafileTest.Static_GetMetafileHeader_Stream() 位置 C:\ProgramData\Git\zkweb.system.drawing\src\ZKWeb.System.Drawing.Tests\System.Drawing.Imaging\MetafileTest.cs:行号 303]]></stack-trace>
                </failure>
              </test-case>
              <test-case id="2341" name="Static_GetMetafileHeader_Stream_Null" fullname="MonoTests.System.Drawing.Imaging.MetafileTest.Static_GetMetafileHeader_Stream_Null" methodname="Static_GetMetafileHeader_Stream_Null" classname="MonoTests.System.Drawing.Imaging.MetafileTest" runstate="Runnable" seed="1850111567" result="Passed" start-time="2017-05-02 03:42:22Z" end-time="2017-05-02 03:42:22Z" duration="0.001183" asserts="1" />
            </test-suite>
            <test-suite type="TestFixture" id="2369" name="MetaHeaderTest" fullname="MonoTests.System.Drawing.Imaging.MetaHeaderTest" classname="MonoTests.System.Drawing.Imaging.MetaHeaderTest" runstate="Runnable" testcasecount="3" result="Passed" start-time="2017-05-02 03:42:22Z" end-time="2017-05-02 03:42:22Z" duration="0.015215" total="3" passed="3" failed="0" warnings="0" inconclusive="0" skipped="0" asserts="21">
              <test-case id="2370" name="DefaultValues" fullname="MonoTests.System.Drawing.Imaging.MetaHeaderTest.DefaultValues" methodname="DefaultValues" classname="MonoTests.System.Drawing.Imaging.MetaHeaderTest" runstate="Runnable" seed="1562965206" result="Passed" start-time="2017-05-02 03:42:22Z" end-time="2017-05-02 03:42:22Z" duration="0.001258" asserts="7" />
              <test-case id="2372" name="Max" fullname="MonoTests.System.Drawing.Imaging.MetaHeaderTest.Max" methodname="Max" classname="MonoTests.System.Drawing.Imaging.MetaHeaderTest" runstate="Runnable" seed="2114377422" result="Passed" start-time="2017-05-02 03:42:22Z" end-time="2017-05-02 03:42:22Z" duration="0.001272" asserts="7" />
              <test-case id="2371" name="Min" fullname="MonoTests.System.Drawing.Imaging.MetaHeaderTest.Min" methodname="Min" classname="MonoTests.System.Drawing.Imaging.MetaHeaderTest" runstate="Runnable" seed="116623593" result="Passed" start-time="2017-05-02 03:42:22Z" end-time="2017-05-02 03:42:22Z" duration="0.001138" asserts="7" />
            </test-suite>
            <test-suite type="TestFixture" id="2373" name="PngCodecTest" fullname="MonoTests.System.Drawing.Imaging.PngCodecTest" classname="MonoTests.System.Drawing.Imaging.PngCodecTest" runstate="Runnable" testcasecount="16" result="Failed" site="Child" start-time="2017-05-02 03:42:22Z" end-time="2017-05-02 03:42:23Z" duration="0.128149" total="16" passed="4" failed="12" warnings="0" inconclusive="0" skipped="0" asserts="11">
              <failure>
                <message><![CDATA[One or more child tests had errors]]></message>
              </failure>
              <test-case id="2376" name="Bitmap1bitData" fullname="MonoTests.System.Drawing.Imaging.PngCodecTest.Bitmap1bitData" methodname="Bitmap1bitData" classname="MonoTests.System.Drawing.Imaging.PngCodecTest" runstate="Runnable" seed="365362887" result="Failed" label="Error" start-time="2017-05-02 03:42:22Z" end-time="2017-05-02 03:42:22Z" duration="0.007078" asserts="0">
                <failure>
                  <message><![CDATA[System.ArgumentException : A null reference or invalid value was found [GDI+ status: InvalidParameter]]]></message>
                  <stack-trace><![CDATA[   在 System.DrawingCore.GDIPlus.CheckStatus(Status status)
   在 System.DrawingCore.Bitmap..ctor(String filename, Boolean useIcm)
   在 MonoTests.System.Drawing.Imaging.PngCodecTest.Bitmap1bitData() 位置 C:\ProgramData\Git\zkweb.system.drawing\src\ZKWeb.System.Drawing.Tests\System.Drawing.Imaging\PngCodecTest.cs:行号 209]]></stack-trace>
                </failure>
              </test-case>
              <test-case id="2374" name="Bitmap1bitFeatures" fullname="MonoTests.System.Drawing.Imaging.PngCodecTest.Bitmap1bitFeatures" methodname="Bitmap1bitFeatures" classname="MonoTests.System.Drawing.Imaging.PngCodecTest" runstate="Runnable" seed="937573373" result="Failed" label="Error" start-time="2017-05-02 03:42:22Z" end-time="2017-05-02 03:42:22Z" duration="0.002944" asserts="0">
                <failure>
                  <message><![CDATA[System.ArgumentException : A null reference or invalid value was found [GDI+ status: InvalidParameter]]]></message>
                  <stack-trace><![CDATA[   在 System.DrawingCore.GDIPlus.CheckStatus(Status status)
   在 System.DrawingCore.Bitmap..ctor(String filename, Boolean useIcm)
   在 MonoTests.System.Drawing.Imaging.PngCodecTest.Bitmap1bitFeatures() 位置 C:\ProgramData\Git\zkweb.system.drawing\src\ZKWeb.System.Drawing.Tests\System.Drawing.Imaging\PngCodecTest.cs:行号 99]]></stack-trace>
                </failure>
              </test-case>
              <test-case id="2375" name="Bitmap1bitPixels" fullname="MonoTests.System.Drawing.Imaging.PngCodecTest.Bitmap1bitPixels" methodname="Bitmap1bitPixels" classname="MonoTests.System.Drawing.Imaging.PngCodecTest" runstate="Runnable" seed="1068500345" result="Failed" label="Error" start-time="2017-05-02 03:42:22Z" end-time="2017-05-02 03:42:22Z" duration="0.008010" asserts="0">
                <failure>
                  <message><![CDATA[System.ArgumentException : A null reference or invalid value was found [GDI+ status: InvalidParameter]]]></message>
                  <stack-trace><![CDATA[   在 System.DrawingCore.GDIPlus.CheckStatus(Status status)
   在 System.DrawingCore.Bitmap..ctor(String filename, Boolean useIcm)
   在 MonoTests.System.Drawing.Imaging.PngCodecTest.Bitmap1bitPixels() 位置 C:\ProgramData\Git\zkweb.system.drawing\src\ZKWeb.System.Drawing.Tests\System.Drawing.Imaging\PngCodecTest.cs:行号 127]]></stack-trace>
                </failure>
              </test-case>
              <test-case id="2379" name="Bitmap2bitData" fullname="MonoTests.System.Drawing.Imaging.PngCodecTest.Bitmap2bitData" methodname="Bitmap2bitData" classname="MonoTests.System.Drawing.Imaging.PngCodecTest" runstate="Runnable" seed="2108756906" result="Failed" label="Error" start-time="2017-05-02 03:42:22Z" end-time="2017-05-02 03:42:22Z" duration="0.004594" asserts="0">
                <failure>
                  <message><![CDATA[System.ArgumentException : A null reference or invalid value was found [GDI+ status: InvalidParameter]]]></message>
                  <stack-trace><![CDATA[   在 System.DrawingCore.GDIPlus.CheckStatus(Status status)
   在 System.DrawingCore.Bitmap..ctor(String filename, Boolean useIcm)
   在 MonoTests.System.Drawing.Imaging.PngCodecTest.Bitmap2bitData() 位置 C:\ProgramData\Git\zkweb.system.drawing\src\ZKWeb.System.Drawing.Tests\System.Drawing.Imaging\PngCodecTest.cs:行号 383]]></stack-trace>
                </failure>
              </test-case>
              <test-case id="2377" name="Bitmap2bitFeatures" fullname="MonoTests.System.Drawing.Imaging.PngCodecTest.Bitmap2bitFeatures" methodname="Bitmap2bitFeatures" classname="MonoTests.System.Drawing.Imaging.PngCodecTest" runstate="Runnable" seed="1458879400" result="Failed" label="Error" start-time="2017-05-02 03:42:22Z" end-time="2017-05-02 03:42:22Z" duration="0.002440" asserts="0">
                <failure>
                  <message><![CDATA[System.ArgumentException : A null reference or invalid value was found [GDI+ status: InvalidParameter]]]></message>
                  <stack-trace><![CDATA[   在 System.DrawingCore.GDIPlus.CheckStatus(Status status)
   在 System.DrawingCore.Bitmap..ctor(String filename, Boolean useIcm)
   在 MonoTests.System.Drawing.Imaging.PngCodecTest.Bitmap2bitFeatures() 位置 C:\ProgramData\Git\zkweb.system.drawing\src\ZKWeb.System.Drawing.Tests\System.Drawing.Imaging\PngCodecTest.cs:行号 317]]></stack-trace>
                </failure>
              </test-case>
              <test-case id="2378" name="Bitmap2bitPixels" fullname="MonoTests.System.Drawing.Imaging.PngCodecTest.Bitmap2bitPixels" methodname="Bitmap2bitPixels" classname="MonoTests.System.Drawing.Imaging.PngCodecTest" runstate="Runnable" seed="838430067" result="Failed" label="Error" start-time="2017-05-02 03:42:22Z" end-time="2017-05-02 03:42:22Z" duration="0.003707" asserts="0">
                <failure>
                  <message><![CDATA[System.ArgumentException : A null reference or invalid value was found [GDI+ status: InvalidParameter]]]></message>
                  <stack-trace><![CDATA[   在 System.DrawingCore.GDIPlus.CheckStatus(Status status)
   在 System.DrawingCore.Bitmap..ctor(String filename, Boolean useIcm)
   在 MonoTests.System.Drawing.Imaging.PngCodecTest.Bitmap2bitPixels() 位置 C:\ProgramData\Git\zkweb.system.drawing\src\ZKWeb.System.Drawing.Tests\System.Drawing.Imaging\PngCodecTest.cs:行号 348]]></stack-trace>
                </failure>
              </test-case>
              <test-case id="2382" name="Bitmap4bitData" fullname="MonoTests.System.Drawing.Imaging.PngCodecTest.Bitmap4bitData" methodname="Bitmap4bitData" classname="MonoTests.System.Drawing.Imaging.PngCodecTest" runstate="Runnable" seed="141454751" result="Failed" label="Error" start-time="2017-05-02 03:42:22Z" end-time="2017-05-02 03:42:22Z" duration="0.007202" asserts="0">
                <failure>
                  <message><![CDATA[System.ArgumentException : A null reference or invalid value was found [GDI+ status: InvalidParameter]]]></message>
                  <stack-trace><![CDATA[   在 System.DrawingCore.GDIPlus.CheckStatus(Status status)
   在 System.DrawingCore.Bitmap..ctor(String filename, Boolean useIcm)
   在 MonoTests.System.Drawing.Imaging.PngCodecTest.Bitmap4bitData() 位置 C:\ProgramData\Git\zkweb.system.drawing\src\ZKWeb.System.Drawing.Tests\System.Drawing.Imaging\PngCodecTest.cs:行号 569]]></stack-trace>
                </failure>
              </test-case>
              <test-case id="2380" name="Bitmap4bitFeatures" fullname="MonoTests.System.Drawing.Imaging.PngCodecTest.Bitmap4bitFeatures" methodname="Bitmap4bitFeatures" classname="MonoTests.System.Drawing.Imaging.PngCodecTest" runstate="Runnable" seed="644420729" result="Failed" label="Error" start-time="2017-05-02 03:42:22Z" end-time="2017-05-02 03:42:22Z" duration="0.004487" asserts="0">
                <failure>
                  <message><![CDATA[System.ArgumentException : A null reference or invalid value was found [GDI+ status: InvalidParameter]]]></message>
                  <stack-trace><![CDATA[   在 System.DrawingCore.GDIPlus.CheckStatus(Status status)
   在 System.DrawingCore.Bitmap..ctor(String filename, Boolean useIcm)
   在 MonoTests.System.Drawing.Imaging.PngCodecTest.Bitmap4bitFeatures() 位置 C:\ProgramData\Git\zkweb.system.drawing\src\ZKWeb.System.Drawing.Tests\System.Drawing.Imaging\PngCodecTest.cs:行号 444]]></stack-trace>
                </failure>
              </test-case>
              <test-case id="2381" name="Bitmap4bitPixels" fullname="MonoTests.System.Drawing.Imaging.PngCodecTest.Bitmap4bitPixels" methodname="Bitmap4bitPixels" classname="MonoTests.System.Drawing.Imaging.PngCodecTest" runstate="Runnable" seed="1218939949" result="Failed" label="Error" start-time="2017-05-02 03:42:22Z" end-time="2017-05-02 03:42:22Z" duration="0.008270" asserts="0">
                <failure>
                  <message><![CDATA[System.ArgumentException : A null reference or invalid value was found [GDI+ status: InvalidParameter]]]></message>
                  <stack-trace><![CDATA[   在 System.DrawingCore.GDIPlus.CheckStatus(Status status)
   在 System.DrawingCore.Bitmap..ctor(String filename, Boolean useIcm)
   在 MonoTests.System.Drawing.Imaging.PngCodecTest.Bitmap4bitPixels() 位置 C:\ProgramData\Git\zkweb.system.drawing\src\ZKWeb.System.Drawing.Tests\System.Drawing.Imaging\PngCodecTest.cs:行号 486]]></stack-trace>
                </failure>
              </test-case>
              <test-case id="2383" name="Save_24bppRgb" fullname="MonoTests.System.Drawing.Imaging.PngCodecTest.Save_24bppRgb" methodname="Save_24bppRgb" classname="MonoTests.System.Drawing.Imaging.PngCodecTest" runstate="Runnable" seed="743865575" result="Passed" start-time="2017-05-02 03:42:22Z" end-time="2017-05-02 03:42:22Z" duration="0.004306" asserts="2" />
              <test-case id="2385" name="Save_32bppArgb" fullname="MonoTests.System.Drawing.Imaging.PngCodecTest.Save_32bppArgb" methodname="Save_32bppArgb" classname="MonoTests.System.Drawing.Imaging.PngCodecTest" runstate="Runnable" seed="579640917" result="Passed" start-time="2017-05-02 03:42:22Z" end-time="2017-05-02 03:42:22Z" duration="0.002349" asserts="2" />
              <test-case id="2386" name="Save_32bppPArgb" fullname="MonoTests.System.Drawing.Imaging.PngCodecTest.Save_32bppPArgb" methodname="Save_32bppPArgb" classname="MonoTests.System.Drawing.Imaging.PngCodecTest" runstate="Runnable" seed="1683876272" result="Passed" start-time="2017-05-02 03:42:22Z" end-time="2017-05-02 03:42:22Z" duration="0.002296" asserts="2" />
              <test-case id="2384" name="Save_32bppRgb" fullname="MonoTests.System.Drawing.Imaging.PngCodecTest.Save_32bppRgb" methodname="Save_32bppRgb" classname="MonoTests.System.Drawing.Imaging.PngCodecTest" runstate="Runnable" seed="1357615259" result="Passed" start-time="2017-05-02 03:42:22Z" end-time="2017-05-02 03:42:23Z" duration="0.002051" asserts="2" />
              <test-case id="2387" name="Save_48bppRgb" fullname="MonoTests.System.Drawing.Imaging.PngCodecTest.Save_48bppRgb" methodname="Save_48bppRgb" classname="MonoTests.System.Drawing.Imaging.PngCodecTest" runstate="Runnable" seed="675957274" result="Failed" start-time="2017-05-02 03:42:23Z" end-time="2017-05-02 03:42:23Z" duration="0.003582" asserts="1">
                <properties>
                  <property name="Category" value="NotWorking" />
                </properties>
                <failure>
                  <message><![CDATA[  PixelFormat
  Expected: Format48bppRgb
  But was:  Format32bppArgb
]]></message>
                  <stack-trace><![CDATA[在 MonoTests.System.Drawing.Imaging.PngCodecTest.Save(PixelFormat original, PixelFormat expected, Boolean colorCheck) 位置 C:\ProgramData\Git\zkweb.system.drawing\src\ZKWeb.System.Drawing.Tests\System.Drawing.Imaging\PngCodecTest.cs:行号 688
]]></stack-trace>
                </failure>
                <assertions>
                  <assertion result="Failed">
                    <message><![CDATA[  PixelFormat
  Expected: Format48bppRgb
  But was:  Format32bppArgb
]]></message>
                    <stack-trace><![CDATA[在 MonoTests.System.Drawing.Imaging.PngCodecTest.Save(PixelFormat original, PixelFormat expected, Boolean colorCheck) 位置 C:\ProgramData\Git\zkweb.system.drawing\src\ZKWeb.System.Drawing.Tests\System.Drawing.Imaging\PngCodecTest.cs:行号 688
]]></stack-trace>
                  </assertion>
                </assertions>
              </test-case>
              <test-case id="2388" name="Save_64bppArgb" fullname="MonoTests.System.Drawing.Imaging.PngCodecTest.Save_64bppArgb" methodname="Save_64bppArgb" classname="MonoTests.System.Drawing.Imaging.PngCodecTest" runstate="Runnable" seed="2106159681" result="Failed" start-time="2017-05-02 03:42:23Z" end-time="2017-05-02 03:42:23Z" duration="0.002849" asserts="1">
                <properties>
                  <property name="Category" value="NotWorking" />
                </properties>
                <failure>
                  <message><![CDATA[  PixelFormat
  Expected: Format64bppArgb
  But was:  Format32bppArgb
]]></message>
                  <stack-trace><![CDATA[在 MonoTests.System.Drawing.Imaging.PngCodecTest.Save(PixelFormat original, PixelFormat expected, Boolean colorCheck) 位置 C:\ProgramData\Git\zkweb.system.drawing\src\ZKWeb.System.Drawing.Tests\System.Drawing.Imaging\PngCodecTest.cs:行号 688
]]></stack-trace>
                </failure>
                <assertions>
                  <assertion result="Failed">
                    <message><![CDATA[  PixelFormat
  Expected: Format64bppArgb
  But was:  Format32bppArgb
]]></message>
                    <stack-trace><![CDATA[在 MonoTests.System.Drawing.Imaging.PngCodecTest.Save(PixelFormat original, PixelFormat expected, Boolean colorCheck) 位置 C:\ProgramData\Git\zkweb.system.drawing\src\ZKWeb.System.Drawing.Tests\System.Drawing.Imaging\PngCodecTest.cs:行号 688
]]></stack-trace>
                  </assertion>
                </assertions>
              </test-case>
              <test-case id="2389" name="Save_64bppPArgb" fullname="MonoTests.System.Drawing.Imaging.PngCodecTest.Save_64bppPArgb" methodname="Save_64bppPArgb" classname="MonoTests.System.Drawing.Imaging.PngCodecTest" runstate="Runnable" seed="2059679448" result="Failed" start-time="2017-05-02 03:42:23Z" end-time="2017-05-02 03:42:23Z" duration="0.003333" asserts="1">
                <properties>
                  <property name="Category" value="NotWorking" />
                </properties>
                <failure>
                  <message><![CDATA[  PixelFormat
  Expected: Format64bppArgb
  But was:  Format32bppArgb
]]></message>
                  <stack-trace><![CDATA[在 MonoTests.System.Drawing.Imaging.PngCodecTest.Save(PixelFormat original, PixelFormat expected, Boolean colorCheck) 位置 C:\ProgramData\Git\zkweb.system.drawing\src\ZKWeb.System.Drawing.Tests\System.Drawing.Imaging\PngCodecTest.cs:行号 688
]]></stack-trace>
                </failure>
                <assertions>
                  <assertion result="Failed">
                    <message><![CDATA[  PixelFormat
  Expected: Format64bppArgb
  But was:  Format32bppArgb
]]></message>
                    <stack-trace><![CDATA[在 MonoTests.System.Drawing.Imaging.PngCodecTest.Save(PixelFormat original, PixelFormat expected, Boolean colorCheck) 位置 C:\ProgramData\Git\zkweb.system.drawing\src\ZKWeb.System.Drawing.Tests\System.Drawing.Imaging\PngCodecTest.cs:行号 688
]]></stack-trace>
                  </assertion>
                </assertions>
              </test-case>
            </test-suite>
            <test-suite type="TestFixture" id="2484" name="TiffCodecTest" fullname="MonoTests.System.Drawing.Imaging.TiffCodecTest" classname="MonoTests.System.Drawing.Imaging.TiffCodecTest" runstate="Runnable" testcasecount="10" result="Failed" site="Child" start-time="2017-05-02 03:42:23Z" end-time="2017-05-02 03:42:23Z" duration="0.075252" total="10" passed="7" failed="3" warnings="0" inconclusive="0" skipped="0" asserts="11">
              <failure>
                <message><![CDATA[One or more child tests had errors]]></message>
              </failure>
              <test-case id="2487" name="Bitmap32bitsData" fullname="MonoTests.System.Drawing.Imaging.TiffCodecTest.Bitmap32bitsData" methodname="Bitmap32bitsData" classname="MonoTests.System.Drawing.Imaging.TiffCodecTest" runstate="Runnable" seed="1606028526" result="Failed" label="Error" start-time="2017-05-02 03:42:23Z" end-time="2017-05-02 03:42:23Z" duration="0.008797" asserts="0">
                <failure>
                  <message><![CDATA[System.ArgumentException : A null reference or invalid value was found [GDI+ status: InvalidParameter]]]></message>
                  <stack-trace><![CDATA[   在 System.DrawingCore.GDIPlus.CheckStatus(Status status)
   在 System.DrawingCore.Bitmap..ctor(String filename, Boolean useIcm)
   在 MonoTests.System.Drawing.Imaging.TiffCodecTest.Bitmap32bitsData() 位置 C:\ProgramData\Git\zkweb.system.drawing\src\ZKWeb.System.Drawing.Tests\System.Drawing.Imaging\TiffCodecTest.cs:行号 158]]></stack-trace>
                </failure>
              </test-case>
              <test-case id="2485" name="Bitmap32bitsFeatures" fullname="MonoTests.System.Drawing.Imaging.TiffCodecTest.Bitmap32bitsFeatures" methodname="Bitmap32bitsFeatures" classname="MonoTests.System.Drawing.Imaging.TiffCodecTest" runstate="Runnable" seed="453464897" result="Failed" label="Error" start-time="2017-05-02 03:42:23Z" end-time="2017-05-02 03:42:23Z" duration="0.002369" asserts="0">
                <failure>
                  <message><![CDATA[System.ArgumentException : A null reference or invalid value was found [GDI+ status: InvalidParameter]]]></message>
                  <stack-trace><![CDATA[   在 System.DrawingCore.GDIPlus.CheckStatus(Status status)
   在 System.DrawingCore.Bitmap..ctor(String filename, Boolean useIcm)
   在 MonoTests.System.Drawing.Imaging.TiffCodecTest.Bitmap32bitsFeatures() 位置 C:\ProgramData\Git\zkweb.system.drawing\src\ZKWeb.System.Drawing.Tests\System.Drawing.Imaging\TiffCodecTest.cs:行号 84]]></stack-trace>
                </failure>
              </test-case>
              <test-case id="2486" name="Bitmap32bitsPixels" fullname="MonoTests.System.Drawing.Imaging.TiffCodecTest.Bitmap32bitsPixels" methodname="Bitmap32bitsPixels" classname="MonoTests.System.Drawing.Imaging.TiffCodecTest" runstate="Runnable" seed="2106737837" result="Failed" label="Error" start-time="2017-05-02 03:42:23Z" end-time="2017-05-02 03:42:23Z" duration="0.005181" asserts="0">
                <failure>
                  <message><![CDATA[System.ArgumentException : A null reference or invalid value was found [GDI+ status: InvalidParameter]]]></message>
                  <stack-trace><![CDATA[   在 System.DrawingCore.GDIPlus.CheckStatus(Status status)
   在 System.DrawingCore.Bitmap..ctor(String filename, Boolean useIcm)
   在 MonoTests.System.Drawing.Imaging.TiffCodecTest.Bitmap32bitsPixels() 位置 C:\ProgramData\Git\zkweb.system.drawing\src\ZKWeb.System.Drawing.Tests\System.Drawing.Imaging\TiffCodecTest.cs:行号 106]]></stack-trace>
                </failure>
              </test-case>
              <test-case id="2488" name="Save_24bppRgb" fullname="MonoTests.System.Drawing.Imaging.TiffCodecTest.Save_24bppRgb" methodname="Save_24bppRgb" classname="MonoTests.System.Drawing.Imaging.TiffCodecTest" runstate="Runnable" seed="2097377119" result="Passed" start-time="2017-05-02 03:42:23Z" end-time="2017-05-02 03:42:23Z" duration="0.004079" asserts="2" />
              <test-case id="2490" name="Save_32bppArgb" fullname="MonoTests.System.Drawing.Imaging.TiffCodecTest.Save_32bppArgb" methodname="Save_32bppArgb" classname="MonoTests.System.Drawing.Imaging.TiffCodecTest" runstate="Runnable" seed="1463328129" result="Passed" start-time="2017-05-02 03:42:23Z" end-time="2017-05-02 03:42:23Z" duration="0.002708" asserts="2" />
              <test-case id="2491" name="Save_32bppPArgb" fullname="MonoTests.System.Drawing.Imaging.TiffCodecTest.Save_32bppPArgb" methodname="Save_32bppPArgb" classname="MonoTests.System.Drawing.Imaging.TiffCodecTest" runstate="Runnable" seed="1602467491" result="Passed" start-time="2017-05-02 03:42:23Z" end-time="2017-05-02 03:42:23Z" duration="0.002639" asserts="2" />
              <test-case id="2489" name="Save_32bppRgb" fullname="MonoTests.System.Drawing.Imaging.TiffCodecTest.Save_32bppRgb" methodname="Save_32bppRgb" classname="MonoTests.System.Drawing.Imaging.TiffCodecTest" runstate="Runnable" seed="1057382578" result="Passed" start-time="2017-05-02 03:42:23Z" end-time="2017-05-02 03:42:23Z" duration="0.004435" asserts="2" />
              <test-case id="2492" name="Save_48bppRgb" fullname="MonoTests.System.Drawing.Imaging.TiffCodecTest.Save_48bppRgb" methodname="Save_48bppRgb" classname="MonoTests.System.Drawing.Imaging.TiffCodecTest" runstate="Runnable" seed="1856565169" result="Passed" start-time="2017-05-02 03:42:23Z" end-time="2017-05-02 03:42:23Z" duration="0.003169" asserts="1">
                <properties>
                  <property name="Category" value="NotWorking" />
                </properties>
              </test-case>
              <test-case id="2493" name="Save_64bppArgb" fullname="MonoTests.System.Drawing.Imaging.TiffCodecTest.Save_64bppArgb" methodname="Save_64bppArgb" classname="MonoTests.System.Drawing.Imaging.TiffCodecTest" runstate="Runnable" seed="679713264" result="Passed" start-time="2017-05-02 03:42:23Z" end-time="2017-05-02 03:42:23Z" duration="0.002860" asserts="1">
                <properties>
                  <property name="Category" value="NotWorking" />
                </properties>
              </test-case>
              <test-case id="2494" name="Save_64bppPArgb" fullname="MonoTests.System.Drawing.Imaging.TiffCodecTest.Save_64bppPArgb" methodname="Save_64bppPArgb" classname="MonoTests.System.Drawing.Imaging.TiffCodecTest" runstate="Runnable" seed="729144766" result="Passed" start-time="2017-05-02 03:42:23Z" end-time="2017-05-02 03:42:23Z" duration="0.002524" asserts="1">
                <properties>
                  <property name="Category" value="NotWorking" />
                </properties>
              </test-case>
            </test-suite>
            <test-suite type="TestFixture" id="2495" name="WmfPlaceableFileHeaderTest" fullname="MonoTests.System.Drawing.Imaging.WmfPlaceableFileHeaderTest" classname="MonoTests.System.Drawing.Imaging.WmfPlaceableFileHeaderTest" runstate="Runnable" testcasecount="3" result="Passed" start-time="2017-05-02 03:42:23Z" end-time="2017-05-02 03:42:23Z" duration="0.015067" total="3" passed="3" failed="0" warnings="0" inconclusive="0" skipped="0" asserts="27">
              <test-case id="2496" name="DefaultValues" fullname="MonoTests.System.Drawing.Imaging.WmfPlaceableFileHeaderTest.DefaultValues" methodname="DefaultValues" classname="MonoTests.System.Drawing.Imaging.WmfPlaceableFileHeaderTest" runstate="Runnable" seed="1269362078" result="Passed" start-time="2017-05-02 03:42:23Z" end-time="2017-05-02 03:42:23Z" duration="0.001327" asserts="9" />
              <test-case id="2498" name="Max" fullname="MonoTests.System.Drawing.Imaging.WmfPlaceableFileHeaderTest.Max" methodname="Max" classname="MonoTests.System.Drawing.Imaging.WmfPlaceableFileHeaderTest" runstate="Runnable" seed="915875641" result="Passed" start-time="2017-05-02 03:42:23Z" end-time="2017-05-02 03:42:23Z" duration="0.001175" asserts="9" />
              <test-case id="2497" name="Min" fullname="MonoTests.System.Drawing.Imaging.WmfPlaceableFileHeaderTest.Min" methodname="Min" classname="MonoTests.System.Drawing.Imaging.WmfPlaceableFileHeaderTest" runstate="Runnable" seed="200679911" result="Passed" start-time="2017-05-02 03:42:23Z" end-time="2017-05-02 03:42:23Z" duration="0.001161" asserts="9" />
            </test-suite>
          </test-suite>
          <test-suite type="TestFixture" id="1746" name="PensTest" fullname="MonoTests.System.Drawing.PensTest" classname="MonoTests.System.Drawing.PensTest" runstate="Runnable" testcasecount="142" result="Passed" start-time="2017-05-02 03:42:23Z" end-time="2017-05-02 03:42:23Z" duration="0.866366" total="142" passed="142" failed="0" warnings="0" inconclusive="0" skipped="0" asserts="424">
            <test-case id="1764" name="TestAliceBlue" fullname="MonoTests.System.Drawing.PensTest.TestAliceBlue" methodname="TestAliceBlue" classname="MonoTests.System.Drawing.PensTest" runstate="Runnable" seed="36389569" result="Passed" start-time="2017-05-02 03:42:23Z" end-time="2017-05-02 03:42:23Z" duration="0.002248" asserts="3" />
            <test-case id="1765" name="TestAntiqueWhite" fullname="MonoTests.System.Drawing.PensTest.TestAntiqueWhite" methodname="TestAntiqueWhite" classname="MonoTests.System.Drawing.PensTest" runstate="Runnable" seed="2062987347" result="Passed" start-time="2017-05-02 03:42:23Z" end-time="2017-05-02 03:42:23Z" duration="0.001122" asserts="3" />
            <test-case id="1766" name="TestAqua" fullname="MonoTests.System.Drawing.PensTest.TestAqua" methodname="TestAqua" classname="MonoTests.System.Drawing.PensTest" runstate="Runnable" seed="310613893" result="Passed" start-time="2017-05-02 03:42:23Z" end-time="2017-05-02 03:42:23Z" duration="0.001107" asserts="3" />
            <test-case id="1767" name="TestAquamarine" fullname="MonoTests.System.Drawing.PensTest.TestAquamarine" methodname="TestAquamarine" classname="MonoTests.System.Drawing.PensTest" runstate="Runnable" seed="748170884" result="Passed" start-time="2017-05-02 03:42:23Z" end-time="2017-05-02 03:42:23Z" duration="0.001357" asserts="3" />
            <test-case id="1768" name="TestAzure" fullname="MonoTests.System.Drawing.PensTest.TestAzure" methodname="TestAzure" classname="MonoTests.System.Drawing.PensTest" runstate="Runnable" seed="1480020184" result="Passed" start-time="2017-05-02 03:42:23Z" end-time="2017-05-02 03:42:23Z" duration="0.001113" asserts="3" />
            <test-case id="1769" name="TestBeige" fullname="MonoTests.System.Drawing.PensTest.TestBeige" methodname="TestBeige" classname="MonoTests.System.Drawing.PensTest" runstate="Runnable" seed="1404164387" result="Passed" start-time="2017-05-02 03:42:23Z" end-time="2017-05-02 03:42:23Z" duration="0.001184" asserts="3" />
            <test-case id="1770" name="TestBisque" fullname="MonoTests.System.Drawing.PensTest.TestBisque" methodname="TestBisque" classname="MonoTests.System.Drawing.PensTest" runstate="Runnable" seed="1684201513" result="Passed" start-time="2017-05-02 03:42:23Z" end-time="2017-05-02 03:42:23Z" duration="0.001125" asserts="3" />
            <test-case id="1771" name="TestBlack" fullname="MonoTests.System.Drawing.PensTest.TestBlack" methodname="TestBlack" classname="MonoTests.System.Drawing.PensTest" runstate="Runnable" seed="1666774521" result="Passed" start-time="2017-05-02 03:42:23Z" end-time="2017-05-02 03:42:23Z" duration="0.000931" asserts="3" />
            <test-case id="1772" name="TestBlanchedAlmond" fullname="MonoTests.System.Drawing.PensTest.TestBlanchedAlmond" methodname="TestBlanchedAlmond" classname="MonoTests.System.Drawing.PensTest" runstate="Runnable" seed="853570850" result="Passed" start-time="2017-05-02 03:42:23Z" end-time="2017-05-02 03:42:23Z" duration="0.001271" asserts="3" />
            <test-case id="1773" name="TestBlue" fullname="MonoTests.System.Drawing.PensTest.TestBlue" methodname="TestBlue" classname="MonoTests.System.Drawing.PensTest" runstate="Runnable" seed="1605823349" result="Passed" start-time="2017-05-02 03:42:23Z" end-time="2017-05-02 03:42:23Z" duration="0.001104" asserts="3" />
            <test-case id="1774" name="TestBlueViolet" fullname="MonoTests.System.Drawing.PensTest.TestBlueViolet" methodname="TestBlueViolet" classname="MonoTests.System.Drawing.PensTest" runstate="Runnable" seed="1832031455" result="Passed" start-time="2017-05-02 03:42:23Z" end-time="2017-05-02 03:42:23Z" duration="0.000988" asserts="3" />
            <test-case id="1775" name="TestBrown" fullname="MonoTests.System.Drawing.PensTest.TestBrown" methodname="TestBrown" classname="MonoTests.System.Drawing.PensTest" runstate="Runnable" seed="800462392" result="Passed" start-time="2017-05-02 03:42:23Z" end-time="2017-05-02 03:42:23Z" duration="0.001266" asserts="3" />
            <test-case id="1776" name="TestBurlyWood" fullname="MonoTests.System.Drawing.PensTest.TestBurlyWood" methodname="TestBurlyWood" classname="MonoTests.System.Drawing.PensTest" runstate="Runnable" seed="1428203620" result="Passed" start-time="2017-05-02 03:42:23Z" end-time="2017-05-02 03:42:23Z" duration="0.001106" asserts="3" />
            <test-case id="1777" name="TestCadetBlue" fullname="MonoTests.System.Drawing.PensTest.TestCadetBlue" methodname="TestCadetBlue" classname="MonoTests.System.Drawing.PensTest" runstate="Runnable" seed="1842426480" result="Passed" start-time="2017-05-02 03:42:23Z" end-time="2017-05-02 03:42:23Z" duration="0.001353" asserts="3" />
            <test-case id="1778" name="TestChartreuse" fullname="MonoTests.System.Drawing.PensTest.TestChartreuse" methodname="TestChartreuse" classname="MonoTests.System.Drawing.PensTest" runstate="Runnable" seed="1785965945" result="Passed" start-time="2017-05-02 03:42:23Z" end-time="2017-05-02 03:42:23Z" duration="0.001165" asserts="3" />
            <test-case id="1779" name="TestChocolate" fullname="MonoTests.System.Drawing.PensTest.TestChocolate" methodname="TestChocolate" classname="MonoTests.System.Drawing.PensTest" runstate="Runnable" seed="1162927363" result="Passed" start-time="2017-05-02 03:42:23Z" end-time="2017-05-02 03:42:23Z" duration="0.001104" asserts="3" />
            <test-case id="1780" name="TestCoral" fullname="MonoTests.System.Drawing.PensTest.TestCoral" methodname="TestCoral" classname="MonoTests.System.Drawing.PensTest" runstate="Runnable" seed="15755491" result="Passed" start-time="2017-05-02 03:42:23Z" end-time="2017-05-02 03:42:23Z" duration="0.001438" asserts="3" />
            <test-case id="1781" name="TestCornflowerBlue" fullname="MonoTests.System.Drawing.PensTest.TestCornflowerBlue" methodname="TestCornflowerBlue" classname="MonoTests.System.Drawing.PensTest" runstate="Runnable" seed="39569632" result="Passed" start-time="2017-05-02 03:42:23Z" end-time="2017-05-02 03:42:23Z" duration="0.001105" asserts="3" />
            <test-case id="1782" name="TestCornsilk" fullname="MonoTests.System.Drawing.PensTest.TestCornsilk" methodname="TestCornsilk" classname="MonoTests.System.Drawing.PensTest" runstate="Runnable" seed="1211296898" result="Passed" start-time="2017-05-02 03:42:23Z" end-time="2017-05-02 03:42:23Z" duration="0.001249" asserts="3" />
            <test-case id="1783" name="TestCrimson" fullname="MonoTests.System.Drawing.PensTest.TestCrimson" methodname="TestCrimson" classname="MonoTests.System.Drawing.PensTest" runstate="Runnable" seed="1500840441" result="Passed" start-time="2017-05-02 03:42:23Z" end-time="2017-05-02 03:42:23Z" duration="0.001451" asserts="3" />
            <test-case id="1784" name="TestCyan" fullname="MonoTests.System.Drawing.PensTest.TestCyan" methodname="TestCyan" classname="MonoTests.System.Drawing.PensTest" runstate="Runnable" seed="275168325" result="Passed" start-time="2017-05-02 03:42:23Z" end-time="2017-05-02 03:42:23Z" duration="0.001165" asserts="3" />
            <test-case id="1785" name="TestDarkBlue" fullname="MonoTests.System.Drawing.PensTest.TestDarkBlue" methodname="TestDarkBlue" classname="MonoTests.System.Drawing.PensTest" runstate="Runnable" seed="1902455926" result="Passed" start-time="2017-05-02 03:42:23Z" end-time="2017-05-02 03:42:23Z" duration="0.001519" asserts="3" />
            <test-case id="1786" name="TestDarkCyan" fullname="MonoTests.System.Drawing.PensTest.TestDarkCyan" methodname="TestDarkCyan" classname="MonoTests.System.Drawing.PensTest" runstate="Runnable" seed="37655785" result="Passed" start-time="2017-05-02 03:42:23Z" end-time="2017-05-02 03:42:23Z" duration="0.001195" asserts="3" />
            <test-case id="1787" name="TestDarkGoldenrod" fullname="MonoTests.System.Drawing.PensTest.TestDarkGoldenrod" methodname="TestDarkGoldenrod" classname="MonoTests.System.Drawing.PensTest" runstate="Runnable" seed="2093457272" result="Passed" start-time="2017-05-02 03:42:23Z" end-time="2017-05-02 03:42:23Z" duration="0.001164" asserts="3" />
            <test-case id="1788" name="TestDarkGray" fullname="MonoTests.System.Drawing.PensTest.TestDarkGray" methodname="TestDarkGray" classname="MonoTests.System.Drawing.PensTest" runstate="Runnable" seed="1834237218" result="Passed" start-time="2017-05-02 03:42:23Z" end-time="2017-05-02 03:42:23Z" duration="0.001280" asserts="3" />
            <test-case id="1789" name="TestDarkGreen" fullname="MonoTests.System.Drawing.PensTest.TestDarkGreen" methodname="TestDarkGreen" classname="MonoTests.System.Drawing.PensTest" runstate="Runnable" seed="1636656572" result="Passed" start-time="2017-05-02 03:42:23Z" end-time="2017-05-02 03:42:23Z" duration="0.000896" asserts="3" />
            <test-case id="1790" name="TestDarkKhaki" fullname="MonoTests.System.Drawing.PensTest.TestDarkKhaki" methodname="TestDarkKhaki" classname="MonoTests.System.Drawing.PensTest" runstate="Runnable" seed="1035087781" result="Passed" start-time="2017-05-02 03:42:23Z" end-time="2017-05-02 03:42:23Z" duration="0.001633" asserts="3" />
            <test-case id="1791" name="TestDarkMagenta" fullname="MonoTests.System.Drawing.PensTest.TestDarkMagenta" methodname="TestDarkMagenta" classname="MonoTests.System.Drawing.PensTest" runstate="Runnable" seed="795485596" result="Passed" start-time="2017-05-02 03:42:23Z" end-time="2017-05-02 03:42:23Z" duration="0.001098" asserts="3" />
            <test-case id="1792" name="TestDarkOliveGreen" fullname="MonoTests.System.Drawing.PensTest.TestDarkOliveGreen" methodname="TestDarkOliveGreen" classname="MonoTests.System.Drawing.PensTest" runstate="Runnable" seed="747231150" result="Passed" start-time="2017-05-02 03:42:23Z" end-time="2017-05-02 03:42:23Z" duration="0.000983" asserts="3" />
            <test-case id="1793" name="TestDarkOrange" fullname="MonoTests.System.Drawing.PensTest.TestDarkOrange" methodname="TestDarkOrange" classname="MonoTests.System.Drawing.PensTest" runstate="Runnable" seed="1395467654" result="Passed" start-time="2017-05-02 03:42:23Z" end-time="2017-05-02 03:42:23Z" duration="0.001652" asserts="3" />
            <test-case id="1794" name="TestDarkOrchid" fullname="MonoTests.System.Drawing.PensTest.TestDarkOrchid" methodname="TestDarkOrchid" classname="MonoTests.System.Drawing.PensTest" runstate="Runnable" seed="565111666" result="Passed" start-time="2017-05-02 03:42:23Z" end-time="2017-05-02 03:42:23Z" duration="0.001636" asserts="3" />
            <test-case id="1795" name="TestDarkRed" fullname="MonoTests.System.Drawing.PensTest.TestDarkRed" methodname="TestDarkRed" classname="MonoTests.System.Drawing.PensTest" runstate="Runnable" seed="1116416206" result="Passed" start-time="2017-05-02 03:42:23Z" end-time="2017-05-02 03:42:23Z" duration="0.001119" asserts="3" />
            <test-case id="1796" name="TestDarkSalmon" fullname="MonoTests.System.Drawing.PensTest.TestDarkSalmon" methodname="TestDarkSalmon" classname="MonoTests.System.Drawing.PensTest" runstate="Runnable" seed="1488669095" result="Passed" start-time="2017-05-02 03:42:23Z" end-time="2017-05-02 03:42:23Z" duration="0.001541" asserts="3" />
            <test-case id="1797" name="TestDarkSeaGreen" fullname="MonoTests.System.Drawing.PensTest.TestDarkSeaGreen" methodname="TestDarkSeaGreen" classname="MonoTests.System.Drawing.PensTest" runstate="Runnable" seed="685763085" result="Passed" start-time="2017-05-02 03:42:23Z" end-time="2017-05-02 03:42:23Z" duration="0.001249" asserts="3" />
            <test-case id="1798" name="TestDarkSlateBlue" fullname="MonoTests.System.Drawing.PensTest.TestDarkSlateBlue" methodname="TestDarkSlateBlue" classname="MonoTests.System.Drawing.PensTest" runstate="Runnable" seed="144345163" result="Passed" start-time="2017-05-02 03:42:23Z" end-time="2017-05-02 03:42:23Z" duration="0.001187" asserts="3" />
            <test-case id="1799" name="TestDarkSlateGray" fullname="MonoTests.System.Drawing.PensTest.TestDarkSlateGray" methodname="TestDarkSlateGray" classname="MonoTests.System.Drawing.PensTest" runstate="Runnable" seed="2080278194" result="Passed" start-time="2017-05-02 03:42:23Z" end-time="2017-05-02 03:42:23Z" duration="0.001111" asserts="3" />
            <test-case id="1800" name="TestDarkTurquoise" fullname="MonoTests.System.Drawing.PensTest.TestDarkTurquoise" methodname="TestDarkTurquoise" classname="MonoTests.System.Drawing.PensTest" runstate="Runnable" seed="897027174" result="Passed" start-time="2017-05-02 03:42:23Z" end-time="2017-05-02 03:42:23Z" duration="0.001007" asserts="3" />
            <test-case id="1801" name="TestDarkViolet" fullname="MonoTests.System.Drawing.PensTest.TestDarkViolet" methodname="TestDarkViolet" classname="MonoTests.System.Drawing.PensTest" runstate="Runnable" seed="1204471164" result="Passed" start-time="2017-05-02 03:42:23Z" end-time="2017-05-02 03:42:23Z" duration="0.001382" asserts="3" />
            <test-case id="1802" name="TestDeepPink" fullname="MonoTests.System.Drawing.PensTest.TestDeepPink" methodname="TestDeepPink" classname="MonoTests.System.Drawing.PensTest" runstate="Runnable" seed="1229345770" result="Passed" start-time="2017-05-02 03:42:23Z" end-time="2017-05-02 03:42:23Z" duration="0.001007" asserts="3" />
            <test-case id="1803" name="TestDeepSkyBlue" fullname="MonoTests.System.Drawing.PensTest.TestDeepSkyBlue" methodname="TestDeepSkyBlue" classname="MonoTests.System.Drawing.PensTest" runstate="Runnable" seed="791346507" result="Passed" start-time="2017-05-02 03:42:23Z" end-time="2017-05-02 03:42:23Z" duration="0.001453" asserts="3" />
            <test-case id="1804" name="TestDimGray" fullname="MonoTests.System.Drawing.PensTest.TestDimGray" methodname="TestDimGray" classname="MonoTests.System.Drawing.PensTest" runstate="Runnable" seed="756233262" result="Passed" start-time="2017-05-02 03:42:23Z" end-time="2017-05-02 03:42:23Z" duration="0.001252" asserts="3" />
            <test-case id="1805" name="TestDodgerBlue" fullname="MonoTests.System.Drawing.PensTest.TestDodgerBlue" methodname="TestDodgerBlue" classname="MonoTests.System.Drawing.PensTest" runstate="Runnable" seed="2068386186" result="Passed" start-time="2017-05-02 03:42:23Z" end-time="2017-05-02 03:42:23Z" duration="0.001098" asserts="3" />
            <test-case id="1763" name="TestEquals" fullname="MonoTests.System.Drawing.PensTest.TestEquals" methodname="TestEquals" classname="MonoTests.System.Drawing.PensTest" runstate="Runnable" seed="26611731" result="Passed" start-time="2017-05-02 03:42:23Z" end-time="2017-05-02 03:42:23Z" duration="0.000500" asserts="1" />
            <test-case id="1806" name="TestFirebrick" fullname="MonoTests.System.Drawing.PensTest.TestFirebrick" methodname="TestFirebrick" classname="MonoTests.System.Drawing.PensTest" runstate="Runnable" seed="551206794" result="Passed" start-time="2017-05-02 03:42:23Z" end-time="2017-05-02 03:42:23Z" duration="0.001095" asserts="3" />
            <test-case id="1807" name="TestFloralWhite" fullname="MonoTests.System.Drawing.PensTest.TestFloralWhite" methodname="TestFloralWhite" classname="MonoTests.System.Drawing.PensTest" runstate="Runnable" seed="1780882295" result="Passed" start-time="2017-05-02 03:42:23Z" end-time="2017-05-02 03:42:23Z" duration="0.001067" asserts="3" />
            <test-case id="1808" name="TestForestGreen" fullname="MonoTests.System.Drawing.PensTest.TestForestGreen" methodname="TestForestGreen" classname="MonoTests.System.Drawing.PensTest" runstate="Runnable" seed="1982507784" result="Passed" start-time="2017-05-02 03:42:23Z" end-time="2017-05-02 03:42:23Z" duration="0.001577" asserts="3" />
            <test-case id="1809" name="TestFuchsia" fullname="MonoTests.System.Drawing.PensTest.TestFuchsia" methodname="TestFuchsia" classname="MonoTests.System.Drawing.PensTest" runstate="Runnable" seed="1954954578" result="Passed" start-time="2017-05-02 03:42:23Z" end-time="2017-05-02 03:42:23Z" duration="0.001113" asserts="3" />
            <test-case id="1810" name="TestGainsboro" fullname="MonoTests.System.Drawing.PensTest.TestGainsboro" methodname="TestGainsboro" classname="MonoTests.System.Drawing.PensTest" runstate="Runnable" seed="1865287858" result="Passed" start-time="2017-05-02 03:42:23Z" end-time="2017-05-02 03:42:23Z" duration="0.001053" asserts="3" />
            <test-case id="1811" name="TestGhostWhite" fullname="MonoTests.System.Drawing.PensTest.TestGhostWhite" methodname="TestGhostWhite" classname="MonoTests.System.Drawing.PensTest" runstate="Runnable" seed="519315014" result="Passed" start-time="2017-05-02 03:42:23Z" end-time="2017-05-02 03:42:23Z" duration="0.001083" asserts="3" />
            <test-case id="1812" name="TestGold" fullname="MonoTests.System.Drawing.PensTest.TestGold" methodname="TestGold" classname="MonoTests.System.Drawing.PensTest" runstate="Runnable" seed="1671757917" result="Passed" start-time="2017-05-02 03:42:23Z" end-time="2017-05-02 03:42:23Z" duration="0.001457" asserts="3" />
            <test-case id="1813" name="TestGoldenrod" fullname="MonoTests.System.Drawing.PensTest.TestGoldenrod" methodname="TestGoldenrod" classname="MonoTests.System.Drawing.PensTest" runstate="Runnable" seed="2043581110" result="Passed" start-time="2017-05-02 03:42:23Z" end-time="2017-05-02 03:42:23Z" duration="0.001330" asserts="3" />
            <test-case id="1814" name="TestGray" fullname="MonoTests.System.Drawing.PensTest.TestGray" methodname="TestGray" classname="MonoTests.System.Drawing.PensTest" runstate="Runnable" seed="667675683" result="Passed" start-time="2017-05-02 03:42:23Z" end-time="2017-05-02 03:42:23Z" duration="0.001157" asserts="3" />
            <test-case id="1815" name="TestGreen" fullname="MonoTests.System.Drawing.PensTest.TestGreen" methodname="TestGreen" classname="MonoTests.System.Drawing.PensTest" runstate="Runnable" seed="1045434962" result="Passed" start-time="2017-05-02 03:42:23Z" end-time="2017-05-02 03:42:23Z" duration="0.001089" asserts="3" />
            <test-case id="1816" name="TestGreenYellow" fullname="MonoTests.System.Drawing.PensTest.TestGreenYellow" methodname="TestGreenYellow" classname="MonoTests.System.Drawing.PensTest" runstate="Runnable" seed="388498846" result="Passed" start-time="2017-05-02 03:42:23Z" end-time="2017-05-02 03:42:23Z" duration="0.001184" asserts="3" />
            <test-case id="1817" name="TestHoneydew" fullname="MonoTests.System.Drawing.PensTest.TestHoneydew" methodname="TestHoneydew" classname="MonoTests.System.Drawing.PensTest" runstate="Runnable" seed="141626423" result="Passed" start-time="2017-05-02 03:42:23Z" end-time="2017-05-02 03:42:23Z" duration="0.001090" asserts="3" />
            <test-case id="1818" name="TestHotPink" fullname="MonoTests.System.Drawing.PensTest.TestHotPink" methodname="TestHotPink" classname="MonoTests.System.Drawing.PensTest" runstate="Runnable" seed="1993984780" result="Passed" start-time="2017-05-02 03:42:23Z" end-time="2017-05-02 03:42:23Z" duration="0.001084" asserts="3" />
            <test-case id="1819" name="TestIndianRed" fullname="MonoTests.System.Drawing.PensTest.TestIndianRed" methodname="TestIndianRed" classname="MonoTests.System.Drawing.PensTest" runstate="Runnable" seed="1415533704" result="Passed" start-time="2017-05-02 03:42:23Z" end-time="2017-05-02 03:42:23Z" duration="0.001192" asserts="3" />
            <test-case id="1820" name="TestIndigo" fullname="MonoTests.System.Drawing.PensTest.TestIndigo" methodname="TestIndigo" classname="MonoTests.System.Drawing.PensTest" runstate="Runnable" seed="743686973" result="Passed" start-time="2017-05-02 03:42:23Z" end-time="2017-05-02 03:42:23Z" duration="0.001154" asserts="3" />
            <test-case id="1821" name="TestIvory" fullname="MonoTests.System.Drawing.PensTest.TestIvory" methodname="TestIvory" classname="MonoTests.System.Drawing.PensTest" runstate="Runnable" seed="1093553373" result="Passed" start-time="2017-05-02 03:42:23Z" end-time="2017-05-02 03:42:23Z" duration="0.001210" asserts="3" />
            <test-case id="1822" name="TestKhaki" fullname="MonoTests.System.Drawing.PensTest.TestKhaki" methodname="TestKhaki" classname="MonoTests.System.Drawing.PensTest" runstate="Runnable" seed="1136418595" result="Passed" start-time="2017-05-02 03:42:23Z" end-time="2017-05-02 03:42:23Z" duration="0.001192" asserts="3" />
            <test-case id="1823" name="TestLavender" fullname="MonoTests.System.Drawing.PensTest.TestLavender" methodname="TestLavender" classname="MonoTests.System.Drawing.PensTest" runstate="Runnable" seed="1545702044" result="Passed" start-time="2017-05-02 03:42:23Z" end-time="2017-05-02 03:42:23Z" duration="0.001192" asserts="3" />
            <test-case id="1824" name="TestLavenderBlush" fullname="MonoTests.System.Drawing.PensTest.TestLavenderBlush" methodname="TestLavenderBlush" classname="MonoTests.System.Drawing.PensTest" runstate="Runnable" seed="1272678962" result="Passed" start-time="2017-05-02 03:42:23Z" end-time="2017-05-02 03:42:23Z" duration="0.001070" asserts="3" />
            <test-case id="1825" name="TestLawnGreen" fullname="MonoTests.System.Drawing.PensTest.TestLawnGreen" methodname="TestLawnGreen" classname="MonoTests.System.Drawing.PensTest" runstate="Runnable" seed="838408188" result="Passed" start-time="2017-05-02 03:42:23Z" end-time="2017-05-02 03:42:23Z" duration="0.001118" asserts="3" />
            <test-case id="1826" name="TestLemonChiffon" fullname="MonoTests.System.Drawing.PensTest.TestLemonChiffon" methodname="TestLemonChiffon" classname="MonoTests.System.Drawing.PensTest" runstate="Runnable" seed="1072920747" result="Passed" start-time="2017-05-02 03:42:23Z" end-time="2017-05-02 03:42:23Z" duration="0.001087" asserts="3" />
            <test-case id="1827" name="TestLightBlue" fullname="MonoTests.System.Drawing.PensTest.TestLightBlue" methodname="TestLightBlue" classname="MonoTests.System.Drawing.PensTest" runstate="Runnable" seed="390555872" result="Passed" start-time="2017-05-02 03:42:23Z" end-time="2017-05-02 03:42:23Z" duration="0.001231" asserts="3" />
            <test-case id="1828" name="TestLightCoral" fullname="MonoTests.System.Drawing.PensTest.TestLightCoral" methodname="TestLightCoral" classname="MonoTests.System.Drawing.PensTest" runstate="Runnable" seed="1621720102" result="Passed" start-time="2017-05-02 03:42:23Z" end-time="2017-05-02 03:42:23Z" duration="0.001300" asserts="3" />
            <test-case id="1829" name="TestLightCyan" fullname="MonoTests.System.Drawing.PensTest.TestLightCyan" methodname="TestLightCyan" classname="MonoTests.System.Drawing.PensTest" runstate="Runnable" seed="1008563458" result="Passed" start-time="2017-05-02 03:42:23Z" end-time="2017-05-02 03:42:23Z" duration="0.001135" asserts="3" />
            <test-case id="1830" name="TestLightGoldenrodYellow" fullname="MonoTests.System.Drawing.PensTest.TestLightGoldenrodYellow" methodname="TestLightGoldenrodYellow" classname="MonoTests.System.Drawing.PensTest" runstate="Runnable" seed="1522328197" result="Passed" start-time="2017-05-02 03:42:23Z" end-time="2017-05-02 03:42:23Z" duration="0.000997" asserts="3" />
            <test-case id="1831" name="TestLightGray" fullname="MonoTests.System.Drawing.PensTest.TestLightGray" methodname="TestLightGray" classname="MonoTests.System.Drawing.PensTest" runstate="Runnable" seed="143430068" result="Passed" start-time="2017-05-02 03:42:23Z" end-time="2017-05-02 03:42:23Z" duration="0.000957" asserts="3" />
            <test-case id="1832" name="TestLightGreen" fullname="MonoTests.System.Drawing.PensTest.TestLightGreen" methodname="TestLightGreen" classname="MonoTests.System.Drawing.PensTest" runstate="Runnable" seed="365577852" result="Passed" start-time="2017-05-02 03:42:23Z" end-time="2017-05-02 03:42:23Z" duration="0.001109" asserts="3" />
            <test-case id="1833" name="TestLightPink" fullname="MonoTests.System.Drawing.PensTest.TestLightPink" methodname="TestLightPink" classname="MonoTests.System.Drawing.PensTest" runstate="Runnable" seed="270936094" result="Passed" start-time="2017-05-02 03:42:23Z" end-time="2017-05-02 03:42:23Z" duration="0.001098" asserts="3" />
            <test-case id="1834" name="TestLightSalmon" fullname="MonoTests.System.Drawing.PensTest.TestLightSalmon" methodname="TestLightSalmon" classname="MonoTests.System.Drawing.PensTest" runstate="Runnable" seed="355591727" result="Passed" start-time="2017-05-02 03:42:23Z" end-time="2017-05-02 03:42:23Z" duration="0.001140" asserts="3" />
            <test-case id="1835" name="TestLightSeaGreen" fullname="MonoTests.System.Drawing.PensTest.TestLightSeaGreen" methodname="TestLightSeaGreen" classname="MonoTests.System.Drawing.PensTest" runstate="Runnable" seed="1304411396" result="Passed" start-time="2017-05-02 03:42:23Z" end-time="2017-05-02 03:42:23Z" duration="0.001110" asserts="3" />
            <test-case id="1836" name="TestLightSkyBlue" fullname="MonoTests.System.Drawing.PensTest.TestLightSkyBlue" methodname="TestLightSkyBlue" classname="MonoTests.System.Drawing.PensTest" runstate="Runnable" seed="584485565" result="Passed" start-time="2017-05-02 03:42:23Z" end-time="2017-05-02 03:42:23Z" duration="0.001234" asserts="3" />
            <test-case id="1837" name="TestLightSlateGray" fullname="MonoTests.System.Drawing.PensTest.TestLightSlateGray" methodname="TestLightSlateGray" classname="MonoTests.System.Drawing.PensTest" runstate="Runnable" seed="1768226319" result="Passed" start-time="2017-05-02 03:42:23Z" end-time="2017-05-02 03:42:23Z" duration="0.001119" asserts="3" />
            <test-case id="1838" name="TestLightSteelBlue" fullname="MonoTests.System.Drawing.PensTest.TestLightSteelBlue" methodname="TestLightSteelBlue" classname="MonoTests.System.Drawing.PensTest" runstate="Runnable" seed="545633836" result="Passed" start-time="2017-05-02 03:42:23Z" end-time="2017-05-02 03:42:23Z" duration="0.001176" asserts="3" />
            <test-case id="1839" name="TestLightYellow" fullname="MonoTests.System.Drawing.PensTest.TestLightYellow" methodname="TestLightYellow" classname="MonoTests.System.Drawing.PensTest" runstate="Runnable" seed="1993019939" result="Passed" start-time="2017-05-02 03:42:23Z" end-time="2017-05-02 03:42:23Z" duration="0.001290" asserts="3" />
            <test-case id="1840" name="TestLime" fullname="MonoTests.System.Drawing.PensTest.TestLime" methodname="TestLime" classname="MonoTests.System.Drawing.PensTest" runstate="Runnable" seed="1801539516" result="Passed" start-time="2017-05-02 03:42:23Z" end-time="2017-05-02 03:42:23Z" duration="0.001059" asserts="3" />
            <test-case id="1841" name="TestLimeGreen" fullname="MonoTests.System.Drawing.PensTest.TestLimeGreen" methodname="TestLimeGreen" classname="MonoTests.System.Drawing.PensTest" runstate="Runnable" seed="1502340602" result="Passed" start-time="2017-05-02 03:42:23Z" end-time="2017-05-02 03:42:23Z" duration="0.001115" asserts="3" />
            <test-case id="1842" name="TestLinen" fullname="MonoTests.System.Drawing.PensTest.TestLinen" methodname="TestLinen" classname="MonoTests.System.Drawing.PensTest" runstate="Runnable" seed="2114241679" result="Passed" start-time="2017-05-02 03:42:23Z" end-time="2017-05-02 03:42:23Z" duration="0.001096" asserts="3" />
            <test-case id="1843" name="TestMagenta" fullname="MonoTests.System.Drawing.PensTest.TestMagenta" methodname="TestMagenta" classname="MonoTests.System.Drawing.PensTest" runstate="Runnable" seed="1727865239" result="Passed" start-time="2017-05-02 03:42:23Z" end-time="2017-05-02 03:42:23Z" duration="0.001019" asserts="3" />
            <test-case id="1844" name="TestMaroon" fullname="MonoTests.System.Drawing.PensTest.TestMaroon" methodname="TestMaroon" classname="MonoTests.System.Drawing.PensTest" runstate="Runnable" seed="1596203254" result="Passed" start-time="2017-05-02 03:42:23Z" end-time="2017-05-02 03:42:23Z" duration="0.001048" asserts="3" />
            <test-case id="1845" name="TestMediumAquamarine" fullname="MonoTests.System.Drawing.PensTest.TestMediumAquamarine" methodname="TestMediumAquamarine" classname="MonoTests.System.Drawing.PensTest" runstate="Runnable" seed="618181297" result="Passed" start-time="2017-05-02 03:42:23Z" end-time="2017-05-02 03:42:23Z" duration="0.001100" asserts="3" />
            <test-case id="1846" name="TestMediumBlue" fullname="MonoTests.System.Drawing.PensTest.TestMediumBlue" methodname="TestMediumBlue" classname="MonoTests.System.Drawing.PensTest" runstate="Runnable" seed="505973448" result="Passed" start-time="2017-05-02 03:42:23Z" end-time="2017-05-02 03:42:23Z" duration="0.001149" asserts="3" />
            <test-case id="1847" name="TestMediumOrchid" fullname="MonoTests.System.Drawing.PensTest.TestMediumOrchid" methodname="TestMediumOrchid" classname="MonoTests.System.Drawing.PensTest" runstate="Runnable" seed="54865722" result="Passed" start-time="2017-05-02 03:42:23Z" end-time="2017-05-02 03:42:23Z" duration="0.000926" asserts="3" />
            <test-case id="1848" name="TestMediumPurple" fullname="MonoTests.System.Drawing.PensTest.TestMediumPurple" methodname="TestMediumPurple" classname="MonoTests.System.Drawing.PensTest" runstate="Runnable" seed="1153890724" result="Passed" start-time="2017-05-02 03:42:23Z" end-time="2017-05-02 03:42:23Z" duration="0.001045" asserts="3" />
            <test-case id="1849" name="TestMediumSeaGreen" fullname="MonoTests.System.Drawing.PensTest.TestMediumSeaGreen" methodname="TestMediumSeaGreen" classname="MonoTests.System.Drawing.PensTest" runstate="Runnable" seed="1050261900" result="Passed" start-time="2017-05-02 03:42:23Z" end-time="2017-05-02 03:42:23Z" duration="0.001363" asserts="3" />
            <test-case id="1850" name="TestMediumSlateBlue" fullname="MonoTests.System.Drawing.PensTest.TestMediumSlateBlue" methodname="TestMediumSlateBlue" classname="MonoTests.System.Drawing.PensTest" runstate="Runnable" seed="1130389807" result="Passed" start-time="2017-05-02 03:42:23Z" end-time="2017-05-02 03:42:23Z" duration="0.001072" asserts="3" />
            <test-case id="1851" name="TestMediumSpringGreen" fullname="MonoTests.System.Drawing.PensTest.TestMediumSpringGreen" methodname="TestMediumSpringGreen" classname="MonoTests.System.Drawing.PensTest" runstate="Runnable" seed="407789269" result="Passed" start-time="2017-05-02 03:42:23Z" end-time="2017-05-02 03:42:23Z" duration="0.001109" asserts="3" />
            <test-case id="1852" name="TestMediumTurquoise" fullname="MonoTests.System.Drawing.PensTest.TestMediumTurquoise" methodname="TestMediumTurquoise" classname="MonoTests.System.Drawing.PensTest" runstate="Runnable" seed="130425057" result="Passed" start-time="2017-05-02 03:42:23Z" end-time="2017-05-02 03:42:23Z" duration="0.001260" asserts="3" />
            <test-case id="1853" name="TestMediumVioletRed" fullname="MonoTests.System.Drawing.PensTest.TestMediumVioletRed" methodname="TestMediumVioletRed" classname="MonoTests.System.Drawing.PensTest" runstate="Runnable" seed="1862579888" result="Passed" start-time="2017-05-02 03:42:23Z" end-time="2017-05-02 03:42:23Z" duration="0.005043" asserts="3" />
            <test-case id="1854" name="TestMidnightBlue" fullname="MonoTests.System.Drawing.PensTest.TestMidnightBlue" methodname="TestMidnightBlue" classname="MonoTests.System.Drawing.PensTest" runstate="Runnable" seed="1575891377" result="Passed" start-time="2017-05-02 03:42:23Z" end-time="2017-05-02 03:42:23Z" duration="0.001292" asserts="3" />
            <test-case id="1855" name="TestMintCream" fullname="MonoTests.System.Drawing.PensTest.TestMintCream" methodname="TestMintCream" classname="MonoTests.System.Drawing.PensTest" runstate="Runnable" seed="2058876942" result="Passed" start-time="2017-05-02 03:42:23Z" end-time="2017-05-02 03:42:23Z" duration="0.001047" asserts="3" />
            <test-case id="1856" name="TestMistyRose" fullname="MonoTests.System.Drawing.PensTest.TestMistyRose" methodname="TestMistyRose" classname="MonoTests.System.Drawing.PensTest" runstate="Runnable" seed="1463163899" result="Passed" start-time="2017-05-02 03:42:23Z" end-time="2017-05-02 03:42:23Z" duration="0.001175" asserts="3" />
            <test-case id="1857" name="TestMoccasin" fullname="MonoTests.System.Drawing.PensTest.TestMoccasin" methodname="TestMoccasin" classname="MonoTests.System.Drawing.PensTest" runstate="Runnable" seed="1443812257" result="Passed" start-time="2017-05-02 03:42:23Z" end-time="2017-05-02 03:42:23Z" duration="0.001278" asserts="3" />
            <test-case id="1858" name="TestNavajoWhite" fullname="MonoTests.System.Drawing.PensTest.TestNavajoWhite" methodname="TestNavajoWhite" classname="MonoTests.System.Drawing.PensTest" runstate="Runnable" seed="508977360" result="Passed" start-time="2017-05-02 03:42:23Z" end-time="2017-05-02 03:42:23Z" duration="0.000950" asserts="3" />
            <test-case id="1859" name="TestNavy" fullname="MonoTests.System.Drawing.PensTest.TestNavy" methodname="TestNavy" classname="MonoTests.System.Drawing.PensTest" runstate="Runnable" seed="494803247" result="Passed" start-time="2017-05-02 03:42:23Z" end-time="2017-05-02 03:42:23Z" duration="0.001083" asserts="3" />
            <test-case id="1860" name="TestOldLace" fullname="MonoTests.System.Drawing.PensTest.TestOldLace" methodname="TestOldLace" classname="MonoTests.System.Drawing.PensTest" runstate="Runnable" seed="1891783060" result="Passed" start-time="2017-05-02 03:42:23Z" end-time="2017-05-02 03:42:23Z" duration="0.001030" asserts="3" />
            <test-case id="1861" name="TestOlive" fullname="MonoTests.System.Drawing.PensTest.TestOlive" methodname="TestOlive" classname="MonoTests.System.Drawing.PensTest" runstate="Runnable" seed="383244022" result="Passed" start-time="2017-05-02 03:42:23Z" end-time="2017-05-02 03:42:23Z" duration="0.000925" asserts="3" />
            <test-case id="1862" name="TestOliveDrab" fullname="MonoTests.System.Drawing.PensTest.TestOliveDrab" methodname="TestOliveDrab" classname="MonoTests.System.Drawing.PensTest" runstate="Runnable" seed="1782628437" result="Passed" start-time="2017-05-02 03:42:23Z" end-time="2017-05-02 03:42:23Z" duration="0.000872" asserts="3" />
            <test-case id="1863" name="TestOrange" fullname="MonoTests.System.Drawing.PensTest.TestOrange" methodname="TestOrange" classname="MonoTests.System.Drawing.PensTest" runstate="Runnable" seed="807487078" result="Passed" start-time="2017-05-02 03:42:23Z" end-time="2017-05-02 03:42:23Z" duration="0.000826" asserts="3" />
            <test-case id="1864" name="TestOrangeRed" fullname="MonoTests.System.Drawing.PensTest.TestOrangeRed" methodname="TestOrangeRed" classname="MonoTests.System.Drawing.PensTest" runstate="Runnable" seed="881747702" result="Passed" start-time="2017-05-02 03:42:23Z" end-time="2017-05-02 03:42:23Z" duration="0.001253" asserts="3" />
            <test-case id="1865" name="TestOrchid" fullname="MonoTests.System.Drawing.PensTest.TestOrchid" methodname="TestOrchid" classname="MonoTests.System.Drawing.PensTest" runstate="Runnable" seed="379204750" result="Passed" start-time="2017-05-02 03:42:23Z" end-time="2017-05-02 03:42:23Z" duration="0.001151" asserts="3" />
            <test-case id="1866" name="TestPaleGoldenrod" fullname="MonoTests.System.Drawing.PensTest.TestPaleGoldenrod" methodname="TestPaleGoldenrod" classname="MonoTests.System.Drawing.PensTest" runstate="Runnable" seed="843734812" result="Passed" start-time="2017-05-02 03:42:23Z" end-time="2017-05-02 03:42:23Z" duration="0.001130" asserts="3" />
            <test-case id="1867" name="TestPaleGreen" fullname="MonoTests.System.Drawing.PensTest.TestPaleGreen" methodname="TestPaleGreen" classname="MonoTests.System.Drawing.PensTest" runstate="Runnable" seed="1324216862" result="Passed" start-time="2017-05-02 03:42:23Z" end-time="2017-05-02 03:42:23Z" duration="0.001025" asserts="3" />
            <test-case id="1868" name="TestPaleTurquoise" fullname="MonoTests.System.Drawing.PensTest.TestPaleTurquoise" methodname="TestPaleTurquoise" classname="MonoTests.System.Drawing.PensTest" runstate="Runnable" seed="1425075857" result="Passed" start-time="2017-05-02 03:42:23Z" end-time="2017-05-02 03:42:23Z" duration="0.001145" asserts="3" />
            <test-case id="1869" name="TestPaleVioletRed" fullname="MonoTests.System.Drawing.PensTest.TestPaleVioletRed" methodname="TestPaleVioletRed" classname="MonoTests.System.Drawing.PensTest" runstate="Runnable" seed="1071673016" result="Passed" start-time="2017-05-02 03:42:23Z" end-time="2017-05-02 03:42:23Z" duration="0.001232" asserts="3" />
            <test-case id="1870" name="TestPapayaWhip" fullname="MonoTests.System.Drawing.PensTest.TestPapayaWhip" methodname="TestPapayaWhip" classname="MonoTests.System.Drawing.PensTest" runstate="Runnable" seed="1000077962" result="Passed" start-time="2017-05-02 03:42:23Z" end-time="2017-05-02 03:42:23Z" duration="0.001198" asserts="3" />
            <test-case id="1871" name="TestPeachPuff" fullname="MonoTests.System.Drawing.PensTest.TestPeachPuff" methodname="TestPeachPuff" classname="MonoTests.System.Drawing.PensTest" runstate="Runnable" seed="1233196335" result="Passed" start-time="2017-05-02 03:42:23Z" end-time="2017-05-02 03:42:23Z" duration="0.001208" asserts="3" />
            <test-case id="1872" name="TestPeru" fullname="MonoTests.System.Drawing.PensTest.TestPeru" methodname="TestPeru" classname="MonoTests.System.Drawing.PensTest" runstate="Runnable" seed="1759623555" result="Passed" start-time="2017-05-02 03:42:23Z" end-time="2017-05-02 03:42:23Z" duration="0.001067" asserts="3" />
            <test-case id="1873" name="TestPink" fullname="MonoTests.System.Drawing.PensTest.TestPink" methodname="TestPink" classname="MonoTests.System.Drawing.PensTest" runstate="Runnable" seed="533174001" result="Passed" start-time="2017-05-02 03:42:23Z" end-time="2017-05-02 03:42:23Z" duration="0.001191" asserts="3" />
            <test-case id="1874" name="TestPlum" fullname="MonoTests.System.Drawing.PensTest.TestPlum" methodname="TestPlum" classname="MonoTests.System.Drawing.PensTest" runstate="Runnable" seed="702902702" result="Passed" start-time="2017-05-02 03:42:23Z" end-time="2017-05-02 03:42:23Z" duration="0.001170" asserts="3" />
            <test-case id="1875" name="TestPowderBlue" fullname="MonoTests.System.Drawing.PensTest.TestPowderBlue" methodname="TestPowderBlue" classname="MonoTests.System.Drawing.PensTest" runstate="Runnable" seed="1260975267" result="Passed" start-time="2017-05-02 03:42:23Z" end-time="2017-05-02 03:42:23Z" duration="0.001046" asserts="3" />
            <test-case id="1876" name="TestPurple" fullname="MonoTests.System.Drawing.PensTest.TestPurple" methodname="TestPurple" classname="MonoTests.System.Drawing.PensTest" runstate="Runnable" seed="1736514056" result="Passed" start-time="2017-05-02 03:42:23Z" end-time="2017-05-02 03:42:23Z" duration="0.001009" asserts="3" />
            <test-case id="1877" name="TestRed" fullname="MonoTests.System.Drawing.PensTest.TestRed" methodname="TestRed" classname="MonoTests.System.Drawing.PensTest" runstate="Runnable" seed="1861543706" result="Passed" start-time="2017-05-02 03:42:23Z" end-time="2017-05-02 03:42:23Z" duration="0.000882" asserts="3" />
            <test-case id="1878" name="TestRosyBrown" fullname="MonoTests.System.Drawing.PensTest.TestRosyBrown" methodname="TestRosyBrown" classname="MonoTests.System.Drawing.PensTest" runstate="Runnable" seed="1232774050" result="Passed" start-time="2017-05-02 03:42:23Z" end-time="2017-05-02 03:42:23Z" duration="0.001064" asserts="3" />
            <test-case id="1879" name="TestRoyalBlue" fullname="MonoTests.System.Drawing.PensTest.TestRoyalBlue" methodname="TestRoyalBlue" classname="MonoTests.System.Drawing.PensTest" runstate="Runnable" seed="1987080221" result="Passed" start-time="2017-05-02 03:42:23Z" end-time="2017-05-02 03:42:23Z" duration="0.001040" asserts="3" />
            <test-case id="1880" name="TestSaddleBrown" fullname="MonoTests.System.Drawing.PensTest.TestSaddleBrown" methodname="TestSaddleBrown" classname="MonoTests.System.Drawing.PensTest" runstate="Runnable" seed="241382518" result="Passed" start-time="2017-05-02 03:42:23Z" end-time="2017-05-02 03:42:23Z" duration="0.001035" asserts="3" />
            <test-case id="1881" name="TestSalmon" fullname="MonoTests.System.Drawing.PensTest.TestSalmon" methodname="TestSalmon" classname="MonoTests.System.Drawing.PensTest" runstate="Runnable" seed="692644585" result="Passed" start-time="2017-05-02 03:42:23Z" end-time="2017-05-02 03:42:23Z" duration="0.001250" asserts="3" />
            <test-case id="1882" name="TestSandyBrown" fullname="MonoTests.System.Drawing.PensTest.TestSandyBrown" methodname="TestSandyBrown" classname="MonoTests.System.Drawing.PensTest" runstate="Runnable" seed="502483847" result="Passed" start-time="2017-05-02 03:42:23Z" end-time="2017-05-02 03:42:23Z" duration="0.001149" asserts="3" />
            <test-case id="1883" name="TestSeaGreen" fullname="MonoTests.System.Drawing.PensTest.TestSeaGreen" methodname="TestSeaGreen" classname="MonoTests.System.Drawing.PensTest" runstate="Runnable" seed="275800635" result="Passed" start-time="2017-05-02 03:42:23Z" end-time="2017-05-02 03:42:23Z" duration="0.001069" asserts="3" />
            <test-case id="1884" name="TestSeaShell" fullname="MonoTests.System.Drawing.PensTest.TestSeaShell" methodname="TestSeaShell" classname="MonoTests.System.Drawing.PensTest" runstate="Runnable" seed="442347470" result="Passed" start-time="2017-05-02 03:42:23Z" end-time="2017-05-02 03:42:23Z" duration="0.001195" asserts="3" />
            <test-case id="1885" name="TestSienna" fullname="MonoTests.System.Drawing.PensTest.TestSienna" methodname="TestSienna" classname="MonoTests.System.Drawing.PensTest" runstate="Runnable" seed="147462386" result="Passed" start-time="2017-05-02 03:42:23Z" end-time="2017-05-02 03:42:23Z" duration="0.001016" asserts="3" />
            <test-case id="1886" name="TestSilver" fullname="MonoTests.System.Drawing.PensTest.TestSilver" methodname="TestSilver" classname="MonoTests.System.Drawing.PensTest" runstate="Runnable" seed="166094806" result="Passed" start-time="2017-05-02 03:42:23Z" end-time="2017-05-02 03:42:23Z" duration="0.001015" asserts="3" />
            <test-case id="1887" name="TestSkyBlue" fullname="MonoTests.System.Drawing.PensTest.TestSkyBlue" methodname="TestSkyBlue" classname="MonoTests.System.Drawing.PensTest" runstate="Runnable" seed="1403299803" result="Passed" start-time="2017-05-02 03:42:23Z" end-time="2017-05-02 03:42:23Z" duration="0.001471" asserts="3" />
            <test-case id="1888" name="TestSlateBlue" fullname="MonoTests.System.Drawing.PensTest.TestSlateBlue" methodname="TestSlateBlue" classname="MonoTests.System.Drawing.PensTest" runstate="Runnable" seed="1023556503" result="Passed" start-time="2017-05-02 03:42:23Z" end-time="2017-05-02 03:42:23Z" duration="0.001351" asserts="3" />
            <test-case id="1747" name="TestSlateGray" fullname="MonoTests.System.Drawing.PensTest.TestSlateGray" methodname="TestSlateGray" classname="MonoTests.System.Drawing.PensTest" runstate="Runnable" seed="1910573977" result="Passed" start-time="2017-05-02 03:42:23Z" end-time="2017-05-02 03:42:23Z" duration="0.001175" asserts="3" />
            <test-case id="1748" name="TestSnow" fullname="MonoTests.System.Drawing.PensTest.TestSnow" methodname="TestSnow" classname="MonoTests.System.Drawing.PensTest" runstate="Runnable" seed="434096222" result="Passed" start-time="2017-05-02 03:42:23Z" end-time="2017-05-02 03:42:23Z" duration="0.001075" asserts="3" />
            <test-case id="1749" name="TestSpringGreen" fullname="MonoTests.System.Drawing.PensTest.TestSpringGreen" methodname="TestSpringGreen" classname="MonoTests.System.Drawing.PensTest" runstate="Runnable" seed="1642297976" result="Passed" start-time="2017-05-02 03:42:23Z" end-time="2017-05-02 03:42:23Z" duration="0.001295" asserts="3" />
            <test-case id="1750" name="TestSteelBlue" fullname="MonoTests.System.Drawing.PensTest.TestSteelBlue" methodname="TestSteelBlue" classname="MonoTests.System.Drawing.PensTest" runstate="Runnable" seed="1004557181" result="Passed" start-time="2017-05-02 03:42:23Z" end-time="2017-05-02 03:42:23Z" duration="0.000973" asserts="3" />
            <test-case id="1751" name="TestTan" fullname="MonoTests.System.Drawing.PensTest.TestTan" methodname="TestTan" classname="MonoTests.System.Drawing.PensTest" runstate="Runnable" seed="189483914" result="Passed" start-time="2017-05-02 03:42:23Z" end-time="2017-05-02 03:42:23Z" duration="0.001536" asserts="3" />
            <test-case id="1752" name="TestTeal" fullname="MonoTests.System.Drawing.PensTest.TestTeal" methodname="TestTeal" classname="MonoTests.System.Drawing.PensTest" runstate="Runnable" seed="1157357881" result="Passed" start-time="2017-05-02 03:42:23Z" end-time="2017-05-02 03:42:23Z" duration="0.000999" asserts="3" />
            <test-case id="1753" name="TestThistle" fullname="MonoTests.System.Drawing.PensTest.TestThistle" methodname="TestThistle" classname="MonoTests.System.Drawing.PensTest" runstate="Runnable" seed="959064809" result="Passed" start-time="2017-05-02 03:42:23Z" end-time="2017-05-02 03:42:23Z" duration="0.001277" asserts="3" />
            <test-case id="1754" name="TestTomato" fullname="MonoTests.System.Drawing.PensTest.TestTomato" methodname="TestTomato" classname="MonoTests.System.Drawing.PensTest" runstate="Runnable" seed="857977781" result="Passed" start-time="2017-05-02 03:42:23Z" end-time="2017-05-02 03:42:23Z" duration="0.001079" asserts="3" />
            <test-case id="1755" name="TestTransparent" fullname="MonoTests.System.Drawing.PensTest.TestTransparent" methodname="TestTransparent" classname="MonoTests.System.Drawing.PensTest" runstate="Runnable" seed="1004411705" result="Passed" start-time="2017-05-02 03:42:23Z" end-time="2017-05-02 03:42:23Z" duration="0.001338" asserts="3" />
            <test-case id="1756" name="TestTurquoise" fullname="MonoTests.System.Drawing.PensTest.TestTurquoise" methodname="TestTurquoise" classname="MonoTests.System.Drawing.PensTest" runstate="Runnable" seed="1902064739" result="Passed" start-time="2017-05-02 03:42:23Z" end-time="2017-05-02 03:42:23Z" duration="0.001073" asserts="3" />
            <test-case id="1757" name="TestViolet" fullname="MonoTests.System.Drawing.PensTest.TestViolet" methodname="TestViolet" classname="MonoTests.System.Drawing.PensTest" runstate="Runnable" seed="111435645" result="Passed" start-time="2017-05-02 03:42:23Z" end-time="2017-05-02 03:42:23Z" duration="0.001160" asserts="3" />
            <test-case id="1758" name="TestWheat" fullname="MonoTests.System.Drawing.PensTest.TestWheat" methodname="TestWheat" classname="MonoTests.System.Drawing.PensTest" runstate="Runnable" seed="772605918" result="Passed" start-time="2017-05-02 03:42:23Z" end-time="2017-05-02 03:42:23Z" duration="0.001025" asserts="3" />
            <test-case id="1759" name="TestWhite" fullname="MonoTests.System.Drawing.PensTest.TestWhite" methodname="TestWhite" classname="MonoTests.System.Drawing.PensTest" runstate="Runnable" seed="1776982146" result="Passed" start-time="2017-05-02 03:42:23Z" end-time="2017-05-02 03:42:23Z" duration="0.001026" asserts="3" />
            <test-case id="1760" name="TestWhiteSmoke" fullname="MonoTests.System.Drawing.PensTest.TestWhiteSmoke" methodname="TestWhiteSmoke" classname="MonoTests.System.Drawing.PensTest" runstate="Runnable" seed="769237082" result="Passed" start-time="2017-05-02 03:42:23Z" end-time="2017-05-02 03:42:23Z" duration="0.001188" asserts="3" />
            <test-case id="1761" name="TestYellow" fullname="MonoTests.System.Drawing.PensTest.TestYellow" methodname="TestYellow" classname="MonoTests.System.Drawing.PensTest" runstate="Runnable" seed="1413409270" result="Passed" start-time="2017-05-02 03:42:23Z" end-time="2017-05-02 03:42:23Z" duration="0.000989" asserts="3" />
            <test-case id="1762" name="TestYellowGreen" fullname="MonoTests.System.Drawing.PensTest.TestYellowGreen" methodname="TestYellowGreen" classname="MonoTests.System.Drawing.PensTest" runstate="Runnable" seed="1770355347" result="Passed" start-time="2017-05-02 03:42:23Z" end-time="2017-05-02 03:42:23Z" duration="0.001293" asserts="3" />
          </test-suite>
          <test-suite type="TestFixture" id="1147" name="PenTest" fullname="MonoTests.System.Drawing.PenTest" classname="MonoTests.System.Drawing.PenTest" runstate="Runnable" testcasecount="59" result="Failed" site="Child" start-time="2017-05-02 03:42:23Z" end-time="2017-05-02 03:42:24Z" duration="0.289662" total="59" passed="54" failed="5" warnings="0" inconclusive="0" skipped="0" asserts="1481">
            <failure>
              <message><![CDATA[One or more child tests had errors]]></message>
            </failure>
            <test-case id="1161" name="Alignment" fullname="MonoTests.System.Drawing.PenTest.Alignment" methodname="Alignment" classname="MonoTests.System.Drawing.PenTest" runstate="Runnable" seed="631640809" result="Passed" start-time="2017-05-02 03:42:24Z" end-time="2017-05-02 03:42:24Z" duration="0.001895" asserts="5" />
            <test-case id="1162" name="Alignment_Invalid" fullname="MonoTests.System.Drawing.PenTest.Alignment_Invalid" methodname="Alignment_Invalid" classname="MonoTests.System.Drawing.PenTest" runstate="Runnable" seed="665632954" result="Passed" start-time="2017-05-02 03:42:24Z" end-time="2017-05-02 03:42:24Z" duration="0.000754" asserts="1" />
            <test-case id="1163" name="Brush_Dispose" fullname="MonoTests.System.Drawing.PenTest.Brush_Dispose" methodname="Brush_Dispose" classname="MonoTests.System.Drawing.PenTest" runstate="Runnable" seed="1182094816" result="Passed" start-time="2017-05-02 03:42:24Z" end-time="2017-05-02 03:42:24Z" duration="0.005834" asserts="29" />
            <test-case id="1164" name="Brush_Null" fullname="MonoTests.System.Drawing.PenTest.Brush_Null" methodname="Brush_Null" classname="MonoTests.System.Drawing.PenTest" runstate="Runnable" seed="1956159406" result="Passed" start-time="2017-05-02 03:42:24Z" end-time="2017-05-02 03:42:24Z" duration="0.000705" asserts="1" />
            <test-case id="1188" name="Clone" fullname="MonoTests.System.Drawing.PenTest.Clone" methodname="Clone" classname="MonoTests.System.Drawing.PenTest" runstate="Runnable" seed="1222964866" result="Passed" start-time="2017-05-02 03:42:24Z" end-time="2017-05-02 03:42:24Z" duration="0.000658" asserts="14" />
            <test-case id="1153" name="Constructor_Brush" fullname="MonoTests.System.Drawing.PenTest.Constructor_Brush" methodname="Constructor_Brush" classname="MonoTests.System.Drawing.PenTest" runstate="Runnable" seed="951632541" result="Passed" start-time="2017-05-02 03:42:24Z" end-time="2017-05-02 03:42:24Z" duration="0.000613" asserts="15" />
            <test-case id="1160" name="Constructor_Brush_DisposeBeforeUse" fullname="MonoTests.System.Drawing.PenTest.Constructor_Brush_DisposeBeforeUse" methodname="Constructor_Brush_DisposeBeforeUse" classname="MonoTests.System.Drawing.PenTest" runstate="Runnable" seed="193888397" result="Passed" start-time="2017-05-02 03:42:24Z" end-time="2017-05-02 03:42:24Z" duration="0.000842" asserts="14" />
            <test-case id="1155" name="Constructor_Brush_Float" fullname="MonoTests.System.Drawing.PenTest.Constructor_Brush_Float" methodname="Constructor_Brush_Float" classname="MonoTests.System.Drawing.PenTest" runstate="Runnable" seed="2137843408" result="Passed" start-time="2017-05-02 03:42:24Z" end-time="2017-05-02 03:42:24Z" duration="0.000658" asserts="15" />
            <test-case id="1159" name="Constructor_Brush_Float_MaxValue" fullname="MonoTests.System.Drawing.PenTest.Constructor_Brush_Float_MaxValue" methodname="Constructor_Brush_Float_MaxValue" classname="MonoTests.System.Drawing.PenTest" runstate="Runnable" seed="291774865" result="Passed" start-time="2017-05-02 03:42:24Z" end-time="2017-05-02 03:42:24Z" duration="0.000572" asserts="15" />
            <test-case id="1158" name="Constructor_Brush_Float_Negative" fullname="MonoTests.System.Drawing.PenTest.Constructor_Brush_Float_Negative" methodname="Constructor_Brush_Float_Negative" classname="MonoTests.System.Drawing.PenTest" runstate="Runnable" seed="11103391" result="Passed" start-time="2017-05-02 03:42:24Z" end-time="2017-05-02 03:42:24Z" duration="0.000604" asserts="15" />
            <test-case id="1156" name="Constructor_Brush_Float_Null" fullname="MonoTests.System.Drawing.PenTest.Constructor_Brush_Float_Null" methodname="Constructor_Brush_Float_Null" classname="MonoTests.System.Drawing.PenTest" runstate="Runnable" seed="100657488" result="Passed" start-time="2017-05-02 03:42:24Z" end-time="2017-05-02 03:42:24Z" duration="0.000914" asserts="1" />
            <test-case id="1157" name="Constructor_Brush_Float_Zero" fullname="MonoTests.System.Drawing.PenTest.Constructor_Brush_Float_Zero" methodname="Constructor_Brush_Float_Zero" classname="MonoTests.System.Drawing.PenTest" runstate="Runnable" seed="1964410146" result="Passed" start-time="2017-05-02 03:42:24Z" end-time="2017-05-02 03:42:24Z" duration="0.000629" asserts="15" />
            <test-case id="1154" name="Constructor_Brush_Null" fullname="MonoTests.System.Drawing.PenTest.Constructor_Brush_Null" methodname="Constructor_Brush_Null" classname="MonoTests.System.Drawing.PenTest" runstate="Runnable" seed="202316736" result="Passed" start-time="2017-05-02 03:42:24Z" end-time="2017-05-02 03:42:24Z" duration="0.000660" asserts="1" />
            <test-case id="1148" name="Constructor_Color" fullname="MonoTests.System.Drawing.PenTest.Constructor_Color" methodname="Constructor_Color" classname="MonoTests.System.Drawing.PenTest" runstate="Runnable" seed="472609224" result="Passed" start-time="2017-05-02 03:42:24Z" end-time="2017-05-02 03:42:24Z" duration="0.000614" asserts="15" />
            <test-case id="1149" name="Constructor_Color_Float" fullname="MonoTests.System.Drawing.PenTest.Constructor_Color_Float" methodname="Constructor_Color_Float" classname="MonoTests.System.Drawing.PenTest" runstate="Runnable" seed="1623403239" result="Passed" start-time="2017-05-02 03:42:24Z" end-time="2017-05-02 03:42:24Z" duration="0.000712" asserts="15" />
            <test-case id="1152" name="Constructor_Color_Float_MaxValue" fullname="MonoTests.System.Drawing.PenTest.Constructor_Color_Float_MaxValue" methodname="Constructor_Color_Float_MaxValue" classname="MonoTests.System.Drawing.PenTest" runstate="Runnable" seed="1029295918" result="Passed" start-time="2017-05-02 03:42:24Z" end-time="2017-05-02 03:42:24Z" duration="0.000647" asserts="15" />
            <test-case id="1151" name="Constructor_Color_Float_Negative" fullname="MonoTests.System.Drawing.PenTest.Constructor_Color_Float_Negative" methodname="Constructor_Color_Float_Negative" classname="MonoTests.System.Drawing.PenTest" runstate="Runnable" seed="429337716" result="Passed" start-time="2017-05-02 03:42:24Z" end-time="2017-05-02 03:42:24Z" duration="0.000831" asserts="15" />
            <test-case id="1150" name="Constructor_Color_Float_Zero" fullname="MonoTests.System.Drawing.PenTest.Constructor_Color_Float_Zero" methodname="Constructor_Color_Float_Zero" classname="MonoTests.System.Drawing.PenTest" runstate="Runnable" seed="25463763" result="Passed" start-time="2017-05-02 03:42:24Z" end-time="2017-05-02 03:42:24Z" duration="0.000660" asserts="15" />
            <test-case id="1166" name="CustomEndCap_Default" fullname="MonoTests.System.Drawing.PenTest.CustomEndCap_Default" methodname="CustomEndCap_Default" classname="MonoTests.System.Drawing.PenTest" runstate="Runnable" seed="661608913" result="Failed" start-time="2017-05-02 03:42:24Z" end-time="2017-05-02 03:42:24Z" duration="0.001655" asserts="1">
              <properties>
                <property name="Category" value="NotWorking" />
              </properties>
              <failure>
                <message><![CDATA[  Expected: <System.ArgumentException>
  But was:  null
]]></message>
                <stack-trace><![CDATA[在 MonoTests.System.Drawing.PenTest.CustomEndCap_Default() 位置 C:\ProgramData\Git\zkweb.system.drawing\src\ZKWeb.System.Drawing.Tests\System.Drawing\PenTest.cs:行号 268
]]></stack-trace>
              </failure>
              <assertions>
                <assertion result="Failed">
                  <message><![CDATA[  Expected: <System.ArgumentException>
  But was:  null
]]></message>
                  <stack-trace><![CDATA[在 MonoTests.System.Drawing.PenTest.CustomEndCap_Default() 位置 C:\ProgramData\Git\zkweb.system.drawing\src\ZKWeb.System.Drawing.Tests\System.Drawing\PenTest.cs:行号 268
]]></stack-trace>
                </assertion>
              </assertions>
            </test-case>
            <test-case id="1165" name="CustomEndCap_Set" fullname="MonoTests.System.Drawing.PenTest.CustomEndCap_Set" methodname="CustomEndCap_Set" classname="MonoTests.System.Drawing.PenTest" runstate="Runnable" seed="1680961887" result="Failed" start-time="2017-05-02 03:42:24Z" end-time="2017-05-02 03:42:24Z" duration="0.002689" asserts="2">
              <properties>
                <property name="Category" value="NotWorking" />
              </properties>
              <failure>
                <message><![CDATA[  !same
  Expected: False
  But was:  True
]]></message>
                <stack-trace><![CDATA[在 MonoTests.System.Drawing.PenTest.CustomEndCap_Set() 位置 C:\ProgramData\Git\zkweb.system.drawing\src\ZKWeb.System.Drawing.Tests\System.Drawing\PenTest.cs:行号 256
]]></stack-trace>
              </failure>
              <assertions>
                <assertion result="Failed">
                  <message><![CDATA[  !same
  Expected: False
  But was:  True
]]></message>
                  <stack-trace><![CDATA[在 MonoTests.System.Drawing.PenTest.CustomEndCap_Set() 位置 C:\ProgramData\Git\zkweb.system.drawing\src\ZKWeb.System.Drawing.Tests\System.Drawing\PenTest.cs:行号 256
]]></stack-trace>
                </assertion>
              </assertions>
            </test-case>
            <test-case id="1168" name="CustomStartCap_Default" fullname="MonoTests.System.Drawing.PenTest.CustomStartCap_Default" methodname="CustomStartCap_Default" classname="MonoTests.System.Drawing.PenTest" runstate="Runnable" seed="1784005448" result="Failed" start-time="2017-05-02 03:42:24Z" end-time="2017-05-02 03:42:24Z" duration="0.001191" asserts="1">
              <properties>
                <property name="Category" value="NotWorking" />
              </properties>
              <failure>
                <message><![CDATA[  Expected: <System.ArgumentException>
  But was:  null
]]></message>
                <stack-trace><![CDATA[在 MonoTests.System.Drawing.PenTest.CustomStartCap_Default() 位置 C:\ProgramData\Git\zkweb.system.drawing\src\ZKWeb.System.Drawing.Tests\System.Drawing\PenTest.cs:行号 289
]]></stack-trace>
              </failure>
              <assertions>
                <assertion result="Failed">
                  <message><![CDATA[  Expected: <System.ArgumentException>
  But was:  null
]]></message>
                  <stack-trace><![CDATA[在 MonoTests.System.Drawing.PenTest.CustomStartCap_Default() 位置 C:\ProgramData\Git\zkweb.system.drawing\src\ZKWeb.System.Drawing.Tests\System.Drawing\PenTest.cs:行号 289
]]></stack-trace>
                </assertion>
              </assertions>
            </test-case>
            <test-case id="1167" name="CustomStartCap_Set" fullname="MonoTests.System.Drawing.PenTest.CustomStartCap_Set" methodname="CustomStartCap_Set" classname="MonoTests.System.Drawing.PenTest" runstate="Runnable" seed="581464113" result="Failed" start-time="2017-05-02 03:42:24Z" end-time="2017-05-02 03:42:24Z" duration="0.001796" asserts="2">
              <properties>
                <property name="Category" value="NotWorking" />
              </properties>
              <failure>
                <message><![CDATA[  !same
  Expected: False
  But was:  True
]]></message>
                <stack-trace><![CDATA[在 MonoTests.System.Drawing.PenTest.CustomStartCap_Set() 位置 C:\ProgramData\Git\zkweb.system.drawing\src\ZKWeb.System.Drawing.Tests\System.Drawing\PenTest.cs:行号 277
]]></stack-trace>
              </failure>
              <assertions>
                <assertion result="Failed">
                  <message><![CDATA[  !same
  Expected: False
  But was:  True
]]></message>
                  <stack-trace><![CDATA[在 MonoTests.System.Drawing.PenTest.CustomStartCap_Set() 位置 C:\ProgramData\Git\zkweb.system.drawing\src\ZKWeb.System.Drawing.Tests\System.Drawing\PenTest.cs:行号 277
]]></stack-trace>
                </assertion>
              </assertions>
            </test-case>
            <test-case id="1170" name="DashCap_Invalid" fullname="MonoTests.System.Drawing.PenTest.DashCap_Invalid" methodname="DashCap_Invalid" classname="MonoTests.System.Drawing.PenTest" runstate="Runnable" seed="1318830845" result="Passed" start-time="2017-05-02 03:42:24Z" end-time="2017-05-02 03:42:24Z" duration="0.000993" asserts="1" />
            <test-case id="1169" name="DashCap_Valid" fullname="MonoTests.System.Drawing.PenTest.DashCap_Valid" methodname="DashCap_Valid" classname="MonoTests.System.Drawing.PenTest" runstate="Runnable" seed="843317387" result="Passed" start-time="2017-05-02 03:42:24Z" end-time="2017-05-02 03:42:24Z" duration="0.000864" asserts="3" />
            <test-case id="1171" name="DashOffset" fullname="MonoTests.System.Drawing.PenTest.DashOffset" methodname="DashOffset" classname="MonoTests.System.Drawing.PenTest" runstate="Runnable" seed="302094979" result="Passed" start-time="2017-05-02 03:42:24Z" end-time="2017-05-02 03:42:24Z" duration="0.001244" asserts="3" />
            <test-case id="1172" name="DashPattern" fullname="MonoTests.System.Drawing.PenTest.DashPattern" methodname="DashPattern" classname="MonoTests.System.Drawing.PenTest" runstate="Runnable" seed="808862835" result="Passed" start-time="2017-05-02 03:42:24Z" end-time="2017-05-02 03:42:24Z" duration="0.001638" asserts="3" />
            <test-case id="1177" name="DashPattern_Default" fullname="MonoTests.System.Drawing.PenTest.DashPattern_Default" methodname="DashPattern_Default" classname="MonoTests.System.Drawing.PenTest" runstate="Runnable" seed="944278900" result="Failed" start-time="2017-05-02 03:42:24Z" end-time="2017-05-02 03:42:24Z" duration="0.001403" asserts="1">
              <properties>
                <property name="Category" value="NotWorking" />
              </properties>
              <failure>
                <message><![CDATA[  Expected: <System.OutOfMemoryException>
  But was:  null
]]></message>
                <stack-trace><![CDATA[在 MonoTests.System.Drawing.PenTest.DashPattern_Default() 位置 C:\ProgramData\Git\zkweb.system.drawing\src\ZKWeb.System.Drawing.Tests\System.Drawing\PenTest.cs:行号 452
]]></stack-trace>
              </failure>
              <assertions>
                <assertion result="Failed">
                  <message><![CDATA[  Expected: <System.OutOfMemoryException>
  But was:  null
]]></message>
                  <stack-trace><![CDATA[在 MonoTests.System.Drawing.PenTest.DashPattern_Default() 位置 C:\ProgramData\Git\zkweb.system.drawing\src\ZKWeb.System.Drawing.Tests\System.Drawing\PenTest.cs:行号 452
]]></stack-trace>
                </assertion>
              </assertions>
            </test-case>
            <test-case id="1173" name="DashPattern_Empty" fullname="MonoTests.System.Drawing.PenTest.DashPattern_Empty" methodname="DashPattern_Empty" classname="MonoTests.System.Drawing.PenTest" runstate="Runnable" seed="1829016651" result="Passed" start-time="2017-05-02 03:42:24Z" end-time="2017-05-02 03:42:24Z" duration="0.001437" asserts="1" />
            <test-case id="1176" name="DashStyle_Custom" fullname="MonoTests.System.Drawing.PenTest.DashStyle_Custom" methodname="DashStyle_Custom" classname="MonoTests.System.Drawing.PenTest" runstate="Runnable" seed="79957399" result="Passed" start-time="2017-05-02 03:42:24Z" end-time="2017-05-02 03:42:24Z" duration="0.008087" asserts="53" />
            <test-case id="1175" name="DashStyle_Invalid" fullname="MonoTests.System.Drawing.PenTest.DashStyle_Invalid" methodname="DashStyle_Invalid" classname="MonoTests.System.Drawing.PenTest" runstate="Runnable" seed="2116201989" result="Passed" start-time="2017-05-02 03:42:24Z" end-time="2017-05-02 03:42:24Z" duration="0.000936" asserts="1" />
            <test-case id="1174" name="DashStyle_Valid" fullname="MonoTests.System.Drawing.PenTest.DashStyle_Valid" methodname="DashStyle_Valid" classname="MonoTests.System.Drawing.PenTest" runstate="Runnable" seed="1287642242" result="Passed" start-time="2017-05-02 03:42:24Z" end-time="2017-05-02 03:42:24Z" duration="0.000907" asserts="6" />
            <test-case id="1189" name="Dispose" fullname="MonoTests.System.Drawing.PenTest.Dispose" methodname="Dispose" classname="MonoTests.System.Drawing.PenTest" runstate="Runnable" seed="1757739754" result="Passed" start-time="2017-05-02 03:42:24Z" end-time="2017-05-02 03:42:24Z" duration="0.000764" asserts="1" />
            <test-case id="1179" name="EndCap_Invalid" fullname="MonoTests.System.Drawing.PenTest.EndCap_Invalid" methodname="EndCap_Invalid" classname="MonoTests.System.Drawing.PenTest" runstate="Runnable" seed="1273358344" result="Passed" start-time="2017-05-02 03:42:24Z" end-time="2017-05-02 03:42:24Z" duration="0.000816" asserts="1" />
            <test-case id="1178" name="EndCap_Valid" fullname="MonoTests.System.Drawing.PenTest.EndCap_Valid" methodname="EndCap_Valid" classname="MonoTests.System.Drawing.PenTest" runstate="Runnable" seed="1948357824" result="Passed" start-time="2017-05-02 03:42:24Z" end-time="2017-05-02 03:42:24Z" duration="0.000803" asserts="11" />
            <test-case id="1181" name="LineJoin_Invalid" fullname="MonoTests.System.Drawing.PenTest.LineJoin_Invalid" methodname="LineJoin_Invalid" classname="MonoTests.System.Drawing.PenTest" runstate="Runnable" seed="1063296346" result="Passed" start-time="2017-05-02 03:42:24Z" end-time="2017-05-02 03:42:24Z" duration="0.001133" asserts="1" />
            <test-case id="1180" name="LineJoin_Valid" fullname="MonoTests.System.Drawing.PenTest.LineJoin_Valid" methodname="LineJoin_Valid" classname="MonoTests.System.Drawing.PenTest" runstate="Runnable" seed="66457919" result="Passed" start-time="2017-05-02 03:42:24Z" end-time="2017-05-02 03:42:24Z" duration="0.000935" asserts="4" />
            <test-case id="1182" name="MiterLimit" fullname="MonoTests.System.Drawing.PenTest.MiterLimit" methodname="MiterLimit" classname="MonoTests.System.Drawing.PenTest" runstate="Runnable" seed="598606736" result="Passed" start-time="2017-05-02 03:42:24Z" end-time="2017-05-02 03:42:24Z" duration="0.001136" asserts="3" />
            <test-case id="1197" name="MultiplyTransform_NonInvertible" fullname="MonoTests.System.Drawing.PenTest.MultiplyTransform_NonInvertible" methodname="MultiplyTransform_NonInvertible" classname="MonoTests.System.Drawing.PenTest" runstate="Runnable" seed="1305537071" result="Passed" start-time="2017-05-02 03:42:24Z" end-time="2017-05-02 03:42:24Z" duration="0.001368" asserts="1" />
            <test-case id="1194" name="MultiplyTransform1_Null" fullname="MonoTests.System.Drawing.PenTest.MultiplyTransform1_Null" methodname="MultiplyTransform1_Null" classname="MonoTests.System.Drawing.PenTest" runstate="Runnable" seed="1081598811" result="Passed" start-time="2017-05-02 03:42:24Z" end-time="2017-05-02 03:42:24Z" duration="0.000609" asserts="1" />
            <test-case id="1196" name="MultiplyTransform2_InvalidMatrixOrder" fullname="MonoTests.System.Drawing.PenTest.MultiplyTransform2_InvalidMatrixOrder" methodname="MultiplyTransform2_InvalidMatrixOrder" classname="MonoTests.System.Drawing.PenTest" runstate="Runnable" seed="207170408" result="Passed" start-time="2017-05-02 03:42:24Z" end-time="2017-05-02 03:42:24Z" duration="0.001261" asserts="2" />
            <test-case id="1195" name="MultiplyTransform2_Null" fullname="MonoTests.System.Drawing.PenTest.MultiplyTransform2_Null" methodname="MultiplyTransform2_Null" classname="MonoTests.System.Drawing.PenTest" runstate="Runnable" seed="1737210210" result="Passed" start-time="2017-05-02 03:42:24Z" end-time="2017-05-02 03:42:24Z" duration="0.000555" asserts="1" />
            <test-case id="1198" name="ResetTransform" fullname="MonoTests.System.Drawing.PenTest.ResetTransform" methodname="ResetTransform" classname="MonoTests.System.Drawing.PenTest" runstate="Runnable" seed="717478205" result="Passed" start-time="2017-05-02 03:42:24Z" end-time="2017-05-02 03:42:24Z" duration="0.000746" asserts="2" />
            <test-case id="1199" name="RotateTransform" fullname="MonoTests.System.Drawing.PenTest.RotateTransform" methodname="RotateTransform" classname="MonoTests.System.Drawing.PenTest" runstate="Runnable" seed="1097069867" result="Passed" start-time="2017-05-02 03:42:24Z" end-time="2017-05-02 03:42:24Z" duration="0.000899" asserts="7" />
            <test-case id="1200" name="RotateTransform_InvalidOrder" fullname="MonoTests.System.Drawing.PenTest.RotateTransform_InvalidOrder" methodname="RotateTransform_InvalidOrder" classname="MonoTests.System.Drawing.PenTest" runstate="Runnable" seed="947043471" result="Passed" start-time="2017-05-02 03:42:24Z" end-time="2017-05-02 03:42:24Z" duration="0.000682" asserts="1" />
            <test-case id="1201" name="ScaleTransform" fullname="MonoTests.System.Drawing.PenTest.ScaleTransform" methodname="ScaleTransform" classname="MonoTests.System.Drawing.PenTest" runstate="Runnable" seed="1660398608" result="Passed" start-time="2017-05-02 03:42:24Z" end-time="2017-05-02 03:42:24Z" duration="0.000906" asserts="7" />
            <test-case id="1203" name="ScaleTransform_InvalidOrder" fullname="MonoTests.System.Drawing.PenTest.ScaleTransform_InvalidOrder" methodname="ScaleTransform_InvalidOrder" classname="MonoTests.System.Drawing.PenTest" runstate="Runnable" seed="1699970680" result="Passed" start-time="2017-05-02 03:42:24Z" end-time="2017-05-02 03:42:24Z" duration="0.000668" asserts="1" />
            <test-case id="1202" name="ScaleTransform_MaxMin" fullname="MonoTests.System.Drawing.PenTest.ScaleTransform_MaxMin" methodname="ScaleTransform_MaxMin" classname="MonoTests.System.Drawing.PenTest" runstate="Runnable" seed="161128013" result="Passed" start-time="2017-05-02 03:42:24Z" end-time="2017-05-02 03:42:24Z" duration="0.000672" asserts="6" />
            <test-case id="1190" name="SetLineCap" fullname="MonoTests.System.Drawing.PenTest.SetLineCap" methodname="SetLineCap" classname="MonoTests.System.Drawing.PenTest" runstate="Runnable" seed="991326632" result="Passed" start-time="2017-05-02 03:42:24Z" end-time="2017-05-02 03:42:24Z" duration="0.003490" asserts="1089" />
            <test-case id="1193" name="SetLineCap_InvalidDashCap" fullname="MonoTests.System.Drawing.PenTest.SetLineCap_InvalidDashCap" methodname="SetLineCap_InvalidDashCap" classname="MonoTests.System.Drawing.PenTest" runstate="Runnable" seed="1850477304" result="Passed" start-time="2017-05-02 03:42:24Z" end-time="2017-05-02 03:42:24Z" duration="0.000686" asserts="3" />
            <test-case id="1192" name="SetLineCap_InvalidEndCap" fullname="MonoTests.System.Drawing.PenTest.SetLineCap_InvalidEndCap" methodname="SetLineCap_InvalidEndCap" classname="MonoTests.System.Drawing.PenTest" runstate="Runnable" seed="208726275" result="Passed" start-time="2017-05-02 03:42:24Z" end-time="2017-05-02 03:42:24Z" duration="0.000746" asserts="3" />
            <test-case id="1191" name="SetLineCap_InvalidStartCap" fullname="MonoTests.System.Drawing.PenTest.SetLineCap_InvalidStartCap" methodname="SetLineCap_InvalidStartCap" classname="MonoTests.System.Drawing.PenTest" runstate="Runnable" seed="2028998672" result="Passed" start-time="2017-05-02 03:42:24Z" end-time="2017-05-02 03:42:24Z" duration="0.000762" asserts="3" />
            <test-case id="1184" name="StartCap_Invalid" fullname="MonoTests.System.Drawing.PenTest.StartCap_Invalid" methodname="StartCap_Invalid" classname="MonoTests.System.Drawing.PenTest" runstate="Runnable" seed="442405233" result="Passed" start-time="2017-05-02 03:42:24Z" end-time="2017-05-02 03:42:24Z" duration="0.000815" asserts="1" />
            <test-case id="1183" name="StartCap_Valid" fullname="MonoTests.System.Drawing.PenTest.StartCap_Valid" methodname="StartCap_Valid" classname="MonoTests.System.Drawing.PenTest" runstate="Runnable" seed="1928419482" result="Passed" start-time="2017-05-02 03:42:24Z" end-time="2017-05-02 03:42:24Z" duration="0.000801" asserts="11" />
            <test-case id="1186" name="Transform_NonInvertible" fullname="MonoTests.System.Drawing.PenTest.Transform_NonInvertible" methodname="Transform_NonInvertible" classname="MonoTests.System.Drawing.PenTest" runstate="Runnable" seed="932616152" result="Passed" start-time="2017-05-02 03:42:24Z" end-time="2017-05-02 03:42:24Z" duration="0.000769" asserts="1" />
            <test-case id="1185" name="Transform_Null" fullname="MonoTests.System.Drawing.PenTest.Transform_Null" methodname="Transform_Null" classname="MonoTests.System.Drawing.PenTest" runstate="Runnable" seed="278631839" result="Passed" start-time="2017-05-02 03:42:24Z" end-time="2017-05-02 03:42:24Z" duration="0.000586" asserts="1" />
            <test-case id="1206" name="Transform_Operations" fullname="MonoTests.System.Drawing.PenTest.Transform_Operations" methodname="Transform_Operations" classname="MonoTests.System.Drawing.PenTest" runstate="Runnable" seed="391934000" result="Passed" start-time="2017-05-02 03:42:24Z" end-time="2017-05-02 03:42:24Z" duration="0.001676" asserts="9" />
            <test-case id="1204" name="TranslateTransform" fullname="MonoTests.System.Drawing.PenTest.TranslateTransform" methodname="TranslateTransform" classname="MonoTests.System.Drawing.PenTest" runstate="Runnable" seed="1118224833" result="Passed" start-time="2017-05-02 03:42:24Z" end-time="2017-05-02 03:42:24Z" duration="0.001302" asserts="12" />
            <test-case id="1205" name="TranslateTransform_InvalidOrder" fullname="MonoTests.System.Drawing.PenTest.TranslateTransform_InvalidOrder" methodname="TranslateTransform_InvalidOrder" classname="MonoTests.System.Drawing.PenTest" runstate="Runnable" seed="1327331959" result="Passed" start-time="2017-05-02 03:42:24Z" end-time="2017-05-02 03:42:24Z" duration="0.000597" asserts="1" />
            <test-case id="1187" name="Width" fullname="MonoTests.System.Drawing.PenTest.Width" methodname="Width" classname="MonoTests.System.Drawing.PenTest" runstate="Runnable" seed="561701973" result="Passed" start-time="2017-05-02 03:42:24Z" end-time="2017-05-02 03:42:24Z" duration="0.000865" asserts="3" />
          </test-suite>
          <test-suite type="TestFixture" id="1910" name="PointConverterTest" fullname="MonoTests.System.Drawing.PointConverterTest" classname="MonoTests.System.Drawing.PointConverterTest" runstate="Runnable" testcasecount="20" result="Failed" site="Child" start-time="2017-05-02 03:42:24Z" end-time="2017-05-02 03:42:24Z" duration="0.085219" total="20" passed="0" failed="20" warnings="0" inconclusive="0" skipped="0" asserts="0">
            <failure>
              <message><![CDATA[One or more child tests had errors]]></message>
            </failure>
            <test-case id="1920" name="ConvertFromInvariantString_string" fullname="MonoTests.System.Drawing.PointConverterTest.ConvertFromInvariantString_string" methodname="ConvertFromInvariantString_string" classname="MonoTests.System.Drawing.PointConverterTest" runstate="Runnable" seed="1544702568" result="Failed" label="Error" start-time="2017-05-02 03:42:24Z" end-time="2017-05-02 03:42:24Z" duration="0.002444" asserts="0">
              <failure>
                <message><![CDATA[System.InvalidCastException : Unable to cast object of type 'System.ComponentModel.TypeConverter' to type 'System.DrawingCore.PointConverter'.]]></message>
                <stack-trace><![CDATA[   在 MonoTests.System.Drawing.PointConverterTest.SetUp() 位置 C:\ProgramData\Git\zkweb.system.drawing\src\ZKWeb.System.Drawing.Tests\System.Drawing\TestPointConverter.cs:行号 64]]></stack-trace>
              </failure>
            </test-case>
            <test-case id="1921" name="ConvertFromInvariantString_string_exc_1" fullname="MonoTests.System.Drawing.PointConverterTest.ConvertFromInvariantString_string_exc_1" methodname="ConvertFromInvariantString_string_exc_1" classname="MonoTests.System.Drawing.PointConverterTest" runstate="Runnable" seed="1515974811" result="Failed" label="Error" start-time="2017-05-02 03:42:24Z" end-time="2017-05-02 03:42:24Z" duration="0.000725" asserts="0">
              <failure>
                <message><![CDATA[System.InvalidCastException : Unable to cast object of type 'System.ComponentModel.TypeConverter' to type 'System.DrawingCore.PointConverter'.]]></message>
                <stack-trace><![CDATA[   在 MonoTests.System.Drawing.PointConverterTest.SetUp() 位置 C:\ProgramData\Git\zkweb.system.drawing\src\ZKWeb.System.Drawing.Tests\System.Drawing\TestPointConverter.cs:行号 64]]></stack-trace>
              </failure>
            </test-case>
            <test-case id="1922" name="ConvertFromInvariantString_string_exc_2" fullname="MonoTests.System.Drawing.PointConverterTest.ConvertFromInvariantString_string_exc_2" methodname="ConvertFromInvariantString_string_exc_2" classname="MonoTests.System.Drawing.PointConverterTest" runstate="Runnable" seed="252862070" result="Failed" label="Error" start-time="2017-05-02 03:42:24Z" end-time="2017-05-02 03:42:24Z" duration="0.000438" asserts="0">
              <failure>
                <message><![CDATA[System.InvalidCastException : Unable to cast object of type 'System.ComponentModel.TypeConverter' to type 'System.DrawingCore.PointConverter'.]]></message>
                <stack-trace><![CDATA[   在 MonoTests.System.Drawing.PointConverterTest.SetUp() 位置 C:\ProgramData\Git\zkweb.system.drawing\src\ZKWeb.System.Drawing.Tests\System.Drawing\TestPointConverter.cs:行号 64]]></stack-trace>
              </failure>
            </test-case>
            <test-case id="1923" name="ConvertFromString_string" fullname="MonoTests.System.Drawing.PointConverterTest.ConvertFromString_string" methodname="ConvertFromString_string" classname="MonoTests.System.Drawing.PointConverterTest" runstate="Runnable" seed="2003787725" result="Failed" label="Error" start-time="2017-05-02 03:42:24Z" end-time="2017-05-02 03:42:24Z" duration="0.000783" asserts="0">
              <failure>
                <message><![CDATA[System.InvalidCastException : Unable to cast object of type 'System.ComponentModel.TypeConverter' to type 'System.DrawingCore.PointConverter'.]]></message>
                <stack-trace><![CDATA[   在 MonoTests.System.Drawing.PointConverterTest.SetUp() 位置 C:\ProgramData\Git\zkweb.system.drawing\src\ZKWeb.System.Drawing.Tests\System.Drawing\TestPointConverter.cs:行号 64]]></stack-trace>
              </failure>
            </test-case>
            <test-case id="1924" name="ConvertFromString_string_exc_1" fullname="MonoTests.System.Drawing.PointConverterTest.ConvertFromString_string_exc_1" methodname="ConvertFromString_string_exc_1" classname="MonoTests.System.Drawing.PointConverterTest" runstate="Runnable" seed="1938318984" result="Failed" label="Error" start-time="2017-05-02 03:42:24Z" end-time="2017-05-02 03:42:24Z" duration="0.000705" asserts="0">
              <failure>
                <message><![CDATA[System.InvalidCastException : Unable to cast object of type 'System.ComponentModel.TypeConverter' to type 'System.DrawingCore.PointConverter'.]]></message>
                <stack-trace><![CDATA[   在 MonoTests.System.Drawing.PointConverterTest.SetUp() 位置 C:\ProgramData\Git\zkweb.system.drawing\src\ZKWeb.System.Drawing.Tests\System.Drawing\TestPointConverter.cs:行号 64]]></stack-trace>
              </failure>
            </test-case>
            <test-case id="1925" name="ConvertFromString_string_exc_2" fullname="MonoTests.System.Drawing.PointConverterTest.ConvertFromString_string_exc_2" methodname="ConvertFromString_string_exc_2" classname="MonoTests.System.Drawing.PointConverterTest" runstate="Runnable" seed="804795824" result="Failed" label="Error" start-time="2017-05-02 03:42:24Z" end-time="2017-05-02 03:42:24Z" duration="0.000603" asserts="0">
              <failure>
                <message><![CDATA[System.InvalidCastException : Unable to cast object of type 'System.ComponentModel.TypeConverter' to type 'System.DrawingCore.PointConverter'.]]></message>
                <stack-trace><![CDATA[   在 MonoTests.System.Drawing.PointConverterTest.SetUp() 位置 C:\ProgramData\Git\zkweb.system.drawing\src\ZKWeb.System.Drawing.Tests\System.Drawing\TestPointConverter.cs:行号 64]]></stack-trace>
              </failure>
            </test-case>
            <test-case id="1926" name="ConvertToInvariantString_string" fullname="MonoTests.System.Drawing.PointConverterTest.ConvertToInvariantString_string" methodname="ConvertToInvariantString_string" classname="MonoTests.System.Drawing.PointConverterTest" runstate="Runnable" seed="1287567894" result="Failed" label="Error" start-time="2017-05-02 03:42:24Z" end-time="2017-05-02 03:42:24Z" duration="0.000625" asserts="0">
              <failure>
                <message><![CDATA[System.InvalidCastException : Unable to cast object of type 'System.ComponentModel.TypeConverter' to type 'System.DrawingCore.PointConverter'.]]></message>
                <stack-trace><![CDATA[   在 MonoTests.System.Drawing.PointConverterTest.SetUp() 位置 C:\ProgramData\Git\zkweb.system.drawing\src\ZKWeb.System.Drawing.Tests\System.Drawing\TestPointConverter.cs:行号 64]]></stack-trace>
              </failure>
            </test-case>
            <test-case id="1927" name="ConvertToString_string" fullname="MonoTests.System.Drawing.PointConverterTest.ConvertToString_string" methodname="ConvertToString_string" classname="MonoTests.System.Drawing.PointConverterTest" runstate="Runnable" seed="2115644222" result="Failed" label="Error" start-time="2017-05-02 03:42:24Z" end-time="2017-05-02 03:42:24Z" duration="0.000756" asserts="0">
              <failure>
                <message><![CDATA[System.InvalidCastException : Unable to cast object of type 'System.ComponentModel.TypeConverter' to type 'System.DrawingCore.PointConverter'.]]></message>
                <stack-trace><![CDATA[   在 MonoTests.System.Drawing.PointConverterTest.SetUp() 位置 C:\ProgramData\Git\zkweb.system.drawing\src\ZKWeb.System.Drawing.Tests\System.Drawing\TestPointConverter.cs:行号 64]]></stack-trace>
              </failure>
            </test-case>
            <test-case id="1929" name="GetStandardValues" fullname="MonoTests.System.Drawing.PointConverterTest.GetStandardValues" methodname="GetStandardValues" classname="MonoTests.System.Drawing.PointConverterTest" runstate="Runnable" seed="37519837" result="Failed" label="Error" start-time="2017-05-02 03:42:24Z" end-time="2017-05-02 03:42:24Z" duration="0.000600" asserts="0">
              <failure>
                <message><![CDATA[System.InvalidCastException : Unable to cast object of type 'System.ComponentModel.TypeConverter' to type 'System.DrawingCore.PointConverter'.]]></message>
                <stack-trace><![CDATA[   在 MonoTests.System.Drawing.PointConverterTest.SetUp() 位置 C:\ProgramData\Git\zkweb.system.drawing\src\ZKWeb.System.Drawing.Tests\System.Drawing\TestPointConverter.cs:行号 64]]></stack-trace>
              </failure>
            </test-case>
            <test-case id="1930" name="GetStandardValuesExclusive" fullname="MonoTests.System.Drawing.PointConverterTest.GetStandardValuesExclusive" methodname="GetStandardValuesExclusive" classname="MonoTests.System.Drawing.PointConverterTest" runstate="Runnable" seed="1191107602" result="Failed" label="Error" start-time="2017-05-02 03:42:24Z" end-time="2017-05-02 03:42:24Z" duration="0.000578" asserts="0">
              <failure>
                <message><![CDATA[System.InvalidCastException : Unable to cast object of type 'System.ComponentModel.TypeConverter' to type 'System.DrawingCore.PointConverter'.]]></message>
                <stack-trace><![CDATA[   在 MonoTests.System.Drawing.PointConverterTest.SetUp() 位置 C:\ProgramData\Git\zkweb.system.drawing\src\ZKWeb.System.Drawing.Tests\System.Drawing\TestPointConverter.cs:行号 64]]></stack-trace>
              </failure>
            </test-case>
            <test-case id="1928" name="GetStandardValuesSupported" fullname="MonoTests.System.Drawing.PointConverterTest.GetStandardValuesSupported" methodname="GetStandardValuesSupported" classname="MonoTests.System.Drawing.PointConverterTest" runstate="Runnable" seed="1785175974" result="Failed" label="Error" start-time="2017-05-02 03:42:24Z" end-time="2017-05-02 03:42:24Z" duration="0.000552" asserts="0">
              <failure>
                <message><![CDATA[System.InvalidCastException : Unable to cast object of type 'System.ComponentModel.TypeConverter' to type 'System.DrawingCore.PointConverter'.]]></message>
                <stack-trace><![CDATA[   在 MonoTests.System.Drawing.PointConverterTest.SetUp() 位置 C:\ProgramData\Git\zkweb.system.drawing\src\ZKWeb.System.Drawing.Tests\System.Drawing\TestPointConverter.cs:行号 64]]></stack-trace>
              </failure>
            </test-case>
            <test-case id="1911" name="TestCanConvertFrom" fullname="MonoTests.System.Drawing.PointConverterTest.TestCanConvertFrom" methodname="TestCanConvertFrom" classname="MonoTests.System.Drawing.PointConverterTest" runstate="Runnable" seed="467658698" result="Failed" label="Error" start-time="2017-05-02 03:42:24Z" end-time="2017-05-02 03:42:24Z" duration="0.000531" asserts="0">
              <failure>
                <message><![CDATA[System.InvalidCastException : Unable to cast object of type 'System.ComponentModel.TypeConverter' to type 'System.DrawingCore.PointConverter'.]]></message>
                <stack-trace><![CDATA[   在 MonoTests.System.Drawing.PointConverterTest.SetUp() 位置 C:\ProgramData\Git\zkweb.system.drawing\src\ZKWeb.System.Drawing.Tests\System.Drawing\TestPointConverter.cs:行号 64]]></stack-trace>
              </failure>
            </test-case>
            <test-case id="1912" name="TestCanConvertTo" fullname="MonoTests.System.Drawing.PointConverterTest.TestCanConvertTo" methodname="TestCanConvertTo" classname="MonoTests.System.Drawing.PointConverterTest" runstate="Runnable" seed="880090744" result="Failed" label="Error" start-time="2017-05-02 03:42:24Z" end-time="2017-05-02 03:42:24Z" duration="0.000954" asserts="0">
              <failure>
                <message><![CDATA[System.InvalidCastException : Unable to cast object of type 'System.ComponentModel.TypeConverter' to type 'System.DrawingCore.PointConverter'.]]></message>
                <stack-trace><![CDATA[   在 MonoTests.System.Drawing.PointConverterTest.SetUp() 位置 C:\ProgramData\Git\zkweb.system.drawing\src\ZKWeb.System.Drawing.Tests\System.Drawing\TestPointConverter.cs:行号 64]]></stack-trace>
              </failure>
            </test-case>
            <test-case id="1913" name="TestConvertFrom" fullname="MonoTests.System.Drawing.PointConverterTest.TestConvertFrom" methodname="TestConvertFrom" classname="MonoTests.System.Drawing.PointConverterTest" runstate="Runnable" seed="1285778756" result="Failed" label="Error" start-time="2017-05-02 03:42:24Z" end-time="2017-05-02 03:42:24Z" duration="0.000687" asserts="0">
              <failure>
                <message><![CDATA[System.InvalidCastException : Unable to cast object of type 'System.ComponentModel.TypeConverter' to type 'System.DrawingCore.PointConverter'.]]></message>
                <stack-trace><![CDATA[   在 MonoTests.System.Drawing.PointConverterTest.SetUp() 位置 C:\ProgramData\Git\zkweb.system.drawing\src\ZKWeb.System.Drawing.Tests\System.Drawing\TestPointConverter.cs:行号 64]]></stack-trace>
              </failure>
            </test-case>
            <test-case id="1914" name="TestConvertTo" fullname="MonoTests.System.Drawing.PointConverterTest.TestConvertTo" methodname="TestConvertTo" classname="MonoTests.System.Drawing.PointConverterTest" runstate="Runnable" seed="1777977021" result="Failed" label="Error" start-time="2017-05-02 03:42:24Z" end-time="2017-05-02 03:42:24Z" duration="0.000546" asserts="0">
              <failure>
                <message><![CDATA[System.InvalidCastException : Unable to cast object of type 'System.ComponentModel.TypeConverter' to type 'System.DrawingCore.PointConverter'.]]></message>
                <stack-trace><![CDATA[   在 MonoTests.System.Drawing.PointConverterTest.SetUp() 位置 C:\ProgramData\Git\zkweb.system.drawing\src\ZKWeb.System.Drawing.Tests\System.Drawing\TestPointConverter.cs:行号 64]]></stack-trace>
              </failure>
            </test-case>
            <test-case id="1916" name="TestCreateInstance" fullname="MonoTests.System.Drawing.PointConverterTest.TestCreateInstance" methodname="TestCreateInstance" classname="MonoTests.System.Drawing.PointConverterTest" runstate="Runnable" seed="1960672246" result="Failed" label="Error" start-time="2017-05-02 03:42:24Z" end-time="2017-05-02 03:42:24Z" duration="0.000604" asserts="0">
              <failure>
                <message><![CDATA[System.InvalidCastException : Unable to cast object of type 'System.ComponentModel.TypeConverter' to type 'System.DrawingCore.PointConverter'.]]></message>
                <stack-trace><![CDATA[   在 MonoTests.System.Drawing.PointConverterTest.SetUp() 位置 C:\ProgramData\Git\zkweb.system.drawing\src\ZKWeb.System.Drawing.Tests\System.Drawing\TestPointConverter.cs:行号 64]]></stack-trace>
              </failure>
            </test-case>
            <test-case id="1917" name="TestCreateInstance_CaseSensitive" fullname="MonoTests.System.Drawing.PointConverterTest.TestCreateInstance_CaseSensitive" methodname="TestCreateInstance_CaseSensitive" classname="MonoTests.System.Drawing.PointConverterTest" runstate="Runnable" seed="1217995172" result="Failed" label="Error" start-time="2017-05-02 03:42:24Z" end-time="2017-05-02 03:42:24Z" duration="0.000565" asserts="0">
              <failure>
                <message><![CDATA[System.InvalidCastException : Unable to cast object of type 'System.ComponentModel.TypeConverter' to type 'System.DrawingCore.PointConverter'.]]></message>
                <stack-trace><![CDATA[   在 MonoTests.System.Drawing.PointConverterTest.SetUp() 位置 C:\ProgramData\Git\zkweb.system.drawing\src\ZKWeb.System.Drawing.Tests\System.Drawing\TestPointConverter.cs:行号 64]]></stack-trace>
              </failure>
            </test-case>
            <test-case id="1915" name="TestGetCreateInstanceSupported" fullname="MonoTests.System.Drawing.PointConverterTest.TestGetCreateInstanceSupported" methodname="TestGetCreateInstanceSupported" classname="MonoTests.System.Drawing.PointConverterTest" runstate="Runnable" seed="2019834491" result="Failed" label="Error" start-time="2017-05-02 03:42:24Z" end-time="2017-05-02 03:42:24Z" duration="0.000564" asserts="0">
              <failure>
                <message><![CDATA[System.InvalidCastException : Unable to cast object of type 'System.ComponentModel.TypeConverter' to type 'System.DrawingCore.PointConverter'.]]></message>
                <stack-trace><![CDATA[   在 MonoTests.System.Drawing.PointConverterTest.SetUp() 位置 C:\ProgramData\Git\zkweb.system.drawing\src\ZKWeb.System.Drawing.Tests\System.Drawing\TestPointConverter.cs:行号 64]]></stack-trace>
              </failure>
            </test-case>
            <test-case id="1919" name="TestGetProperties" fullname="MonoTests.System.Drawing.PointConverterTest.TestGetProperties" methodname="TestGetProperties" classname="MonoTests.System.Drawing.PointConverterTest" runstate="Runnable" seed="1136163421" result="Failed" label="Error" start-time="2017-05-02 03:42:24Z" end-time="2017-05-02 03:42:24Z" duration="0.000424" asserts="0">
              <failure>
                <message><![CDATA[System.InvalidCastException : Unable to cast object of type 'System.ComponentModel.TypeConverter' to type 'System.DrawingCore.PointConverter'.]]></message>
                <stack-trace><![CDATA[   在 MonoTests.System.Drawing.PointConverterTest.SetUp() 位置 C:\ProgramData\Git\zkweb.system.drawing\src\ZKWeb.System.Drawing.Tests\System.Drawing\TestPointConverter.cs:行号 64]]></stack-trace>
              </failure>
            </test-case>
            <test-case id="1918" name="TestGetPropertiesSupported" fullname="MonoTests.System.Drawing.PointConverterTest.TestGetPropertiesSupported" methodname="TestGetPropertiesSupported" classname="MonoTests.System.Drawing.PointConverterTest" runstate="Runnable" seed="1896002840" result="Failed" label="Error" start-time="2017-05-02 03:42:24Z" end-time="2017-05-02 03:42:24Z" duration="0.000577" asserts="0">
              <failure>
                <message><![CDATA[System.InvalidCastException : Unable to cast object of type 'System.ComponentModel.TypeConverter' to type 'System.DrawingCore.PointConverter'.]]></message>
                <stack-trace><![CDATA[   在 MonoTests.System.Drawing.PointConverterTest.SetUp() 位置 C:\ProgramData\Git\zkweb.system.drawing\src\ZKWeb.System.Drawing.Tests\System.Drawing\TestPointConverter.cs:行号 64]]></stack-trace>
              </failure>
            </test-case>
          </test-suite>
          <test-suite type="TestFixture" id="1931" name="PointFTest" fullname="MonoTests.System.Drawing.PointFTest" classname="MonoTests.System.Drawing.PointFTest" runstate="Runnable" testcasecount="12" result="Passed" start-time="2017-05-02 03:42:24Z" end-time="2017-05-02 03:42:24Z" duration="0.068237" total="12" passed="12" failed="0" warnings="0" inconclusive="0" skipped="0" asserts="41">
            <test-case id="1942" name="AddTest" fullname="MonoTests.System.Drawing.PointFTest.AddTest" methodname="AddTest" classname="MonoTests.System.Drawing.PointFTest" runstate="Runnable" seed="1030318556" result="Passed" start-time="2017-05-02 03:42:24Z" end-time="2017-05-02 03:42:24Z" duration="0.001243" asserts="2" />
            <test-case id="1940" name="GetHashCodeTest" fullname="MonoTests.System.Drawing.PointFTest.GetHashCodeTest" methodname="GetHashCodeTest" classname="MonoTests.System.Drawing.PointFTest" runstate="Runnable" seed="310188562" result="Passed" start-time="2017-05-02 03:42:24Z" end-time="2017-05-02 03:42:24Z" duration="0.000469" asserts="1" />
            <test-case id="1943" name="SubtractTest" fullname="MonoTests.System.Drawing.PointFTest.SubtractTest" methodname="SubtractTest" classname="MonoTests.System.Drawing.PointFTest" runstate="Runnable" seed="1426907188" result="Passed" start-time="2017-05-02 03:42:24Z" end-time="2017-05-02 03:42:24Z" duration="0.001110" asserts="2" />
            <test-case id="1936" name="TestAddition" fullname="MonoTests.System.Drawing.PointFTest.TestAddition" methodname="TestAddition" classname="MonoTests.System.Drawing.PointFTest" runstate="Runnable" seed="1927128788" result="Passed" start-time="2017-05-02 03:42:24Z" end-time="2017-05-02 03:42:24Z" duration="0.001050" asserts="3" />
            <test-case id="1932" name="TestConstructors" fullname="MonoTests.System.Drawing.PointFTest.TestConstructors" methodname="TestConstructors" classname="MonoTests.System.Drawing.PointFTest" runstate="Runnable" seed="1984483345" result="Passed" start-time="2017-05-02 03:42:24Z" end-time="2017-05-02 03:42:24Z" duration="0.000418" asserts="2" />
            <test-case id="1933" name="TestEmptyField" fullname="MonoTests.System.Drawing.PointFTest.TestEmptyField" methodname="TestEmptyField" classname="MonoTests.System.Drawing.PointFTest" runstate="Runnable" seed="686912733" result="Passed" start-time="2017-05-02 03:42:24Z" end-time="2017-05-02 03:42:24Z" duration="0.000356" asserts="1" />
            <test-case id="1937" name="TestEqualityOp" fullname="MonoTests.System.Drawing.PointFTest.TestEqualityOp" methodname="TestEqualityOp" classname="MonoTests.System.Drawing.PointFTest" runstate="Runnable" seed="1401064721" result="Passed" start-time="2017-05-02 03:42:24Z" end-time="2017-05-02 03:42:24Z" duration="0.000769" asserts="5" />
            <test-case id="1935" name="TestEquals" fullname="MonoTests.System.Drawing.PointFTest.TestEquals" methodname="TestEquals" classname="MonoTests.System.Drawing.PointFTest" runstate="Runnable" seed="404256858" result="Passed" start-time="2017-05-02 03:42:24Z" end-time="2017-05-02 03:42:24Z" duration="0.001356" asserts="5" />
            <test-case id="1938" name="TestInequalityOp" fullname="MonoTests.System.Drawing.PointFTest.TestInequalityOp" methodname="TestInequalityOp" classname="MonoTests.System.Drawing.PointFTest" runstate="Runnable" seed="129542239" result="Passed" start-time="2017-05-02 03:42:24Z" end-time="2017-05-02 03:42:24Z" duration="0.000773" asserts="4" />
            <test-case id="1934" name="TestProperties" fullname="MonoTests.System.Drawing.PointFTest.TestProperties" methodname="TestProperties" classname="MonoTests.System.Drawing.PointFTest" runstate="Runnable" seed="632424031" result="Passed" start-time="2017-05-02 03:42:24Z" end-time="2017-05-02 03:42:24Z" duration="0.000650" asserts="4" />
            <test-case id="1939" name="TestSubtraction" fullname="MonoTests.System.Drawing.PointFTest.TestSubtraction" methodname="TestSubtraction" classname="MonoTests.System.Drawing.PointFTest" runstate="Runnable" seed="1327336017" result="Passed" start-time="2017-05-02 03:42:24Z" end-time="2017-05-02 03:42:24Z" duration="0.001105" asserts="4" />
            <test-case id="1941" name="ToStringTest" fullname="MonoTests.System.Drawing.PointFTest.ToStringTest" methodname="ToStringTest" classname="MonoTests.System.Drawing.PointFTest" runstate="Runnable" seed="1189874145" result="Passed" start-time="2017-05-02 03:42:24Z" end-time="2017-05-02 03:42:24Z" duration="0.015782" asserts="8" />
          </test-suite>
          <test-suite type="TestFixture" id="1889" name="PointTest" fullname="MonoTests.System.Drawing.PointTest" classname="MonoTests.System.Drawing.PointTest" runstate="Runnable" testcasecount="20" result="Passed" start-time="2017-05-02 03:42:24Z" end-time="2017-05-02 03:42:24Z" duration="0.085324" total="20" passed="20" failed="0" warnings="0" inconclusive="0" skipped="0" asserts="50">
            <test-case id="1897" name="AdditionTest" fullname="MonoTests.System.Drawing.PointTest.AdditionTest" methodname="AdditionTest" classname="MonoTests.System.Drawing.PointTest" runstate="Runnable" seed="109849356" result="Passed" start-time="2017-05-02 03:42:24Z" end-time="2017-05-02 03:42:24Z" duration="0.001223" asserts="2" />
            <test-case id="1907" name="AddTest" fullname="MonoTests.System.Drawing.PointTest.AddTest" methodname="AddTest" classname="MonoTests.System.Drawing.PointTest" runstate="Runnable" seed="293859285" result="Passed" start-time="2017-05-02 03:42:24Z" end-time="2017-05-02 03:42:24Z" duration="0.000881" asserts="2" />
            <test-case id="1893" name="CeilingTest" fullname="MonoTests.System.Drawing.PointTest.CeilingTest" methodname="CeilingTest" classname="MonoTests.System.Drawing.PointTest" runstate="Runnable" seed="851352889" result="Passed" start-time="2017-05-02 03:42:24Z" end-time="2017-05-02 03:42:24Z" duration="0.000563" asserts="1" />
            <test-case id="1902" name="ConstructorNegativeLocationTest" fullname="MonoTests.System.Drawing.PointTest.ConstructorNegativeLocationTest" methodname="ConstructorNegativeLocationTest" classname="MonoTests.System.Drawing.PointTest" runstate="Runnable" seed="1335991556" result="Passed" start-time="2017-05-02 03:42:24Z" end-time="2017-05-02 03:42:24Z" duration="0.000442" asserts="2" />
            <test-case id="1901" name="ConstructorTest" fullname="MonoTests.System.Drawing.PointTest.ConstructorTest" methodname="ConstructorTest" classname="MonoTests.System.Drawing.PointTest" runstate="Runnable" seed="40001458" result="Passed" start-time="2017-05-02 03:42:24Z" end-time="2017-05-02 03:42:24Z" duration="0.000664" asserts="3" />
            <test-case id="1891" name="EqualityOpTest" fullname="MonoTests.System.Drawing.PointTest.EqualityOpTest" methodname="EqualityOpTest" classname="MonoTests.System.Drawing.PointTest" runstate="Runnable" seed="1800893350" result="Passed" start-time="2017-05-02 03:42:24Z" end-time="2017-05-02 03:42:24Z" duration="0.000665" asserts="4" />
            <test-case id="1890" name="EqualsTest" fullname="MonoTests.System.Drawing.PointTest.EqualsTest" methodname="EqualsTest" classname="MonoTests.System.Drawing.PointTest" runstate="Runnable" seed="331949649" result="Passed" start-time="2017-05-02 03:42:24Z" end-time="2017-05-02 03:42:24Z" duration="0.001308" asserts="5" />
            <test-case id="1905" name="GetHashCodeTest" fullname="MonoTests.System.Drawing.PointTest.GetHashCodeTest" methodname="GetHashCodeTest" classname="MonoTests.System.Drawing.PointTest" runstate="Runnable" seed="1956441397" result="Passed" start-time="2017-05-02 03:42:24Z" end-time="2017-05-02 03:42:24Z" duration="0.000927" asserts="4" />
            <test-case id="1892" name="InequalityOpTest" fullname="MonoTests.System.Drawing.PointTest.InequalityOpTest" methodname="InequalityOpTest" classname="MonoTests.System.Drawing.PointTest" runstate="Runnable" seed="1076534002" result="Passed" start-time="2017-05-02 03:42:24Z" end-time="2017-05-02 03:42:24Z" duration="0.001082" asserts="5" />
            <test-case id="1896" name="NullTest" fullname="MonoTests.System.Drawing.PointTest.NullTest" methodname="NullTest" classname="MonoTests.System.Drawing.PointTest" runstate="Runnable" seed="1780111074" result="Passed" start-time="2017-05-02 03:42:24Z" end-time="2017-05-02 03:42:24Z" duration="0.000399" asserts="1" />
            <test-case id="1904" name="OffsetTest" fullname="MonoTests.System.Drawing.PointTest.OffsetTest" methodname="OffsetTest" classname="MonoTests.System.Drawing.PointTest" runstate="Runnable" seed="854954138" result="Passed" start-time="2017-05-02 03:42:24Z" end-time="2017-05-02 03:42:24Z" duration="0.000720" asserts="3" />
            <test-case id="1908" name="OffsetTestPoint" fullname="MonoTests.System.Drawing.PointTest.OffsetTestPoint" methodname="OffsetTestPoint" classname="MonoTests.System.Drawing.PointTest" runstate="Runnable" seed="975836145" result="Passed" start-time="2017-05-02 03:42:24Z" end-time="2017-05-02 03:42:24Z" duration="0.000836" asserts="3" />
            <test-case id="1900" name="Point2PointFTest" fullname="MonoTests.System.Drawing.PointTest.Point2PointFTest" methodname="Point2PointFTest" classname="MonoTests.System.Drawing.PointTest" runstate="Runnable" seed="1627107305" result="Passed" start-time="2017-05-02 03:42:24Z" end-time="2017-05-02 03:42:24Z" duration="0.000424" asserts="1" />
            <test-case id="1899" name="Point2SizeTest" fullname="MonoTests.System.Drawing.PointTest.Point2SizeTest" methodname="Point2SizeTest" classname="MonoTests.System.Drawing.PointTest" runstate="Runnable" seed="625573165" result="Passed" start-time="2017-05-02 03:42:24Z" end-time="2017-05-02 03:42:24Z" duration="0.000876" asserts="1" />
            <test-case id="1903" name="PropertyTest" fullname="MonoTests.System.Drawing.PointTest.PropertyTest" methodname="PropertyTest" classname="MonoTests.System.Drawing.PointTest" runstate="Runnable" seed="126294890" result="Passed" start-time="2017-05-02 03:42:24Z" end-time="2017-05-02 03:42:24Z" duration="0.000855" asserts="4" />
            <test-case id="1894" name="RoundTest" fullname="MonoTests.System.Drawing.PointTest.RoundTest" methodname="RoundTest" classname="MonoTests.System.Drawing.PointTest" runstate="Runnable" seed="720899517" result="Passed" start-time="2017-05-02 03:42:24Z" end-time="2017-05-02 03:42:24Z" duration="0.000899" asserts="1" />
            <test-case id="1898" name="SubtractionTest" fullname="MonoTests.System.Drawing.PointTest.SubtractionTest" methodname="SubtractionTest" classname="MonoTests.System.Drawing.PointTest" runstate="Runnable" seed="629572663" result="Passed" start-time="2017-05-02 03:42:24Z" end-time="2017-05-02 03:42:24Z" duration="0.000967" asserts="2" />
            <test-case id="1909" name="SubtractTest" fullname="MonoTests.System.Drawing.PointTest.SubtractTest" methodname="SubtractTest" classname="MonoTests.System.Drawing.PointTest" runstate="Runnable" seed="858174234" result="Passed" start-time="2017-05-02 03:42:24Z" end-time="2017-05-02 03:42:24Z" duration="0.000975" asserts="2" />
            <test-case id="1906" name="ToStringTest" fullname="MonoTests.System.Drawing.PointTest.ToStringTest" methodname="ToStringTest" classname="MonoTests.System.Drawing.PointTest" runstate="Runnable" seed="1940005019" result="Passed" start-time="2017-05-02 03:42:24Z" end-time="2017-05-02 03:42:24Z" duration="0.000998" asserts="3" />
            <test-case id="1895" name="TruncateTest" fullname="MonoTests.System.Drawing.PointTest.TruncateTest" methodname="TruncateTest" classname="MonoTests.System.Drawing.PointTest" runstate="Runnable" seed="1045681524" result="Passed" start-time="2017-05-02 03:42:24Z" end-time="2017-05-02 03:42:24Z" duration="0.000621" asserts="1" />
          </test-suite>
          <test-suite type="TestFixture" id="1964" name="RectangleConverterTest" fullname="MonoTests.System.Drawing.RectangleConverterTest" classname="MonoTests.System.Drawing.RectangleConverterTest" runstate="Runnable" testcasecount="20" result="Failed" site="Child" start-time="2017-05-02 03:42:24Z" end-time="2017-05-02 03:42:24Z" duration="0.083290" total="20" passed="0" failed="20" warnings="0" inconclusive="0" skipped="0" asserts="0">
            <failure>
              <message><![CDATA[One or more child tests had errors]]></message>
            </failure>
            <test-case id="1974" name="ConvertFromInvariantString_string" fullname="MonoTests.System.Drawing.RectangleConverterTest.ConvertFromInvariantString_string" methodname="ConvertFromInvariantString_string" classname="MonoTests.System.Drawing.RectangleConverterTest" runstate="Runnable" seed="570416350" result="Failed" label="Error" start-time="2017-05-02 03:42:24Z" end-time="2017-05-02 03:42:24Z" duration="0.001977" asserts="0">
              <failure>
                <message><![CDATA[System.InvalidCastException : Unable to cast object of type 'System.ComponentModel.TypeConverter' to type 'System.DrawingCore.RectangleConverter'.]]></message>
                <stack-trace><![CDATA[   在 MonoTests.System.Drawing.RectangleConverterTest.SetUp() 位置 C:\ProgramData\Git\zkweb.system.drawing\src\ZKWeb.System.Drawing.Tests\System.Drawing\TestRectangleConverter.cs:行号 70]]></stack-trace>
              </failure>
            </test-case>
            <test-case id="1975" name="ConvertFromInvariantString_string_exc_1" fullname="MonoTests.System.Drawing.RectangleConverterTest.ConvertFromInvariantString_string_exc_1" methodname="ConvertFromInvariantString_string_exc_1" classname="MonoTests.System.Drawing.RectangleConverterTest" runstate="Runnable" seed="1435394207" result="Failed" label="Error" start-time="2017-05-02 03:42:24Z" end-time="2017-05-02 03:42:24Z" duration="0.000587" asserts="0">
              <failure>
                <message><![CDATA[System.InvalidCastException : Unable to cast object of type 'System.ComponentModel.TypeConverter' to type 'System.DrawingCore.RectangleConverter'.]]></message>
                <stack-trace><![CDATA[   在 MonoTests.System.Drawing.RectangleConverterTest.SetUp() 位置 C:\ProgramData\Git\zkweb.system.drawing\src\ZKWeb.System.Drawing.Tests\System.Drawing\TestRectangleConverter.cs:行号 70]]></stack-trace>
              </failure>
            </test-case>
            <test-case id="1976" name="ConvertFromInvariantString_string_exc_2" fullname="MonoTests.System.Drawing.RectangleConverterTest.ConvertFromInvariantString_string_exc_2" methodname="ConvertFromInvariantString_string_exc_2" classname="MonoTests.System.Drawing.RectangleConverterTest" runstate="Runnable" seed="1418680721" result="Failed" label="Error" start-time="2017-05-02 03:42:24Z" end-time="2017-05-02 03:42:24Z" duration="0.000526" asserts="0">
              <failure>
                <message><![CDATA[System.InvalidCastException : Unable to cast object of type 'System.ComponentModel.TypeConverter' to type 'System.DrawingCore.RectangleConverter'.]]></message>
                <stack-trace><![CDATA[   在 MonoTests.System.Drawing.RectangleConverterTest.SetUp() 位置 C:\ProgramData\Git\zkweb.system.drawing\src\ZKWeb.System.Drawing.Tests\System.Drawing\TestRectangleConverter.cs:行号 70]]></stack-trace>
              </failure>
            </test-case>
            <test-case id="1977" name="ConvertFromString_string" fullname="MonoTests.System.Drawing.RectangleConverterTest.ConvertFromString_string" methodname="ConvertFromString_string" classname="MonoTests.System.Drawing.RectangleConverterTest" runstate="Runnable" seed="1653935805" result="Failed" label="Error" start-time="2017-05-02 03:42:24Z" end-time="2017-05-02 03:42:24Z" duration="0.000553" asserts="0">
              <failure>
                <message><![CDATA[System.InvalidCastException : Unable to cast object of type 'System.ComponentModel.TypeConverter' to type 'System.DrawingCore.RectangleConverter'.]]></message>
                <stack-trace><![CDATA[   在 MonoTests.System.Drawing.RectangleConverterTest.SetUp() 位置 C:\ProgramData\Git\zkweb.system.drawing\src\ZKWeb.System.Drawing.Tests\System.Drawing\TestRectangleConverter.cs:行号 70]]></stack-trace>
              </failure>
            </test-case>
            <test-case id="1978" name="ConvertFromString_string_exc_1" fullname="MonoTests.System.Drawing.RectangleConverterTest.ConvertFromString_string_exc_1" methodname="ConvertFromString_string_exc_1" classname="MonoTests.System.Drawing.RectangleConverterTest" runstate="Runnable" seed="1903888034" result="Failed" label="Error" start-time="2017-05-02 03:42:24Z" end-time="2017-05-02 03:42:24Z" duration="0.000591" asserts="0">
              <failure>
                <message><![CDATA[System.InvalidCastException : Unable to cast object of type 'System.ComponentModel.TypeConverter' to type 'System.DrawingCore.RectangleConverter'.]]></message>
                <stack-trace><![CDATA[   在 MonoTests.System.Drawing.RectangleConverterTest.SetUp() 位置 C:\ProgramData\Git\zkweb.system.drawing\src\ZKWeb.System.Drawing.Tests\System.Drawing\TestRectangleConverter.cs:行号 70]]></stack-trace>
              </failure>
            </test-case>
            <test-case id="1979" name="ConvertFromString_string_exc_2" fullname="MonoTests.System.Drawing.RectangleConverterTest.ConvertFromString_string_exc_2" methodname="ConvertFromString_string_exc_2" classname="MonoTests.System.Drawing.RectangleConverterTest" runstate="Runnable" seed="2043579338" result="Failed" label="Error" start-time="2017-05-02 03:42:24Z" end-time="2017-05-02 03:42:24Z" duration="0.000582" asserts="0">
              <failure>
                <message><![CDATA[System.InvalidCastException : Unable to cast object of type 'System.ComponentModel.TypeConverter' to type 'System.DrawingCore.RectangleConverter'.]]></message>
                <stack-trace><![CDATA[   在 MonoTests.System.Drawing.RectangleConverterTest.SetUp() 位置 C:\ProgramData\Git\zkweb.system.drawing\src\ZKWeb.System.Drawing.Tests\System.Drawing\TestRectangleConverter.cs:行号 70]]></stack-trace>
              </failure>
            </test-case>
            <test-case id="1980" name="ConvertToInvariantString_string" fullname="MonoTests.System.Drawing.RectangleConverterTest.ConvertToInvariantString_string" methodname="ConvertToInvariantString_string" classname="MonoTests.System.Drawing.RectangleConverterTest" runstate="Runnable" seed="761531958" result="Failed" label="Error" start-time="2017-05-02 03:42:24Z" end-time="2017-05-02 03:42:24Z" duration="0.000692" asserts="0">
              <failure>
                <message><![CDATA[System.InvalidCastException : Unable to cast object of type 'System.ComponentModel.TypeConverter' to type 'System.DrawingCore.RectangleConverter'.]]></message>
                <stack-trace><![CDATA[   在 MonoTests.System.Drawing.RectangleConverterTest.SetUp() 位置 C:\ProgramData\Git\zkweb.system.drawing\src\ZKWeb.System.Drawing.Tests\System.Drawing\TestRectangleConverter.cs:行号 70]]></stack-trace>
              </failure>
            </test-case>
            <test-case id="1981" name="ConvertToString_string" fullname="MonoTests.System.Drawing.RectangleConverterTest.ConvertToString_string" methodname="ConvertToString_string" classname="MonoTests.System.Drawing.RectangleConverterTest" runstate="Runnable" seed="119013201" result="Failed" label="Error" start-time="2017-05-02 03:42:24Z" end-time="2017-05-02 03:42:24Z" duration="0.000583" asserts="0">
              <failure>
                <message><![CDATA[System.InvalidCastException : Unable to cast object of type 'System.ComponentModel.TypeConverter' to type 'System.DrawingCore.RectangleConverter'.]]></message>
                <stack-trace><![CDATA[   在 MonoTests.System.Drawing.RectangleConverterTest.SetUp() 位置 C:\ProgramData\Git\zkweb.system.drawing\src\ZKWeb.System.Drawing.Tests\System.Drawing\TestRectangleConverter.cs:行号 70]]></stack-trace>
              </failure>
            </test-case>
            <test-case id="1983" name="GetStandardValues" fullname="MonoTests.System.Drawing.RectangleConverterTest.GetStandardValues" methodname="GetStandardValues" classname="MonoTests.System.Drawing.RectangleConverterTest" runstate="Runnable" seed="1772937098" result="Failed" label="Error" start-time="2017-05-02 03:42:24Z" end-time="2017-05-02 03:42:24Z" duration="0.000473" asserts="0">
              <failure>
                <message><![CDATA[System.InvalidCastException : Unable to cast object of type 'System.ComponentModel.TypeConverter' to type 'System.DrawingCore.RectangleConverter'.]]></message>
                <stack-trace><![CDATA[   在 MonoTests.System.Drawing.RectangleConverterTest.SetUp() 位置 C:\ProgramData\Git\zkweb.system.drawing\src\ZKWeb.System.Drawing.Tests\System.Drawing\TestRectangleConverter.cs:行号 70]]></stack-trace>
              </failure>
            </test-case>
            <test-case id="1984" name="GetStandardValuesExclusive" fullname="MonoTests.System.Drawing.RectangleConverterTest.GetStandardValuesExclusive" methodname="GetStandardValuesExclusive" classname="MonoTests.System.Drawing.RectangleConverterTest" runstate="Runnable" seed="607739075" result="Failed" label="Error" start-time="2017-05-02 03:42:24Z" end-time="2017-05-02 03:42:24Z" duration="0.000471" asserts="0">
              <failure>
                <message><![CDATA[System.InvalidCastException : Unable to cast object of type 'System.ComponentModel.TypeConverter' to type 'System.DrawingCore.RectangleConverter'.]]></message>
                <stack-trace><![CDATA[   在 MonoTests.System.Drawing.RectangleConverterTest.SetUp() 位置 C:\ProgramData\Git\zkweb.system.drawing\src\ZKWeb.System.Drawing.Tests\System.Drawing\TestRectangleConverter.cs:行号 70]]></stack-trace>
              </failure>
            </test-case>
            <test-case id="1982" name="GetStandardValuesSupported" fullname="MonoTests.System.Drawing.RectangleConverterTest.GetStandardValuesSupported" methodname="GetStandardValuesSupported" classname="MonoTests.System.Drawing.RectangleConverterTest" runstate="Runnable" seed="2136725930" result="Failed" label="Error" start-time="2017-05-02 03:42:24Z" end-time="2017-05-02 03:42:24Z" duration="0.000461" asserts="0">
              <failure>
                <message><![CDATA[System.InvalidCastException : Unable to cast object of type 'System.ComponentModel.TypeConverter' to type 'System.DrawingCore.RectangleConverter'.]]></message>
                <stack-trace><![CDATA[   在 MonoTests.System.Drawing.RectangleConverterTest.SetUp() 位置 C:\ProgramData\Git\zkweb.system.drawing\src\ZKWeb.System.Drawing.Tests\System.Drawing\TestRectangleConverter.cs:行号 70]]></stack-trace>
              </failure>
            </test-case>
            <test-case id="1965" name="TestCanConvertFrom" fullname="MonoTests.System.Drawing.RectangleConverterTest.TestCanConvertFrom" methodname="TestCanConvertFrom" classname="MonoTests.System.Drawing.RectangleConverterTest" runstate="Runnable" seed="2080557826" result="Failed" label="Error" start-time="2017-05-02 03:42:24Z" end-time="2017-05-02 03:42:24Z" duration="0.000514" asserts="0">
              <failure>
                <message><![CDATA[System.InvalidCastException : Unable to cast object of type 'System.ComponentModel.TypeConverter' to type 'System.DrawingCore.RectangleConverter'.]]></message>
                <stack-trace><![CDATA[   在 MonoTests.System.Drawing.RectangleConverterTest.SetUp() 位置 C:\ProgramData\Git\zkweb.system.drawing\src\ZKWeb.System.Drawing.Tests\System.Drawing\TestRectangleConverter.cs:行号 70]]></stack-trace>
              </failure>
            </test-case>
            <test-case id="1966" name="TestCanConvertTo" fullname="MonoTests.System.Drawing.RectangleConverterTest.TestCanConvertTo" methodname="TestCanConvertTo" classname="MonoTests.System.Drawing.RectangleConverterTest" runstate="Runnable" seed="2026259043" result="Failed" label="Error" start-time="2017-05-02 03:42:24Z" end-time="2017-05-02 03:42:24Z" duration="0.000481" asserts="0">
              <failure>
                <message><![CDATA[System.InvalidCastException : Unable to cast object of type 'System.ComponentModel.TypeConverter' to type 'System.DrawingCore.RectangleConverter'.]]></message>
                <stack-trace><![CDATA[   在 MonoTests.System.Drawing.RectangleConverterTest.SetUp() 位置 C:\ProgramData\Git\zkweb.system.drawing\src\ZKWeb.System.Drawing.Tests\System.Drawing\TestRectangleConverter.cs:行号 70]]></stack-trace>
              </failure>
            </test-case>
            <test-case id="1967" name="TestConvertFrom" fullname="MonoTests.System.Drawing.RectangleConverterTest.TestConvertFrom" methodname="TestConvertFrom" classname="MonoTests.System.Drawing.RectangleConverterTest" runstate="Runnable" seed="785504500" result="Failed" label="Error" start-time="2017-05-02 03:42:24Z" end-time="2017-05-02 03:42:24Z" duration="0.000477" asserts="0">
              <failure>
                <message><![CDATA[System.InvalidCastException : Unable to cast object of type 'System.ComponentModel.TypeConverter' to type 'System.DrawingCore.RectangleConverter'.]]></message>
                <stack-trace><![CDATA[   在 MonoTests.System.Drawing.RectangleConverterTest.SetUp() 位置 C:\ProgramData\Git\zkweb.system.drawing\src\ZKWeb.System.Drawing.Tests\System.Drawing\TestRectangleConverter.cs:行号 70]]></stack-trace>
              </failure>
            </test-case>
            <test-case id="1968" name="TestConvertTo" fullname="MonoTests.System.Drawing.RectangleConverterTest.TestConvertTo" methodname="TestConvertTo" classname="MonoTests.System.Drawing.RectangleConverterTest" runstate="Runnable" seed="2111294182" result="Failed" label="Error" start-time="2017-05-02 03:42:24Z" end-time="2017-05-02 03:42:24Z" duration="0.000499" asserts="0">
              <failure>
                <message><![CDATA[System.InvalidCastException : Unable to cast object of type 'System.ComponentModel.TypeConverter' to type 'System.DrawingCore.RectangleConverter'.]]></message>
                <stack-trace><![CDATA[   在 MonoTests.System.Drawing.RectangleConverterTest.SetUp() 位置 C:\ProgramData\Git\zkweb.system.drawing\src\ZKWeb.System.Drawing.Tests\System.Drawing\TestRectangleConverter.cs:行号 70]]></stack-trace>
              </failure>
            </test-case>
            <test-case id="1970" name="TestCreateInstance" fullname="MonoTests.System.Drawing.RectangleConverterTest.TestCreateInstance" methodname="TestCreateInstance" classname="MonoTests.System.Drawing.RectangleConverterTest" runstate="Runnable" seed="905676612" result="Failed" label="Error" start-time="2017-05-02 03:42:24Z" end-time="2017-05-02 03:42:24Z" duration="0.000590" asserts="0">
              <failure>
                <message><![CDATA[System.InvalidCastException : Unable to cast object of type 'System.ComponentModel.TypeConverter' to type 'System.DrawingCore.RectangleConverter'.]]></message>
                <stack-trace><![CDATA[   在 MonoTests.System.Drawing.RectangleConverterTest.SetUp() 位置 C:\ProgramData\Git\zkweb.system.drawing\src\ZKWeb.System.Drawing.Tests\System.Drawing\TestRectangleConverter.cs:行号 70]]></stack-trace>
              </failure>
            </test-case>
            <test-case id="1971" name="TestCreateInstance_CaseSensitive" fullname="MonoTests.System.Drawing.RectangleConverterTest.TestCreateInstance_CaseSensitive" methodname="TestCreateInstance_CaseSensitive" classname="MonoTests.System.Drawing.RectangleConverterTest" runstate="Runnable" seed="102149936" result="Failed" label="Error" start-time="2017-05-02 03:42:24Z" end-time="2017-05-02 03:42:24Z" duration="0.000539" asserts="0">
              <failure>
                <message><![CDATA[System.InvalidCastException : Unable to cast object of type 'System.ComponentModel.TypeConverter' to type 'System.DrawingCore.RectangleConverter'.]]></message>
                <stack-trace><![CDATA[   在 MonoTests.System.Drawing.RectangleConverterTest.SetUp() 位置 C:\ProgramData\Git\zkweb.system.drawing\src\ZKWeb.System.Drawing.Tests\System.Drawing\TestRectangleConverter.cs:行号 70]]></stack-trace>
              </failure>
            </test-case>
            <test-case id="1969" name="TestGetCreateInstanceSupported" fullname="MonoTests.System.Drawing.RectangleConverterTest.TestGetCreateInstanceSupported" methodname="TestGetCreateInstanceSupported" classname="MonoTests.System.Drawing.RectangleConverterTest" runstate="Runnable" seed="1801379218" result="Failed" label="Error" start-time="2017-05-02 03:42:24Z" end-time="2017-05-02 03:42:24Z" duration="0.000542" asserts="0">
              <failure>
                <message><![CDATA[System.InvalidCastException : Unable to cast object of type 'System.ComponentModel.TypeConverter' to type 'System.DrawingCore.RectangleConverter'.]]></message>
                <stack-trace><![CDATA[   在 MonoTests.System.Drawing.RectangleConverterTest.SetUp() 位置 C:\ProgramData\Git\zkweb.system.drawing\src\ZKWeb.System.Drawing.Tests\System.Drawing\TestRectangleConverter.cs:行号 70]]></stack-trace>
              </failure>
            </test-case>
            <test-case id="1973" name="TestGetProperties" fullname="MonoTests.System.Drawing.RectangleConverterTest.TestGetProperties" methodname="TestGetProperties" classname="MonoTests.System.Drawing.RectangleConverterTest" runstate="Runnable" seed="221714159" result="Failed" label="Error" start-time="2017-05-02 03:42:24Z" end-time="2017-05-02 03:42:24Z" duration="0.000546" asserts="0">
              <failure>
                <message><![CDATA[System.InvalidCastException : Unable to cast object of type 'System.ComponentModel.TypeConverter' to type 'System.DrawingCore.RectangleConverter'.]]></message>
                <stack-trace><![CDATA[   在 MonoTests.System.Drawing.RectangleConverterTest.SetUp() 位置 C:\ProgramData\Git\zkweb.system.drawing\src\ZKWeb.System.Drawing.Tests\System.Drawing\TestRectangleConverter.cs:行号 70]]></stack-trace>
              </failure>
            </test-case>
            <test-case id="1972" name="TestGetPropertiesSupported" fullname="MonoTests.System.Drawing.RectangleConverterTest.TestGetPropertiesSupported" methodname="TestGetPropertiesSupported" classname="MonoTests.System.Drawing.RectangleConverterTest" runstate="Runnable" seed="1379553585" result="Failed" label="Error" start-time="2017-05-02 03:42:24Z" end-time="2017-05-02 03:42:24Z" duration="0.000568" asserts="0">
              <failure>
                <message><![CDATA[System.InvalidCastException : Unable to cast object of type 'System.ComponentModel.TypeConverter' to type 'System.DrawingCore.RectangleConverter'.]]></message>
                <stack-trace><![CDATA[   在 MonoTests.System.Drawing.RectangleConverterTest.SetUp() 位置 C:\ProgramData\Git\zkweb.system.drawing\src\ZKWeb.System.Drawing.Tests\System.Drawing\TestRectangleConverter.cs:行号 70]]></stack-trace>
              </failure>
            </test-case>
          </test-suite>
          <test-suite type="TestFixture" id="1207" name="RegionDataTest" fullname="MonoTests.System.Drawing.RegionDataTest" classname="MonoTests.System.Drawing.RegionDataTest" runstate="Runnable" testcasecount="6" result="Passed" start-time="2017-05-02 03:42:24Z" end-time="2017-05-02 03:42:24Z" duration="0.029171" total="6" passed="6" failed="0" warnings="0" inconclusive="0" skipped="0" asserts="9">
            <test-case id="1212" name="CombinedPathRegion" fullname="MonoTests.System.Drawing.RegionDataTest.CombinedPathRegion" methodname="CombinedPathRegion" classname="MonoTests.System.Drawing.RegionDataTest" runstate="Runnable" seed="799993383" result="Passed" start-time="2017-05-02 03:42:24Z" end-time="2017-05-02 03:42:24Z" duration="0.002019" asserts="2" />
            <test-case id="1210" name="EmptyRegion" fullname="MonoTests.System.Drawing.RegionDataTest.EmptyRegion" methodname="EmptyRegion" classname="MonoTests.System.Drawing.RegionDataTest" runstate="Runnable" seed="1759278080" result="Passed" start-time="2017-05-02 03:42:24Z" end-time="2017-05-02 03:42:24Z" duration="0.000439" asserts="1" />
            <test-case id="1213" name="MultiCombinedPathRegion" fullname="MonoTests.System.Drawing.RegionDataTest.MultiCombinedPathRegion" methodname="MultiCombinedPathRegion" classname="MonoTests.System.Drawing.RegionDataTest" runstate="Runnable" seed="305227420" result="Passed" start-time="2017-05-02 03:42:24Z" end-time="2017-05-02 03:42:24Z" duration="0.001406" asserts="2" />
            <test-case id="1211" name="PathRegion" fullname="MonoTests.System.Drawing.RegionDataTest.PathRegion" methodname="PathRegion" classname="MonoTests.System.Drawing.RegionDataTest" runstate="Runnable" seed="1603350738" result="Passed" start-time="2017-05-02 03:42:24Z" end-time="2017-05-02 03:42:24Z" duration="0.000899" asserts="2" />
            <test-case id="1209" name="RegionData_EmptyData" fullname="MonoTests.System.Drawing.RegionDataTest.RegionData_EmptyData" methodname="RegionData_EmptyData" classname="MonoTests.System.Drawing.RegionDataTest" runstate="Runnable" seed="561328832" result="Passed" start-time="2017-05-02 03:42:24Z" end-time="2017-05-02 03:42:24Z" duration="0.000577" asserts="1" />
            <test-case id="1208" name="RegionData_Null" fullname="MonoTests.System.Drawing.RegionDataTest.RegionData_Null" methodname="RegionData_Null" classname="MonoTests.System.Drawing.RegionDataTest" runstate="Runnable" seed="1510756038" result="Passed" start-time="2017-05-02 03:42:24Z" end-time="2017-05-02 03:42:24Z" duration="0.001004" asserts="1" />
          </test-suite>
          <test-suite type="TestFixture" id="1214" name="RegionNonRectTest" fullname="MonoTests.System.Drawing.RegionNonRectTest" classname="MonoTests.System.Drawing.RegionNonRectTest" runstate="Runnable" testcasecount="43" result="Skipped" label="Ignored" start-time="2017-05-02 03:42:24Z" end-time="2017-05-02 03:42:25Z" duration="0.652328" total="43" passed="42" failed="0" warnings="0" inconclusive="0" skipped="1" asserts="1798">
            <reason>
              <message><![CDATA[One or more child tests were ignored]]></message>
            </reason>
            <test-case id="1249" name="ComplementWithoutIntersection" fullname="MonoTests.System.Drawing.RegionNonRectTest.ComplementWithoutIntersection" methodname="ComplementWithoutIntersection" classname="MonoTests.System.Drawing.RegionNonRectTest" runstate="Runnable" seed="311029236" result="Passed" start-time="2017-05-02 03:42:24Z" end-time="2017-05-02 03:42:24Z" duration="0.001706" asserts="49" />
            <test-case id="1250" name="ComplementWithoutIntersection_Large" fullname="MonoTests.System.Drawing.RegionNonRectTest.ComplementWithoutIntersection_Large" methodname="ComplementWithoutIntersection_Large" classname="MonoTests.System.Drawing.RegionNonRectTest" runstate="Runnable" seed="337240718" result="Passed" start-time="2017-05-02 03:42:24Z" end-time="2017-05-02 03:42:24Z" duration="0.000621" asserts="49" />
            <test-case id="1222" name="Curve_GetRegionScans" fullname="MonoTests.System.Drawing.RegionNonRectTest.Curve_GetRegionScans" methodname="Curve_GetRegionScans" classname="MonoTests.System.Drawing.RegionNonRectTest" runstate="Runnable" seed="1304346807" result="Passed" start-time="2017-05-02 03:42:24Z" end-time="2017-05-02 03:42:24Z" duration="0.040688" asserts="1" />
            <test-case id="1256" name="EmptyPathWithInfiniteRegion" fullname="MonoTests.System.Drawing.RegionNonRectTest.EmptyPathWithInfiniteRegion" methodname="EmptyPathWithInfiniteRegion" classname="MonoTests.System.Drawing.RegionNonRectTest" runstate="Runnable" seed="165163305" result="Passed" start-time="2017-05-02 03:42:24Z" end-time="2017-05-02 03:42:24Z" duration="0.002074" asserts="6" />
            <test-case id="1257" name="EmptyRegionWithInfiniteRegion" fullname="MonoTests.System.Drawing.RegionNonRectTest.EmptyRegionWithInfiniteRegion" methodname="EmptyRegionWithInfiniteRegion" classname="MonoTests.System.Drawing.RegionNonRectTest" runstate="Runnable" seed="1066186505" result="Passed" start-time="2017-05-02 03:42:24Z" end-time="2017-05-02 03:42:24Z" duration="0.001996" asserts="7" />
            <test-case id="1247" name="ExcludeWithoutIntersection" fullname="MonoTests.System.Drawing.RegionNonRectTest.ExcludeWithoutIntersection" methodname="ExcludeWithoutIntersection" classname="MonoTests.System.Drawing.RegionNonRectTest" runstate="Runnable" seed="490227388" result="Passed" start-time="2017-05-02 03:42:24Z" end-time="2017-05-02 03:42:24Z" duration="0.000627" asserts="49" />
            <test-case id="1248" name="ExcludeWithoutIntersection_Large" fullname="MonoTests.System.Drawing.RegionNonRectTest.ExcludeWithoutIntersection_Large" methodname="ExcludeWithoutIntersection_Large" classname="MonoTests.System.Drawing.RegionNonRectTest" runstate="Runnable" seed="253133504" result="Passed" start-time="2017-05-02 03:42:24Z" end-time="2017-05-02 03:42:24Z" duration="0.000638" asserts="49" />
            <test-case id="1245" name="IntersectionWithoutIntersection" fullname="MonoTests.System.Drawing.RegionNonRectTest.IntersectionWithoutIntersection" methodname="IntersectionWithoutIntersection" classname="MonoTests.System.Drawing.RegionNonRectTest" runstate="Runnable" seed="785894540" result="Passed" start-time="2017-05-02 03:42:24Z" end-time="2017-05-02 03:42:24Z" duration="0.013455" asserts="49" />
            <test-case id="1246" name="IntersectionWithoutIntersection_Large" fullname="MonoTests.System.Drawing.RegionNonRectTest.IntersectionWithoutIntersection_Large" methodname="IntersectionWithoutIntersection_Large" classname="MonoTests.System.Drawing.RegionNonRectTest" runstate="Runnable" seed="1757485095" result="Passed" start-time="2017-05-02 03:42:24Z" end-time="2017-05-02 03:42:24Z" duration="0.000515" asserts="49" />
            <test-case id="1253" name="IsEqual" fullname="MonoTests.System.Drawing.RegionNonRectTest.IsEqual" methodname="IsEqual" classname="MonoTests.System.Drawing.RegionNonRectTest" runstate="Runnable" seed="597438811" result="Passed" start-time="2017-05-02 03:42:24Z" end-time="2017-05-02 03:42:24Z" duration="0.001842" asserts="12" />
            <test-case id="1243" name="NegativeXor" fullname="MonoTests.System.Drawing.RegionNonRectTest.NegativeXor" methodname="NegativeXor" classname="MonoTests.System.Drawing.RegionNonRectTest" runstate="Runnable" seed="1010709798" result="Passed" start-time="2017-05-02 03:42:24Z" end-time="2017-05-02 03:42:24Z" duration="0.000761" asserts="49" />
            <test-case id="1217" name="Region_Ctor_GraphicsPath" fullname="MonoTests.System.Drawing.RegionNonRectTest.Region_Ctor_GraphicsPath" methodname="Region_Ctor_GraphicsPath" classname="MonoTests.System.Drawing.RegionNonRectTest" runstate="Runnable" seed="659800790" result="Passed" start-time="2017-05-02 03:42:24Z" end-time="2017-05-02 03:42:24Z" duration="0.001422" asserts="12" />
            <test-case id="1215" name="Region_Ctor_GraphicsPath_Empty" fullname="MonoTests.System.Drawing.RegionNonRectTest.Region_Ctor_GraphicsPath_Empty" methodname="Region_Ctor_GraphicsPath_Empty" classname="MonoTests.System.Drawing.RegionNonRectTest" runstate="Runnable" seed="1306922830" result="Passed" start-time="2017-05-02 03:42:24Z" end-time="2017-05-02 03:42:24Z" duration="0.000372" asserts="12" />
            <test-case id="1216" name="Region_Ctor_RegionData" fullname="MonoTests.System.Drawing.RegionNonRectTest.Region_Ctor_RegionData" methodname="Region_Ctor_RegionData" classname="MonoTests.System.Drawing.RegionNonRectTest" runstate="Ignored" seed="76761186" result="Skipped" label="Ignored" start-time="2017-05-02 03:42:24Z" end-time="2017-05-02 03:42:24Z" duration="0.000009" asserts="0">
              <properties>
                <property name="_SKIPREASON" value="this does not work when using MS GDI+ - with or without Mono" />
              </properties>
              <reason>
                <message><![CDATA[this does not work when using MS GDI+ - with or without Mono]]></message>
              </reason>
            </test-case>
            <test-case id="1218" name="Region_Curve_IsInfinite" fullname="MonoTests.System.Drawing.RegionNonRectTest.Region_Curve_IsInfinite" methodname="Region_Curve_IsInfinite" classname="MonoTests.System.Drawing.RegionNonRectTest" runstate="Runnable" seed="1533734193" result="Passed" start-time="2017-05-02 03:42:24Z" end-time="2017-05-02 03:42:24Z" duration="0.040296" asserts="5" />
            <test-case id="1219" name="Region_Polygon4_IsInfinite" fullname="MonoTests.System.Drawing.RegionNonRectTest.Region_Polygon4_IsInfinite" methodname="Region_Polygon4_IsInfinite" classname="MonoTests.System.Drawing.RegionNonRectTest" runstate="Runnable" seed="735464902" result="Passed" start-time="2017-05-02 03:42:24Z" end-time="2017-05-02 03:42:24Z" duration="0.121457" asserts="5">
              <properties>
                <property name="Category" value="NotWorking" />
              </properties>
            </test-case>
            <test-case id="1220" name="Region_Polygon5_IsInfinite" fullname="MonoTests.System.Drawing.RegionNonRectTest.Region_Polygon5_IsInfinite" methodname="Region_Polygon5_IsInfinite" classname="MonoTests.System.Drawing.RegionNonRectTest" runstate="Runnable" seed="1450483071" result="Passed" start-time="2017-05-02 03:42:24Z" end-time="2017-05-02 03:42:25Z" duration="0.126721" asserts="5">
              <properties>
                <property name="Category" value="NotWorking" />
              </properties>
            </test-case>
            <test-case id="1221" name="Region_Rectangle_IsInfinite" fullname="MonoTests.System.Drawing.RegionNonRectTest.Region_Rectangle_IsInfinite" methodname="Region_Rectangle_IsInfinite" classname="MonoTests.System.Drawing.RegionNonRectTest" runstate="Runnable" seed="1754513557" result="Passed" start-time="2017-05-02 03:42:25Z" end-time="2017-05-02 03:42:25Z" duration="0.117284" asserts="5">
              <properties>
                <property name="Category" value="NotWorking" />
              </properties>
            </test-case>
            <test-case id="1237" name="SmallComplement_Self1" fullname="MonoTests.System.Drawing.RegionNonRectTest.SmallComplement_Self1" methodname="SmallComplement_Self1" classname="MonoTests.System.Drawing.RegionNonRectTest" runstate="Runnable" seed="498005692" result="Passed" start-time="2017-05-02 03:42:25Z" end-time="2017-05-02 03:42:25Z" duration="0.001053" asserts="50" />
            <test-case id="1238" name="SmallComplement_Self2" fullname="MonoTests.System.Drawing.RegionNonRectTest.SmallComplement_Self2" methodname="SmallComplement_Self2" classname="MonoTests.System.Drawing.RegionNonRectTest" runstate="Runnable" seed="1621225735" result="Passed" start-time="2017-05-02 03:42:25Z" end-time="2017-05-02 03:42:25Z" duration="0.000676" asserts="50" />
            <test-case id="1235" name="SmallComplement1" fullname="MonoTests.System.Drawing.RegionNonRectTest.SmallComplement1" methodname="SmallComplement1" classname="MonoTests.System.Drawing.RegionNonRectTest" runstate="Runnable" seed="1885276973" result="Passed" start-time="2017-05-02 03:42:25Z" end-time="2017-05-02 03:42:25Z" duration="0.001559" asserts="58" />
            <test-case id="1236" name="SmallComplement2" fullname="MonoTests.System.Drawing.RegionNonRectTest.SmallComplement2" methodname="SmallComplement2" classname="MonoTests.System.Drawing.RegionNonRectTest" runstate="Runnable" seed="2042977567" result="Passed" start-time="2017-05-02 03:42:25Z" end-time="2017-05-02 03:42:25Z" duration="0.000916" asserts="58" />
            <test-case id="1233" name="SmallExclude_Self1" fullname="MonoTests.System.Drawing.RegionNonRectTest.SmallExclude_Self1" methodname="SmallExclude_Self1" classname="MonoTests.System.Drawing.RegionNonRectTest" runstate="Runnable" seed="1383509052" result="Passed" start-time="2017-05-02 03:42:25Z" end-time="2017-05-02 03:42:25Z" duration="0.000709" asserts="50" />
            <test-case id="1234" name="SmallExclude_Self2" fullname="MonoTests.System.Drawing.RegionNonRectTest.SmallExclude_Self2" methodname="SmallExclude_Self2" classname="MonoTests.System.Drawing.RegionNonRectTest" runstate="Runnable" seed="340026819" result="Passed" start-time="2017-05-02 03:42:25Z" end-time="2017-05-02 03:42:25Z" duration="0.000726" asserts="50" />
            <test-case id="1231" name="SmallExclude1" fullname="MonoTests.System.Drawing.RegionNonRectTest.SmallExclude1" methodname="SmallExclude1" classname="MonoTests.System.Drawing.RegionNonRectTest" runstate="Runnable" seed="163914473" result="Passed" start-time="2017-05-02 03:42:25Z" end-time="2017-05-02 03:42:25Z" duration="0.000961" asserts="58" />
            <test-case id="1232" name="SmallExclude2" fullname="MonoTests.System.Drawing.RegionNonRectTest.SmallExclude2" methodname="SmallExclude2" classname="MonoTests.System.Drawing.RegionNonRectTest" runstate="Runnable" seed="1296347745" result="Passed" start-time="2017-05-02 03:42:25Z" end-time="2017-05-02 03:42:25Z" duration="0.001680" asserts="58" />
            <test-case id="1229" name="SmallIntersection_Self1" fullname="MonoTests.System.Drawing.RegionNonRectTest.SmallIntersection_Self1" methodname="SmallIntersection_Self1" classname="MonoTests.System.Drawing.RegionNonRectTest" runstate="Runnable" seed="238104531" result="Passed" start-time="2017-05-02 03:42:25Z" end-time="2017-05-02 03:42:25Z" duration="0.000760" asserts="54" />
            <test-case id="1230" name="SmallIntersection_Self2" fullname="MonoTests.System.Drawing.RegionNonRectTest.SmallIntersection_Self2" methodname="SmallIntersection_Self2" classname="MonoTests.System.Drawing.RegionNonRectTest" runstate="Runnable" seed="1316839897" result="Passed" start-time="2017-05-02 03:42:25Z" end-time="2017-05-02 03:42:25Z" duration="0.000834" asserts="54" />
            <test-case id="1227" name="SmallIntersection1" fullname="MonoTests.System.Drawing.RegionNonRectTest.SmallIntersection1" methodname="SmallIntersection1" classname="MonoTests.System.Drawing.RegionNonRectTest" runstate="Runnable" seed="207646499" result="Passed" start-time="2017-05-02 03:42:25Z" end-time="2017-05-02 03:42:25Z" duration="0.000774" asserts="54" />
            <test-case id="1228" name="SmallIntersection2" fullname="MonoTests.System.Drawing.RegionNonRectTest.SmallIntersection2" methodname="SmallIntersection2" classname="MonoTests.System.Drawing.RegionNonRectTest" runstate="Runnable" seed="645403815" result="Passed" start-time="2017-05-02 03:42:25Z" end-time="2017-05-02 03:42:25Z" duration="0.001105" asserts="54" />
            <test-case id="1225" name="SmallUnion_Self1" fullname="MonoTests.System.Drawing.RegionNonRectTest.SmallUnion_Self1" methodname="SmallUnion_Self1" classname="MonoTests.System.Drawing.RegionNonRectTest" runstate="Runnable" seed="1394269898" result="Passed" start-time="2017-05-02 03:42:25Z" end-time="2017-05-02 03:42:25Z" duration="0.000760" asserts="54" />
            <test-case id="1226" name="SmallUnion_Self2" fullname="MonoTests.System.Drawing.RegionNonRectTest.SmallUnion_Self2" methodname="SmallUnion_Self2" classname="MonoTests.System.Drawing.RegionNonRectTest" runstate="Runnable" seed="1983259336" result="Passed" start-time="2017-05-02 03:42:25Z" end-time="2017-05-02 03:42:25Z" duration="0.000779" asserts="54" />
            <test-case id="1223" name="SmallUnion1" fullname="MonoTests.System.Drawing.RegionNonRectTest.SmallUnion1" methodname="SmallUnion1" classname="MonoTests.System.Drawing.RegionNonRectTest" runstate="Runnable" seed="866023972" result="Passed" start-time="2017-05-02 03:42:25Z" end-time="2017-05-02 03:42:25Z" duration="0.001517" asserts="62" />
            <test-case id="1224" name="SmallUnion2" fullname="MonoTests.System.Drawing.RegionNonRectTest.SmallUnion2" methodname="SmallUnion2" classname="MonoTests.System.Drawing.RegionNonRectTest" runstate="Runnable" seed="341361218" result="Passed" start-time="2017-05-02 03:42:25Z" end-time="2017-05-02 03:42:25Z" duration="0.001652" asserts="62" />
            <test-case id="1241" name="SmallXor_Self1" fullname="MonoTests.System.Drawing.RegionNonRectTest.SmallXor_Self1" methodname="SmallXor_Self1" classname="MonoTests.System.Drawing.RegionNonRectTest" runstate="Runnable" seed="963784409" result="Passed" start-time="2017-05-02 03:42:25Z" end-time="2017-05-02 03:42:25Z" duration="0.000686" asserts="50" />
            <test-case id="1242" name="SmallXor_Self2" fullname="MonoTests.System.Drawing.RegionNonRectTest.SmallXor_Self2" methodname="SmallXor_Self2" classname="MonoTests.System.Drawing.RegionNonRectTest" runstate="Runnable" seed="1023306288" result="Passed" start-time="2017-05-02 03:42:25Z" end-time="2017-05-02 03:42:25Z" duration="0.000638" asserts="50" />
            <test-case id="1239" name="SmallXor1" fullname="MonoTests.System.Drawing.RegionNonRectTest.SmallXor1" methodname="SmallXor1" classname="MonoTests.System.Drawing.RegionNonRectTest" runstate="Runnable" seed="789029250" result="Passed" start-time="2017-05-02 03:42:25Z" end-time="2017-05-02 03:42:25Z" duration="0.000910" asserts="66" />
            <test-case id="1240" name="SmallXor2" fullname="MonoTests.System.Drawing.RegionNonRectTest.SmallXor2" methodname="SmallXor2" classname="MonoTests.System.Drawing.RegionNonRectTest" runstate="Runnable" seed="903411298" result="Passed" start-time="2017-05-02 03:42:25Z" end-time="2017-05-02 03:42:25Z" duration="0.001206" asserts="66" />
            <test-case id="1255" name="Translate_Float" fullname="MonoTests.System.Drawing.RegionNonRectTest.Translate_Float" methodname="Translate_Float" classname="MonoTests.System.Drawing.RegionNonRectTest" runstate="Runnable" seed="1307620798" result="Passed" start-time="2017-05-02 03:42:25Z" end-time="2017-05-02 03:42:25Z" duration="0.000896" asserts="49" />
            <test-case id="1254" name="Translate_Int" fullname="MonoTests.System.Drawing.RegionNonRectTest.Translate_Int" methodname="Translate_Int" classname="MonoTests.System.Drawing.RegionNonRectTest" runstate="Runnable" seed="321753957" result="Passed" start-time="2017-05-02 03:42:25Z" end-time="2017-05-02 03:42:25Z" duration="0.000589" asserts="49" />
            <test-case id="1244" name="UnionWithoutIntersection" fullname="MonoTests.System.Drawing.RegionNonRectTest.UnionWithoutIntersection" methodname="UnionWithoutIntersection" classname="MonoTests.System.Drawing.RegionNonRectTest" runstate="Runnable" seed="419025102" result="Passed" start-time="2017-05-02 03:42:25Z" end-time="2017-05-02 03:42:25Z" duration="0.000566" asserts="55" />
            <test-case id="1251" name="XorWithoutIntersection" fullname="MonoTests.System.Drawing.RegionNonRectTest.XorWithoutIntersection" methodname="XorWithoutIntersection" classname="MonoTests.System.Drawing.RegionNonRectTest" runstate="Runnable" seed="1695224342" result="Passed" start-time="2017-05-02 03:42:25Z" end-time="2017-05-02 03:42:25Z" duration="0.000576" asserts="55" />
            <test-case id="1252" name="XorWithoutIntersection_Large" fullname="MonoTests.System.Drawing.RegionNonRectTest.XorWithoutIntersection_Large" methodname="XorWithoutIntersection_Large" classname="MonoTests.System.Drawing.RegionNonRectTest" runstate="Runnable" seed="1422376527" result="Passed" start-time="2017-05-02 03:42:25Z" end-time="2017-05-02 03:42:25Z" duration="0.000464" asserts="65" />
          </test-suite>
          <test-suite type="TestFixture" id="2064" name="RegionTestUnmanaged" fullname="MonoTests.System.Drawing.RegionTestUnmanaged" classname="MonoTests.System.Drawing.RegionTestUnmanaged" runstate="Runnable" testcasecount="7" result="Passed" start-time="2017-05-02 03:42:25Z" end-time="2017-05-02 03:42:25Z" duration="0.032090" total="7" passed="7" failed="0" warnings="0" inconclusive="0" skipped="0" asserts="19">
            <test-case id="2069" name="FromHrgn_Zero" fullname="MonoTests.System.Drawing.RegionTestUnmanaged.FromHrgn_Zero" methodname="FromHrgn_Zero" classname="MonoTests.System.Drawing.RegionTestUnmanaged" runstate="Runnable" seed="2053845350" result="Passed" start-time="2017-05-02 03:42:25Z" end-time="2017-05-02 03:42:25Z" duration="0.001318" asserts="1" />
            <test-case id="2066" name="GetHrgn_Empty_MakeInfinite" fullname="MonoTests.System.Drawing.RegionTestUnmanaged.GetHrgn_Empty_MakeInfinite" methodname="GetHrgn_Empty_MakeInfinite" classname="MonoTests.System.Drawing.RegionTestUnmanaged" runstate="Runnable" seed="1351261499" result="Passed" start-time="2017-05-02 03:42:25Z" end-time="2017-05-02 03:42:25Z" duration="0.001891" asserts="6" />
            <test-case id="2068" name="GetHrgn_FromHrgn" fullname="MonoTests.System.Drawing.RegionTestUnmanaged.GetHrgn_FromHrgn" methodname="GetHrgn_FromHrgn" classname="MonoTests.System.Drawing.RegionTestUnmanaged" runstate="Runnable" seed="1292101558" result="Passed" start-time="2017-05-02 03:42:25Z" end-time="2017-05-02 03:42:25Z" duration="0.001313" asserts="3" />
            <test-case id="2065" name="GetHrgn_Infinite_MakeEmpty" fullname="MonoTests.System.Drawing.RegionTestUnmanaged.GetHrgn_Infinite_MakeEmpty" methodname="GetHrgn_Infinite_MakeEmpty" classname="MonoTests.System.Drawing.RegionTestUnmanaged" runstate="Runnable" seed="364525541" result="Passed" start-time="2017-05-02 03:42:25Z" end-time="2017-05-02 03:42:25Z" duration="0.000955" asserts="6" />
            <test-case id="2067" name="GetHrgn_TwiceFromSameRegionInstance" fullname="MonoTests.System.Drawing.RegionTestUnmanaged.GetHrgn_TwiceFromSameRegionInstance" methodname="GetHrgn_TwiceFromSameRegionInstance" classname="MonoTests.System.Drawing.RegionTestUnmanaged" runstate="Runnable" seed="2046965103" result="Passed" start-time="2017-05-02 03:42:25Z" end-time="2017-05-02 03:42:25Z" duration="0.000526" asserts="1" />
            <test-case id="2071" name="ReleaseHrng" fullname="MonoTests.System.Drawing.RegionTestUnmanaged.ReleaseHrng" methodname="ReleaseHrng" classname="MonoTests.System.Drawing.RegionTestUnmanaged" runstate="Runnable" seed="1903127854" result="Passed" start-time="2017-05-02 03:42:25Z" end-time="2017-05-02 03:42:25Z" duration="0.000703" asserts="1" />
            <test-case id="2070" name="ReleaseHrng_Zero" fullname="MonoTests.System.Drawing.RegionTestUnmanaged.ReleaseHrng_Zero" methodname="ReleaseHrng_Zero" classname="MonoTests.System.Drawing.RegionTestUnmanaged" runstate="Runnable" seed="1038191270" result="Passed" start-time="2017-05-02 03:42:25Z" end-time="2017-05-02 03:42:25Z" duration="0.000739" asserts="1" />
          </test-suite>
          <test-suite type="TestFixture" id="2090" name="SizeConverterTest" fullname="MonoTests.System.Drawing.SizeConverterTest" classname="MonoTests.System.Drawing.SizeConverterTest" runstate="Runnable" testcasecount="20" result="Failed" site="Child" start-time="2017-05-02 03:42:25Z" end-time="2017-05-02 03:42:25Z" duration="0.084270" total="20" passed="0" failed="20" warnings="0" inconclusive="0" skipped="0" asserts="0">
            <failure>
              <message><![CDATA[One or more child tests had errors]]></message>
            </failure>
            <test-case id="2100" name="ConvertFromInvariantString_string" fullname="MonoTests.System.Drawing.SizeConverterTest.ConvertFromInvariantString_string" methodname="ConvertFromInvariantString_string" classname="MonoTests.System.Drawing.SizeConverterTest" runstate="Runnable" seed="622078842" result="Failed" label="Error" start-time="2017-05-02 03:42:25Z" end-time="2017-05-02 03:42:25Z" duration="0.001691" asserts="0">
              <failure>
                <message><![CDATA[System.InvalidCastException : Unable to cast object of type 'System.ComponentModel.TypeConverter' to type 'System.DrawingCore.SizeConverter'.]]></message>
                <stack-trace><![CDATA[   在 MonoTests.System.Drawing.SizeConverterTest.SetUp() 位置 C:\ProgramData\Git\zkweb.system.drawing\src\ZKWeb.System.Drawing.Tests\System.Drawing\TestSizeConverter.cs:行号 65]]></stack-trace>
              </failure>
            </test-case>
            <test-case id="2101" name="ConvertFromInvariantString_string_exc_1" fullname="MonoTests.System.Drawing.SizeConverterTest.ConvertFromInvariantString_string_exc_1" methodname="ConvertFromInvariantString_string_exc_1" classname="MonoTests.System.Drawing.SizeConverterTest" runstate="Runnable" seed="754801139" result="Failed" label="Error" start-time="2017-05-02 03:42:25Z" end-time="2017-05-02 03:42:25Z" duration="0.000534" asserts="0">
              <failure>
                <message><![CDATA[System.InvalidCastException : Unable to cast object of type 'System.ComponentModel.TypeConverter' to type 'System.DrawingCore.SizeConverter'.]]></message>
                <stack-trace><![CDATA[   在 MonoTests.System.Drawing.SizeConverterTest.SetUp() 位置 C:\ProgramData\Git\zkweb.system.drawing\src\ZKWeb.System.Drawing.Tests\System.Drawing\TestSizeConverter.cs:行号 65]]></stack-trace>
              </failure>
            </test-case>
            <test-case id="2102" name="ConvertFromInvariantString_string_exc_2" fullname="MonoTests.System.Drawing.SizeConverterTest.ConvertFromInvariantString_string_exc_2" methodname="ConvertFromInvariantString_string_exc_2" classname="MonoTests.System.Drawing.SizeConverterTest" runstate="Runnable" seed="1193091327" result="Failed" label="Error" start-time="2017-05-02 03:42:25Z" end-time="2017-05-02 03:42:25Z" duration="0.000580" asserts="0">
              <failure>
                <message><![CDATA[System.InvalidCastException : Unable to cast object of type 'System.ComponentModel.TypeConverter' to type 'System.DrawingCore.SizeConverter'.]]></message>
                <stack-trace><![CDATA[   在 MonoTests.System.Drawing.SizeConverterTest.SetUp() 位置 C:\ProgramData\Git\zkweb.system.drawing\src\ZKWeb.System.Drawing.Tests\System.Drawing\TestSizeConverter.cs:行号 65]]></stack-trace>
              </failure>
            </test-case>
            <test-case id="2103" name="ConvertFromString_string" fullname="MonoTests.System.Drawing.SizeConverterTest.ConvertFromString_string" methodname="ConvertFromString_string" classname="MonoTests.System.Drawing.SizeConverterTest" runstate="Runnable" seed="182742389" result="Failed" label="Error" start-time="2017-05-02 03:42:25Z" end-time="2017-05-02 03:42:25Z" duration="0.000551" asserts="0">
              <failure>
                <message><![CDATA[System.InvalidCastException : Unable to cast object of type 'System.ComponentModel.TypeConverter' to type 'System.DrawingCore.SizeConverter'.]]></message>
                <stack-trace><![CDATA[   在 MonoTests.System.Drawing.SizeConverterTest.SetUp() 位置 C:\ProgramData\Git\zkweb.system.drawing\src\ZKWeb.System.Drawing.Tests\System.Drawing\TestSizeConverter.cs:行号 65]]></stack-trace>
              </failure>
            </test-case>
            <test-case id="2104" name="ConvertFromString_string_exc_1" fullname="MonoTests.System.Drawing.SizeConverterTest.ConvertFromString_string_exc_1" methodname="ConvertFromString_string_exc_1" classname="MonoTests.System.Drawing.SizeConverterTest" runstate="Runnable" seed="105827626" result="Failed" label="Error" start-time="2017-05-02 03:42:25Z" end-time="2017-05-02 03:42:25Z" duration="0.000598" asserts="0">
              <failure>
                <message><![CDATA[System.InvalidCastException : Unable to cast object of type 'System.ComponentModel.TypeConverter' to type 'System.DrawingCore.SizeConverter'.]]></message>
                <stack-trace><![CDATA[   在 MonoTests.System.Drawing.SizeConverterTest.SetUp() 位置 C:\ProgramData\Git\zkweb.system.drawing\src\ZKWeb.System.Drawing.Tests\System.Drawing\TestSizeConverter.cs:行号 65]]></stack-trace>
              </failure>
            </test-case>
            <test-case id="2105" name="ConvertFromString_string_exc_2" fullname="MonoTests.System.Drawing.SizeConverterTest.ConvertFromString_string_exc_2" methodname="ConvertFromString_string_exc_2" classname="MonoTests.System.Drawing.SizeConverterTest" runstate="Runnable" seed="711235266" result="Failed" label="Error" start-time="2017-05-02 03:42:25Z" end-time="2017-05-02 03:42:25Z" duration="0.000575" asserts="0">
              <failure>
                <message><![CDATA[System.InvalidCastException : Unable to cast object of type 'System.ComponentModel.TypeConverter' to type 'System.DrawingCore.SizeConverter'.]]></message>
                <stack-trace><![CDATA[   在 MonoTests.System.Drawing.SizeConverterTest.SetUp() 位置 C:\ProgramData\Git\zkweb.system.drawing\src\ZKWeb.System.Drawing.Tests\System.Drawing\TestSizeConverter.cs:行号 65]]></stack-trace>
              </failure>
            </test-case>
            <test-case id="2106" name="ConvertToInvariantString_string" fullname="MonoTests.System.Drawing.SizeConverterTest.ConvertToInvariantString_string" methodname="ConvertToInvariantString_string" classname="MonoTests.System.Drawing.SizeConverterTest" runstate="Runnable" seed="1890338779" result="Failed" label="Error" start-time="2017-05-02 03:42:25Z" end-time="2017-05-02 03:42:25Z" duration="0.000562" asserts="0">
              <failure>
                <message><![CDATA[System.InvalidCastException : Unable to cast object of type 'System.ComponentModel.TypeConverter' to type 'System.DrawingCore.SizeConverter'.]]></message>
                <stack-trace><![CDATA[   在 MonoTests.System.Drawing.SizeConverterTest.SetUp() 位置 C:\ProgramData\Git\zkweb.system.drawing\src\ZKWeb.System.Drawing.Tests\System.Drawing\TestSizeConverter.cs:行号 65]]></stack-trace>
              </failure>
            </test-case>
            <test-case id="2107" name="ConvertToString_string" fullname="MonoTests.System.Drawing.SizeConverterTest.ConvertToString_string" methodname="ConvertToString_string" classname="MonoTests.System.Drawing.SizeConverterTest" runstate="Runnable" seed="1857662825" result="Failed" label="Error" start-time="2017-05-02 03:42:25Z" end-time="2017-05-02 03:42:25Z" duration="0.000504" asserts="0">
              <failure>
                <message><![CDATA[System.InvalidCastException : Unable to cast object of type 'System.ComponentModel.TypeConverter' to type 'System.DrawingCore.SizeConverter'.]]></message>
                <stack-trace><![CDATA[   在 MonoTests.System.Drawing.SizeConverterTest.SetUp() 位置 C:\ProgramData\Git\zkweb.system.drawing\src\ZKWeb.System.Drawing.Tests\System.Drawing\TestSizeConverter.cs:行号 65]]></stack-trace>
              </failure>
            </test-case>
            <test-case id="2109" name="GetStandardValues" fullname="MonoTests.System.Drawing.SizeConverterTest.GetStandardValues" methodname="GetStandardValues" classname="MonoTests.System.Drawing.SizeConverterTest" runstate="Runnable" seed="1349224468" result="Failed" label="Error" start-time="2017-05-02 03:42:25Z" end-time="2017-05-02 03:42:25Z" duration="0.000577" asserts="0">
              <failure>
                <message><![CDATA[System.InvalidCastException : Unable to cast object of type 'System.ComponentModel.TypeConverter' to type 'System.DrawingCore.SizeConverter'.]]></message>
                <stack-trace><![CDATA[   在 MonoTests.System.Drawing.SizeConverterTest.SetUp() 位置 C:\ProgramData\Git\zkweb.system.drawing\src\ZKWeb.System.Drawing.Tests\System.Drawing\TestSizeConverter.cs:行号 65]]></stack-trace>
              </failure>
            </test-case>
            <test-case id="2110" name="GetStandardValuesExclusive" fullname="MonoTests.System.Drawing.SizeConverterTest.GetStandardValuesExclusive" methodname="GetStandardValuesExclusive" classname="MonoTests.System.Drawing.SizeConverterTest" runstate="Runnable" seed="1289496216" result="Failed" label="Error" start-time="2017-05-02 03:42:25Z" end-time="2017-05-02 03:42:25Z" duration="0.000552" asserts="0">
              <failure>
                <message><![CDATA[System.InvalidCastException : Unable to cast object of type 'System.ComponentModel.TypeConverter' to type 'System.DrawingCore.SizeConverter'.]]></message>
                <stack-trace><![CDATA[   在 MonoTests.System.Drawing.SizeConverterTest.SetUp() 位置 C:\ProgramData\Git\zkweb.system.drawing\src\ZKWeb.System.Drawing.Tests\System.Drawing\TestSizeConverter.cs:行号 65]]></stack-trace>
              </failure>
            </test-case>
            <test-case id="2108" name="GetStandardValuesSupported" fullname="MonoTests.System.Drawing.SizeConverterTest.GetStandardValuesSupported" methodname="GetStandardValuesSupported" classname="MonoTests.System.Drawing.SizeConverterTest" runstate="Runnable" seed="174132049" result="Failed" label="Error" start-time="2017-05-02 03:42:25Z" end-time="2017-05-02 03:42:25Z" duration="0.000561" asserts="0">
              <failure>
                <message><![CDATA[System.InvalidCastException : Unable to cast object of type 'System.ComponentModel.TypeConverter' to type 'System.DrawingCore.SizeConverter'.]]></message>
                <stack-trace><![CDATA[   在 MonoTests.System.Drawing.SizeConverterTest.SetUp() 位置 C:\ProgramData\Git\zkweb.system.drawing\src\ZKWeb.System.Drawing.Tests\System.Drawing\TestSizeConverter.cs:行号 65]]></stack-trace>
              </failure>
            </test-case>
            <test-case id="2091" name="TestCanConvertFrom" fullname="MonoTests.System.Drawing.SizeConverterTest.TestCanConvertFrom" methodname="TestCanConvertFrom" classname="MonoTests.System.Drawing.SizeConverterTest" runstate="Runnable" seed="2001620740" result="Failed" label="Error" start-time="2017-05-02 03:42:25Z" end-time="2017-05-02 03:42:25Z" duration="0.000549" asserts="0">
              <failure>
                <message><![CDATA[System.InvalidCastException : Unable to cast object of type 'System.ComponentModel.TypeConverter' to type 'System.DrawingCore.SizeConverter'.]]></message>
                <stack-trace><![CDATA[   在 MonoTests.System.Drawing.SizeConverterTest.SetUp() 位置 C:\ProgramData\Git\zkweb.system.drawing\src\ZKWeb.System.Drawing.Tests\System.Drawing\TestSizeConverter.cs:行号 65]]></stack-trace>
              </failure>
            </test-case>
            <test-case id="2092" name="TestCanConvertTo" fullname="MonoTests.System.Drawing.SizeConverterTest.TestCanConvertTo" methodname="TestCanConvertTo" classname="MonoTests.System.Drawing.SizeConverterTest" runstate="Runnable" seed="1625851113" result="Failed" label="Error" start-time="2017-05-02 03:42:25Z" end-time="2017-05-02 03:42:25Z" duration="0.000913" asserts="0">
              <failure>
                <message><![CDATA[System.InvalidCastException : Unable to cast object of type 'System.ComponentModel.TypeConverter' to type 'System.DrawingCore.SizeConverter'.]]></message>
                <stack-trace><![CDATA[   在 MonoTests.System.Drawing.SizeConverterTest.SetUp() 位置 C:\ProgramData\Git\zkweb.system.drawing\src\ZKWeb.System.Drawing.Tests\System.Drawing\TestSizeConverter.cs:行号 65]]></stack-trace>
              </failure>
            </test-case>
            <test-case id="2093" name="TestConvertFrom" fullname="MonoTests.System.Drawing.SizeConverterTest.TestConvertFrom" methodname="TestConvertFrom" classname="MonoTests.System.Drawing.SizeConverterTest" runstate="Runnable" seed="1737359420" result="Failed" label="Error" start-time="2017-05-02 03:42:25Z" end-time="2017-05-02 03:42:25Z" duration="0.000828" asserts="0">
              <failure>
                <message><![CDATA[System.InvalidCastException : Unable to cast object of type 'System.ComponentModel.TypeConverter' to type 'System.DrawingCore.SizeConverter'.]]></message>
                <stack-trace><![CDATA[   在 MonoTests.System.Drawing.SizeConverterTest.SetUp() 位置 C:\ProgramData\Git\zkweb.system.drawing\src\ZKWeb.System.Drawing.Tests\System.Drawing\TestSizeConverter.cs:行号 65]]></stack-trace>
              </failure>
            </test-case>
            <test-case id="2094" name="TestConvertTo" fullname="MonoTests.System.Drawing.SizeConverterTest.TestConvertTo" methodname="TestConvertTo" classname="MonoTests.System.Drawing.SizeConverterTest" runstate="Runnable" seed="713425174" result="Failed" label="Error" start-time="2017-05-02 03:42:25Z" end-time="2017-05-02 03:42:25Z" duration="0.000765" asserts="0">
              <failure>
                <message><![CDATA[System.InvalidCastException : Unable to cast object of type 'System.ComponentModel.TypeConverter' to type 'System.DrawingCore.SizeConverter'.]]></message>
                <stack-trace><![CDATA[   在 MonoTests.System.Drawing.SizeConverterTest.SetUp() 位置 C:\ProgramData\Git\zkweb.system.drawing\src\ZKWeb.System.Drawing.Tests\System.Drawing\TestSizeConverter.cs:行号 65]]></stack-trace>
              </failure>
            </test-case>
            <test-case id="2096" name="TestCreateInstance" fullname="MonoTests.System.Drawing.SizeConverterTest.TestCreateInstance" methodname="TestCreateInstance" classname="MonoTests.System.Drawing.SizeConverterTest" runstate="Runnable" seed="1248474785" result="Failed" label="Error" start-time="2017-05-02 03:42:25Z" end-time="2017-05-02 03:42:25Z" duration="0.000759" asserts="0">
              <failure>
                <message><![CDATA[System.InvalidCastException : Unable to cast object of type 'System.ComponentModel.TypeConverter' to type 'System.DrawingCore.SizeConverter'.]]></message>
                <stack-trace><![CDATA[   在 MonoTests.System.Drawing.SizeConverterTest.SetUp() 位置 C:\ProgramData\Git\zkweb.system.drawing\src\ZKWeb.System.Drawing.Tests\System.Drawing\TestSizeConverter.cs:行号 65]]></stack-trace>
              </failure>
            </test-case>
            <test-case id="2097" name="TestCreateInstance_CaseSensitive" fullname="MonoTests.System.Drawing.SizeConverterTest.TestCreateInstance_CaseSensitive" methodname="TestCreateInstance_CaseSensitive" classname="MonoTests.System.Drawing.SizeConverterTest" runstate="Runnable" seed="1812487228" result="Failed" label="Error" start-time="2017-05-02 03:42:25Z" end-time="2017-05-02 03:42:25Z" duration="0.000953" asserts="0">
              <failure>
                <message><![CDATA[System.InvalidCastException : Unable to cast object of type 'System.ComponentModel.TypeConverter' to type 'System.DrawingCore.SizeConverter'.]]></message>
                <stack-trace><![CDATA[   在 MonoTests.System.Drawing.SizeConverterTest.SetUp() 位置 C:\ProgramData\Git\zkweb.system.drawing\src\ZKWeb.System.Drawing.Tests\System.Drawing\TestSizeConverter.cs:行号 65]]></stack-trace>
              </failure>
            </test-case>
            <test-case id="2095" name="TestGetCreateInstanceSupported" fullname="MonoTests.System.Drawing.SizeConverterTest.TestGetCreateInstanceSupported" methodname="TestGetCreateInstanceSupported" classname="MonoTests.System.Drawing.SizeConverterTest" runstate="Runnable" seed="1468297191" result="Failed" label="Error" start-time="2017-05-02 03:42:25Z" end-time="2017-05-02 03:42:25Z" duration="0.000817" asserts="0">
              <failure>
                <message><![CDATA[System.InvalidCastException : Unable to cast object of type 'System.ComponentModel.TypeConverter' to type 'System.DrawingCore.SizeConverter'.]]></message>
                <stack-trace><![CDATA[   在 MonoTests.System.Drawing.SizeConverterTest.SetUp() 位置 C:\ProgramData\Git\zkweb.system.drawing\src\ZKWeb.System.Drawing.Tests\System.Drawing\TestSizeConverter.cs:行号 65]]></stack-trace>
              </failure>
            </test-case>
            <test-case id="2099" name="TestGetProperties" fullname="MonoTests.System.Drawing.SizeConverterTest.TestGetProperties" methodname="TestGetProperties" classname="MonoTests.System.Drawing.SizeConverterTest" runstate="Runnable" seed="1530853846" result="Failed" label="Error" start-time="2017-05-02 03:42:25Z" end-time="2017-05-02 03:42:25Z" duration="0.000757" asserts="0">
              <failure>
                <message><![CDATA[System.InvalidCastException : Unable to cast object of type 'System.ComponentModel.TypeConverter' to type 'System.DrawingCore.SizeConverter'.]]></message>
                <stack-trace><![CDATA[   在 MonoTests.System.Drawing.SizeConverterTest.SetUp() 位置 C:\ProgramData\Git\zkweb.system.drawing\src\ZKWeb.System.Drawing.Tests\System.Drawing\TestSizeConverter.cs:行号 65]]></stack-trace>
              </failure>
            </test-case>
            <test-case id="2098" name="TestGetPropertiesSupported" fullname="MonoTests.System.Drawing.SizeConverterTest.TestGetPropertiesSupported" methodname="TestGetPropertiesSupported" classname="MonoTests.System.Drawing.SizeConverterTest" runstate="Runnable" seed="2050696919" result="Failed" label="Error" start-time="2017-05-02 03:42:25Z" end-time="2017-05-02 03:42:25Z" duration="0.000763" asserts="0">
              <failure>
                <message><![CDATA[System.InvalidCastException : Unable to cast object of type 'System.ComponentModel.TypeConverter' to type 'System.DrawingCore.SizeConverter'.]]></message>
                <stack-trace><![CDATA[   在 MonoTests.System.Drawing.SizeConverterTest.SetUp() 位置 C:\ProgramData\Git\zkweb.system.drawing\src\ZKWeb.System.Drawing.Tests\System.Drawing\TestSizeConverter.cs:行号 65]]></stack-trace>
              </failure>
            </test-case>
          </test-suite>
          <test-suite type="TestFixture" id="2127" name="SizeFConverterTest" fullname="MonoTests.System.Drawing.SizeFConverterTest" classname="MonoTests.System.Drawing.SizeFConverterTest" runstate="Runnable" testcasecount="21" result="Failed" site="Child" start-time="2017-05-02 03:42:25Z" end-time="2017-05-02 03:42:25Z" duration="0.091184" total="21" passed="0" failed="21" warnings="0" inconclusive="0" skipped="0" asserts="0">
            <failure>
              <message><![CDATA[One or more child tests had errors]]></message>
            </failure>
            <test-case id="2138" name="ConvertFromInvariantString_string" fullname="MonoTests.System.Drawing.SizeFConverterTest.ConvertFromInvariantString_string" methodname="ConvertFromInvariantString_string" classname="MonoTests.System.Drawing.SizeFConverterTest" runstate="Runnable" seed="505795442" result="Failed" label="Error" start-time="2017-05-02 03:42:25Z" end-time="2017-05-02 03:42:25Z" duration="0.001976" asserts="0">
              <failure>
                <message><![CDATA[System.InvalidCastException : Unable to cast object of type 'System.ComponentModel.TypeConverter' to type 'System.DrawingCore.SizeFConverter'.]]></message>
                <stack-trace><![CDATA[   在 MonoTests.System.Drawing.SizeFConverterTest.SetUp() 位置 C:\ProgramData\Git\zkweb.system.drawing\src\ZKWeb.System.Drawing.Tests\System.Drawing\TestSizeFConverter.cs:行号 66]]></stack-trace>
              </failure>
            </test-case>
            <test-case id="2139" name="ConvertFromInvariantString_string_exc_1" fullname="MonoTests.System.Drawing.SizeFConverterTest.ConvertFromInvariantString_string_exc_1" methodname="ConvertFromInvariantString_string_exc_1" classname="MonoTests.System.Drawing.SizeFConverterTest" runstate="Runnable" seed="2084481552" result="Failed" label="Error" start-time="2017-05-02 03:42:25Z" end-time="2017-05-02 03:42:25Z" duration="0.000754" asserts="0">
              <failure>
                <message><![CDATA[System.InvalidCastException : Unable to cast object of type 'System.ComponentModel.TypeConverter' to type 'System.DrawingCore.SizeFConverter'.]]></message>
                <stack-trace><![CDATA[   在 MonoTests.System.Drawing.SizeFConverterTest.SetUp() 位置 C:\ProgramData\Git\zkweb.system.drawing\src\ZKWeb.System.Drawing.Tests\System.Drawing\TestSizeFConverter.cs:行号 66]]></stack-trace>
              </failure>
            </test-case>
            <test-case id="2140" name="ConvertFromInvariantString_string_exc_2" fullname="MonoTests.System.Drawing.SizeFConverterTest.ConvertFromInvariantString_string_exc_2" methodname="ConvertFromInvariantString_string_exc_2" classname="MonoTests.System.Drawing.SizeFConverterTest" runstate="Runnable" seed="2136866920" result="Failed" label="Error" start-time="2017-05-02 03:42:25Z" end-time="2017-05-02 03:42:25Z" duration="0.000754" asserts="0">
              <failure>
                <message><![CDATA[System.InvalidCastException : Unable to cast object of type 'System.ComponentModel.TypeConverter' to type 'System.DrawingCore.SizeFConverter'.]]></message>
                <stack-trace><![CDATA[   在 MonoTests.System.Drawing.SizeFConverterTest.SetUp() 位置 C:\ProgramData\Git\zkweb.system.drawing\src\ZKWeb.System.Drawing.Tests\System.Drawing\TestSizeFConverter.cs:行号 66]]></stack-trace>
              </failure>
            </test-case>
            <test-case id="2141" name="ConvertFromString_string" fullname="MonoTests.System.Drawing.SizeFConverterTest.ConvertFromString_string" methodname="ConvertFromString_string" classname="MonoTests.System.Drawing.SizeFConverterTest" runstate="Runnable" seed="1768532069" result="Failed" label="Error" start-time="2017-05-02 03:42:25Z" end-time="2017-05-02 03:42:25Z" duration="0.000754" asserts="0">
              <failure>
                <message><![CDATA[System.InvalidCastException : Unable to cast object of type 'System.ComponentModel.TypeConverter' to type 'System.DrawingCore.SizeFConverter'.]]></message>
                <stack-trace><![CDATA[   在 MonoTests.System.Drawing.SizeFConverterTest.SetUp() 位置 C:\ProgramData\Git\zkweb.system.drawing\src\ZKWeb.System.Drawing.Tests\System.Drawing\TestSizeFConverter.cs:行号 66]]></stack-trace>
              </failure>
            </test-case>
            <test-case id="2142" name="ConvertFromString_string_exc_1" fullname="MonoTests.System.Drawing.SizeFConverterTest.ConvertFromString_string_exc_1" methodname="ConvertFromString_string_exc_1" classname="MonoTests.System.Drawing.SizeFConverterTest" runstate="Runnable" seed="443482005" result="Failed" label="Error" start-time="2017-05-02 03:42:25Z" end-time="2017-05-02 03:42:25Z" duration="0.000842" asserts="0">
              <failure>
                <message><![CDATA[System.InvalidCastException : Unable to cast object of type 'System.ComponentModel.TypeConverter' to type 'System.DrawingCore.SizeFConverter'.]]></message>
                <stack-trace><![CDATA[   在 MonoTests.System.Drawing.SizeFConverterTest.SetUp() 位置 C:\ProgramData\Git\zkweb.system.drawing\src\ZKWeb.System.Drawing.Tests\System.Drawing\TestSizeFConverter.cs:行号 66]]></stack-trace>
              </failure>
            </test-case>
            <test-case id="2143" name="ConvertFromString_string_exc_2" fullname="MonoTests.System.Drawing.SizeFConverterTest.ConvertFromString_string_exc_2" methodname="ConvertFromString_string_exc_2" classname="MonoTests.System.Drawing.SizeFConverterTest" runstate="Runnable" seed="1885944097" result="Failed" label="Error" start-time="2017-05-02 03:42:25Z" end-time="2017-05-02 03:42:25Z" duration="0.000693" asserts="0">
              <failure>
                <message><![CDATA[System.InvalidCastException : Unable to cast object of type 'System.ComponentModel.TypeConverter' to type 'System.DrawingCore.SizeFConverter'.]]></message>
                <stack-trace><![CDATA[   在 MonoTests.System.Drawing.SizeFConverterTest.SetUp() 位置 C:\ProgramData\Git\zkweb.system.drawing\src\ZKWeb.System.Drawing.Tests\System.Drawing\TestSizeFConverter.cs:行号 66]]></stack-trace>
              </failure>
            </test-case>
            <test-case id="2144" name="ConvertToInvariantString_string" fullname="MonoTests.System.Drawing.SizeFConverterTest.ConvertToInvariantString_string" methodname="ConvertToInvariantString_string" classname="MonoTests.System.Drawing.SizeFConverterTest" runstate="Runnable" seed="626694154" result="Failed" label="Error" start-time="2017-05-02 03:42:25Z" end-time="2017-05-02 03:42:25Z" duration="0.000819" asserts="0">
              <failure>
                <message><![CDATA[System.InvalidCastException : Unable to cast object of type 'System.ComponentModel.TypeConverter' to type 'System.DrawingCore.SizeFConverter'.]]></message>
                <stack-trace><![CDATA[   在 MonoTests.System.Drawing.SizeFConverterTest.SetUp() 位置 C:\ProgramData\Git\zkweb.system.drawing\src\ZKWeb.System.Drawing.Tests\System.Drawing\TestSizeFConverter.cs:行号 66]]></stack-trace>
              </failure>
            </test-case>
            <test-case id="2145" name="ConvertToString_string" fullname="MonoTests.System.Drawing.SizeFConverterTest.ConvertToString_string" methodname="ConvertToString_string" classname="MonoTests.System.Drawing.SizeFConverterTest" runstate="Runnable" seed="1546813569" result="Failed" label="Error" start-time="2017-05-02 03:42:25Z" end-time="2017-05-02 03:42:25Z" duration="0.000760" asserts="0">
              <failure>
                <message><![CDATA[System.InvalidCastException : Unable to cast object of type 'System.ComponentModel.TypeConverter' to type 'System.DrawingCore.SizeFConverter'.]]></message>
                <stack-trace><![CDATA[   在 MonoTests.System.Drawing.SizeFConverterTest.SetUp() 位置 C:\ProgramData\Git\zkweb.system.drawing\src\ZKWeb.System.Drawing.Tests\System.Drawing\TestSizeFConverter.cs:行号 66]]></stack-trace>
              </failure>
            </test-case>
            <test-case id="2147" name="GetStandardValues" fullname="MonoTests.System.Drawing.SizeFConverterTest.GetStandardValues" methodname="GetStandardValues" classname="MonoTests.System.Drawing.SizeFConverterTest" runstate="Runnable" seed="413702093" result="Failed" label="Error" start-time="2017-05-02 03:42:25Z" end-time="2017-05-02 03:42:25Z" duration="0.000746" asserts="0">
              <failure>
                <message><![CDATA[System.InvalidCastException : Unable to cast object of type 'System.ComponentModel.TypeConverter' to type 'System.DrawingCore.SizeFConverter'.]]></message>
                <stack-trace><![CDATA[   在 MonoTests.System.Drawing.SizeFConverterTest.SetUp() 位置 C:\ProgramData\Git\zkweb.system.drawing\src\ZKWeb.System.Drawing.Tests\System.Drawing\TestSizeFConverter.cs:行号 66]]></stack-trace>
              </failure>
            </test-case>
            <test-case id="2148" name="GetStandardValuesExclusive" fullname="MonoTests.System.Drawing.SizeFConverterTest.GetStandardValuesExclusive" methodname="GetStandardValuesExclusive" classname="MonoTests.System.Drawing.SizeFConverterTest" runstate="Runnable" seed="1394842891" result="Failed" label="Error" start-time="2017-05-02 03:42:25Z" end-time="2017-05-02 03:42:25Z" duration="0.000771" asserts="0">
              <failure>
                <message><![CDATA[System.InvalidCastException : Unable to cast object of type 'System.ComponentModel.TypeConverter' to type 'System.DrawingCore.SizeFConverter'.]]></message>
                <stack-trace><![CDATA[   在 MonoTests.System.Drawing.SizeFConverterTest.SetUp() 位置 C:\ProgramData\Git\zkweb.system.drawing\src\ZKWeb.System.Drawing.Tests\System.Drawing\TestSizeFConverter.cs:行号 66]]></stack-trace>
              </failure>
            </test-case>
            <test-case id="2146" name="GetStandardValuesSupported" fullname="MonoTests.System.Drawing.SizeFConverterTest.GetStandardValuesSupported" methodname="GetStandardValuesSupported" classname="MonoTests.System.Drawing.SizeFConverterTest" runstate="Runnable" seed="1756105920" result="Failed" label="Error" start-time="2017-05-02 03:42:25Z" end-time="2017-05-02 03:42:25Z" duration="0.000913" asserts="0">
              <failure>
                <message><![CDATA[System.InvalidCastException : Unable to cast object of type 'System.ComponentModel.TypeConverter' to type 'System.DrawingCore.SizeFConverter'.]]></message>
                <stack-trace><![CDATA[   在 MonoTests.System.Drawing.SizeFConverterTest.SetUp() 位置 C:\ProgramData\Git\zkweb.system.drawing\src\ZKWeb.System.Drawing.Tests\System.Drawing\TestSizeFConverter.cs:行号 66]]></stack-trace>
              </failure>
            </test-case>
            <test-case id="2128" name="TestCanConvertFrom" fullname="MonoTests.System.Drawing.SizeFConverterTest.TestCanConvertFrom" methodname="TestCanConvertFrom" classname="MonoTests.System.Drawing.SizeFConverterTest" runstate="Runnable" seed="1459752617" result="Failed" label="Error" start-time="2017-05-02 03:42:25Z" end-time="2017-05-02 03:42:25Z" duration="0.000773" asserts="0">
              <failure>
                <message><![CDATA[System.InvalidCastException : Unable to cast object of type 'System.ComponentModel.TypeConverter' to type 'System.DrawingCore.SizeFConverter'.]]></message>
                <stack-trace><![CDATA[   在 MonoTests.System.Drawing.SizeFConverterTest.SetUp() 位置 C:\ProgramData\Git\zkweb.system.drawing\src\ZKWeb.System.Drawing.Tests\System.Drawing\TestSizeFConverter.cs:行号 66]]></stack-trace>
              </failure>
            </test-case>
            <test-case id="2129" name="TestCanConvertTo" fullname="MonoTests.System.Drawing.SizeFConverterTest.TestCanConvertTo" methodname="TestCanConvertTo" classname="MonoTests.System.Drawing.SizeFConverterTest" runstate="Runnable" seed="1955341579" result="Failed" label="Error" start-time="2017-05-02 03:42:25Z" end-time="2017-05-02 03:42:25Z" duration="0.000758" asserts="0">
              <failure>
                <message><![CDATA[System.InvalidCastException : Unable to cast object of type 'System.ComponentModel.TypeConverter' to type 'System.DrawingCore.SizeFConverter'.]]></message>
                <stack-trace><![CDATA[   在 MonoTests.System.Drawing.SizeFConverterTest.SetUp() 位置 C:\ProgramData\Git\zkweb.system.drawing\src\ZKWeb.System.Drawing.Tests\System.Drawing\TestSizeFConverter.cs:行号 66]]></stack-trace>
              </failure>
            </test-case>
            <test-case id="2130" name="TestConvertFrom" fullname="MonoTests.System.Drawing.SizeFConverterTest.TestConvertFrom" methodname="TestConvertFrom" classname="MonoTests.System.Drawing.SizeFConverterTest" runstate="Runnable" seed="1987060806" result="Failed" label="Error" start-time="2017-05-02 03:42:25Z" end-time="2017-05-02 03:42:25Z" duration="0.000749" asserts="0">
              <failure>
                <message><![CDATA[System.InvalidCastException : Unable to cast object of type 'System.ComponentModel.TypeConverter' to type 'System.DrawingCore.SizeFConverter'.]]></message>
                <stack-trace><![CDATA[   在 MonoTests.System.Drawing.SizeFConverterTest.SetUp() 位置 C:\ProgramData\Git\zkweb.system.drawing\src\ZKWeb.System.Drawing.Tests\System.Drawing\TestSizeFConverter.cs:行号 66]]></stack-trace>
              </failure>
            </test-case>
            <test-case id="2131" name="TestConvertTo" fullname="MonoTests.System.Drawing.SizeFConverterTest.TestConvertTo" methodname="TestConvertTo" classname="MonoTests.System.Drawing.SizeFConverterTest" runstate="Runnable" seed="725110690" result="Failed" label="Error" start-time="2017-05-02 03:42:25Z" end-time="2017-05-02 03:42:25Z" duration="0.000823" asserts="0">
              <failure>
                <message><![CDATA[System.InvalidCastException : Unable to cast object of type 'System.ComponentModel.TypeConverter' to type 'System.DrawingCore.SizeFConverter'.]]></message>
                <stack-trace><![CDATA[   在 MonoTests.System.Drawing.SizeFConverterTest.SetUp() 位置 C:\ProgramData\Git\zkweb.system.drawing\src\ZKWeb.System.Drawing.Tests\System.Drawing\TestSizeFConverter.cs:行号 66]]></stack-trace>
              </failure>
            </test-case>
            <test-case id="2133" name="TestCreateInstance" fullname="MonoTests.System.Drawing.SizeFConverterTest.TestCreateInstance" methodname="TestCreateInstance" classname="MonoTests.System.Drawing.SizeFConverterTest" runstate="Runnable" seed="496160469" result="Failed" label="Error" start-time="2017-05-02 03:42:25Z" end-time="2017-05-02 03:42:25Z" duration="0.000759" asserts="0">
              <failure>
                <message><![CDATA[System.InvalidCastException : Unable to cast object of type 'System.ComponentModel.TypeConverter' to type 'System.DrawingCore.SizeFConverter'.]]></message>
                <stack-trace><![CDATA[   在 MonoTests.System.Drawing.SizeFConverterTest.SetUp() 位置 C:\ProgramData\Git\zkweb.system.drawing\src\ZKWeb.System.Drawing.Tests\System.Drawing\TestSizeFConverter.cs:行号 66]]></stack-trace>
              </failure>
            </test-case>
            <test-case id="2135" name="TestCreateInstance_CaseSensitive" fullname="MonoTests.System.Drawing.SizeFConverterTest.TestCreateInstance_CaseSensitive" methodname="TestCreateInstance_CaseSensitive" classname="MonoTests.System.Drawing.SizeFConverterTest" runstate="Runnable" seed="2055378504" result="Failed" label="Error" start-time="2017-05-02 03:42:25Z" end-time="2017-05-02 03:42:25Z" duration="0.000754" asserts="0">
              <failure>
                <message><![CDATA[System.InvalidCastException : Unable to cast object of type 'System.ComponentModel.TypeConverter' to type 'System.DrawingCore.SizeFConverter'.]]></message>
                <stack-trace><![CDATA[   在 MonoTests.System.Drawing.SizeFConverterTest.SetUp() 位置 C:\ProgramData\Git\zkweb.system.drawing\src\ZKWeb.System.Drawing.Tests\System.Drawing\TestSizeFConverter.cs:行号 66]]></stack-trace>
              </failure>
            </test-case>
            <test-case id="2134" name="TestCreateInstance_Int" fullname="MonoTests.System.Drawing.SizeFConverterTest.TestCreateInstance_Int" methodname="TestCreateInstance_Int" classname="MonoTests.System.Drawing.SizeFConverterTest" runstate="Runnable" seed="1630326969" result="Failed" label="Error" start-time="2017-05-02 03:42:25Z" end-time="2017-05-02 03:42:25Z" duration="0.000763" asserts="0">
              <failure>
                <message><![CDATA[System.InvalidCastException : Unable to cast object of type 'System.ComponentModel.TypeConverter' to type 'System.DrawingCore.SizeFConverter'.]]></message>
                <stack-trace><![CDATA[   在 MonoTests.System.Drawing.SizeFConverterTest.SetUp() 位置 C:\ProgramData\Git\zkweb.system.drawing\src\ZKWeb.System.Drawing.Tests\System.Drawing\TestSizeFConverter.cs:行号 66]]></stack-trace>
              </failure>
            </test-case>
            <test-case id="2132" name="TestGetCreateInstanceSupported" fullname="MonoTests.System.Drawing.SizeFConverterTest.TestGetCreateInstanceSupported" methodname="TestGetCreateInstanceSupported" classname="MonoTests.System.Drawing.SizeFConverterTest" runstate="Runnable" seed="1317921745" result="Failed" label="Error" start-time="2017-05-02 03:42:25Z" end-time="2017-05-02 03:42:25Z" duration="0.000799" asserts="0">
              <failure>
                <message><![CDATA[System.InvalidCastException : Unable to cast object of type 'System.ComponentModel.TypeConverter' to type 'System.DrawingCore.SizeFConverter'.]]></message>
                <stack-trace><![CDATA[   在 MonoTests.System.Drawing.SizeFConverterTest.SetUp() 位置 C:\ProgramData\Git\zkweb.system.drawing\src\ZKWeb.System.Drawing.Tests\System.Drawing\TestSizeFConverter.cs:行号 66]]></stack-trace>
              </failure>
            </test-case>
            <test-case id="2137" name="TestGetProperties" fullname="MonoTests.System.Drawing.SizeFConverterTest.TestGetProperties" methodname="TestGetProperties" classname="MonoTests.System.Drawing.SizeFConverterTest" runstate="Runnable" seed="355815193" result="Failed" label="Error" start-time="2017-05-02 03:42:25Z" end-time="2017-05-02 03:42:25Z" duration="0.000756" asserts="0">
              <failure>
                <message><![CDATA[System.InvalidCastException : Unable to cast object of type 'System.ComponentModel.TypeConverter' to type 'System.DrawingCore.SizeFConverter'.]]></message>
                <stack-trace><![CDATA[   在 MonoTests.System.Drawing.SizeFConverterTest.SetUp() 位置 C:\ProgramData\Git\zkweb.system.drawing\src\ZKWeb.System.Drawing.Tests\System.Drawing\TestSizeFConverter.cs:行号 66]]></stack-trace>
              </failure>
            </test-case>
            <test-case id="2136" name="TestGetPropertiesSupported" fullname="MonoTests.System.Drawing.SizeFConverterTest.TestGetPropertiesSupported" methodname="TestGetPropertiesSupported" classname="MonoTests.System.Drawing.SizeFConverterTest" runstate="Runnable" seed="430521310" result="Failed" label="Error" start-time="2017-05-02 03:42:25Z" end-time="2017-05-02 03:42:25Z" duration="0.000631" asserts="0">
              <failure>
                <message><![CDATA[System.InvalidCastException : Unable to cast object of type 'System.ComponentModel.TypeConverter' to type 'System.DrawingCore.SizeFConverter'.]]></message>
                <stack-trace><![CDATA[   在 MonoTests.System.Drawing.SizeFConverterTest.SetUp() 位置 C:\ProgramData\Git\zkweb.system.drawing\src\ZKWeb.System.Drawing.Tests\System.Drawing\TestSizeFConverter.cs:行号 66]]></stack-trace>
              </failure>
            </test-case>
          </test-suite>
          <test-suite type="TestFixture" id="2111" name="SizeFTest" fullname="MonoTests.System.Drawing.SizeFTest" classname="MonoTests.System.Drawing.SizeFTest" runstate="Runnable" testcasecount="15" result="Passed" start-time="2017-05-02 03:42:25Z" end-time="2017-05-02 03:42:25Z" duration="0.070365" total="15" passed="15" failed="0" warnings="0" inconclusive="0" skipped="0" asserts="49">
            <test-case id="2125" name="AddTest" fullname="MonoTests.System.Drawing.SizeFTest.AddTest" methodname="AddTest" classname="MonoTests.System.Drawing.SizeFTest" runstate="Runnable" seed="375213156" result="Passed" start-time="2017-05-02 03:42:25Z" end-time="2017-05-02 03:42:25Z" duration="0.001093" asserts="2" />
            <test-case id="2123" name="GetHashCodeTest" fullname="MonoTests.System.Drawing.SizeFTest.GetHashCodeTest" methodname="GetHashCodeTest" classname="MonoTests.System.Drawing.SizeFTest" runstate="Runnable" seed="1322554770" result="Passed" start-time="2017-05-02 03:42:25Z" end-time="2017-05-02 03:42:25Z" duration="0.000791" asserts="2" />
            <test-case id="2126" name="SubtractTest" fullname="MonoTests.System.Drawing.SizeFTest.SubtractTest" methodname="SubtractTest" classname="MonoTests.System.Drawing.SizeFTest" runstate="Runnable" seed="1050769334" result="Passed" start-time="2017-05-02 03:42:25Z" end-time="2017-05-02 03:42:25Z" duration="0.000916" asserts="2" />
            <test-case id="2116" name="Test2PointF" fullname="MonoTests.System.Drawing.SizeFTest.Test2PointF" methodname="Test2PointF" classname="MonoTests.System.Drawing.SizeFTest" runstate="Runnable" seed="608186564" result="Passed" start-time="2017-05-02 03:42:25Z" end-time="2017-05-02 03:42:25Z" duration="0.000564" asserts="1" />
            <test-case id="2117" name="Test2Size" fullname="MonoTests.System.Drawing.SizeFTest.Test2Size" methodname="Test2Size" classname="MonoTests.System.Drawing.SizeFTest" runstate="Runnable" seed="406257248" result="Passed" start-time="2017-05-02 03:42:25Z" end-time="2017-05-02 03:42:25Z" duration="0.000687" asserts="1" />
            <test-case id="2118" name="TestAddition" fullname="MonoTests.System.Drawing.SizeFTest.TestAddition" methodname="TestAddition" classname="MonoTests.System.Drawing.SizeFTest" runstate="Runnable" seed="615797357" result="Passed" start-time="2017-05-02 03:42:25Z" end-time="2017-05-02 03:42:25Z" duration="0.000998" asserts="2" />
            <test-case id="2112" name="TestConstructors" fullname="MonoTests.System.Drawing.SizeFTest.TestConstructors" methodname="TestConstructors" classname="MonoTests.System.Drawing.SizeFTest" runstate="Runnable" seed="2045616156" result="Passed" start-time="2017-05-02 03:42:25Z" end-time="2017-05-02 03:42:25Z" duration="0.001507" asserts="9" />
            <test-case id="2113" name="TestEmptyField" fullname="MonoTests.System.Drawing.SizeFTest.TestEmptyField" methodname="TestEmptyField" classname="MonoTests.System.Drawing.SizeFTest" runstate="Runnable" seed="69112448" result="Passed" start-time="2017-05-02 03:42:25Z" end-time="2017-05-02 03:42:25Z" duration="0.000394" asserts="1" />
            <test-case id="2119" name="TestEqualityOp" fullname="MonoTests.System.Drawing.SizeFTest.TestEqualityOp" methodname="TestEqualityOp" classname="MonoTests.System.Drawing.SizeFTest" runstate="Runnable" seed="1338394122" result="Passed" start-time="2017-05-02 03:42:25Z" end-time="2017-05-02 03:42:25Z" duration="0.000748" asserts="4" />
            <test-case id="2115" name="TestEquals" fullname="MonoTests.System.Drawing.SizeFTest.TestEquals" methodname="TestEquals" classname="MonoTests.System.Drawing.SizeFTest" runstate="Runnable" seed="350360092" result="Passed" start-time="2017-05-02 03:42:25Z" end-time="2017-05-02 03:42:25Z" duration="0.001552" asserts="5" />
            <test-case id="2120" name="TestInequalityOp" fullname="MonoTests.System.Drawing.SizeFTest.TestInequalityOp" methodname="TestInequalityOp" classname="MonoTests.System.Drawing.SizeFTest" runstate="Runnable" seed="1909118750" result="Passed" start-time="2017-05-02 03:42:25Z" end-time="2017-05-02 03:42:25Z" duration="0.001126" asserts="5" />
            <test-case id="2114" name="TestProperties" fullname="MonoTests.System.Drawing.SizeFTest.TestProperties" methodname="TestProperties" classname="MonoTests.System.Drawing.SizeFTest" runstate="Runnable" seed="140271496" result="Passed" start-time="2017-05-02 03:42:25Z" end-time="2017-05-02 03:42:25Z" duration="0.000904" asserts="4" />
            <test-case id="2122" name="TestSizeF2PointF" fullname="MonoTests.System.Drawing.SizeFTest.TestSizeF2PointF" methodname="TestSizeF2PointF" classname="MonoTests.System.Drawing.SizeFTest" runstate="Runnable" seed="2145464415" result="Passed" start-time="2017-05-02 03:42:25Z" end-time="2017-05-02 03:42:25Z" duration="0.000732" asserts="1" />
            <test-case id="2121" name="TestSubtraction" fullname="MonoTests.System.Drawing.SizeFTest.TestSubtraction" methodname="TestSubtraction" classname="MonoTests.System.Drawing.SizeFTest" runstate="Runnable" seed="1883900009" result="Passed" start-time="2017-05-02 03:42:25Z" end-time="2017-05-02 03:42:25Z" duration="0.001084" asserts="2" />
            <test-case id="2124" name="ToStringTest" fullname="MonoTests.System.Drawing.SizeFTest.ToStringTest" methodname="ToStringTest" classname="MonoTests.System.Drawing.SizeFTest" runstate="Runnable" seed="1710507314" result="Passed" start-time="2017-05-02 03:42:25Z" end-time="2017-05-02 03:42:25Z" duration="0.002080" asserts="8" />
          </test-suite>
          <test-suite type="TestFixture" id="2072" name="SizeTest" fullname="MonoTests.System.Drawing.SizeTest" classname="MonoTests.System.Drawing.SizeTest" runstate="Runnable" testcasecount="17" result="Passed" start-time="2017-05-02 03:42:25Z" end-time="2017-05-02 03:42:25Z" duration="0.075069" total="17" passed="17" failed="0" warnings="0" inconclusive="0" skipped="0" asserts="45">
            <test-case id="2088" name="AddTest" fullname="MonoTests.System.Drawing.SizeTest.AddTest" methodname="AddTest" classname="MonoTests.System.Drawing.SizeTest" runstate="Runnable" seed="2008506253" result="Passed" start-time="2017-05-02 03:42:25Z" end-time="2017-05-02 03:42:25Z" duration="0.001300" asserts="2" />
            <test-case id="2087" name="GetHashCodeTest" fullname="MonoTests.System.Drawing.SizeTest.GetHashCodeTest" methodname="GetHashCodeTest" classname="MonoTests.System.Drawing.SizeTest" runstate="Runnable" seed="1081580936" result="Passed" start-time="2017-05-02 03:42:25Z" end-time="2017-05-02 03:42:25Z" duration="0.000590" asserts="1" />
            <test-case id="2089" name="SubtractTest" fullname="MonoTests.System.Drawing.SizeTest.SubtractTest" methodname="SubtractTest" classname="MonoTests.System.Drawing.SizeTest" runstate="Runnable" seed="2094451088" result="Passed" start-time="2017-05-02 03:42:25Z" end-time="2017-05-02 03:42:25Z" duration="0.000853" asserts="2" />
            <test-case id="2080" name="TestAddition" fullname="MonoTests.System.Drawing.SizeTest.TestAddition" methodname="TestAddition" classname="MonoTests.System.Drawing.SizeTest" runstate="Runnable" seed="1080814065" result="Passed" start-time="2017-05-02 03:42:25Z" end-time="2017-05-02 03:42:25Z" duration="0.000893" asserts="2" />
            <test-case id="2076" name="TestCeiling" fullname="MonoTests.System.Drawing.SizeTest.TestCeiling" methodname="TestCeiling" classname="MonoTests.System.Drawing.SizeTest" runstate="Runnable" seed="62403035" result="Passed" start-time="2017-05-02 03:42:25Z" end-time="2017-05-02 03:42:25Z" duration="0.000922" asserts="2" />
            <test-case id="2073" name="TestConstructors" fullname="MonoTests.System.Drawing.SizeTest.TestConstructors" methodname="TestConstructors" classname="MonoTests.System.Drawing.SizeTest" runstate="Runnable" seed="1618722983" result="Passed" start-time="2017-05-02 03:42:25Z" end-time="2017-05-02 03:42:25Z" duration="0.000843" asserts="5" />
            <test-case id="2074" name="TestEmptyField" fullname="MonoTests.System.Drawing.SizeTest.TestEmptyField" methodname="TestEmptyField" classname="MonoTests.System.Drawing.SizeTest" runstate="Runnable" seed="1380171360" result="Passed" start-time="2017-05-02 03:42:25Z" end-time="2017-05-02 03:42:25Z" duration="0.000657" asserts="1" />
            <test-case id="2081" name="TestEqualityOp" fullname="MonoTests.System.Drawing.SizeTest.TestEqualityOp" methodname="TestEqualityOp" classname="MonoTests.System.Drawing.SizeTest" runstate="Runnable" seed="1030054938" result="Passed" start-time="2017-05-02 03:42:25Z" end-time="2017-05-02 03:42:25Z" duration="0.002043" asserts="5" />
            <test-case id="2077" name="TestEquals" fullname="MonoTests.System.Drawing.SizeTest.TestEquals" methodname="TestEquals" classname="MonoTests.System.Drawing.SizeTest" runstate="Runnable" seed="776576514" result="Passed" start-time="2017-05-02 03:42:25Z" end-time="2017-05-02 03:42:25Z" duration="0.001547" asserts="5" />
            <test-case id="2082" name="TestInequalityOp" fullname="MonoTests.System.Drawing.SizeTest.TestInequalityOp" methodname="TestInequalityOp" classname="MonoTests.System.Drawing.SizeTest" runstate="Runnable" seed="973487080" result="Passed" start-time="2017-05-02 03:42:25Z" end-time="2017-05-02 03:42:25Z" duration="0.001245" asserts="4" />
            <test-case id="2075" name="TestProperties" fullname="MonoTests.System.Drawing.SizeTest.TestProperties" methodname="TestProperties" classname="MonoTests.System.Drawing.SizeTest" runstate="Runnable" seed="1959265242" result="Passed" start-time="2017-05-02 03:42:25Z" end-time="2017-05-02 03:42:25Z" duration="0.000848" asserts="4" />
            <test-case id="2078" name="TestRound" fullname="MonoTests.System.Drawing.SizeTest.TestRound" methodname="TestRound" classname="MonoTests.System.Drawing.SizeTest" runstate="Runnable" seed="537062540" result="Passed" start-time="2017-05-02 03:42:25Z" end-time="2017-05-02 03:42:25Z" duration="0.000908" asserts="3" />
            <test-case id="2084" name="TestSize2Point" fullname="MonoTests.System.Drawing.SizeTest.TestSize2Point" methodname="TestSize2Point" classname="MonoTests.System.Drawing.SizeTest" runstate="Runnable" seed="52087497" result="Passed" start-time="2017-05-02 03:42:25Z" end-time="2017-05-02 03:42:25Z" duration="0.000698" asserts="1" />
            <test-case id="2085" name="TestSize2SizeF" fullname="MonoTests.System.Drawing.SizeTest.TestSize2SizeF" methodname="TestSize2SizeF" classname="MonoTests.System.Drawing.SizeTest" runstate="Runnable" seed="1950199698" result="Passed" start-time="2017-05-02 03:42:25Z" end-time="2017-05-02 03:42:25Z" duration="0.000861" asserts="1" />
            <test-case id="2083" name="TestSubtraction" fullname="MonoTests.System.Drawing.SizeTest.TestSubtraction" methodname="TestSubtraction" classname="MonoTests.System.Drawing.SizeTest" runstate="Runnable" seed="111966513" result="Passed" start-time="2017-05-02 03:42:25Z" end-time="2017-05-02 03:42:25Z" duration="0.000925" asserts="2" />
            <test-case id="2079" name="TestTruncate" fullname="MonoTests.System.Drawing.SizeTest.TestTruncate" methodname="TestTruncate" classname="MonoTests.System.Drawing.SizeTest" runstate="Runnable" seed="573740395" result="Passed" start-time="2017-05-02 03:42:25Z" end-time="2017-05-02 03:42:25Z" duration="0.001146" asserts="3" />
            <test-case id="2086" name="ToStringTest" fullname="MonoTests.System.Drawing.SizeTest.ToStringTest" methodname="ToStringTest" classname="MonoTests.System.Drawing.SizeTest" runstate="Runnable" seed="318736583" result="Passed" start-time="2017-05-02 03:42:25Z" end-time="2017-05-02 03:42:25Z" duration="0.000701" asserts="2" />
          </test-suite>
          <test-suite type="TestFixture" id="1258" name="SolidBrushTest" fullname="MonoTests.System.Drawing.SolidBrushTest" classname="MonoTests.System.Drawing.SolidBrushTest" runstate="Runnable" testcasecount="7" result="Passed" start-time="2017-05-02 03:42:25Z" end-time="2017-05-02 03:42:25Z" duration="0.032128" total="7" passed="7" failed="0" warnings="0" inconclusive="0" skipped="0" asserts="14">
            <test-case id="1265" name="Clone" fullname="MonoTests.System.Drawing.SolidBrushTest.Clone" methodname="Clone" classname="MonoTests.System.Drawing.SolidBrushTest" runstate="Runnable" seed="2041559784" result="Passed" start-time="2017-05-02 03:42:25Z" end-time="2017-05-02 03:42:25Z" duration="0.001909" asserts="3" />
            <test-case id="1261" name="Dispose_Clone" fullname="MonoTests.System.Drawing.SolidBrushTest.Dispose_Clone" methodname="Dispose_Clone" classname="MonoTests.System.Drawing.SolidBrushTest" runstate="Runnable" seed="508813307" result="Passed" start-time="2017-05-02 03:42:25Z" end-time="2017-05-02 03:42:25Z" duration="0.001266" asserts="1" />
            <test-case id="1260" name="Dispose_Color" fullname="MonoTests.System.Drawing.SolidBrushTest.Dispose_Color" methodname="Dispose_Color" classname="MonoTests.System.Drawing.SolidBrushTest" runstate="Runnable" seed="2138721528" result="Passed" start-time="2017-05-02 03:42:25Z" end-time="2017-05-02 03:42:25Z" duration="0.000805" asserts="1" />
            <test-case id="1262" name="Dispose_Dispose" fullname="MonoTests.System.Drawing.SolidBrushTest.Dispose_Dispose" methodname="Dispose_Dispose" classname="MonoTests.System.Drawing.SolidBrushTest" runstate="Runnable" seed="2104850295" result="Passed" start-time="2017-05-02 03:42:25Z" end-time="2017-05-02 03:42:25Z" duration="0.000646" asserts="0" />
            <test-case id="1264" name="DrawLine" fullname="MonoTests.System.Drawing.SolidBrushTest.DrawLine" methodname="DrawLine" classname="MonoTests.System.Drawing.SolidBrushTest" runstate="Runnable" seed="757331572" result="Passed" start-time="2017-05-02 03:42:25Z" end-time="2017-05-02 03:42:25Z" duration="0.001977" asserts="4" />
            <test-case id="1263" name="FillRectangle" fullname="MonoTests.System.Drawing.SolidBrushTest.FillRectangle" methodname="FillRectangle" classname="MonoTests.System.Drawing.SolidBrushTest" runstate="Runnable" seed="257011277" result="Passed" start-time="2017-05-02 03:42:25Z" end-time="2017-05-02 03:42:25Z" duration="0.001132" asserts="3" />
            <test-case id="1259" name="Transparent" fullname="MonoTests.System.Drawing.SolidBrushTest.Transparent" methodname="Transparent" classname="MonoTests.System.Drawing.SolidBrushTest" runstate="Runnable" seed="341712823" result="Passed" start-time="2017-05-02 03:42:25Z" end-time="2017-05-02 03:42:25Z" duration="0.000785" asserts="2" />
          </test-suite>
          <test-suite type="TestFixture" id="2149" name="StringFormatTest" fullname="MonoTests.System.Drawing.StringFormatTest" classname="MonoTests.System.Drawing.StringFormatTest" runstate="Runnable" testcasecount="30" result="Passed" start-time="2017-05-02 03:42:25Z" end-time="2017-05-02 03:42:25Z" duration="0.133476" total="30" passed="30" failed="0" warnings="0" inconclusive="0" skipped="0" asserts="101">
            <test-case id="2162" name="Alignment_All" fullname="MonoTests.System.Drawing.StringFormatTest.Alignment_All" methodname="Alignment_All" classname="MonoTests.System.Drawing.StringFormatTest" runstate="Runnable" seed="783066515" result="Passed" start-time="2017-05-02 03:42:25Z" end-time="2017-05-02 03:42:25Z" duration="0.000971" asserts="3" />
            <test-case id="2163" name="Alignment_Invalid" fullname="MonoTests.System.Drawing.StringFormatTest.Alignment_Invalid" methodname="Alignment_Invalid" classname="MonoTests.System.Drawing.StringFormatTest" runstate="Runnable" seed="432419863" result="Passed" start-time="2017-05-02 03:42:25Z" end-time="2017-05-02 03:42:25Z" duration="0.001062" asserts="1" />
            <test-case id="2170" name="Clone" fullname="MonoTests.System.Drawing.StringFormatTest.Clone" methodname="Clone" classname="MonoTests.System.Drawing.StringFormatTest" runstate="Runnable" seed="572137542" result="Passed" start-time="2017-05-02 03:42:25Z" end-time="2017-05-02 03:42:25Z" duration="0.002290" asserts="7" />
            <test-case id="2171" name="Clone_Complex" fullname="MonoTests.System.Drawing.StringFormatTest.Clone_Complex" methodname="Clone_Complex" classname="MonoTests.System.Drawing.StringFormatTest" runstate="Runnable" seed="2095451231" result="Passed" start-time="2017-05-02 03:42:25Z" end-time="2017-05-02 03:42:25Z" duration="0.001564" asserts="10" />
            <test-case id="2153" name="ctor_StringFormat" fullname="MonoTests.System.Drawing.StringFormatTest.ctor_StringFormat" methodname="ctor_StringFormat" classname="MonoTests.System.Drawing.StringFormatTest" runstate="Runnable" seed="1252713914" result="Passed" start-time="2017-05-02 03:42:25Z" end-time="2017-05-02 03:42:25Z" duration="0.001848" asserts="7" />
            <test-case id="2152" name="ctor_StringFormat_Null" fullname="MonoTests.System.Drawing.StringFormatTest.ctor_StringFormat_Null" methodname="ctor_StringFormat_Null" classname="MonoTests.System.Drawing.StringFormatTest" runstate="Runnable" seed="16412515" result="Passed" start-time="2017-05-02 03:42:25Z" end-time="2017-05-02 03:42:25Z" duration="0.000765" asserts="1" />
            <test-case id="2154" name="ctor_StringFormatFlags" fullname="MonoTests.System.Drawing.StringFormatTest.ctor_StringFormatFlags" methodname="ctor_StringFormatFlags" classname="MonoTests.System.Drawing.StringFormatTest" runstate="Runnable" seed="855549699" result="Passed" start-time="2017-05-02 03:42:25Z" end-time="2017-05-02 03:42:25Z" duration="0.000660" asserts="1" />
            <test-case id="2155" name="ctor_StringFormatFlags_Int32" fullname="MonoTests.System.Drawing.StringFormatTest.ctor_StringFormatFlags_Int32" methodname="ctor_StringFormatFlags_Int32" classname="MonoTests.System.Drawing.StringFormatTest" runstate="Runnable" seed="58201237" result="Passed" start-time="2017-05-02 03:42:25Z" end-time="2017-05-02 03:42:25Z" duration="0.000768" asserts="2" />
            <test-case id="2150" name="Default" fullname="MonoTests.System.Drawing.StringFormatTest.Default" methodname="Default" classname="MonoTests.System.Drawing.StringFormatTest" runstate="Runnable" seed="1133948281" result="Passed" start-time="2017-05-02 03:42:25Z" end-time="2017-05-02 03:42:25Z" duration="0.000966" asserts="10" />
            <test-case id="2151" name="Default_Dispose" fullname="MonoTests.System.Drawing.StringFormatTest.Default_Dispose" methodname="Default_Dispose" classname="MonoTests.System.Drawing.StringFormatTest" runstate="Runnable" seed="922703328" result="Passed" start-time="2017-05-02 03:42:25Z" end-time="2017-05-02 03:42:25Z" duration="0.000690" asserts="1" />
            <test-case id="2156" name="GenericDefault" fullname="MonoTests.System.Drawing.StringFormatTest.GenericDefault" methodname="GenericDefault" classname="MonoTests.System.Drawing.StringFormatTest" runstate="Runnable" seed="1386432045" result="Passed" start-time="2017-05-02 03:42:25Z" end-time="2017-05-02 03:42:25Z" duration="0.000335" asserts="7" />
            <test-case id="2157" name="GenericDefault_Dispose" fullname="MonoTests.System.Drawing.StringFormatTest.GenericDefault_Dispose" methodname="GenericDefault_Dispose" classname="MonoTests.System.Drawing.StringFormatTest" runstate="Runnable" seed="1770746452" result="Passed" start-time="2017-05-02 03:42:25Z" end-time="2017-05-02 03:42:25Z" duration="0.000253" asserts="7" />
            <test-case id="2158" name="GenericDefault_Local_Dispose" fullname="MonoTests.System.Drawing.StringFormatTest.GenericDefault_Local_Dispose" methodname="GenericDefault_Local_Dispose" classname="MonoTests.System.Drawing.StringFormatTest" runstate="Runnable" seed="920309879" result="Passed" start-time="2017-05-02 03:42:25Z" end-time="2017-05-02 03:42:25Z" duration="0.000589" asserts="1" />
            <test-case id="2159" name="GenericTypographic" fullname="MonoTests.System.Drawing.StringFormatTest.GenericTypographic" methodname="GenericTypographic" classname="MonoTests.System.Drawing.StringFormatTest" runstate="Runnable" seed="363160892" result="Passed" start-time="2017-05-02 03:42:25Z" end-time="2017-05-02 03:42:25Z" duration="0.000401" asserts="8" />
            <test-case id="2160" name="GenericTypographic_Dispose" fullname="MonoTests.System.Drawing.StringFormatTest.GenericTypographic_Dispose" methodname="GenericTypographic_Dispose" classname="MonoTests.System.Drawing.StringFormatTest" runstate="Runnable" seed="1056357570" result="Passed" start-time="2017-05-02 03:42:25Z" end-time="2017-05-02 03:42:25Z" duration="0.000165" asserts="7" />
            <test-case id="2161" name="GenericTypographic_Local_Dispose" fullname="MonoTests.System.Drawing.StringFormatTest.GenericTypographic_Local_Dispose" methodname="GenericTypographic_Local_Dispose" classname="MonoTests.System.Drawing.StringFormatTest" runstate="Runnable" seed="1449696296" result="Passed" start-time="2017-05-02 03:42:25Z" end-time="2017-05-02 03:42:25Z" duration="0.000519" asserts="1" />
            <test-case id="2164" name="HotkeyPrefix_All" fullname="MonoTests.System.Drawing.StringFormatTest.HotkeyPrefix_All" methodname="HotkeyPrefix_All" classname="MonoTests.System.Drawing.StringFormatTest" runstate="Runnable" seed="767177252" result="Passed" start-time="2017-05-02 03:42:25Z" end-time="2017-05-02 03:42:25Z" duration="0.000740" asserts="3" />
            <test-case id="2165" name="HotkeyPrefix_Invalid" fullname="MonoTests.System.Drawing.StringFormatTest.HotkeyPrefix_Invalid" methodname="HotkeyPrefix_Invalid" classname="MonoTests.System.Drawing.StringFormatTest" runstate="Runnable" seed="633244595" result="Passed" start-time="2017-05-02 03:42:25Z" end-time="2017-05-02 03:42:25Z" duration="0.000956" asserts="1" />
            <test-case id="2166" name="LineAlignment_All" fullname="MonoTests.System.Drawing.StringFormatTest.LineAlignment_All" methodname="LineAlignment_All" classname="MonoTests.System.Drawing.StringFormatTest" runstate="Runnable" seed="1798036841" result="Passed" start-time="2017-05-02 03:42:25Z" end-time="2017-05-02 03:42:25Z" duration="0.000928" asserts="3" />
            <test-case id="2167" name="LineAlignment_Invalid" fullname="MonoTests.System.Drawing.StringFormatTest.LineAlignment_Invalid" methodname="LineAlignment_Invalid" classname="MonoTests.System.Drawing.StringFormatTest" runstate="Runnable" seed="233532912" result="Passed" start-time="2017-05-02 03:42:25Z" end-time="2017-05-02 03:42:25Z" duration="0.000816" asserts="1" />
            <test-case id="2175" name="SetDigitSubstitution" fullname="MonoTests.System.Drawing.StringFormatTest.SetDigitSubstitution" methodname="SetDigitSubstitution" classname="MonoTests.System.Drawing.StringFormatTest" runstate="Runnable" seed="25636547" result="Passed" start-time="2017-05-02 03:42:25Z" end-time="2017-05-02 03:42:25Z" duration="0.000950" asserts="2" />
            <test-case id="2177" name="SetMeasurableCharacterRanges_Empty" fullname="MonoTests.System.Drawing.StringFormatTest.SetMeasurableCharacterRanges_Empty" methodname="SetMeasurableCharacterRanges_Empty" classname="MonoTests.System.Drawing.StringFormatTest" runstate="Runnable" seed="691565964" result="Passed" start-time="2017-05-02 03:42:25Z" end-time="2017-05-02 03:42:25Z" duration="0.000650" asserts="0" />
            <test-case id="2178" name="SetMeasurableCharacterRanges_Max" fullname="MonoTests.System.Drawing.StringFormatTest.SetMeasurableCharacterRanges_Max" methodname="SetMeasurableCharacterRanges_Max" classname="MonoTests.System.Drawing.StringFormatTest" runstate="Runnable" seed="1000226346" result="Passed" start-time="2017-05-02 03:42:25Z" end-time="2017-05-02 03:42:25Z" duration="0.000386" asserts="0" />
            <test-case id="2176" name="SetMeasurableCharacterRanges_Null" fullname="MonoTests.System.Drawing.StringFormatTest.SetMeasurableCharacterRanges_Null" methodname="SetMeasurableCharacterRanges_Null" classname="MonoTests.System.Drawing.StringFormatTest" runstate="Runnable" seed="1055795389" result="Passed" start-time="2017-05-02 03:42:25Z" end-time="2017-05-02 03:42:25Z" duration="0.000879" asserts="1" />
            <test-case id="2179" name="SetMeasurableCharacterRanges_TooBig" fullname="MonoTests.System.Drawing.StringFormatTest.SetMeasurableCharacterRanges_TooBig" methodname="SetMeasurableCharacterRanges_TooBig" classname="MonoTests.System.Drawing.StringFormatTest" runstate="Runnable" seed="1747538509" result="Passed" start-time="2017-05-02 03:42:25Z" end-time="2017-05-02 03:42:25Z" duration="0.000945" asserts="1" />
            <test-case id="2174" name="SetTabStops_Null" fullname="MonoTests.System.Drawing.StringFormatTest.SetTabStops_Null" methodname="SetTabStops_Null" classname="MonoTests.System.Drawing.StringFormatTest" runstate="Runnable" seed="1807974419" result="Passed" start-time="2017-05-02 03:42:25Z" end-time="2017-05-02 03:42:25Z" duration="0.000839" asserts="1" />
            <test-case id="2173" name="TabsStops" fullname="MonoTests.System.Drawing.StringFormatTest.TabsStops" methodname="TabsStops" classname="MonoTests.System.Drawing.StringFormatTest" runstate="Runnable" seed="1756936993" result="Passed" start-time="2017-05-02 03:42:25Z" end-time="2017-05-02 03:42:25Z" duration="0.001139" asserts="6" />
            <test-case id="2172" name="TestFormatFlags" fullname="MonoTests.System.Drawing.StringFormatTest.TestFormatFlags" methodname="TestFormatFlags" classname="MonoTests.System.Drawing.StringFormatTest" runstate="Runnable" seed="907433962" result="Passed" start-time="2017-05-02 03:42:25Z" end-time="2017-05-02 03:42:25Z" duration="0.000543" asserts="1" />
            <test-case id="2168" name="Trimming_All" fullname="MonoTests.System.Drawing.StringFormatTest.Trimming_All" methodname="Trimming_All" classname="MonoTests.System.Drawing.StringFormatTest" runstate="Runnable" seed="943624647" result="Passed" start-time="2017-05-02 03:42:25Z" end-time="2017-05-02 03:42:25Z" duration="0.000891" asserts="6" />
            <test-case id="2169" name="Trimming_Invalid" fullname="MonoTests.System.Drawing.StringFormatTest.Trimming_Invalid" methodname="Trimming_Invalid" classname="MonoTests.System.Drawing.StringFormatTest" runstate="Runnable" seed="1290247672" result="Passed" start-time="2017-05-02 03:42:25Z" end-time="2017-05-02 03:42:25Z" duration="0.000846" asserts="1" />
          </test-suite>
          <test-suite type="TestFixture" id="2180" name="SystemBrushesTest" fullname="MonoTests.System.Drawing.SystemBrushesTest" classname="MonoTests.System.Drawing.SystemBrushesTest" runstate="Runnable" testcasecount="22" result="Passed" start-time="2017-05-02 03:42:25Z" end-time="2017-05-02 03:42:25Z" duration="0.115198" total="22" passed="22" failed="0" warnings="0" inconclusive="0" skipped="0" asserts="110">
            <test-case id="2181" name="TestActiveBorder" fullname="MonoTests.System.Drawing.SystemBrushesTest.TestActiveBorder" methodname="TestActiveBorder" classname="MonoTests.System.Drawing.SystemBrushesTest" runstate="Runnable" seed="2113881175" result="Passed" start-time="2017-05-02 03:42:25Z" end-time="2017-05-02 03:42:25Z" duration="0.001588" asserts="5" />
            <test-case id="2182" name="TestActiveCaption" fullname="MonoTests.System.Drawing.SystemBrushesTest.TestActiveCaption" methodname="TestActiveCaption" classname="MonoTests.System.Drawing.SystemBrushesTest" runstate="Runnable" seed="196144936" result="Passed" start-time="2017-05-02 03:42:25Z" end-time="2017-05-02 03:42:25Z" duration="0.001615" asserts="5" />
            <test-case id="2183" name="TestActiveCaptionText" fullname="MonoTests.System.Drawing.SystemBrushesTest.TestActiveCaptionText" methodname="TestActiveCaptionText" classname="MonoTests.System.Drawing.SystemBrushesTest" runstate="Runnable" seed="1465887207" result="Passed" start-time="2017-05-02 03:42:25Z" end-time="2017-05-02 03:42:25Z" duration="0.001425" asserts="5" />
            <test-case id="2184" name="TestAppWorkspace" fullname="MonoTests.System.Drawing.SystemBrushesTest.TestAppWorkspace" methodname="TestAppWorkspace" classname="MonoTests.System.Drawing.SystemBrushesTest" runstate="Runnable" seed="1015370550" result="Passed" start-time="2017-05-02 03:42:25Z" end-time="2017-05-02 03:42:25Z" duration="0.001469" asserts="5" />
            <test-case id="2185" name="TestControl" fullname="MonoTests.System.Drawing.SystemBrushesTest.TestControl" methodname="TestControl" classname="MonoTests.System.Drawing.SystemBrushesTest" runstate="Runnable" seed="1189550098" result="Passed" start-time="2017-05-02 03:42:25Z" end-time="2017-05-02 03:42:25Z" duration="0.001468" asserts="5" />
            <test-case id="2186" name="TestControlDark" fullname="MonoTests.System.Drawing.SystemBrushesTest.TestControlDark" methodname="TestControlDark" classname="MonoTests.System.Drawing.SystemBrushesTest" runstate="Runnable" seed="2068511531" result="Passed" start-time="2017-05-02 03:42:25Z" end-time="2017-05-02 03:42:25Z" duration="0.001526" asserts="5" />
            <test-case id="2187" name="TestControlDarkDark" fullname="MonoTests.System.Drawing.SystemBrushesTest.TestControlDarkDark" methodname="TestControlDarkDark" classname="MonoTests.System.Drawing.SystemBrushesTest" runstate="Runnable" seed="1051763221" result="Passed" start-time="2017-05-02 03:42:25Z" end-time="2017-05-02 03:42:25Z" duration="0.001432" asserts="5" />
            <test-case id="2188" name="TestControlLight" fullname="MonoTests.System.Drawing.SystemBrushesTest.TestControlLight" methodname="TestControlLight" classname="MonoTests.System.Drawing.SystemBrushesTest" runstate="Runnable" seed="814062865" result="Passed" start-time="2017-05-02 03:42:25Z" end-time="2017-05-02 03:42:25Z" duration="0.001452" asserts="5" />
            <test-case id="2189" name="TestControlLightLight" fullname="MonoTests.System.Drawing.SystemBrushesTest.TestControlLightLight" methodname="TestControlLightLight" classname="MonoTests.System.Drawing.SystemBrushesTest" runstate="Runnable" seed="2099597398" result="Passed" start-time="2017-05-02 03:42:25Z" end-time="2017-05-02 03:42:25Z" duration="0.001420" asserts="5" />
            <test-case id="2190" name="TestControlText" fullname="MonoTests.System.Drawing.SystemBrushesTest.TestControlText" methodname="TestControlText" classname="MonoTests.System.Drawing.SystemBrushesTest" runstate="Runnable" seed="1699285643" result="Passed" start-time="2017-05-02 03:42:25Z" end-time="2017-05-02 03:42:25Z" duration="0.001430" asserts="5" />
            <test-case id="2191" name="TestDesktop" fullname="MonoTests.System.Drawing.SystemBrushesTest.TestDesktop" methodname="TestDesktop" classname="MonoTests.System.Drawing.SystemBrushesTest" runstate="Runnable" seed="1903809289" result="Passed" start-time="2017-05-02 03:42:25Z" end-time="2017-05-02 03:42:25Z" duration="0.001459" asserts="5" />
            <test-case id="2202" name="TestFromSystemColor" fullname="MonoTests.System.Drawing.SystemBrushesTest.TestFromSystemColor" methodname="TestFromSystemColor" classname="MonoTests.System.Drawing.SystemBrushesTest" runstate="Runnable" seed="1644296309" result="Passed" start-time="2017-05-02 03:42:25Z" end-time="2017-05-02 03:42:25Z" duration="0.002262" asserts="5" />
            <test-case id="2192" name="TestHighlight" fullname="MonoTests.System.Drawing.SystemBrushesTest.TestHighlight" methodname="TestHighlight" classname="MonoTests.System.Drawing.SystemBrushesTest" runstate="Runnable" seed="265356517" result="Passed" start-time="2017-05-02 03:42:25Z" end-time="2017-05-02 03:42:25Z" duration="0.001427" asserts="5" />
            <test-case id="2193" name="TestHighlightText" fullname="MonoTests.System.Drawing.SystemBrushesTest.TestHighlightText" methodname="TestHighlightText" classname="MonoTests.System.Drawing.SystemBrushesTest" runstate="Runnable" seed="1410513934" result="Passed" start-time="2017-05-02 03:42:25Z" end-time="2017-05-02 03:42:25Z" duration="0.001469" asserts="5" />
            <test-case id="2194" name="TestHotTrack" fullname="MonoTests.System.Drawing.SystemBrushesTest.TestHotTrack" methodname="TestHotTrack" classname="MonoTests.System.Drawing.SystemBrushesTest" runstate="Runnable" seed="548959761" result="Passed" start-time="2017-05-02 03:42:25Z" end-time="2017-05-02 03:42:25Z" duration="0.002612" asserts="5" />
            <test-case id="2195" name="TestInactiveBorder" fullname="MonoTests.System.Drawing.SystemBrushesTest.TestInactiveBorder" methodname="TestInactiveBorder" classname="MonoTests.System.Drawing.SystemBrushesTest" runstate="Runnable" seed="2125102437" result="Passed" start-time="2017-05-02 03:42:25Z" end-time="2017-05-02 03:42:25Z" duration="0.001174" asserts="5" />
            <test-case id="2196" name="TestInactiveCaption" fullname="MonoTests.System.Drawing.SystemBrushesTest.TestInactiveCaption" methodname="TestInactiveCaption" classname="MonoTests.System.Drawing.SystemBrushesTest" runstate="Runnable" seed="1096319253" result="Passed" start-time="2017-05-02 03:42:25Z" end-time="2017-05-02 03:42:25Z" duration="0.001431" asserts="5" />
            <test-case id="2197" name="TestInfo" fullname="MonoTests.System.Drawing.SystemBrushesTest.TestInfo" methodname="TestInfo" classname="MonoTests.System.Drawing.SystemBrushesTest" runstate="Runnable" seed="989798734" result="Passed" start-time="2017-05-02 03:42:25Z" end-time="2017-05-02 03:42:25Z" duration="0.002136" asserts="5" />
            <test-case id="2198" name="TestMenu" fullname="MonoTests.System.Drawing.SystemBrushesTest.TestMenu" methodname="TestMenu" classname="MonoTests.System.Drawing.SystemBrushesTest" runstate="Runnable" seed="54037984" result="Passed" start-time="2017-05-02 03:42:25Z" end-time="2017-05-02 03:42:25Z" duration="0.001447" asserts="5" />
            <test-case id="2199" name="TestScrollBar" fullname="MonoTests.System.Drawing.SystemBrushesTest.TestScrollBar" methodname="TestScrollBar" classname="MonoTests.System.Drawing.SystemBrushesTest" runstate="Runnable" seed="1674494781" result="Passed" start-time="2017-05-02 03:42:25Z" end-time="2017-05-02 03:42:25Z" duration="0.001441" asserts="5" />
            <test-case id="2200" name="TestWindow" fullname="MonoTests.System.Drawing.SystemBrushesTest.TestWindow" methodname="TestWindow" classname="MonoTests.System.Drawing.SystemBrushesTest" runstate="Runnable" seed="546282841" result="Passed" start-time="2017-05-02 03:42:25Z" end-time="2017-05-02 03:42:25Z" duration="0.002449" asserts="5" />
            <test-case id="2201" name="TestWindowText" fullname="MonoTests.System.Drawing.SystemBrushesTest.TestWindowText" methodname="TestWindowText" classname="MonoTests.System.Drawing.SystemBrushesTest" runstate="Runnable" seed="1594277445" result="Passed" start-time="2017-05-02 03:42:25Z" end-time="2017-05-02 03:42:25Z" duration="0.001656" asserts="5" />
          </test-suite>
          <test-suite type="TestFixture" id="1266" name="SystemFontsTest" fullname="MonoTests.System.Drawing.SystemFontsTest" classname="MonoTests.System.Drawing.SystemFontsTest" runstate="Runnable" testcasecount="8" result="Passed" start-time="2017-05-02 03:42:25Z" end-time="2017-05-02 03:42:26Z" duration="0.037360" total="8" passed="8" failed="0" warnings="0" inconclusive="0" skipped="0" asserts="34">
            <test-case id="1267" name="DefaultFont" fullname="MonoTests.System.Drawing.SystemFontsTest.DefaultFont" methodname="DefaultFont" classname="MonoTests.System.Drawing.SystemFontsTest" runstate="Runnable" seed="1910098541" result="Passed" start-time="2017-05-02 03:42:25Z" end-time="2017-05-02 03:42:25Z" duration="0.001400" asserts="8" />
            <test-case id="1268" name="DefaultFont_Names" fullname="MonoTests.System.Drawing.SystemFontsTest.DefaultFont_Names" methodname="DefaultFont_Names" classname="MonoTests.System.Drawing.SystemFontsTest" runstate="Runnable" seed="1603557603" result="Passed" start-time="2017-05-02 03:42:25Z" end-time="2017-05-02 03:42:25Z" duration="0.000698" asserts="2">
              <properties>
                <property name="Category" value="NotWorking" />
              </properties>
            </test-case>
            <test-case id="1273" name="Dispose_Instance" fullname="MonoTests.System.Drawing.SystemFontsTest.Dispose_Instance" methodname="Dispose_Instance" classname="MonoTests.System.Drawing.SystemFontsTest" runstate="Runnable" seed="2146367303" result="Passed" start-time="2017-05-02 03:42:25Z" end-time="2017-05-02 03:42:25Z" duration="0.001211" asserts="1" />
            <test-case id="1274" name="Dispose_Property" fullname="MonoTests.System.Drawing.SystemFontsTest.Dispose_Property" methodname="Dispose_Property" classname="MonoTests.System.Drawing.SystemFontsTest" runstate="Runnable" seed="1438689417" result="Passed" start-time="2017-05-02 03:42:26Z" end-time="2017-05-02 03:42:26Z" duration="0.000523" asserts="1" />
            <test-case id="1270" name="GetFontByName" fullname="MonoTests.System.Drawing.SystemFontsTest.GetFontByName" methodname="GetFontByName" classname="MonoTests.System.Drawing.SystemFontsTest" runstate="Runnable" seed="412136392" result="Passed" start-time="2017-05-02 03:42:26Z" end-time="2017-05-02 03:42:26Z" duration="0.001750" asserts="8" />
            <test-case id="1271" name="GetFontByName_Invalid" fullname="MonoTests.System.Drawing.SystemFontsTest.GetFontByName_Invalid" methodname="GetFontByName_Invalid" classname="MonoTests.System.Drawing.SystemFontsTest" runstate="Runnable" seed="2120612710" result="Passed" start-time="2017-05-02 03:42:26Z" end-time="2017-05-02 03:42:26Z" duration="0.000603" asserts="4" />
            <test-case id="1272" name="Same" fullname="MonoTests.System.Drawing.SystemFontsTest.Same" methodname="Same" classname="MonoTests.System.Drawing.SystemFontsTest" runstate="Runnable" seed="1231460704" result="Passed" start-time="2017-05-02 03:42:26Z" end-time="2017-05-02 03:42:26Z" duration="0.000437" asserts="2" />
            <test-case id="1269" name="SystemFontName" fullname="MonoTests.System.Drawing.SystemFontsTest.SystemFontName" methodname="SystemFontName" classname="MonoTests.System.Drawing.SystemFontsTest" runstate="Runnable" seed="1629248578" result="Passed" start-time="2017-05-02 03:42:26Z" end-time="2017-05-02 03:42:26Z" duration="0.000879" asserts="8" />
          </test-suite>
          <test-suite type="TestFixture" id="2203" name="SystemPensTest" fullname="MonoTests.System.Drawing.SystemPensTest" classname="MonoTests.System.Drawing.SystemPensTest" runstate="Runnable" testcasecount="16" result="Passed" start-time="2017-05-02 03:42:26Z" end-time="2017-05-02 03:42:26Z" duration="0.084063" total="16" passed="16" failed="0" warnings="0" inconclusive="0" skipped="0" asserts="225">
            <test-case id="2204" name="TestActiveCaptionText" fullname="MonoTests.System.Drawing.SystemPensTest.TestActiveCaptionText" methodname="TestActiveCaptionText" classname="MonoTests.System.Drawing.SystemPensTest" runstate="Runnable" seed="1424398635" result="Passed" start-time="2017-05-02 03:42:26Z" end-time="2017-05-02 03:42:26Z" duration="0.003365" asserts="14" />
            <test-case id="2205" name="TestControl" fullname="MonoTests.System.Drawing.SystemPensTest.TestControl" methodname="TestControl" classname="MonoTests.System.Drawing.SystemPensTest" runstate="Runnable" seed="1654750657" result="Passed" start-time="2017-05-02 03:42:26Z" end-time="2017-05-02 03:42:26Z" duration="0.001236" asserts="14" />
            <test-case id="2206" name="TestControlDark" fullname="MonoTests.System.Drawing.SystemPensTest.TestControlDark" methodname="TestControlDark" classname="MonoTests.System.Drawing.SystemPensTest" runstate="Runnable" seed="1521671816" result="Passed" start-time="2017-05-02 03:42:26Z" end-time="2017-05-02 03:42:26Z" duration="0.001203" asserts="14" />
            <test-case id="2207" name="TestControlDarkDark" fullname="MonoTests.System.Drawing.SystemPensTest.TestControlDarkDark" methodname="TestControlDarkDark" classname="MonoTests.System.Drawing.SystemPensTest" runstate="Runnable" seed="533350929" result="Passed" start-time="2017-05-02 03:42:26Z" end-time="2017-05-02 03:42:26Z" duration="0.001284" asserts="14" />
            <test-case id="2208" name="TestControlLight" fullname="MonoTests.System.Drawing.SystemPensTest.TestControlLight" methodname="TestControlLight" classname="MonoTests.System.Drawing.SystemPensTest" runstate="Runnable" seed="438654941" result="Passed" start-time="2017-05-02 03:42:26Z" end-time="2017-05-02 03:42:26Z" duration="0.001197" asserts="14" />
            <test-case id="2209" name="TestControlLightLight" fullname="MonoTests.System.Drawing.SystemPensTest.TestControlLightLight" methodname="TestControlLightLight" classname="MonoTests.System.Drawing.SystemPensTest" runstate="Runnable" seed="228477589" result="Passed" start-time="2017-05-02 03:42:26Z" end-time="2017-05-02 03:42:26Z" duration="0.001095" asserts="14" />
            <test-case id="2210" name="TestControlText" fullname="MonoTests.System.Drawing.SystemPensTest.TestControlText" methodname="TestControlText" classname="MonoTests.System.Drawing.SystemPensTest" runstate="Runnable" seed="1904842411" result="Passed" start-time="2017-05-02 03:42:26Z" end-time="2017-05-02 03:42:26Z" duration="0.001583" asserts="14" />
            <test-case id="2219" name="TestFromSystemColor" fullname="MonoTests.System.Drawing.SystemPensTest.TestFromSystemColor" methodname="TestFromSystemColor" classname="MonoTests.System.Drawing.SystemPensTest" runstate="Runnable" seed="2110992473" result="Passed" start-time="2017-05-02 03:42:26Z" end-time="2017-05-02 03:42:26Z" duration="0.001378" asserts="15" />
            <test-case id="2211" name="TestGrayText" fullname="MonoTests.System.Drawing.SystemPensTest.TestGrayText" methodname="TestGrayText" classname="MonoTests.System.Drawing.SystemPensTest" runstate="Runnable" seed="1084929479" result="Passed" start-time="2017-05-02 03:42:26Z" end-time="2017-05-02 03:42:26Z" duration="0.001277" asserts="14" />
            <test-case id="2212" name="TestHighlight" fullname="MonoTests.System.Drawing.SystemPensTest.TestHighlight" methodname="TestHighlight" classname="MonoTests.System.Drawing.SystemPensTest" runstate="Runnable" seed="639770880" result="Passed" start-time="2017-05-02 03:42:26Z" end-time="2017-05-02 03:42:26Z" duration="0.001590" asserts="14" />
            <test-case id="2213" name="TestHighlightText" fullname="MonoTests.System.Drawing.SystemPensTest.TestHighlightText" methodname="TestHighlightText" classname="MonoTests.System.Drawing.SystemPensTest" runstate="Runnable" seed="202241623" result="Passed" start-time="2017-05-02 03:42:26Z" end-time="2017-05-02 03:42:26Z" duration="0.001186" asserts="14" />
            <test-case id="2214" name="TestInactiveCaptionText" fullname="MonoTests.System.Drawing.SystemPensTest.TestInactiveCaptionText" methodname="TestInactiveCaptionText" classname="MonoTests.System.Drawing.SystemPensTest" runstate="Runnable" seed="2084704234" result="Passed" start-time="2017-05-02 03:42:26Z" end-time="2017-05-02 03:42:26Z" duration="0.001471" asserts="14" />
            <test-case id="2215" name="TestInfoText" fullname="MonoTests.System.Drawing.SystemPensTest.TestInfoText" methodname="TestInfoText" classname="MonoTests.System.Drawing.SystemPensTest" runstate="Runnable" seed="1466322043" result="Passed" start-time="2017-05-02 03:42:26Z" end-time="2017-05-02 03:42:26Z" duration="0.001116" asserts="14" />
            <test-case id="2216" name="TestMenuText" fullname="MonoTests.System.Drawing.SystemPensTest.TestMenuText" methodname="TestMenuText" classname="MonoTests.System.Drawing.SystemPensTest" runstate="Runnable" seed="1439222292" result="Passed" start-time="2017-05-02 03:42:26Z" end-time="2017-05-02 03:42:26Z" duration="0.001450" asserts="14" />
            <test-case id="2217" name="TestWindowFrame" fullname="MonoTests.System.Drawing.SystemPensTest.TestWindowFrame" methodname="TestWindowFrame" classname="MonoTests.System.Drawing.SystemPensTest" runstate="Runnable" seed="1785181326" result="Passed" start-time="2017-05-02 03:42:26Z" end-time="2017-05-02 03:42:26Z" duration="0.002461" asserts="14" />
            <test-case id="2218" name="TestWindowText" fullname="MonoTests.System.Drawing.SystemPensTest.TestWindowText" methodname="TestWindowText" classname="MonoTests.System.Drawing.SystemPensTest" runstate="Runnable" seed="598596685" result="Passed" start-time="2017-05-02 03:42:26Z" end-time="2017-05-02 03:42:26Z" duration="0.001215" asserts="14" />
          </test-suite>
          <test-suite type="TestFixture" id="1275" name="TestBitmap" fullname="MonoTests.System.Drawing.TestBitmap" classname="MonoTests.System.Drawing.TestBitmap" runstate="Runnable" testcasecount="72" result="Failed" site="Child" start-time="2017-05-02 03:42:26Z" end-time="2017-05-02 03:42:26Z" duration="0.498411" total="72" passed="56" failed="15" warnings="0" inconclusive="0" skipped="1" asserts="460">
            <failure>
              <message><![CDATA[One or more child tests had errors]]></message>
            </failure>
            <test-case id="1329" name="BitmapImageCtor" fullname="MonoTests.System.Drawing.TestBitmap.BitmapImageCtor" methodname="BitmapImageCtor" classname="MonoTests.System.Drawing.TestBitmap" runstate="Runnable" seed="1722010468" result="Passed" start-time="2017-05-02 03:42:26Z" end-time="2017-05-02 03:42:26Z" duration="0.001575" asserts="1" />
            <test-case id="1331" name="BitmapImageIntIntCtor" fullname="MonoTests.System.Drawing.TestBitmap.BitmapImageIntIntCtor" methodname="BitmapImageIntIntCtor" classname="MonoTests.System.Drawing.TestBitmap" runstate="Runnable" seed="1184347945" result="Passed" start-time="2017-05-02 03:42:26Z" end-time="2017-05-02 03:42:26Z" duration="0.001232" asserts="1" />
            <test-case id="1330" name="BitmapImageSizeCtor" fullname="MonoTests.System.Drawing.TestBitmap.BitmapImageSizeCtor" methodname="BitmapImageSizeCtor" classname="MonoTests.System.Drawing.TestBitmap" runstate="Runnable" seed="829415403" result="Passed" start-time="2017-05-02 03:42:26Z" end-time="2017-05-02 03:42:26Z" duration="0.001576" asserts="1" />
            <test-case id="1332" name="BitmapIntIntCtor" fullname="MonoTests.System.Drawing.TestBitmap.BitmapIntIntCtor" methodname="BitmapIntIntCtor" classname="MonoTests.System.Drawing.TestBitmap" runstate="Runnable" seed="267983709" result="Passed" start-time="2017-05-02 03:42:26Z" end-time="2017-05-02 03:42:26Z" duration="0.001988" asserts="1" />
            <test-case id="1333" name="BitmapIntIntGraphicCtor" fullname="MonoTests.System.Drawing.TestBitmap.BitmapIntIntGraphicCtor" methodname="BitmapIntIntGraphicCtor" classname="MonoTests.System.Drawing.TestBitmap" runstate="Runnable" seed="678532721" result="Passed" start-time="2017-05-02 03:42:26Z" end-time="2017-05-02 03:42:26Z" duration="0.001841" asserts="1" />
            <test-case id="1334" name="BitmapIntIntPixelFormatCtor" fullname="MonoTests.System.Drawing.TestBitmap.BitmapIntIntPixelFormatCtor" methodname="BitmapIntIntPixelFormatCtor" classname="MonoTests.System.Drawing.TestBitmap" runstate="Runnable" seed="1361505789" result="Passed" start-time="2017-05-02 03:42:26Z" end-time="2017-05-02 03:42:26Z" duration="0.000817" asserts="1" />
            <test-case id="1336" name="BitmapStreamBoolCtor" fullname="MonoTests.System.Drawing.TestBitmap.BitmapStreamBoolCtor" methodname="BitmapStreamBoolCtor" classname="MonoTests.System.Drawing.TestBitmap" runstate="Runnable" seed="1414869702" result="Passed" start-time="2017-05-02 03:42:26Z" end-time="2017-05-02 03:42:26Z" duration="0.001585" asserts="1" />
            <test-case id="1335" name="BitmapStreamCtor" fullname="MonoTests.System.Drawing.TestBitmap.BitmapStreamCtor" methodname="BitmapStreamCtor" classname="MonoTests.System.Drawing.TestBitmap" runstate="Runnable" seed="961707765" result="Passed" start-time="2017-05-02 03:42:26Z" end-time="2017-05-02 03:42:26Z" duration="0.001677" asserts="1" />
            <test-case id="1338" name="BitmapStringBoolCtor" fullname="MonoTests.System.Drawing.TestBitmap.BitmapStringBoolCtor" methodname="BitmapStringBoolCtor" classname="MonoTests.System.Drawing.TestBitmap" runstate="Runnable" seed="220192769" result="Passed" start-time="2017-05-02 03:42:26Z" end-time="2017-05-02 03:42:26Z" duration="0.000795" asserts="1" />
            <test-case id="1337" name="BitmapStringCtor" fullname="MonoTests.System.Drawing.TestBitmap.BitmapStringCtor" methodname="BitmapStringCtor" classname="MonoTests.System.Drawing.TestBitmap" runstate="Runnable" seed="1899029788" result="Passed" start-time="2017-05-02 03:42:26Z" end-time="2017-05-02 03:42:26Z" duration="0.000752" asserts="1" />
            <test-case id="1339" name="BitmapTypeStringCtor1" fullname="MonoTests.System.Drawing.TestBitmap.BitmapTypeStringCtor1" methodname="BitmapTypeStringCtor1" classname="MonoTests.System.Drawing.TestBitmap" runstate="Runnable" seed="1427978559" result="Failed" start-time="2017-05-02 03:42:26Z" end-time="2017-05-02 03:42:26Z" duration="0.002020" asserts="1">
              <failure>
                <message><![CDATA[  Expected: <System.NullReferenceException>
  But was:  <System.ArgumentNullException: 值不能为 null。
参数名: type
   在 System.Reflection.IntrospectionExtensions.GetTypeInfo(Type type)
   在 System.DrawingCore.Bitmap..ctor(Type type, String resource)
   在 MonoTests.System.Drawing.TestBitmap.<>c.<BitmapTypeStringCtor1>b__81_0() 位置 C:\ProgramData\Git\zkweb.system.drawing\src\ZKWeb.System.Drawing.Tests\System.Drawing\TestBitmap.cs:行号 1628
   在 NUnit.Framework.Assert.Throws(IResolveConstraint expression, TestDelegate code, String message, Object[] args)>
]]></message>
                <stack-trace><![CDATA[在 MonoTests.System.Drawing.TestBitmap.BitmapTypeStringCtor1() 位置 C:\ProgramData\Git\zkweb.system.drawing\src\ZKWeb.System.Drawing.Tests\System.Drawing\TestBitmap.cs:行号 1629
]]></stack-trace>
              </failure>
              <assertions>
                <assertion result="Failed">
                  <message><![CDATA[  Expected: <System.NullReferenceException>
  But was:  <System.ArgumentNullException: 值不能为 null。
参数名: type
   在 System.Reflection.IntrospectionExtensions.GetTypeInfo(Type type)
   在 System.DrawingCore.Bitmap..ctor(Type type, String resource)
   在 MonoTests.System.Drawing.TestBitmap.<>c.<BitmapTypeStringCtor1>b__81_0() 位置 C:\ProgramData\Git\zkweb.system.drawing\src\ZKWeb.System.Drawing.Tests\System.Drawing\TestBitmap.cs:行号 1628
   在 NUnit.Framework.Assert.Throws(IResolveConstraint expression, TestDelegate code, String message, Object[] args)>
]]></message>
                  <stack-trace><![CDATA[在 MonoTests.System.Drawing.TestBitmap.BitmapTypeStringCtor1() 位置 C:\ProgramData\Git\zkweb.system.drawing\src\ZKWeb.System.Drawing.Tests\System.Drawing\TestBitmap.cs:行号 1629
]]></stack-trace>
                </assertion>
              </assertions>
            </test-case>
            <test-case id="1340" name="BitmapTypeStringCtor2" fullname="MonoTests.System.Drawing.TestBitmap.BitmapTypeStringCtor2" methodname="BitmapTypeStringCtor2" classname="MonoTests.System.Drawing.TestBitmap" runstate="Runnable" seed="1133533648" result="Passed" start-time="2017-05-02 03:42:26Z" end-time="2017-05-02 03:42:26Z" duration="0.000679" asserts="1" />
            <test-case id="1322" name="BmpDataStride1" fullname="MonoTests.System.Drawing.TestBitmap.BmpDataStride1" methodname="BmpDataStride1" classname="MonoTests.System.Drawing.TestBitmap" runstate="Runnable" seed="1851872786" result="Passed" start-time="2017-05-02 03:42:26Z" end-time="2017-05-02 03:42:26Z" duration="0.000963" asserts="1" />
            <test-case id="1305" name="Clone" fullname="MonoTests.System.Drawing.TestBitmap.Clone" methodname="Clone" classname="MonoTests.System.Drawing.TestBitmap" runstate="Runnable" seed="2091981990" result="Failed" label="Error" start-time="2017-05-02 03:42:26Z" end-time="2017-05-02 03:42:26Z" duration="0.001319" asserts="0">
              <failure>
                <message><![CDATA[System.ArgumentException : A null reference or invalid value was found [GDI+ status: InvalidParameter]]]></message>
                <stack-trace><![CDATA[   在 System.DrawingCore.GDIPlus.CheckStatus(Status status)
   在 System.DrawingCore.Bitmap..ctor(String filename, Boolean useIcm)
   在 MonoTests.System.Drawing.TestBitmap.Clone() 位置 C:\ProgramData\Git\zkweb.system.drawing\src\ZKWeb.System.Drawing.Tests\System.Drawing\TestBitmap.cs:行号 568]]></stack-trace>
              </failure>
            </test-case>
            <test-case id="1306" name="CloneImage" fullname="MonoTests.System.Drawing.TestBitmap.CloneImage" methodname="CloneImage" classname="MonoTests.System.Drawing.TestBitmap" runstate="Runnable" seed="1360360378" result="Failed" label="Error" start-time="2017-05-02 03:42:26Z" end-time="2017-05-02 03:42:26Z" duration="0.001380" asserts="0">
              <failure>
                <message><![CDATA[System.ArgumentException : A null reference or invalid value was found [GDI+ status: InvalidParameter]]]></message>
                <stack-trace><![CDATA[   在 System.DrawingCore.GDIPlus.CheckStatus(Status status)
   在 System.DrawingCore.Bitmap..ctor(String filename, Boolean useIcm)
   在 MonoTests.System.Drawing.TestBitmap.CloneImage() 位置 C:\ProgramData\Git\zkweb.system.drawing\src\ZKWeb.System.Drawing.Tests\System.Drawing\TestBitmap.cs:行号 584]]></stack-trace>
              </failure>
            </test-case>
            <test-case id="1320" name="DefaultFormat1" fullname="MonoTests.System.Drawing.TestBitmap.DefaultFormat1" methodname="DefaultFormat1" classname="MonoTests.System.Drawing.TestBitmap" runstate="Runnable" seed="1798874189" result="Passed" start-time="2017-05-02 03:42:26Z" end-time="2017-05-02 03:42:26Z" duration="0.000472" asserts="1" />
            <test-case id="1321" name="DefaultFormat2" fullname="MonoTests.System.Drawing.TestBitmap.DefaultFormat2" methodname="DefaultFormat2" classname="MonoTests.System.Drawing.TestBitmap" runstate="Runnable" seed="92669841" result="Passed" start-time="2017-05-02 03:42:26Z" end-time="2017-05-02 03:42:26Z" duration="0.006948" asserts="1" />
            <test-case id="1308" name="FileDoesNotExists" fullname="MonoTests.System.Drawing.TestBitmap.FileDoesNotExists" methodname="FileDoesNotExists" classname="MonoTests.System.Drawing.TestBitmap" runstate="Runnable" seed="41476096" result="Passed" start-time="2017-05-02 03:42:26Z" end-time="2017-05-02 03:42:26Z" duration="0.000831" asserts="1" />
            <test-case id="1298" name="Format16bppArgb1555" fullname="MonoTests.System.Drawing.TestBitmap.Format16bppArgb1555" methodname="Format16bppArgb1555" classname="MonoTests.System.Drawing.TestBitmap" runstate="Runnable" seed="418804179" result="Passed" start-time="2017-05-02 03:42:26Z" end-time="2017-05-02 03:42:26Z" duration="0.032288" asserts="12">
              <properties>
                <property name="Category" value="NotWorking" />
              </properties>
            </test-case>
            <test-case id="1297" name="Format16bppGrayScale" fullname="MonoTests.System.Drawing.TestBitmap.Format16bppGrayScale" methodname="Format16bppGrayScale" classname="MonoTests.System.Drawing.TestBitmap" runstate="Runnable" seed="11196284" result="Passed" start-time="2017-05-02 03:42:26Z" end-time="2017-05-02 03:42:26Z" duration="0.000851" asserts="1">
              <properties>
                <property name="Category" value="NotWorking" />
              </properties>
            </test-case>
            <test-case id="1299" name="Format16bppRgb555" fullname="MonoTests.System.Drawing.TestBitmap.Format16bppRgb555" methodname="Format16bppRgb555" classname="MonoTests.System.Drawing.TestBitmap" runstate="Runnable" seed="476734738" result="Passed" start-time="2017-05-02 03:42:26Z" end-time="2017-05-02 03:42:26Z" duration="0.000225" asserts="12">
              <properties>
                <property name="Category" value="NotWorking" />
              </properties>
            </test-case>
            <test-case id="1300" name="Format16bppRgb565" fullname="MonoTests.System.Drawing.TestBitmap.Format16bppRgb565" methodname="Format16bppRgb565" classname="MonoTests.System.Drawing.TestBitmap" runstate="Runnable" seed="1932381737" result="Passed" start-time="2017-05-02 03:42:26Z" end-time="2017-05-02 03:42:26Z" duration="0.000270" asserts="12">
              <properties>
                <property name="Category" value="NotWorking" />
              </properties>
            </test-case>
            <test-case id="1294" name="Format1bppIndexed" fullname="MonoTests.System.Drawing.TestBitmap.Format1bppIndexed" methodname="Format1bppIndexed" classname="MonoTests.System.Drawing.TestBitmap" runstate="Runnable" seed="909693909" result="Failed" start-time="2017-05-02 03:42:26Z" end-time="2017-05-02 03:42:26Z" duration="0.001551" asserts="1">
              <failure>
                <message><![CDATA[  Expected: <System.InvalidOperationException>
  But was:  null
]]></message>
                <stack-trace><![CDATA[在 MonoTests.System.Drawing.TestBitmap.Format1bppIndexed() 位置 C:\ProgramData\Git\zkweb.system.drawing\src\ZKWeb.System.Drawing.Tests\System.Drawing\TestBitmap.cs:行号 321
]]></stack-trace>
              </failure>
              <assertions>
                <assertion result="Failed">
                  <message><![CDATA[  Expected: <System.InvalidOperationException>
  But was:  null
]]></message>
                  <stack-trace><![CDATA[在 MonoTests.System.Drawing.TestBitmap.Format1bppIndexed() 位置 C:\ProgramData\Git\zkweb.system.drawing\src\ZKWeb.System.Drawing.Tests\System.Drawing\TestBitmap.cs:行号 321
]]></stack-trace>
                </assertion>
              </assertions>
            </test-case>
            <test-case id="1325" name="Format1bppIndexed_Palette" fullname="MonoTests.System.Drawing.TestBitmap.Format1bppIndexed_Palette" methodname="Format1bppIndexed_Palette" classname="MonoTests.System.Drawing.TestBitmap" runstate="Runnable" seed="175701150" result="Passed" start-time="2017-05-02 03:42:26Z" end-time="2017-05-02 03:42:26Z" duration="0.002858" asserts="4" />
            <test-case id="1304" name="Format24bppRgb" fullname="MonoTests.System.Drawing.TestBitmap.Format24bppRgb" methodname="Format24bppRgb" classname="MonoTests.System.Drawing.TestBitmap" runstate="Runnable" seed="1967047675" result="Passed" start-time="2017-05-02 03:42:26Z" end-time="2017-05-02 03:42:26Z" duration="0.000370" asserts="8" />
            <test-case id="1301" name="Format32bppArgb" fullname="MonoTests.System.Drawing.TestBitmap.Format32bppArgb" methodname="Format32bppArgb" classname="MonoTests.System.Drawing.TestBitmap" runstate="Runnable" seed="1313712953" result="Passed" start-time="2017-05-02 03:42:26Z" end-time="2017-05-02 03:42:26Z" duration="0.000318" asserts="10" />
            <test-case id="1302" name="Format32bppPArgb" fullname="MonoTests.System.Drawing.TestBitmap.Format32bppPArgb" methodname="Format32bppPArgb" classname="MonoTests.System.Drawing.TestBitmap" runstate="Runnable" seed="987299727" result="Passed" start-time="2017-05-02 03:42:26Z" end-time="2017-05-02 03:42:26Z" duration="0.000318" asserts="16">
              <properties>
                <property name="Category" value="NotWorking" />
              </properties>
            </test-case>
            <test-case id="1303" name="Format32bppRgb" fullname="MonoTests.System.Drawing.TestBitmap.Format32bppRgb" methodname="Format32bppRgb" classname="MonoTests.System.Drawing.TestBitmap" runstate="Runnable" seed="40718111" result="Failed" start-time="2017-05-02 03:42:26Z" end-time="2017-05-02 03:42:26Z" duration="0.001062" asserts="6">
              <failure>
                <message><![CDATA[  0.A
  Expected: 255
  But was:  128
]]></message>
                <stack-trace><![CDATA[在 MonoTests.System.Drawing.TestBitmap.FormatTest(PixelFormat format) 位置 C:\ProgramData\Git\zkweb.system.drawing\src\ZKWeb.System.Drawing.Tests\System.Drawing\TestBitmap.cs:行号 451
]]></stack-trace>
              </failure>
              <assertions>
                <assertion result="Failed">
                  <message><![CDATA[  0.A
  Expected: 255
  But was:  128
]]></message>
                  <stack-trace><![CDATA[在 MonoTests.System.Drawing.TestBitmap.FormatTest(PixelFormat format) 位置 C:\ProgramData\Git\zkweb.system.drawing\src\ZKWeb.System.Drawing.Tests\System.Drawing\TestBitmap.cs:行号 451
]]></stack-trace>
                </assertion>
              </assertions>
            </test-case>
            <test-case id="1295" name="Format4bppIndexed" fullname="MonoTests.System.Drawing.TestBitmap.Format4bppIndexed" methodname="Format4bppIndexed" classname="MonoTests.System.Drawing.TestBitmap" runstate="Runnable" seed="1936540355" result="Failed" start-time="2017-05-02 03:42:26Z" end-time="2017-05-02 03:42:26Z" duration="0.001723" asserts="1">
              <failure>
                <message><![CDATA[  Expected: <System.InvalidOperationException>
  But was:  null
]]></message>
                <stack-trace><![CDATA[在 MonoTests.System.Drawing.TestBitmap.Format4bppIndexed() 位置 C:\ProgramData\Git\zkweb.system.drawing\src\ZKWeb.System.Drawing.Tests\System.Drawing\TestBitmap.cs:行号 333
]]></stack-trace>
              </failure>
              <assertions>
                <assertion result="Failed">
                  <message><![CDATA[  Expected: <System.InvalidOperationException>
  But was:  null
]]></message>
                  <stack-trace><![CDATA[在 MonoTests.System.Drawing.TestBitmap.Format4bppIndexed() 位置 C:\ProgramData\Git\zkweb.system.drawing\src\ZKWeb.System.Drawing.Tests\System.Drawing\TestBitmap.cs:行号 333
]]></stack-trace>
                </assertion>
              </assertions>
            </test-case>
            <test-case id="1326" name="Format4bppIndexed_Palette" fullname="MonoTests.System.Drawing.TestBitmap.Format4bppIndexed_Palette" methodname="Format4bppIndexed_Palette" classname="MonoTests.System.Drawing.TestBitmap" runstate="Runnable" seed="787849695" result="Passed" start-time="2017-05-02 03:42:26Z" end-time="2017-05-02 03:42:26Z" duration="0.001110" asserts="18" />
            <test-case id="1296" name="Format8bppIndexed" fullname="MonoTests.System.Drawing.TestBitmap.Format8bppIndexed" methodname="Format8bppIndexed" classname="MonoTests.System.Drawing.TestBitmap" runstate="Runnable" seed="1102567819" result="Failed" start-time="2017-05-02 03:42:26Z" end-time="2017-05-02 03:42:26Z" duration="0.003672" asserts="1">
              <failure>
                <message><![CDATA[  Expected: <System.InvalidOperationException>
  But was:  null
]]></message>
                <stack-trace><![CDATA[在 MonoTests.System.Drawing.TestBitmap.Format8bppIndexed() 位置 C:\ProgramData\Git\zkweb.system.drawing\src\ZKWeb.System.Drawing.Tests\System.Drawing\TestBitmap.cs:行号 345
]]></stack-trace>
              </failure>
              <assertions>
                <assertion result="Failed">
                  <message><![CDATA[  Expected: <System.InvalidOperationException>
  But was:  null
]]></message>
                  <stack-trace><![CDATA[在 MonoTests.System.Drawing.TestBitmap.Format8bppIndexed() 位置 C:\ProgramData\Git\zkweb.system.drawing\src\ZKWeb.System.Drawing.Tests\System.Drawing\TestBitmap.cs:行号 345
]]></stack-trace>
                </assertion>
              </assertions>
            </test-case>
            <test-case id="1327" name="Format8bppIndexed_Palette" fullname="MonoTests.System.Drawing.TestBitmap.Format8bppIndexed_Palette" methodname="Format8bppIndexed_Palette" classname="MonoTests.System.Drawing.TestBitmap" runstate="Runnable" seed="1065321455" result="Passed" start-time="2017-05-02 03:42:26Z" end-time="2017-05-02 03:42:26Z" duration="0.001177" asserts="258" />
            <test-case id="1307" name="Frames" fullname="MonoTests.System.Drawing.TestBitmap.Frames" methodname="Frames" classname="MonoTests.System.Drawing.TestBitmap" runstate="Runnable" seed="1893976700" result="Failed" label="Error" start-time="2017-05-02 03:42:26Z" end-time="2017-05-02 03:42:26Z" duration="0.001233" asserts="0">
              <failure>
                <message><![CDATA[System.ArgumentException : A null reference or invalid value was found [GDI+ status: InvalidParameter]]]></message>
                <stack-trace><![CDATA[   在 System.DrawingCore.GDIPlus.CheckStatus(Status status)
   在 System.DrawingCore.Bitmap..ctor(String filename, Boolean useIcm)
   在 MonoTests.System.Drawing.TestBitmap.Frames() 位置 C:\ProgramData\Git\zkweb.system.drawing\src\ZKWeb.System.Drawing.Tests\System.Drawing\TestBitmap.cs:行号 595]]></stack-trace>
              </failure>
            </test-case>
            <test-case id="1318" name="LockBitmap_Format32bppArgb_Format24bppRgb_ReadWrite_Partial" fullname="MonoTests.System.Drawing.TestBitmap.LockBitmap_Format32bppArgb_Format24bppRgb_ReadWrite_Partial" methodname="LockBitmap_Format32bppArgb_Format24bppRgb_ReadWrite_Partial" classname="MonoTests.System.Drawing.TestBitmap" runstate="Runnable" seed="538749735" result="Passed" start-time="2017-05-02 03:42:26Z" end-time="2017-05-02 03:42:26Z" duration="0.013240" asserts="3" />
            <test-case id="1314" name="LockBitmap_Format32bppArgb_Format24bppRgb_ReadWrite_Whole" fullname="MonoTests.System.Drawing.TestBitmap.LockBitmap_Format32bppArgb_Format24bppRgb_ReadWrite_Whole" methodname="LockBitmap_Format32bppArgb_Format24bppRgb_ReadWrite_Whole" classname="MonoTests.System.Drawing.TestBitmap" runstate="Runnable" seed="557864318" result="Passed" start-time="2017-05-02 03:42:26Z" end-time="2017-05-02 03:42:26Z" duration="0.007153" asserts="3" />
            <test-case id="1315" name="LockBitmap_Format32bppArgb_Format32bppArgb_ReadWrite_Partial" fullname="MonoTests.System.Drawing.TestBitmap.LockBitmap_Format32bppArgb_Format32bppArgb_ReadWrite_Partial" methodname="LockBitmap_Format32bppArgb_Format32bppArgb_ReadWrite_Partial" classname="MonoTests.System.Drawing.TestBitmap" runstate="Runnable" seed="507996087" result="Passed" start-time="2017-05-02 03:42:26Z" end-time="2017-05-02 03:42:26Z" duration="0.007022" asserts="3" />
            <test-case id="1311" name="LockBitmap_Format32bppArgb_Format32bppArgb_ReadWrite_Whole" fullname="MonoTests.System.Drawing.TestBitmap.LockBitmap_Format32bppArgb_Format32bppArgb_ReadWrite_Whole" methodname="LockBitmap_Format32bppArgb_Format32bppArgb_ReadWrite_Whole" classname="MonoTests.System.Drawing.TestBitmap" runstate="Runnable" seed="769471558" result="Passed" start-time="2017-05-02 03:42:26Z" end-time="2017-05-02 03:42:26Z" duration="0.007253" asserts="3" />
            <test-case id="1316" name="LockBitmap_Format32bppArgb_Format32bppPArgb_ReadWrite_Partial" fullname="MonoTests.System.Drawing.TestBitmap.LockBitmap_Format32bppArgb_Format32bppPArgb_ReadWrite_Partial" methodname="LockBitmap_Format32bppArgb_Format32bppPArgb_ReadWrite_Partial" classname="MonoTests.System.Drawing.TestBitmap" runstate="Runnable" seed="1075616840" result="Passed" start-time="2017-05-02 03:42:26Z" end-time="2017-05-02 03:42:26Z" duration="0.006822" asserts="3" />
            <test-case id="1312" name="LockBitmap_Format32bppArgb_Format32bppPArgb_ReadWrite_Whole" fullname="MonoTests.System.Drawing.TestBitmap.LockBitmap_Format32bppArgb_Format32bppPArgb_ReadWrite_Whole" methodname="LockBitmap_Format32bppArgb_Format32bppPArgb_ReadWrite_Whole" classname="MonoTests.System.Drawing.TestBitmap" runstate="Runnable" seed="1913108598" result="Passed" start-time="2017-05-02 03:42:26Z" end-time="2017-05-02 03:42:26Z" duration="0.007798" asserts="3" />
            <test-case id="1317" name="LockBitmap_Format32bppArgb_Format32bppRgb_ReadWrite_Partial" fullname="MonoTests.System.Drawing.TestBitmap.LockBitmap_Format32bppArgb_Format32bppRgb_ReadWrite_Partial" methodname="LockBitmap_Format32bppArgb_Format32bppRgb_ReadWrite_Partial" classname="MonoTests.System.Drawing.TestBitmap" runstate="Runnable" seed="491700349" result="Failed" start-time="2017-05-02 03:42:26Z" end-time="2017-05-02 03:42:26Z" duration="0.010250" asserts="2">
              <failure>
                <message><![CDATA[  Partial-Format32bppRgb
  Expected and actual are both <System.Byte[16]>
  Values differ at index [0]
  Expected: 114
  But was:  93
]]></message>
                <stack-trace><![CDATA[在 MonoTests.System.Drawing.TestBitmap.LockBitmap_Format32bppArgb_Format32bppRgb_ReadWrite_Partial() 位置 C:\ProgramData\Git\zkweb.system.drawing\src\ZKWeb.System.Drawing.Tests\System.Drawing\TestBitmap.cs:行号 947
]]></stack-trace>
              </failure>
              <assertions>
                <assertion result="Failed">
                  <message><![CDATA[  Partial-Format32bppRgb
  Expected and actual are both <System.Byte[16]>
  Values differ at index [0]
  Expected: 114
  But was:  93
]]></message>
                  <stack-trace><![CDATA[在 MonoTests.System.Drawing.TestBitmap.LockBitmap_Format32bppArgb_Format32bppRgb_ReadWrite_Partial() 位置 C:\ProgramData\Git\zkweb.system.drawing\src\ZKWeb.System.Drawing.Tests\System.Drawing\TestBitmap.cs:行号 947
]]></stack-trace>
                </assertion>
              </assertions>
            </test-case>
            <test-case id="1313" name="LockBitmap_Format32bppArgb_Format32bppRgb_ReadWrite_Whole" fullname="MonoTests.System.Drawing.TestBitmap.LockBitmap_Format32bppArgb_Format32bppRgb_ReadWrite_Whole" methodname="LockBitmap_Format32bppArgb_Format32bppRgb_ReadWrite_Whole" classname="MonoTests.System.Drawing.TestBitmap" runstate="Runnable" seed="15474023" result="Failed" start-time="2017-05-02 03:42:26Z" end-time="2017-05-02 03:42:26Z" duration="0.006396" asserts="2">
              <failure>
                <message><![CDATA[  Full-Format32bppRgb
  Expected and actual are both <System.Byte[16]>
  Values differ at index [0]
  Expected: 192
  But was:  137
]]></message>
                <stack-trace><![CDATA[在 MonoTests.System.Drawing.TestBitmap.LockBitmap_Format32bppArgb_Format32bppRgb_ReadWrite_Whole() 位置 C:\ProgramData\Git\zkweb.system.drawing\src\ZKWeb.System.Drawing.Tests\System.Drawing\TestBitmap.cs:行号 897
]]></stack-trace>
              </failure>
              <assertions>
                <assertion result="Failed">
                  <message><![CDATA[  Full-Format32bppRgb
  Expected and actual are both <System.Byte[16]>
  Values differ at index [0]
  Expected: 192
  But was:  137
]]></message>
                  <stack-trace><![CDATA[在 MonoTests.System.Drawing.TestBitmap.LockBitmap_Format32bppArgb_Format32bppRgb_ReadWrite_Whole() 位置 C:\ProgramData\Git\zkweb.system.drawing\src\ZKWeb.System.Drawing.Tests\System.Drawing\TestBitmap.cs:行号 897
]]></stack-trace>
                </assertion>
              </assertions>
            </test-case>
            <test-case id="1292" name="LockBits_24_24_BitmapData" fullname="MonoTests.System.Drawing.TestBitmap.LockBits_24_24_BitmapData" methodname="LockBits_24_24_BitmapData" classname="MonoTests.System.Drawing.TestBitmap" runstate="Runnable" seed="1566617488" result="Passed" start-time="2017-05-02 03:42:26Z" end-time="2017-05-02 03:42:26Z" duration="0.001238" asserts="4" />
            <test-case id="1279" name="LockBits_24_24_NonIndexedWrite" fullname="MonoTests.System.Drawing.TestBitmap.LockBits_24_24_NonIndexedWrite" methodname="LockBits_24_24_NonIndexedWrite" classname="MonoTests.System.Drawing.TestBitmap" runstate="Runnable" seed="1454400553" result="Passed" start-time="2017-05-02 03:42:26Z" end-time="2017-05-02 03:42:26Z" duration="0.001363" asserts="4" />
            <test-case id="1293" name="LockBits_24_32_BitmapData" fullname="MonoTests.System.Drawing.TestBitmap.LockBits_24_32_BitmapData" methodname="LockBits_24_32_BitmapData" classname="MonoTests.System.Drawing.TestBitmap" runstate="Runnable" seed="344877415" result="Passed" start-time="2017-05-02 03:42:26Z" end-time="2017-05-02 03:42:26Z" duration="0.001359" asserts="4" />
            <test-case id="1280" name="LockBits_24_32_NonIndexedWrite" fullname="MonoTests.System.Drawing.TestBitmap.LockBits_24_32_NonIndexedWrite" methodname="LockBits_24_32_NonIndexedWrite" classname="MonoTests.System.Drawing.TestBitmap" runstate="Runnable" seed="573557209" result="Passed" start-time="2017-05-02 03:42:26Z" end-time="2017-05-02 03:42:26Z" duration="0.001101" asserts="4" />
            <test-case id="1291" name="LockBits_32_24_BitmapData" fullname="MonoTests.System.Drawing.TestBitmap.LockBits_32_24_BitmapData" methodname="LockBits_32_24_BitmapData" classname="MonoTests.System.Drawing.TestBitmap" runstate="Runnable" seed="1285354578" result="Passed" start-time="2017-05-02 03:42:26Z" end-time="2017-05-02 03:42:26Z" duration="0.000987" asserts="4" />
            <test-case id="1278" name="LockBits_32_24_NonIndexedWrite" fullname="MonoTests.System.Drawing.TestBitmap.LockBits_32_24_NonIndexedWrite" methodname="LockBits_32_24_NonIndexedWrite" classname="MonoTests.System.Drawing.TestBitmap" runstate="Runnable" seed="812483218" result="Passed" start-time="2017-05-02 03:42:26Z" end-time="2017-05-02 03:42:26Z" duration="0.000950" asserts="4" />
            <test-case id="1290" name="LockBits_32_32_BitmapData" fullname="MonoTests.System.Drawing.TestBitmap.LockBits_32_32_BitmapData" methodname="LockBits_32_32_BitmapData" classname="MonoTests.System.Drawing.TestBitmap" runstate="Runnable" seed="616982545" result="Passed" start-time="2017-05-02 03:42:26Z" end-time="2017-05-02 03:42:26Z" duration="0.001240" asserts="4" />
            <test-case id="1277" name="LockBits_32_32_NonIndexedWrite" fullname="MonoTests.System.Drawing.TestBitmap.LockBits_32_32_NonIndexedWrite" methodname="LockBits_32_32_NonIndexedWrite" classname="MonoTests.System.Drawing.TestBitmap" runstate="Runnable" seed="1549763999" result="Passed" start-time="2017-05-02 03:42:26Z" end-time="2017-05-02 03:42:26Z" duration="0.001157" asserts="4" />
            <test-case id="1289" name="LockBits_BitmapData_Null" fullname="MonoTests.System.Drawing.TestBitmap.LockBits_BitmapData_Null" methodname="LockBits_BitmapData_Null" classname="MonoTests.System.Drawing.TestBitmap" runstate="Runnable" seed="1297698681" result="Passed" start-time="2017-05-02 03:42:26Z" end-time="2017-05-02 03:42:26Z" duration="0.001101" asserts="1" />
            <test-case id="1286" name="LockBits_Disposed" fullname="MonoTests.System.Drawing.TestBitmap.LockBits_Disposed" methodname="LockBits_Disposed" classname="MonoTests.System.Drawing.TestBitmap" runstate="Runnable" seed="1892162176" result="Passed" start-time="2017-05-02 03:42:26Z" end-time="2017-05-02 03:42:26Z" duration="0.000891" asserts="1" />
            <test-case id="1285" name="LockBits_Double" fullname="MonoTests.System.Drawing.TestBitmap.LockBits_Double" methodname="LockBits_Double" classname="MonoTests.System.Drawing.TestBitmap" runstate="Runnable" seed="1040294814" result="Failed" start-time="2017-05-02 03:42:26Z" end-time="2017-05-02 03:42:26Z" duration="0.001778" asserts="1">
              <failure>
                <message><![CDATA[  Expected: <System.InvalidOperationException>
  But was:  <System.ArgumentException: Object is not in a state that can allow this operation [GDI+ status: WrongState]
   在 System.DrawingCore.GDIPlus.CheckStatus(Status status)
   在 System.DrawingCore.Bitmap.LockBits(Rectangle rect, ImageLockMode flags, PixelFormat format)
   在 MonoTests.System.Drawing.TestBitmap.<>c.<LockBits_Double>b__9_0() 位置 C:\ProgramData\Git\zkweb.system.drawing\src\ZKWeb.System.Drawing.Tests\System.Drawing\TestBitmap.cs:行号 196
   在 NUnit.Framework.Assert.Throws(IResolveConstraint expression, TestDelegate code, String message, Object[] args)>
]]></message>
                <stack-trace><![CDATA[在 MonoTests.System.Drawing.TestBitmap.LockBits_Double() 位置 C:\ProgramData\Git\zkweb.system.drawing\src\ZKWeb.System.Drawing.Tests\System.Drawing\TestBitmap.cs:行号 202
]]></stack-trace>
              </failure>
              <assertions>
                <assertion result="Failed">
                  <message><![CDATA[  Expected: <System.InvalidOperationException>
  But was:  <System.ArgumentException: Object is not in a state that can allow this operation [GDI+ status: WrongState]
   在 System.DrawingCore.GDIPlus.CheckStatus(Status status)
   在 System.DrawingCore.Bitmap.LockBits(Rectangle rect, ImageLockMode flags, PixelFormat format)
   在 MonoTests.System.Drawing.TestBitmap.<>c.<LockBits_Double>b__9_0() 位置 C:\ProgramData\Git\zkweb.system.drawing\src\ZKWeb.System.Drawing.Tests\System.Drawing\TestBitmap.cs:行号 196
   在 NUnit.Framework.Assert.Throws(IResolveConstraint expression, TestDelegate code, String message, Object[] args)>
]]></message>
                  <stack-trace><![CDATA[在 MonoTests.System.Drawing.TestBitmap.LockBits_Double() 位置 C:\ProgramData\Git\zkweb.system.drawing\src\ZKWeb.System.Drawing.Tests\System.Drawing\TestBitmap.cs:行号 202
]]></stack-trace>
                </assertion>
              </assertions>
            </test-case>
            <test-case id="1284" name="LockBits_ImageLockMode_Invalid" fullname="MonoTests.System.Drawing.TestBitmap.LockBits_ImageLockMode_Invalid" methodname="LockBits_ImageLockMode_Invalid" classname="MonoTests.System.Drawing.TestBitmap" runstate="Runnable" seed="1742751724" result="Passed" start-time="2017-05-02 03:42:26Z" end-time="2017-05-02 03:42:26Z" duration="0.001378" asserts="5" />
            <test-case id="1281" name="LockBits_IndexedWrite_NonIndexed" fullname="MonoTests.System.Drawing.TestBitmap.LockBits_IndexedWrite_NonIndexed" methodname="LockBits_IndexedWrite_NonIndexed" classname="MonoTests.System.Drawing.TestBitmap" runstate="Runnable" seed="1502583869" result="Failed" start-time="2017-05-02 03:42:26Z" end-time="2017-05-02 03:42:26Z" duration="0.001397" asserts="1">
              <failure>
                <message><![CDATA[  Expected: <System.ArgumentException>
  But was:  null
]]></message>
                <stack-trace><![CDATA[在 MonoTests.System.Drawing.TestBitmap.LockBits_IndexedWrite_NonIndexed() 位置 C:\ProgramData\Git\zkweb.system.drawing\src\ZKWeb.System.Drawing.Tests\System.Drawing\TestBitmap.cs:行号 133
]]></stack-trace>
              </failure>
              <assertions>
                <assertion result="Failed">
                  <message><![CDATA[  Expected: <System.ArgumentException>
  But was:  null
]]></message>
                  <stack-trace><![CDATA[在 MonoTests.System.Drawing.TestBitmap.LockBits_IndexedWrite_NonIndexed() 位置 C:\ProgramData\Git\zkweb.system.drawing\src\ZKWeb.System.Drawing.Tests\System.Drawing\TestBitmap.cs:行号 133
]]></stack-trace>
                </assertion>
              </assertions>
            </test-case>
            <test-case id="1283" name="LockBits_IndexedWrite_SameIndexedFormat" fullname="MonoTests.System.Drawing.TestBitmap.LockBits_IndexedWrite_SameIndexedFormat" methodname="LockBits_IndexedWrite_SameIndexedFormat" classname="MonoTests.System.Drawing.TestBitmap" runstate="Runnable" seed="1272313032" result="Passed" start-time="2017-05-02 03:42:26Z" end-time="2017-05-02 03:42:26Z" duration="0.000913" asserts="4" />
            <test-case id="1282" name="LockBits_NonIndexedWrite_ToIndexed" fullname="MonoTests.System.Drawing.TestBitmap.LockBits_NonIndexedWrite_ToIndexed" methodname="LockBits_NonIndexedWrite_ToIndexed" classname="MonoTests.System.Drawing.TestBitmap" runstate="Runnable" seed="1065548342" result="Failed" start-time="2017-05-02 03:42:26Z" end-time="2017-05-02 03:42:26Z" duration="0.003732" asserts="1">
              <failure>
                <message><![CDATA[  Expected: <System.ArgumentException>
  But was:  null
]]></message>
                <stack-trace><![CDATA[在 MonoTests.System.Drawing.TestBitmap.LockBits_NonIndexedWrite_ToIndexed() 位置 C:\ProgramData\Git\zkweb.system.drawing\src\ZKWeb.System.Drawing.Tests\System.Drawing\TestBitmap.cs:行号 152
]]></stack-trace>
              </failure>
              <assertions>
                <assertion result="Failed">
                  <message><![CDATA[  Expected: <System.ArgumentException>
  But was:  null
]]></message>
                  <stack-trace><![CDATA[在 MonoTests.System.Drawing.TestBitmap.LockBits_NonIndexedWrite_ToIndexed() 位置 C:\ProgramData\Git\zkweb.system.drawing\src\ZKWeb.System.Drawing.Tests\System.Drawing\TestBitmap.cs:行号 152
]]></stack-trace>
                </assertion>
              </assertions>
            </test-case>
            <test-case id="1319" name="LockUnlockBitmap" fullname="MonoTests.System.Drawing.TestBitmap.LockUnlockBitmap" methodname="LockUnlockBitmap" classname="MonoTests.System.Drawing.TestBitmap" runstate="Runnable" seed="1975162935" result="Passed" start-time="2017-05-02 03:42:26Z" end-time="2017-05-02 03:42:26Z" duration="0.003803" asserts="7" />
            <test-case id="1309" name="Rotate" fullname="MonoTests.System.Drawing.TestBitmap.Rotate" methodname="Rotate" classname="MonoTests.System.Drawing.TestBitmap" runstate="Runnable" seed="1040087491" result="Failed" label="Error" start-time="2017-05-02 03:42:26Z" end-time="2017-05-02 03:42:26Z" duration="0.001320" asserts="0">
              <failure>
                <message><![CDATA[System.ArgumentException : A null reference or invalid value was found [GDI+ status: InvalidParameter]]]></message>
                <stack-trace><![CDATA[   在 System.DrawingCore.GDIPlus.CheckStatus(Status status)
   在 System.DrawingCore.Bitmap..ctor(String filename, Boolean useIcm)
   在 MonoTests.System.Drawing.TestBitmap.Rotate() 位置 C:\ProgramData\Git\zkweb.system.drawing\src\ZKWeb.System.Drawing.Tests\System.Drawing\TestBitmap.cs:行号 707]]></stack-trace>
              </failure>
            </test-case>
            <test-case id="1310" name="Rotate1bit4bit" fullname="MonoTests.System.Drawing.TestBitmap.Rotate1bit4bit" methodname="Rotate1bit4bit" classname="MonoTests.System.Drawing.TestBitmap" runstate="Runnable" seed="1126460994" result="Skipped" label="Ignored" start-time="2017-05-02 03:42:26Z" end-time="2017-05-02 03:42:26Z" duration="0.002243" asserts="0">
              <reason>
                <message><![CDATA[This does not work with Microsoft's GDIPLUS.DLL due to off-by-1 errors in their GdipBitmapRotateFlip function.]]></message>
              </reason>
            </test-case>
            <test-case id="1323" name="Serialize_Icon" fullname="MonoTests.System.Drawing.TestBitmap.Serialize_Icon" methodname="Serialize_Icon" classname="MonoTests.System.Drawing.TestBitmap" runstate="Runnable" seed="174017990" result="Failed" label="Error" start-time="2017-05-02 03:42:26Z" end-time="2017-05-02 03:42:26Z" duration="0.001956" asserts="0">
              <failure>
                <message><![CDATA[System.ArgumentException : A null reference or invalid value was found [GDI+ status: InvalidParameter]]]></message>
                <stack-trace><![CDATA[   在 System.DrawingCore.GDIPlus.CheckStatus(Status status)
   在 System.DrawingCore.Bitmap..ctor(String filename, Boolean useIcm)
   在 MonoTests.System.Drawing.TestBitmap.Serialize_Icon() 位置 C:\ProgramData\Git\zkweb.system.drawing\src\ZKWeb.System.Drawing.Tests\System.Drawing\TestBitmap.cs:行号 1121]]></stack-trace>
              </failure>
            </test-case>
            <test-case id="1344" name="SetResolution_MaxValue" fullname="MonoTests.System.Drawing.TestBitmap.SetResolution_MaxValue" methodname="SetResolution_MaxValue" classname="MonoTests.System.Drawing.TestBitmap" runstate="Runnable" seed="372311910" result="Passed" start-time="2017-05-02 03:42:26Z" end-time="2017-05-02 03:42:26Z" duration="0.000377" asserts="0" />
            <test-case id="1346" name="SetResolution_NaN" fullname="MonoTests.System.Drawing.TestBitmap.SetResolution_NaN" methodname="SetResolution_NaN" classname="MonoTests.System.Drawing.TestBitmap" runstate="Runnable" seed="841725931" result="Passed" start-time="2017-05-02 03:42:26Z" end-time="2017-05-02 03:42:26Z" duration="0.000617" asserts="1" />
            <test-case id="1342" name="SetResolution_Negative_X" fullname="MonoTests.System.Drawing.TestBitmap.SetResolution_Negative_X" methodname="SetResolution_Negative_X" classname="MonoTests.System.Drawing.TestBitmap" runstate="Runnable" seed="587919389" result="Passed" start-time="2017-05-02 03:42:26Z" end-time="2017-05-02 03:42:26Z" duration="0.000518" asserts="1" />
            <test-case id="1343" name="SetResolution_Negative_Y" fullname="MonoTests.System.Drawing.TestBitmap.SetResolution_Negative_Y" methodname="SetResolution_Negative_Y" classname="MonoTests.System.Drawing.TestBitmap" runstate="Runnable" seed="859423388" result="Passed" start-time="2017-05-02 03:42:26Z" end-time="2017-05-02 03:42:26Z" duration="0.000640" asserts="1" />
            <test-case id="1347" name="SetResolution_NegativeInfinity" fullname="MonoTests.System.Drawing.TestBitmap.SetResolution_NegativeInfinity" methodname="SetResolution_NegativeInfinity" classname="MonoTests.System.Drawing.TestBitmap" runstate="Runnable" seed="515907383" result="Passed" start-time="2017-05-02 03:42:26Z" end-time="2017-05-02 03:42:26Z" duration="0.000515" asserts="1" />
            <test-case id="1345" name="SetResolution_PositiveInfinity" fullname="MonoTests.System.Drawing.TestBitmap.SetResolution_PositiveInfinity" methodname="SetResolution_PositiveInfinity" classname="MonoTests.System.Drawing.TestBitmap" runstate="Runnable" seed="1039137348" result="Passed" start-time="2017-05-02 03:42:26Z" end-time="2017-05-02 03:42:26Z" duration="0.000153" asserts="0" />
            <test-case id="1341" name="SetResolution_Zero" fullname="MonoTests.System.Drawing.TestBitmap.SetResolution_Zero" methodname="SetResolution_Zero" classname="MonoTests.System.Drawing.TestBitmap" runstate="Runnable" seed="609167235" result="Passed" start-time="2017-05-02 03:42:26Z" end-time="2017-05-02 03:42:26Z" duration="0.000601" asserts="1" />
            <test-case id="1276" name="TestPixels" fullname="MonoTests.System.Drawing.TestBitmap.TestPixels" methodname="TestPixels" classname="MonoTests.System.Drawing.TestBitmap" runstate="Runnable" seed="999706728" result="Passed" start-time="2017-05-02 03:42:26Z" end-time="2017-05-02 03:42:26Z" duration="0.000739" asserts="2" />
            <test-case id="1287" name="UnlockBits_Disposed" fullname="MonoTests.System.Drawing.TestBitmap.UnlockBits_Disposed" methodname="UnlockBits_Disposed" classname="MonoTests.System.Drawing.TestBitmap" runstate="Runnable" seed="1040648059" result="Passed" start-time="2017-05-02 03:42:26Z" end-time="2017-05-02 03:42:26Z" duration="0.000815" asserts="1">
              <properties>
                <property name="Category" value="Valgrind" />
              </properties>
            </test-case>
            <test-case id="1288" name="UnlockBits_Null" fullname="MonoTests.System.Drawing.TestBitmap.UnlockBits_Null" methodname="UnlockBits_Null" classname="MonoTests.System.Drawing.TestBitmap" runstate="Runnable" seed="1073448004" result="Passed" start-time="2017-05-02 03:42:26Z" end-time="2017-05-02 03:42:26Z" duration="0.000836" asserts="1" />
            <test-case id="1328" name="XmlSerialization" fullname="MonoTests.System.Drawing.TestBitmap.XmlSerialization" methodname="XmlSerialization" classname="MonoTests.System.Drawing.TestBitmap" runstate="Runnable" seed="1410336667" result="Passed" start-time="2017-05-02 03:42:26Z" end-time="2017-05-02 03:42:26Z" duration="0.010326" asserts="0" />
            <test-case id="1324" name="XmlSerialize" fullname="MonoTests.System.Drawing.TestBitmap.XmlSerialize" methodname="XmlSerialize" classname="MonoTests.System.Drawing.TestBitmap" runstate="Runnable" seed="1076319717" result="Passed" start-time="2017-05-02 03:42:26Z" end-time="2017-05-02 03:42:26Z" duration="0.000393" asserts="0">
              <properties>
                <property name="Category" value="NotWorking" />
              </properties>
            </test-case>
          </test-suite>
          <test-suite type="TestFixture" id="1944" name="TestRectangle" fullname="MonoTests.System.Drawing.TestRectangle" classname="MonoTests.System.Drawing.TestRectangle" runstate="Runnable" testcasecount="19" result="Passed" start-time="2017-05-02 03:42:26Z" end-time="2017-05-02 03:42:26Z" duration="0.089223" total="19" passed="19" failed="0" warnings="0" inconclusive="0" skipped="0" asserts="76">
            <test-case id="1945" name="Contains" fullname="MonoTests.System.Drawing.TestRectangle.Contains" methodname="Contains" classname="MonoTests.System.Drawing.TestRectangle" runstate="Runnable" seed="453976246" result="Passed" start-time="2017-05-02 03:42:26Z" end-time="2017-05-02 03:42:26Z" duration="0.003635" asserts="8" />
            <test-case id="1952" name="ConvertFromRectangleF" fullname="MonoTests.System.Drawing.TestRectangle.ConvertFromRectangleF" methodname="ConvertFromRectangleF" classname="MonoTests.System.Drawing.TestRectangle" runstate="Runnable" seed="1900359175" result="Passed" start-time="2017-05-02 03:42:26Z" end-time="2017-05-02 03:42:26Z" duration="0.002202" asserts="3" />
            <test-case id="1946" name="Empty" fullname="MonoTests.System.Drawing.TestRectangle.Empty" methodname="Empty" classname="MonoTests.System.Drawing.TestRectangle" runstate="Runnable" seed="1248452098" result="Passed" start-time="2017-05-02 03:42:26Z" end-time="2017-05-02 03:42:26Z" duration="0.000888" asserts="4" />
            <test-case id="1958" name="FromTRLB" fullname="MonoTests.System.Drawing.TestRectangle.FromTRLB" methodname="FromTRLB" classname="MonoTests.System.Drawing.TestRectangle" runstate="Runnable" seed="213616124" result="Passed" start-time="2017-05-02 03:42:26Z" end-time="2017-05-02 03:42:26Z" duration="0.000739" asserts="3" />
            <test-case id="1948" name="GetContents" fullname="MonoTests.System.Drawing.TestRectangle.GetContents" methodname="GetContents" classname="MonoTests.System.Drawing.TestRectangle" runstate="Runnable" seed="1982401430" result="Passed" start-time="2017-05-02 03:42:26Z" end-time="2017-05-02 03:42:26Z" duration="0.000942" asserts="4" />
            <test-case id="1953" name="GetHashCodeTest" fullname="MonoTests.System.Drawing.TestRectangle.GetHashCodeTest" methodname="GetHashCodeTest" classname="MonoTests.System.Drawing.TestRectangle" runstate="Runnable" seed="1793120622" result="Passed" start-time="2017-05-02 03:42:26Z" end-time="2017-05-02 03:42:26Z" duration="0.000424" asserts="1" />
            <test-case id="1954" name="Inflate" fullname="MonoTests.System.Drawing.TestRectangle.Inflate" methodname="Inflate" classname="MonoTests.System.Drawing.TestRectangle" runstate="Runnable" seed="1682082946" result="Passed" start-time="2017-05-02 03:42:26Z" end-time="2017-05-02 03:42:26Z" duration="0.001670" asserts="4" />
            <test-case id="1955" name="Intersect" fullname="MonoTests.System.Drawing.TestRectangle.Intersect" methodname="Intersect" classname="MonoTests.System.Drawing.TestRectangle" runstate="Runnable" seed="573419724" result="Passed" start-time="2017-05-02 03:42:26Z" end-time="2017-05-02 03:42:26Z" duration="0.001497" asserts="5" />
            <test-case id="1949" name="IntersectsWith" fullname="MonoTests.System.Drawing.TestRectangle.IntersectsWith" methodname="IntersectsWith" classname="MonoTests.System.Drawing.TestRectangle" runstate="Runnable" seed="32787428" result="Passed" start-time="2017-05-02 03:42:26Z" end-time="2017-05-02 03:42:26Z" duration="0.001176" asserts="5" />
            <test-case id="1947" name="IsEmpty" fullname="MonoTests.System.Drawing.TestRectangle.IsEmpty" methodname="IsEmpty" classname="MonoTests.System.Drawing.TestRectangle" runstate="Runnable" seed="2090375436" result="Passed" start-time="2017-05-02 03:42:26Z" end-time="2017-05-02 03:42:26Z" duration="0.000870" asserts="4" />
            <test-case id="1950" name="Location" fullname="MonoTests.System.Drawing.TestRectangle.Location" methodname="Location" classname="MonoTests.System.Drawing.TestRectangle" runstate="Runnable" seed="1571825807" result="Passed" start-time="2017-05-02 03:42:26Z" end-time="2017-05-02 03:42:26Z" duration="0.001271" asserts="5" />
            <test-case id="1963" name="NegativeHeight" fullname="MonoTests.System.Drawing.TestRectangle.NegativeHeight" methodname="NegativeHeight" classname="MonoTests.System.Drawing.TestRectangle" runstate="Runnable" seed="865068329" result="Passed" start-time="2017-05-02 03:42:26Z" end-time="2017-05-02 03:42:26Z" duration="0.000888" asserts="4" />
            <test-case id="1962" name="NegativeWidth" fullname="MonoTests.System.Drawing.TestRectangle.NegativeWidth" methodname="NegativeWidth" classname="MonoTests.System.Drawing.TestRectangle" runstate="Runnable" seed="620400201" result="Passed" start-time="2017-05-02 03:42:26Z" end-time="2017-05-02 03:42:26Z" duration="0.000704" asserts="4" />
            <test-case id="1956" name="Offset" fullname="MonoTests.System.Drawing.TestRectangle.Offset" methodname="Offset" classname="MonoTests.System.Drawing.TestRectangle" runstate="Runnable" seed="329477859" result="Passed" start-time="2017-05-02 03:42:26Z" end-time="2017-05-02 03:42:26Z" duration="0.000799" asserts="2" />
            <test-case id="1960" name="Operator_Equal" fullname="MonoTests.System.Drawing.TestRectangle.Operator_Equal" methodname="Operator_Equal" classname="MonoTests.System.Drawing.TestRectangle" runstate="Runnable" seed="1586009006" result="Passed" start-time="2017-05-02 03:42:26Z" end-time="2017-05-02 03:42:26Z" duration="0.000984" asserts="5" />
            <test-case id="1961" name="Operator_NotEqual" fullname="MonoTests.System.Drawing.TestRectangle.Operator_NotEqual" methodname="Operator_NotEqual" classname="MonoTests.System.Drawing.TestRectangle" runstate="Runnable" seed="1227654539" result="Passed" start-time="2017-05-02 03:42:26Z" end-time="2017-05-02 03:42:26Z" duration="0.001380" asserts="5" />
            <test-case id="1951" name="Size" fullname="MonoTests.System.Drawing.TestRectangle.Size" methodname="Size" classname="MonoTests.System.Drawing.TestRectangle" runstate="Runnable" seed="553746667" result="Passed" start-time="2017-05-02 03:42:26Z" end-time="2017-05-02 03:42:26Z" duration="0.001041" asserts="5" />
            <test-case id="1957" name="ToStringTest" fullname="MonoTests.System.Drawing.TestRectangle.ToStringTest" methodname="ToStringTest" classname="MonoTests.System.Drawing.TestRectangle" runstate="Runnable" seed="2128993868" result="Passed" start-time="2017-05-02 03:42:26Z" end-time="2017-05-02 03:42:26Z" duration="0.000844" asserts="4" />
            <test-case id="1959" name="Union" fullname="MonoTests.System.Drawing.TestRectangle.Union" methodname="Union" classname="MonoTests.System.Drawing.TestRectangle" runstate="Runnable" seed="1144259519" result="Passed" start-time="2017-05-02 03:42:26Z" end-time="2017-05-02 03:42:26Z" duration="0.000780" asserts="1" />
          </test-suite>
          <test-suite type="TestFixture" id="1985" name="TestRectangleF" fullname="MonoTests.System.Drawing.TestRectangleF" classname="MonoTests.System.Drawing.TestRectangleF" runstate="Runnable" testcasecount="20" result="Passed" start-time="2017-05-02 03:42:26Z" end-time="2017-05-02 03:42:26Z" duration="0.088332" total="20" passed="20" failed="0" warnings="0" inconclusive="0" skipped="0" asserts="76">
            <test-case id="1986" name="Contains" fullname="MonoTests.System.Drawing.TestRectangleF.Contains" methodname="Contains" classname="MonoTests.System.Drawing.TestRectangleF" runstate="Runnable" seed="1201594450" result="Passed" start-time="2017-05-02 03:42:26Z" end-time="2017-05-02 03:42:26Z" duration="0.001792" asserts="7" />
            <test-case id="1987" name="ContainsF" fullname="MonoTests.System.Drawing.TestRectangleF.ContainsF" methodname="ContainsF" classname="MonoTests.System.Drawing.TestRectangleF" runstate="Runnable" seed="1922200081" result="Passed" start-time="2017-05-02 03:42:26Z" end-time="2017-05-02 03:42:26Z" duration="0.000817" asserts="1" />
            <test-case id="2005" name="EdgeIntersection" fullname="MonoTests.System.Drawing.TestRectangleF.EdgeIntersection" methodname="EdgeIntersection" classname="MonoTests.System.Drawing.TestRectangleF" runstate="Runnable" seed="155393253" result="Passed" start-time="2017-05-02 03:42:26Z" end-time="2017-05-02 03:42:26Z" duration="0.001566" asserts="5" />
            <test-case id="1988" name="Empty" fullname="MonoTests.System.Drawing.TestRectangleF.Empty" methodname="Empty" classname="MonoTests.System.Drawing.TestRectangleF" runstate="Runnable" seed="1740112174" result="Passed" start-time="2017-05-02 03:42:26Z" end-time="2017-05-02 03:42:26Z" duration="0.000910" asserts="4" />
            <test-case id="1990" name="GetContents" fullname="MonoTests.System.Drawing.TestRectangleF.GetContents" methodname="GetContents" classname="MonoTests.System.Drawing.TestRectangleF" runstate="Runnable" seed="1811294447" result="Passed" start-time="2017-05-02 03:42:26Z" end-time="2017-05-02 03:42:26Z" duration="0.001112" asserts="4" />
            <test-case id="1994" name="GetHashCodeTest" fullname="MonoTests.System.Drawing.TestRectangleF.GetHashCodeTest" methodname="GetHashCodeTest" classname="MonoTests.System.Drawing.TestRectangleF" runstate="Runnable" seed="2055512925" result="Passed" start-time="2017-05-02 03:42:26Z" end-time="2017-05-02 03:42:26Z" duration="0.000389" asserts="1" />
            <test-case id="1995" name="Inflate" fullname="MonoTests.System.Drawing.TestRectangleF.Inflate" methodname="Inflate" classname="MonoTests.System.Drawing.TestRectangleF" runstate="Runnable" seed="1670713747" result="Passed" start-time="2017-05-02 03:42:26Z" end-time="2017-05-02 03:42:26Z" duration="0.001476" asserts="4" />
            <test-case id="1996" name="Intersect" fullname="MonoTests.System.Drawing.TestRectangleF.Intersect" methodname="Intersect" classname="MonoTests.System.Drawing.TestRectangleF" runstate="Runnable" seed="1161637957" result="Passed" start-time="2017-05-02 03:42:26Z" end-time="2017-05-02 03:42:26Z" duration="0.001042" asserts="4" />
            <test-case id="1991" name="IntersectsWith" fullname="MonoTests.System.Drawing.TestRectangleF.IntersectsWith" methodname="IntersectsWith" classname="MonoTests.System.Drawing.TestRectangleF" runstate="Runnable" seed="365443208" result="Passed" start-time="2017-05-02 03:42:26Z" end-time="2017-05-02 03:42:26Z" duration="0.000948" asserts="5" />
            <test-case id="1989" name="IsEmpty" fullname="MonoTests.System.Drawing.TestRectangleF.IsEmpty" methodname="IsEmpty" classname="MonoTests.System.Drawing.TestRectangleF" runstate="Runnable" seed="1312197983" result="Passed" start-time="2017-05-02 03:42:26Z" end-time="2017-05-02 03:42:26Z" duration="0.000773" asserts="5" />
            <test-case id="1992" name="Location" fullname="MonoTests.System.Drawing.TestRectangleF.Location" methodname="Location" classname="MonoTests.System.Drawing.TestRectangleF" runstate="Runnable" seed="1675434437" result="Passed" start-time="2017-05-02 03:42:26Z" end-time="2017-05-02 03:42:26Z" duration="0.001134" asserts="5" />
            <test-case id="2004" name="NegativeHeight" fullname="MonoTests.System.Drawing.TestRectangleF.NegativeHeight" methodname="NegativeHeight" classname="MonoTests.System.Drawing.TestRectangleF" runstate="Runnable" seed="1708406226" result="Passed" start-time="2017-05-02 03:42:26Z" end-time="2017-05-02 03:42:26Z" duration="0.000615" asserts="4" />
            <test-case id="2003" name="NegativeWidth" fullname="MonoTests.System.Drawing.TestRectangleF.NegativeWidth" methodname="NegativeWidth" classname="MonoTests.System.Drawing.TestRectangleF" runstate="Runnable" seed="1395662055" result="Passed" start-time="2017-05-02 03:42:26Z" end-time="2017-05-02 03:42:26Z" duration="0.000669" asserts="4" />
            <test-case id="1997" name="Offset" fullname="MonoTests.System.Drawing.TestRectangleF.Offset" methodname="Offset" classname="MonoTests.System.Drawing.TestRectangleF" runstate="Runnable" seed="1899931648" result="Passed" start-time="2017-05-02 03:42:26Z" end-time="2017-05-02 03:42:26Z" duration="0.000719" asserts="2" />
            <test-case id="2001" name="Operator_Equal" fullname="MonoTests.System.Drawing.TestRectangleF.Operator_Equal" methodname="Operator_Equal" classname="MonoTests.System.Drawing.TestRectangleF" runstate="Runnable" seed="1382791505" result="Passed" start-time="2017-05-02 03:42:26Z" end-time="2017-05-02 03:42:26Z" duration="0.000896" asserts="5" />
            <test-case id="2002" name="Operator_NotEqual" fullname="MonoTests.System.Drawing.TestRectangleF.Operator_NotEqual" methodname="Operator_NotEqual" classname="MonoTests.System.Drawing.TestRectangleF" runstate="Runnable" seed="1938276940" result="Passed" start-time="2017-05-02 03:42:26Z" end-time="2017-05-02 03:42:26Z" duration="0.001121" asserts="5" />
            <test-case id="1999" name="RectangleToRectangleF" fullname="MonoTests.System.Drawing.TestRectangleF.RectangleToRectangleF" methodname="RectangleToRectangleF" classname="MonoTests.System.Drawing.TestRectangleF" runstate="Runnable" seed="744885995" result="Passed" start-time="2017-05-02 03:42:26Z" end-time="2017-05-02 03:42:26Z" duration="0.000419" asserts="1" />
            <test-case id="1993" name="Size" fullname="MonoTests.System.Drawing.TestRectangleF.Size" methodname="Size" classname="MonoTests.System.Drawing.TestRectangleF" runstate="Runnable" seed="563345779" result="Passed" start-time="2017-05-02 03:42:26Z" end-time="2017-05-02 03:42:26Z" duration="0.000954" asserts="5" />
            <test-case id="1998" name="ToStringTest" fullname="MonoTests.System.Drawing.TestRectangleF.ToStringTest" methodname="ToStringTest" classname="MonoTests.System.Drawing.TestRectangleF" runstate="Runnable" seed="1577236389" result="Passed" start-time="2017-05-02 03:42:26Z" end-time="2017-05-02 03:42:26Z" duration="0.000885" asserts="4" />
            <test-case id="2000" name="Union" fullname="MonoTests.System.Drawing.TestRectangleF.Union" methodname="Union" classname="MonoTests.System.Drawing.TestRectangleF" runstate="Runnable" seed="1309468050" result="Passed" start-time="2017-05-02 03:42:26Z" end-time="2017-05-02 03:42:26Z" duration="0.000821" asserts="1" />
          </test-suite>
          <test-suite type="TestFixture" id="2006" name="TestRegion" fullname="MonoTests.System.Drawing.TestRegion" classname="MonoTests.System.Drawing.TestRegion" runstate="Runnable" testcasecount="57" result="Failed" site="Child" start-time="2017-05-02 03:42:26Z" end-time="2017-05-02 03:42:27Z" duration="0.622931" total="57" passed="56" failed="1" warnings="0" inconclusive="0" skipped="0" asserts="497">
            <failure>
              <message><![CDATA[One or more child tests had errors]]></message>
            </failure>
            <test-case id="2063" name="Complement_383878" fullname="MonoTests.System.Drawing.TestRegion.Complement_383878" methodname="Complement_383878" classname="MonoTests.System.Drawing.TestRegion" runstate="Runnable" seed="1373609906" result="Passed" start-time="2017-05-02 03:42:26Z" end-time="2017-05-02 03:42:26Z" duration="0.001717" asserts="5" />
            <test-case id="2028" name="Complement_GraphicsPath_Null" fullname="MonoTests.System.Drawing.TestRegion.Complement_GraphicsPath_Null" methodname="Complement_GraphicsPath_Null" classname="MonoTests.System.Drawing.TestRegion" runstate="Runnable" seed="773758943" result="Passed" start-time="2017-05-02 03:42:26Z" end-time="2017-05-02 03:42:26Z" duration="0.000765" asserts="1" />
            <test-case id="2029" name="Complement_Region_Null" fullname="MonoTests.System.Drawing.TestRegion.Complement_Region_Null" methodname="Complement_Region_Null" classname="MonoTests.System.Drawing.TestRegion" runstate="Runnable" seed="1923606780" result="Passed" start-time="2017-05-02 03:42:26Z" end-time="2017-05-02 03:42:26Z" duration="0.000645" asserts="1" />
            <test-case id="2021" name="Constructor_GraphicsPath_Null" fullname="MonoTests.System.Drawing.TestRegion.Constructor_GraphicsPath_Null" methodname="Constructor_GraphicsPath_Null" classname="MonoTests.System.Drawing.TestRegion" runstate="Runnable" seed="2010288028" result="Passed" start-time="2017-05-02 03:42:26Z" end-time="2017-05-02 03:42:26Z" duration="0.000551" asserts="1" />
            <test-case id="2022" name="Constructor_RegionData_Null" fullname="MonoTests.System.Drawing.TestRegion.Constructor_RegionData_Null" methodname="Constructor_RegionData_Null" classname="MonoTests.System.Drawing.TestRegion" runstate="Runnable" seed="692608765" result="Passed" start-time="2017-05-02 03:42:26Z" end-time="2017-05-02 03:42:26Z" duration="0.000579" asserts="1" />
            <test-case id="2045" name="Equals_NullGraphics" fullname="MonoTests.System.Drawing.TestRegion.Equals_NullGraphics" methodname="Equals_NullGraphics" classname="MonoTests.System.Drawing.TestRegion" runstate="Runnable" seed="1543903778" result="Passed" start-time="2017-05-02 03:42:26Z" end-time="2017-05-02 03:42:26Z" duration="0.000814" asserts="1" />
            <test-case id="2046" name="Equals_RegionNull" fullname="MonoTests.System.Drawing.TestRegion.Equals_RegionNull" methodname="Equals_RegionNull" classname="MonoTests.System.Drawing.TestRegion" runstate="Runnable" seed="1863348492" result="Passed" start-time="2017-05-02 03:42:26Z" end-time="2017-05-02 03:42:26Z" duration="0.000739" asserts="1" />
            <test-case id="2030" name="Exclude_GraphicsPath_Null" fullname="MonoTests.System.Drawing.TestRegion.Exclude_GraphicsPath_Null" methodname="Exclude_GraphicsPath_Null" classname="MonoTests.System.Drawing.TestRegion" runstate="Runnable" seed="738788629" result="Passed" start-time="2017-05-02 03:42:26Z" end-time="2017-05-02 03:42:26Z" duration="0.000736" asserts="1" />
            <test-case id="2031" name="Exclude_Region_Null" fullname="MonoTests.System.Drawing.TestRegion.Exclude_Region_Null" methodname="Exclude_Region_Null" classname="MonoTests.System.Drawing.TestRegion" runstate="Runnable" seed="1371913161" result="Passed" start-time="2017-05-02 03:42:26Z" end-time="2017-05-02 03:42:26Z" duration="0.000731" asserts="1" />
            <test-case id="2016" name="ExcludeBug402613" fullname="MonoTests.System.Drawing.TestRegion.ExcludeBug402613" methodname="ExcludeBug402613" classname="MonoTests.System.Drawing.TestRegion" runstate="Runnable" seed="294927124" result="Passed" start-time="2017-05-02 03:42:26Z" end-time="2017-05-02 03:42:26Z" duration="0.001362" asserts="1" />
            <test-case id="2034" name="GetBounds_Null" fullname="MonoTests.System.Drawing.TestRegion.GetBounds_Null" methodname="GetBounds_Null" classname="MonoTests.System.Drawing.TestRegion" runstate="Runnable" seed="1899417800" result="Passed" start-time="2017-05-02 03:42:26Z" end-time="2017-05-02 03:42:26Z" duration="0.000882" asserts="1" />
            <test-case id="2047" name="GetHrgn_Null" fullname="MonoTests.System.Drawing.TestRegion.GetHrgn_Null" methodname="GetHrgn_Null" classname="MonoTests.System.Drawing.TestRegion" runstate="Runnable" seed="2089894006" result="Failed" start-time="2017-05-02 03:42:26Z" end-time="2017-05-02 03:42:26Z" duration="0.001380" asserts="1">
              <properties>
                <property name="Category" value="NotWorking" />
              </properties>
              <failure>
                <message><![CDATA[  Expected: <System.ArgumentNullException>
  But was:  null
]]></message>
                <stack-trace><![CDATA[在 MonoTests.System.Drawing.TestRegion.GetHrgn_Null() 位置 C:\ProgramData\Git\zkweb.system.drawing\src\ZKWeb.System.Drawing.Tests\System.Drawing\TestRegion.cs:行号 1269
]]></stack-trace>
              </failure>
              <assertions>
                <assertion result="Failed">
                  <message><![CDATA[  Expected: <System.ArgumentNullException>
  But was:  null
]]></message>
                  <stack-trace><![CDATA[在 MonoTests.System.Drawing.TestRegion.GetHrgn_Null() 位置 C:\ProgramData\Git\zkweb.system.drawing\src\ZKWeb.System.Drawing.Tests\System.Drawing\TestRegion.cs:行号 1269
]]></stack-trace>
                </assertion>
              </assertions>
            </test-case>
            <test-case id="2048" name="GetRegionScans_Null" fullname="MonoTests.System.Drawing.TestRegion.GetRegionScans_Null" methodname="GetRegionScans_Null" classname="MonoTests.System.Drawing.TestRegion" runstate="Runnable" seed="1102398337" result="Passed" start-time="2017-05-02 03:42:26Z" end-time="2017-05-02 03:42:26Z" duration="0.000779" asserts="1" />
            <test-case id="2053" name="InfinityExclude" fullname="MonoTests.System.Drawing.TestRegion.InfinityExclude" methodname="InfinityExclude" classname="MonoTests.System.Drawing.TestRegion" runstate="Runnable" seed="2034057946" result="Passed" start-time="2017-05-02 03:42:26Z" end-time="2017-05-02 03:42:26Z" duration="0.001593" asserts="6" />
            <test-case id="2054" name="InfinityIntersect" fullname="MonoTests.System.Drawing.TestRegion.InfinityIntersect" methodname="InfinityIntersect" classname="MonoTests.System.Drawing.TestRegion" runstate="Runnable" seed="1621262680" result="Passed" start-time="2017-05-02 03:42:26Z" end-time="2017-05-02 03:42:26Z" duration="0.001217" asserts="6" />
            <test-case id="2056" name="InfinityIntersectScale" fullname="MonoTests.System.Drawing.TestRegion.InfinityIntersectScale" methodname="InfinityIntersectScale" classname="MonoTests.System.Drawing.TestRegion" runstate="Runnable" seed="886794643" result="Passed" start-time="2017-05-02 03:42:26Z" end-time="2017-05-02 03:42:26Z" duration="0.001693" asserts="5" />
            <test-case id="2057" name="InfinityIntersectTransform" fullname="MonoTests.System.Drawing.TestRegion.InfinityIntersectTransform" methodname="InfinityIntersectTransform" classname="MonoTests.System.Drawing.TestRegion" runstate="Runnable" seed="535880268" result="Passed" start-time="2017-05-02 03:42:26Z" end-time="2017-05-02 03:42:26Z" duration="0.001246" asserts="5" />
            <test-case id="2055" name="InfinityIntersectTranslate" fullname="MonoTests.System.Drawing.TestRegion.InfinityIntersectTranslate" methodname="InfinityIntersectTranslate" classname="MonoTests.System.Drawing.TestRegion" runstate="Runnable" seed="418403414" result="Passed" start-time="2017-05-02 03:42:26Z" end-time="2017-05-02 03:42:26Z" duration="0.001365" asserts="5" />
            <test-case id="2061" name="InfinityRotate" fullname="MonoTests.System.Drawing.TestRegion.InfinityRotate" methodname="InfinityRotate" classname="MonoTests.System.Drawing.TestRegion" runstate="Runnable" seed="117585844" result="Passed" start-time="2017-05-02 03:42:26Z" end-time="2017-05-02 03:42:26Z" duration="0.003542" asserts="8" />
            <test-case id="2060" name="InfinityScaleDown" fullname="MonoTests.System.Drawing.TestRegion.InfinityScaleDown" methodname="InfinityScaleDown" classname="MonoTests.System.Drawing.TestRegion" runstate="Runnable" seed="515585360" result="Passed" start-time="2017-05-02 03:42:26Z" end-time="2017-05-02 03:42:26Z" duration="0.000850" asserts="8" />
            <test-case id="2059" name="InfinityScaleUp" fullname="MonoTests.System.Drawing.TestRegion.InfinityScaleUp" methodname="InfinityScaleUp" classname="MonoTests.System.Drawing.TestRegion" runstate="Runnable" seed="757505689" result="Passed" start-time="2017-05-02 03:42:26Z" end-time="2017-05-02 03:42:26Z" duration="0.000807" asserts="8" />
            <test-case id="2058" name="InfinityTranslate" fullname="MonoTests.System.Drawing.TestRegion.InfinityTranslate" methodname="InfinityTranslate" classname="MonoTests.System.Drawing.TestRegion" runstate="Runnable" seed="1852399299" result="Passed" start-time="2017-05-02 03:42:26Z" end-time="2017-05-02 03:42:26Z" duration="0.000547" asserts="8" />
            <test-case id="2062" name="Intersect_383878" fullname="MonoTests.System.Drawing.TestRegion.Intersect_383878" methodname="Intersect_383878" classname="MonoTests.System.Drawing.TestRegion" runstate="Runnable" seed="1586048871" result="Passed" start-time="2017-05-02 03:42:26Z" end-time="2017-05-02 03:42:26Z" duration="0.001064" asserts="4" />
            <test-case id="2026" name="Intersect_GraphicsPath_Null" fullname="MonoTests.System.Drawing.TestRegion.Intersect_GraphicsPath_Null" methodname="Intersect_GraphicsPath_Null" classname="MonoTests.System.Drawing.TestRegion" runstate="Runnable" seed="511307441" result="Passed" start-time="2017-05-02 03:42:26Z" end-time="2017-05-02 03:42:26Z" duration="0.000572" asserts="1" />
            <test-case id="2027" name="Intersect_Region_Null" fullname="MonoTests.System.Drawing.TestRegion.Intersect_Region_Null" methodname="Intersect_Region_Null" classname="MonoTests.System.Drawing.TestRegion" runstate="Runnable" seed="132543691" result="Passed" start-time="2017-05-02 03:42:26Z" end-time="2017-05-02 03:42:26Z" duration="0.000694" asserts="1" />
            <test-case id="2043" name="IsEmpty_Null" fullname="MonoTests.System.Drawing.TestRegion.IsEmpty_Null" methodname="IsEmpty_Null" classname="MonoTests.System.Drawing.TestRegion" runstate="Runnable" seed="1967914678" result="Passed" start-time="2017-05-02 03:42:26Z" end-time="2017-05-02 03:42:26Z" duration="0.000554" asserts="1" />
            <test-case id="2044" name="IsInfinite_Null" fullname="MonoTests.System.Drawing.TestRegion.IsInfinite_Null" methodname="IsInfinite_Null" classname="MonoTests.System.Drawing.TestRegion" runstate="Runnable" seed="1132910825" result="Passed" start-time="2017-05-02 03:42:26Z" end-time="2017-05-02 03:42:26Z" duration="0.000668" asserts="1" />
            <test-case id="2036" name="IsVisible_IntIntIntIntNull" fullname="MonoTests.System.Drawing.TestRegion.IsVisible_IntIntIntIntNull" methodname="IsVisible_IntIntIntIntNull" classname="MonoTests.System.Drawing.TestRegion" runstate="Runnable" seed="1506384127" result="Passed" start-time="2017-05-02 03:42:26Z" end-time="2017-05-02 03:42:26Z" duration="0.000457" asserts="1" />
            <test-case id="2035" name="IsVisible_IntIntNull" fullname="MonoTests.System.Drawing.TestRegion.IsVisible_IntIntNull" methodname="IsVisible_IntIntNull" classname="MonoTests.System.Drawing.TestRegion" runstate="Runnable" seed="722488485" result="Passed" start-time="2017-05-02 03:42:26Z" end-time="2017-05-02 03:42:26Z" duration="0.000534" asserts="1" />
            <test-case id="2038" name="IsVisible_PointFNull" fullname="MonoTests.System.Drawing.TestRegion.IsVisible_PointFNull" methodname="IsVisible_PointFNull" classname="MonoTests.System.Drawing.TestRegion" runstate="Runnable" seed="229008076" result="Passed" start-time="2017-05-02 03:42:26Z" end-time="2017-05-02 03:42:26Z" duration="0.000669" asserts="1" />
            <test-case id="2037" name="IsVisible_PointNull" fullname="MonoTests.System.Drawing.TestRegion.IsVisible_PointNull" methodname="IsVisible_PointNull" classname="MonoTests.System.Drawing.TestRegion" runstate="Runnable" seed="1795529255" result="Passed" start-time="2017-05-02 03:42:26Z" end-time="2017-05-02 03:42:26Z" duration="0.000921" asserts="1" />
            <test-case id="2040" name="IsVisible_RectangleFNull" fullname="MonoTests.System.Drawing.TestRegion.IsVisible_RectangleFNull" methodname="IsVisible_RectangleFNull" classname="MonoTests.System.Drawing.TestRegion" runstate="Runnable" seed="1480189471" result="Passed" start-time="2017-05-02 03:42:26Z" end-time="2017-05-02 03:42:26Z" duration="0.000762" asserts="1" />
            <test-case id="2039" name="IsVisible_RectangleNull" fullname="MonoTests.System.Drawing.TestRegion.IsVisible_RectangleNull" methodname="IsVisible_RectangleNull" classname="MonoTests.System.Drawing.TestRegion" runstate="Runnable" seed="1718900621" result="Passed" start-time="2017-05-02 03:42:26Z" end-time="2017-05-02 03:42:26Z" duration="0.000730" asserts="1" />
            <test-case id="2041" name="IsVisible_SingleSingleNull" fullname="MonoTests.System.Drawing.TestRegion.IsVisible_SingleSingleNull" methodname="IsVisible_SingleSingleNull" classname="MonoTests.System.Drawing.TestRegion" runstate="Runnable" seed="33204865" result="Passed" start-time="2017-05-02 03:42:26Z" end-time="2017-05-02 03:42:26Z" duration="0.000423" asserts="1" />
            <test-case id="2042" name="IsVisible_SingleSingleSingleSingleNull" fullname="MonoTests.System.Drawing.TestRegion.IsVisible_SingleSingleSingleSingleNull" methodname="IsVisible_SingleSingleSingleSingleNull" classname="MonoTests.System.Drawing.TestRegion" runstate="Runnable" seed="44431697" result="Passed" start-time="2017-05-02 03:42:26Z" end-time="2017-05-02 03:42:26Z" duration="0.000945" asserts="1" />
            <test-case id="2052" name="Rectangle_GetRegionScans" fullname="MonoTests.System.Drawing.TestRegion.Rectangle_GetRegionScans" methodname="Rectangle_GetRegionScans" classname="MonoTests.System.Drawing.TestRegion" runstate="Runnable" seed="2061435094" result="Passed" start-time="2017-05-02 03:42:26Z" end-time="2017-05-02 03:42:26Z" duration="0.000801" asserts="2" />
            <test-case id="2050" name="Region_Empty" fullname="MonoTests.System.Drawing.TestRegion.Region_Empty" methodname="Region_Empty" classname="MonoTests.System.Drawing.TestRegion" runstate="Runnable" seed="901574795" result="Passed" start-time="2017-05-02 03:42:26Z" end-time="2017-05-02 03:42:26Z" duration="0.000370" asserts="18" />
            <test-case id="2051" name="Region_Infinite_MultipleRectangles" fullname="MonoTests.System.Drawing.TestRegion.Region_Infinite_MultipleRectangles" methodname="Region_Infinite_MultipleRectangles" classname="MonoTests.System.Drawing.TestRegion" runstate="Runnable" seed="376234594" result="Passed" start-time="2017-05-02 03:42:26Z" end-time="2017-05-02 03:42:27Z" duration="0.337055" asserts="4">
              <properties>
                <property name="Category" value="NotWorking" />
              </properties>
            </test-case>
            <test-case id="2007" name="TestBounds" fullname="MonoTests.System.Drawing.TestRegion.TestBounds" methodname="TestBounds" classname="MonoTests.System.Drawing.TestRegion" runstate="Runnable" seed="933410678" result="Passed" start-time="2017-05-02 03:42:27Z" end-time="2017-05-02 03:42:27Z" duration="0.001361" asserts="4" />
            <test-case id="2008" name="TestCloneAndEquals" fullname="MonoTests.System.Drawing.TestRegion.TestCloneAndEquals" methodname="TestCloneAndEquals" classname="MonoTests.System.Drawing.TestRegion" runstate="Runnable" seed="1864358769" result="Passed" start-time="2017-05-02 03:42:27Z" end-time="2017-05-02 03:42:27Z" duration="0.002048" asserts="14" />
            <test-case id="2012" name="TestComplementGroup1" fullname="MonoTests.System.Drawing.TestRegion.TestComplementGroup1" methodname="TestComplementGroup1" classname="MonoTests.System.Drawing.TestRegion" runstate="Runnable" seed="2071953445" result="Passed" start-time="2017-05-02 03:42:27Z" end-time="2017-05-02 03:42:27Z" duration="0.004131" asserts="34" />
            <test-case id="2013" name="TestComplementGroup2" fullname="MonoTests.System.Drawing.TestRegion.TestComplementGroup2" methodname="TestComplementGroup2" classname="MonoTests.System.Drawing.TestRegion" runstate="Runnable" seed="323023706" result="Passed" start-time="2017-05-02 03:42:27Z" end-time="2017-05-02 03:42:27Z" duration="0.002810" asserts="9" />
            <test-case id="2014" name="TestExcludeGroup1" fullname="MonoTests.System.Drawing.TestRegion.TestExcludeGroup1" methodname="TestExcludeGroup1" classname="MonoTests.System.Drawing.TestRegion" runstate="Runnable" seed="785300748" result="Passed" start-time="2017-05-02 03:42:27Z" end-time="2017-05-02 03:42:27Z" duration="0.005024" asserts="86" />
            <test-case id="2015" name="TestExcludeGroup2" fullname="MonoTests.System.Drawing.TestRegion.TestExcludeGroup2" methodname="TestExcludeGroup2" classname="MonoTests.System.Drawing.TestRegion" runstate="Runnable" seed="84551834" result="Passed" start-time="2017-05-02 03:42:27Z" end-time="2017-05-02 03:42:27Z" duration="0.001961" asserts="9" />
            <test-case id="2009" name="TestInfiniteAndEmpty" fullname="MonoTests.System.Drawing.TestRegion.TestInfiniteAndEmpty" methodname="TestInfiniteAndEmpty" classname="MonoTests.System.Drawing.TestRegion" runstate="Runnable" seed="469945613" result="Passed" start-time="2017-05-02 03:42:27Z" end-time="2017-05-02 03:42:27Z" duration="0.002470" asserts="9" />
            <test-case id="2017" name="TestIntersect" fullname="MonoTests.System.Drawing.TestRegion.TestIntersect" methodname="TestIntersect" classname="MonoTests.System.Drawing.TestRegion" runstate="Runnable" seed="951523699" result="Passed" start-time="2017-05-02 03:42:27Z" end-time="2017-05-02 03:42:27Z" duration="0.002364" asserts="6" />
            <test-case id="2019" name="TestIsVisible" fullname="MonoTests.System.Drawing.TestRegion.TestIsVisible" methodname="TestIsVisible" classname="MonoTests.System.Drawing.TestRegion" runstate="Runnable" seed="48379414" result="Passed" start-time="2017-05-02 03:42:27Z" end-time="2017-05-02 03:42:27Z" duration="0.004445" asserts="25" />
            <test-case id="2020" name="TestTranslate" fullname="MonoTests.System.Drawing.TestRegion.TestTranslate" methodname="TestTranslate" classname="MonoTests.System.Drawing.TestRegion" runstate="Runnable" seed="1270434076" result="Passed" start-time="2017-05-02 03:42:27Z" end-time="2017-05-02 03:42:27Z" duration="0.000897" asserts="5" />
            <test-case id="2010" name="TestUnionGroup1" fullname="MonoTests.System.Drawing.TestRegion.TestUnionGroup1" methodname="TestUnionGroup1" classname="MonoTests.System.Drawing.TestRegion" runstate="Runnable" seed="587108490" result="Passed" start-time="2017-05-02 03:42:27Z" end-time="2017-05-02 03:42:27Z" duration="0.006813" asserts="72" />
            <test-case id="2011" name="TestUnionGroup2" fullname="MonoTests.System.Drawing.TestRegion.TestUnionGroup2" methodname="TestUnionGroup2" classname="MonoTests.System.Drawing.TestRegion" runstate="Runnable" seed="1610734210" result="Passed" start-time="2017-05-02 03:42:27Z" end-time="2017-05-02 03:42:27Z" duration="0.003887" asserts="74" />
            <test-case id="2018" name="TestXor" fullname="MonoTests.System.Drawing.TestRegion.TestXor" methodname="TestXor" classname="MonoTests.System.Drawing.TestRegion" runstate="Runnable" seed="1276689785" result="Passed" start-time="2017-05-02 03:42:27Z" end-time="2017-05-02 03:42:27Z" duration="0.002949" asserts="17" />
            <test-case id="2049" name="Transform_Null" fullname="MonoTests.System.Drawing.TestRegion.Transform_Null" methodname="Transform_Null" classname="MonoTests.System.Drawing.TestRegion" runstate="Runnable" seed="1333419543" result="Passed" start-time="2017-05-02 03:42:27Z" end-time="2017-05-02 03:42:27Z" duration="0.000778" asserts="1" />
            <test-case id="2023" name="Union_GraphicsPath_Null" fullname="MonoTests.System.Drawing.TestRegion.Union_GraphicsPath_Null" methodname="Union_GraphicsPath_Null" classname="MonoTests.System.Drawing.TestRegion" runstate="Runnable" seed="47827921" result="Passed" start-time="2017-05-02 03:42:27Z" end-time="2017-05-02 03:42:27Z" duration="0.000944" asserts="1" />
            <test-case id="2025" name="Union_Region_Infinite" fullname="MonoTests.System.Drawing.TestRegion.Union_Region_Infinite" methodname="Union_Region_Infinite" classname="MonoTests.System.Drawing.TestRegion" runstate="Runnable" seed="956823008" result="Passed" start-time="2017-05-02 03:42:27Z" end-time="2017-05-02 03:42:27Z" duration="0.000455" asserts="12" />
            <test-case id="2024" name="Union_Region_Null" fullname="MonoTests.System.Drawing.TestRegion.Union_Region_Null" methodname="Union_Region_Null" classname="MonoTests.System.Drawing.TestRegion" runstate="Runnable" seed="1753741975" result="Passed" start-time="2017-05-02 03:42:27Z" end-time="2017-05-02 03:42:27Z" duration="0.000772" asserts="1" />
            <test-case id="2032" name="Xor_GraphicsPath_Null" fullname="MonoTests.System.Drawing.TestRegion.Xor_GraphicsPath_Null" methodname="Xor_GraphicsPath_Null" classname="MonoTests.System.Drawing.TestRegion" runstate="Runnable" seed="1539546711" result="Passed" start-time="2017-05-02 03:42:27Z" end-time="2017-05-02 03:42:27Z" duration="0.000721" asserts="1" />
            <test-case id="2033" name="Xor_Region_Null" fullname="MonoTests.System.Drawing.TestRegion.Xor_Region_Null" methodname="Xor_Region_Null" classname="MonoTests.System.Drawing.TestRegion" runstate="Runnable" seed="1295034400" result="Passed" start-time="2017-05-02 03:42:27Z" end-time="2017-05-02 03:42:27Z" duration="0.000826" asserts="1" />
          </test-suite>
          <test-suite type="TestSuite" id="2948" name="Text" fullname="MonoTests.System.Drawing.Text" runstate="Runnable" testcasecount="7" result="Failed" site="Child" start-time="2017-05-02 03:42:15Z" end-time="2017-05-02 03:42:27Z" duration="11.603720" total="7" passed="6" failed="1" warnings="0" inconclusive="0" skipped="0" asserts="7">
            <failure>
              <message><![CDATA[One or more child tests had errors]]></message>
            </failure>
            <test-suite type="TestFixture" id="2271" name="InstalledFontCollectionTest" fullname="MonoTests.System.Drawing.Text.InstalledFontCollectionTest" classname="MonoTests.System.Drawing.Text.InstalledFontCollectionTest" runstate="Runnable" testcasecount="2" result="Passed" start-time="2017-05-02 03:42:27Z" end-time="2017-05-02 03:42:27Z" duration="0.008042" total="2" passed="2" failed="0" warnings="0" inconclusive="0" skipped="0" asserts="2">
              <test-case id="2273" name="Dispose_Family" fullname="MonoTests.System.Drawing.Text.InstalledFontCollectionTest.Dispose_Family" methodname="Dispose_Family" classname="MonoTests.System.Drawing.Text.InstalledFontCollectionTest" runstate="Runnable" seed="1776111529" result="Passed" start-time="2017-05-02 03:42:27Z" end-time="2017-05-02 03:42:27Z" duration="0.000625" asserts="1" />
              <test-case id="2272" name="Family" fullname="MonoTests.System.Drawing.Text.InstalledFontCollectionTest.Family" methodname="Family" classname="MonoTests.System.Drawing.Text.InstalledFontCollectionTest" runstate="Runnable" seed="1589184484" result="Passed" start-time="2017-05-02 03:42:27Z" end-time="2017-05-02 03:42:27Z" duration="0.000723" asserts="1" />
            </test-suite>
            <test-suite type="TestFixture" id="2274" name="PrivateFontCollectionTest" fullname="MonoTests.System.Drawing.Text.PrivateFontCollectionTest" classname="MonoTests.System.Drawing.Text.PrivateFontCollectionTest" runstate="Runnable" testcasecount="5" result="Failed" site="Child" start-time="2017-05-02 03:42:27Z" end-time="2017-05-02 03:42:27Z" duration="0.024123" total="5" passed="4" failed="1" warnings="0" inconclusive="0" skipped="0" asserts="5">
              <failure>
                <message><![CDATA[One or more child tests had errors]]></message>
              </failure>
              <test-case id="2277" name="AddFontFile_Empty" fullname="MonoTests.System.Drawing.Text.PrivateFontCollectionTest.AddFontFile_Empty" methodname="AddFontFile_Empty" classname="MonoTests.System.Drawing.Text.PrivateFontCollectionTest" runstate="Runnable" seed="832977048" result="Passed" start-time="2017-05-02 03:42:27Z" end-time="2017-05-02 03:42:27Z" duration="0.001456" asserts="1" />
              <test-case id="2278" name="AddFontFile_NotAFontFile" fullname="MonoTests.System.Drawing.Text.PrivateFontCollectionTest.AddFontFile_NotAFontFile" methodname="AddFontFile_NotAFontFile" classname="MonoTests.System.Drawing.Text.PrivateFontCollectionTest" runstate="Runnable" seed="1867359687" result="Failed" start-time="2017-05-02 03:42:27Z" end-time="2017-05-02 03:42:27Z" duration="0.002418" asserts="1">
                <properties>
                  <property name="Category" value="NotWorking" />
                </properties>
                <failure>
                  <message><![CDATA[  Expected: <System.IO.FileNotFoundException>
  But was:  null
]]></message>
                  <stack-trace><![CDATA[在 MonoTests.System.Drawing.Text.PrivateFontCollectionTest.AddFontFile_NotAFontFile() 位置 C:\ProgramData\Git\zkweb.system.drawing\src\ZKWeb.System.Drawing.Tests\System.Drawing.Text\PrivateFontCollectionTest.cs:行号 79
]]></stack-trace>
                </failure>
                <assertions>
                  <assertion result="Failed">
                    <message><![CDATA[  Expected: <System.IO.FileNotFoundException>
  But was:  null
]]></message>
                    <stack-trace><![CDATA[在 MonoTests.System.Drawing.Text.PrivateFontCollectionTest.AddFontFile_NotAFontFile() 位置 C:\ProgramData\Git\zkweb.system.drawing\src\ZKWeb.System.Drawing.Tests\System.Drawing.Text\PrivateFontCollectionTest.cs:行号 79
]]></stack-trace>
                  </assertion>
                </assertions>
              </test-case>
              <test-case id="2276" name="AddFontFile_Null" fullname="MonoTests.System.Drawing.Text.PrivateFontCollectionTest.AddFontFile_Null" methodname="AddFontFile_Null" classname="MonoTests.System.Drawing.Text.PrivateFontCollectionTest" runstate="Runnable" seed="2011806905" result="Passed" start-time="2017-05-02 03:42:27Z" end-time="2017-05-02 03:42:27Z" duration="0.001093" asserts="1" />
              <test-case id="2275" name="Constructor" fullname="MonoTests.System.Drawing.Text.PrivateFontCollectionTest.Constructor" methodname="Constructor" classname="MonoTests.System.Drawing.Text.PrivateFontCollectionTest" runstate="Runnable" seed="1008986709" result="Passed" start-time="2017-05-02 03:42:27Z" end-time="2017-05-02 03:42:27Z" duration="0.000343" asserts="1" />
              <test-case id="2279" name="Dispose_Family" fullname="MonoTests.System.Drawing.Text.PrivateFontCollectionTest.Dispose_Family" methodname="Dispose_Family" classname="MonoTests.System.Drawing.Text.PrivateFontCollectionTest" runstate="Runnable" seed="1928827724" result="Passed" start-time="2017-05-02 03:42:27Z" end-time="2017-05-02 03:42:27Z" duration="0.000839" asserts="1" />
            </test-suite>
          </test-suite>
          <test-suite type="TestFixture" id="2220" name="TextureBrushTest" fullname="MonoTests.System.Drawing.TextureBrushTest" classname="MonoTests.System.Drawing.TextureBrushTest" runstate="Runnable" testcasecount="50" result="Failed" site="Child" start-time="2017-05-02 03:42:27Z" end-time="2017-05-02 03:42:27Z" duration="0.233662" total="50" passed="49" failed="1" warnings="0" inconclusive="0" skipped="0" asserts="167">
            <failure>
              <message><![CDATA[One or more child tests had errors]]></message>
            </failure>
            <test-case id="2266" name="Alpha_81828_Clamp" fullname="MonoTests.System.Drawing.TextureBrushTest.Alpha_81828_Clamp" methodname="Alpha_81828_Clamp" classname="MonoTests.System.Drawing.TextureBrushTest" runstate="Runnable" seed="705791420" result="Passed" start-time="2017-05-02 03:42:27Z" end-time="2017-05-02 03:42:27Z" duration="0.001679" asserts="1" />
            <test-case id="2267" name="Alpha_81828_Tile" fullname="MonoTests.System.Drawing.TextureBrushTest.Alpha_81828_Tile" methodname="Alpha_81828_Tile" classname="MonoTests.System.Drawing.TextureBrushTest" runstate="Runnable" seed="1617111154" result="Passed" start-time="2017-05-02 03:42:27Z" end-time="2017-05-02 03:42:27Z" duration="0.000364" asserts="1" />
            <test-case id="2268" name="Alpha_81828_TileFlipX" fullname="MonoTests.System.Drawing.TextureBrushTest.Alpha_81828_TileFlipX" methodname="Alpha_81828_TileFlipX" classname="MonoTests.System.Drawing.TextureBrushTest" runstate="Runnable" seed="62270012" result="Passed" start-time="2017-05-02 03:42:27Z" end-time="2017-05-02 03:42:27Z" duration="0.000843" asserts="1" />
            <test-case id="2270" name="Alpha_81828_TileFlipXY" fullname="MonoTests.System.Drawing.TextureBrushTest.Alpha_81828_TileFlipXY" methodname="Alpha_81828_TileFlipXY" classname="MonoTests.System.Drawing.TextureBrushTest" runstate="Runnable" seed="506140754" result="Passed" start-time="2017-05-02 03:42:27Z" end-time="2017-05-02 03:42:27Z" duration="0.000317" asserts="1" />
            <test-case id="2269" name="Alpha_81828_TileFlipY" fullname="MonoTests.System.Drawing.TextureBrushTest.Alpha_81828_TileFlipY" methodname="Alpha_81828_TileFlipY" classname="MonoTests.System.Drawing.TextureBrushTest" runstate="Runnable" seed="996711233" result="Passed" start-time="2017-05-02 03:42:27Z" end-time="2017-05-02 03:42:27Z" duration="0.000355" asserts="1" />
            <test-case id="2250" name="Clone" fullname="MonoTests.System.Drawing.TextureBrushTest.Clone" methodname="Clone" classname="MonoTests.System.Drawing.TextureBrushTest" runstate="Runnable" seed="560022572" result="Passed" start-time="2017-05-02 03:42:27Z" end-time="2017-05-02 03:42:27Z" duration="0.001851" asserts="4" />
            <test-case id="2222" name="CtorImage" fullname="MonoTests.System.Drawing.TextureBrushTest.CtorImage" methodname="CtorImage" classname="MonoTests.System.Drawing.TextureBrushTest" runstate="Runnable" seed="494192063" result="Passed" start-time="2017-05-02 03:42:27Z" end-time="2017-05-02 03:42:27Z" duration="0.000363" asserts="4" />
            <test-case id="2221" name="CtorImage_Null" fullname="MonoTests.System.Drawing.TextureBrushTest.CtorImage_Null" methodname="CtorImage_Null" classname="MonoTests.System.Drawing.TextureBrushTest" runstate="Runnable" seed="855122689" result="Passed" start-time="2017-05-02 03:42:27Z" end-time="2017-05-02 03:42:27Z" duration="0.000921" asserts="1" />
            <test-case id="2226" name="CtorImage_Null_Rectangle" fullname="MonoTests.System.Drawing.TextureBrushTest.CtorImage_Null_Rectangle" methodname="CtorImage_Null_Rectangle" classname="MonoTests.System.Drawing.TextureBrushTest" runstate="Runnable" seed="258750802" result="Passed" start-time="2017-05-02 03:42:27Z" end-time="2017-05-02 03:42:27Z" duration="0.001509" asserts="1" />
            <test-case id="2232" name="CtorImage_Null_RectangleAttributes" fullname="MonoTests.System.Drawing.TextureBrushTest.CtorImage_Null_RectangleAttributes" methodname="CtorImage_Null_RectangleAttributes" classname="MonoTests.System.Drawing.TextureBrushTest" runstate="Runnable" seed="2011271543" result="Passed" start-time="2017-05-02 03:42:27Z" end-time="2017-05-02 03:42:27Z" duration="0.001341" asserts="1" />
            <test-case id="2229" name="CtorImage_Null_RectangleF" fullname="MonoTests.System.Drawing.TextureBrushTest.CtorImage_Null_RectangleF" methodname="CtorImage_Null_RectangleF" classname="MonoTests.System.Drawing.TextureBrushTest" runstate="Runnable" seed="1948515672" result="Passed" start-time="2017-05-02 03:42:27Z" end-time="2017-05-02 03:42:27Z" duration="0.001166" asserts="1" />
            <test-case id="2236" name="CtorImage_Null_RectangleFAttributes" fullname="MonoTests.System.Drawing.TextureBrushTest.CtorImage_Null_RectangleFAttributes" methodname="CtorImage_Null_RectangleFAttributes" classname="MonoTests.System.Drawing.TextureBrushTest" runstate="Runnable" seed="1573351813" result="Passed" start-time="2017-05-02 03:42:27Z" end-time="2017-05-02 03:42:27Z" duration="0.001477" asserts="1" />
            <test-case id="2223" name="CtorImage_Null_WrapMode" fullname="MonoTests.System.Drawing.TextureBrushTest.CtorImage_Null_WrapMode" methodname="CtorImage_Null_WrapMode" classname="MonoTests.System.Drawing.TextureBrushTest" runstate="Runnable" seed="1022576570" result="Passed" start-time="2017-05-02 03:42:27Z" end-time="2017-05-02 03:42:27Z" duration="0.000746" asserts="1" />
            <test-case id="2228" name="CtorImageRectangle" fullname="MonoTests.System.Drawing.TextureBrushTest.CtorImageRectangle" methodname="CtorImageRectangle" classname="MonoTests.System.Drawing.TextureBrushTest" runstate="Runnable" seed="66514355" result="Passed" start-time="2017-05-02 03:42:27Z" end-time="2017-05-02 03:42:27Z" duration="0.000716" asserts="4" />
            <test-case id="2227" name="CtorImageRectangle_Empty" fullname="MonoTests.System.Drawing.TextureBrushTest.CtorImageRectangle_Empty" methodname="CtorImageRectangle_Empty" classname="MonoTests.System.Drawing.TextureBrushTest" runstate="Runnable" seed="1532180441" result="Passed" start-time="2017-05-02 03:42:27Z" end-time="2017-05-02 03:42:27Z" duration="0.000771" asserts="1" />
            <test-case id="2233" name="CtorImageRectangle_Empty_Attributes" fullname="MonoTests.System.Drawing.TextureBrushTest.CtorImageRectangle_Empty_Attributes" methodname="CtorImageRectangle_Empty_Attributes" classname="MonoTests.System.Drawing.TextureBrushTest" runstate="Runnable" seed="1055991963" result="Passed" start-time="2017-05-02 03:42:27Z" end-time="2017-05-02 03:42:27Z" duration="0.001508" asserts="1" />
            <test-case id="2235" name="CtorImageRectangleAttributes" fullname="MonoTests.System.Drawing.TextureBrushTest.CtorImageRectangleAttributes" methodname="CtorImageRectangleAttributes" classname="MonoTests.System.Drawing.TextureBrushTest" runstate="Runnable" seed="174593932" result="Passed" start-time="2017-05-02 03:42:27Z" end-time="2017-05-02 03:42:27Z" duration="0.000376" asserts="4" />
            <test-case id="2234" name="CtorImageRectangleAttributes_Null" fullname="MonoTests.System.Drawing.TextureBrushTest.CtorImageRectangleAttributes_Null" methodname="CtorImageRectangleAttributes_Null" classname="MonoTests.System.Drawing.TextureBrushTest" runstate="Runnable" seed="2098756212" result="Passed" start-time="2017-05-02 03:42:27Z" end-time="2017-05-02 03:42:27Z" duration="0.000360" asserts="4" />
            <test-case id="2231" name="CtorImageRectangleF" fullname="MonoTests.System.Drawing.TextureBrushTest.CtorImageRectangleF" methodname="CtorImageRectangleF" classname="MonoTests.System.Drawing.TextureBrushTest" runstate="Runnable" seed="429185572" result="Passed" start-time="2017-05-02 03:42:27Z" end-time="2017-05-02 03:42:27Z" duration="0.000407" asserts="4" />
            <test-case id="2230" name="CtorImageRectangleF_Empty" fullname="MonoTests.System.Drawing.TextureBrushTest.CtorImageRectangleF_Empty" methodname="CtorImageRectangleF_Empty" classname="MonoTests.System.Drawing.TextureBrushTest" runstate="Runnable" seed="1264142031" result="Passed" start-time="2017-05-02 03:42:27Z" end-time="2017-05-02 03:42:27Z" duration="0.000703" asserts="1" />
            <test-case id="2237" name="CtorImageRectangleF_Empty_Attributes" fullname="MonoTests.System.Drawing.TextureBrushTest.CtorImageRectangleF_Empty_Attributes" methodname="CtorImageRectangleF_Empty_Attributes" classname="MonoTests.System.Drawing.TextureBrushTest" runstate="Runnable" seed="1895473592" result="Passed" start-time="2017-05-02 03:42:27Z" end-time="2017-05-02 03:42:27Z" duration="0.000616" asserts="1" />
            <test-case id="2239" name="CtorImageRectangleFAttributes" fullname="MonoTests.System.Drawing.TextureBrushTest.CtorImageRectangleFAttributes" methodname="CtorImageRectangleFAttributes" classname="MonoTests.System.Drawing.TextureBrushTest" runstate="Runnable" seed="1725392086" result="Passed" start-time="2017-05-02 03:42:27Z" end-time="2017-05-02 03:42:27Z" duration="0.000445" asserts="4" />
            <test-case id="2238" name="CtorImageRectangleFAttributes_Null" fullname="MonoTests.System.Drawing.TextureBrushTest.CtorImageRectangleFAttributes_Null" methodname="CtorImageRectangleFAttributes_Null" classname="MonoTests.System.Drawing.TextureBrushTest" runstate="Runnable" seed="1739280416" result="Passed" start-time="2017-05-02 03:42:27Z" end-time="2017-05-02 03:42:27Z" duration="0.000386" asserts="4" />
            <test-case id="2224" name="CtorImageWrapMode" fullname="MonoTests.System.Drawing.TextureBrushTest.CtorImageWrapMode" methodname="CtorImageWrapMode" classname="MonoTests.System.Drawing.TextureBrushTest" runstate="Runnable" seed="457557463" result="Passed" start-time="2017-05-02 03:42:27Z" end-time="2017-05-02 03:42:27Z" duration="0.000697" asserts="20" />
            <test-case id="2225" name="CtorImageWrapMode_Invalid" fullname="MonoTests.System.Drawing.TextureBrushTest.CtorImageWrapMode_Invalid" methodname="CtorImageWrapMode_Invalid" classname="MonoTests.System.Drawing.TextureBrushTest" runstate="Runnable" seed="1871368531" result="Failed" start-time="2017-05-02 03:42:27Z" end-time="2017-05-02 03:42:27Z" duration="0.001480" asserts="1">
              <failure>
                <message><![CDATA[  Expected: <System.ArgumentException>
  But was:  <System.ArgumentNullException: 值不能为 null。
参数名: WrapMode
   在 System.DrawingCore.TextureBrush..ctor(Image image, WrapMode wrapMode)
   在 MonoTests.System.Drawing.TextureBrushTest.<CtorImageWrapMode_Invalid>b__11_0() 位置 C:\ProgramData\Git\zkweb.system.drawing\src\ZKWeb.System.Drawing.Tests\System.Drawing\TextureBrushTest.cs:行号 106
   在 NUnit.Framework.Assert.Throws(IResolveConstraint expression, TestDelegate code, String message, Object[] args)>
]]></message>
                <stack-trace><![CDATA[在 MonoTests.System.Drawing.TextureBrushTest.CtorImageWrapMode_Invalid() 位置 C:\ProgramData\Git\zkweb.system.drawing\src\ZKWeb.System.Drawing.Tests\System.Drawing\TextureBrushTest.cs:行号 107
]]></stack-trace>
              </failure>
              <assertions>
                <assertion result="Failed">
                  <message><![CDATA[  Expected: <System.ArgumentException>
  But was:  <System.ArgumentNullException: 值不能为 null。
参数名: WrapMode
   在 System.DrawingCore.TextureBrush..ctor(Image image, WrapMode wrapMode)
   在 MonoTests.System.Drawing.TextureBrushTest.<CtorImageWrapMode_Invalid>b__11_0() 位置 C:\ProgramData\Git\zkweb.system.drawing\src\ZKWeb.System.Drawing.Tests\System.Drawing\TextureBrushTest.cs:行号 106
   在 NUnit.Framework.Assert.Throws(IResolveConstraint expression, TestDelegate code, String message, Object[] args)>
]]></message>
                  <stack-trace><![CDATA[在 MonoTests.System.Drawing.TextureBrushTest.CtorImageWrapMode_Invalid() 位置 C:\ProgramData\Git\zkweb.system.drawing\src\ZKWeb.System.Drawing.Tests\System.Drawing\TextureBrushTest.cs:行号 107
]]></stack-trace>
                </assertion>
              </assertions>
            </test-case>
            <test-case id="2241" name="CtorImageWrapMode_Invalid_Rectangle" fullname="MonoTests.System.Drawing.TextureBrushTest.CtorImageWrapMode_Invalid_Rectangle" methodname="CtorImageWrapMode_Invalid_Rectangle" classname="MonoTests.System.Drawing.TextureBrushTest" runstate="Runnable" seed="971910557" result="Passed" start-time="2017-05-02 03:42:27Z" end-time="2017-05-02 03:42:27Z" duration="0.000692" asserts="1" />
            <test-case id="2243" name="CtorImageWrapMode_Invalid_RectangleF" fullname="MonoTests.System.Drawing.TextureBrushTest.CtorImageWrapMode_Invalid_RectangleF" methodname="CtorImageWrapMode_Invalid_RectangleF" classname="MonoTests.System.Drawing.TextureBrushTest" runstate="Runnable" seed="503040107" result="Passed" start-time="2017-05-02 03:42:27Z" end-time="2017-05-02 03:42:27Z" duration="0.000789" asserts="1" />
            <test-case id="2240" name="CtorImageWrapModeRectangle" fullname="MonoTests.System.Drawing.TextureBrushTest.CtorImageWrapModeRectangle" methodname="CtorImageWrapModeRectangle" classname="MonoTests.System.Drawing.TextureBrushTest" runstate="Runnable" seed="1383806696" result="Passed" start-time="2017-05-02 03:42:27Z" end-time="2017-05-02 03:42:27Z" duration="0.000750" asserts="20" />
            <test-case id="2242" name="CtorImageWrapModeRectangleF" fullname="MonoTests.System.Drawing.TextureBrushTest.CtorImageWrapModeRectangleF" methodname="CtorImageWrapModeRectangleF" classname="MonoTests.System.Drawing.TextureBrushTest" runstate="Runnable" seed="1012921976" result="Passed" start-time="2017-05-02 03:42:27Z" end-time="2017-05-02 03:42:27Z" duration="0.000710" asserts="20" />
            <test-case id="2251" name="Dispose_Clone" fullname="MonoTests.System.Drawing.TextureBrushTest.Dispose_Clone" methodname="Dispose_Clone" classname="MonoTests.System.Drawing.TextureBrushTest" runstate="Runnable" seed="1027693783" result="Passed" start-time="2017-05-02 03:42:27Z" end-time="2017-05-02 03:42:27Z" duration="0.001037" asserts="1" />
            <test-case id="2252" name="Dispose_Dispose" fullname="MonoTests.System.Drawing.TextureBrushTest.Dispose_Dispose" methodname="Dispose_Dispose" classname="MonoTests.System.Drawing.TextureBrushTest" runstate="Runnable" seed="1306941390" result="Passed" start-time="2017-05-02 03:42:27Z" end-time="2017-05-02 03:42:27Z" duration="0.000391" asserts="0" />
            <test-case id="2253" name="Dispose_Image" fullname="MonoTests.System.Drawing.TextureBrushTest.Dispose_Image" methodname="Dispose_Image" classname="MonoTests.System.Drawing.TextureBrushTest" runstate="Runnable" seed="1698984634" result="Passed" start-time="2017-05-02 03:42:27Z" end-time="2017-05-02 03:42:27Z" duration="0.001003" asserts="1">
              <properties>
                <property name="Category" value="NotDotNet" />
              </properties>
            </test-case>
            <test-case id="2257" name="MultiplyTransform_NonInvertible" fullname="MonoTests.System.Drawing.TextureBrushTest.MultiplyTransform_NonInvertible" methodname="MultiplyTransform_NonInvertible" classname="MonoTests.System.Drawing.TextureBrushTest" runstate="Runnable" seed="282616282" result="Passed" start-time="2017-05-02 03:42:27Z" end-time="2017-05-02 03:42:27Z" duration="0.001350" asserts="1" />
            <test-case id="2254" name="MultiplyTransform_Null" fullname="MonoTests.System.Drawing.TextureBrushTest.MultiplyTransform_Null" methodname="MultiplyTransform_Null" classname="MonoTests.System.Drawing.TextureBrushTest" runstate="Runnable" seed="567301001" result="Passed" start-time="2017-05-02 03:42:27Z" end-time="2017-05-02 03:42:27Z" duration="0.000735" asserts="1" />
            <test-case id="2255" name="MultiplyTransform_Null_Order" fullname="MonoTests.System.Drawing.TextureBrushTest.MultiplyTransform_Null_Order" methodname="MultiplyTransform_Null_Order" classname="MonoTests.System.Drawing.TextureBrushTest" runstate="Runnable" seed="1479287660" result="Passed" start-time="2017-05-02 03:42:27Z" end-time="2017-05-02 03:42:27Z" duration="0.001119" asserts="1" />
            <test-case id="2256" name="MultiplyTransformOrder_Invalid" fullname="MonoTests.System.Drawing.TextureBrushTest.MultiplyTransformOrder_Invalid" methodname="MultiplyTransformOrder_Invalid" classname="MonoTests.System.Drawing.TextureBrushTest" runstate="Runnable" seed="1601970078" result="Passed" start-time="2017-05-02 03:42:27Z" end-time="2017-05-02 03:42:27Z" duration="0.000343" asserts="0" />
            <test-case id="2258" name="ResetTransform" fullname="MonoTests.System.Drawing.TextureBrushTest.ResetTransform" methodname="ResetTransform" classname="MonoTests.System.Drawing.TextureBrushTest" runstate="Runnable" seed="1006972571" result="Passed" start-time="2017-05-02 03:42:27Z" end-time="2017-05-02 03:42:27Z" duration="0.000925" asserts="2" />
            <test-case id="2259" name="RotateTransform" fullname="MonoTests.System.Drawing.TextureBrushTest.RotateTransform" methodname="RotateTransform" classname="MonoTests.System.Drawing.TextureBrushTest" runstate="Runnable" seed="87981781" result="Passed" start-time="2017-05-02 03:42:27Z" end-time="2017-05-02 03:42:27Z" duration="0.001018" asserts="7" />
            <test-case id="2260" name="RotateTransform_InvalidOrder" fullname="MonoTests.System.Drawing.TextureBrushTest.RotateTransform_InvalidOrder" methodname="RotateTransform_InvalidOrder" classname="MonoTests.System.Drawing.TextureBrushTest" runstate="Runnable" seed="297158283" result="Passed" start-time="2017-05-02 03:42:27Z" end-time="2017-05-02 03:42:27Z" duration="0.000948" asserts="1" />
            <test-case id="2261" name="ScaleTransform" fullname="MonoTests.System.Drawing.TextureBrushTest.ScaleTransform" methodname="ScaleTransform" classname="MonoTests.System.Drawing.TextureBrushTest" runstate="Runnable" seed="161554882" result="Passed" start-time="2017-05-02 03:42:27Z" end-time="2017-05-02 03:42:27Z" duration="0.001077" asserts="7" />
            <test-case id="2263" name="ScaleTransform_InvalidOrder" fullname="MonoTests.System.Drawing.TextureBrushTest.ScaleTransform_InvalidOrder" methodname="ScaleTransform_InvalidOrder" classname="MonoTests.System.Drawing.TextureBrushTest" runstate="Runnable" seed="2105582508" result="Passed" start-time="2017-05-02 03:42:27Z" end-time="2017-05-02 03:42:27Z" duration="0.001925" asserts="1" />
            <test-case id="2262" name="ScaleTransform_MaxMin" fullname="MonoTests.System.Drawing.TextureBrushTest.ScaleTransform_MaxMin" methodname="ScaleTransform_MaxMin" classname="MonoTests.System.Drawing.TextureBrushTest" runstate="Runnable" seed="948636740" result="Passed" start-time="2017-05-02 03:42:27Z" end-time="2017-05-02 03:42:27Z" duration="0.000832" asserts="6" />
            <test-case id="2244" name="TextureBush_RectangleInsideBitmap" fullname="MonoTests.System.Drawing.TextureBrushTest.TextureBush_RectangleInsideBitmap" methodname="TextureBush_RectangleInsideBitmap" classname="MonoTests.System.Drawing.TextureBrushTest" runstate="Runnable" seed="1951569335" result="Passed" start-time="2017-05-02 03:42:27Z" end-time="2017-05-02 03:42:27Z" duration="0.001150" asserts="6" />
            <test-case id="2245" name="TextureBush_RectangleOutsideBitmap" fullname="MonoTests.System.Drawing.TextureBrushTest.TextureBush_RectangleOutsideBitmap" methodname="TextureBush_RectangleOutsideBitmap" classname="MonoTests.System.Drawing.TextureBrushTest" runstate="Runnable" seed="1793019820" result="Passed" start-time="2017-05-02 03:42:27Z" end-time="2017-05-02 03:42:27Z" duration="0.001052" asserts="1" />
            <test-case id="2247" name="Transform" fullname="MonoTests.System.Drawing.TextureBrushTest.Transform" methodname="Transform" classname="MonoTests.System.Drawing.TextureBrushTest" runstate="Runnable" seed="1291709845" result="Passed" start-time="2017-05-02 03:42:27Z" end-time="2017-05-02 03:42:27Z" duration="0.000626" asserts="1" />
            <test-case id="2246" name="Transform_Null" fullname="MonoTests.System.Drawing.TextureBrushTest.Transform_Null" methodname="Transform_Null" classname="MonoTests.System.Drawing.TextureBrushTest" runstate="Runnable" seed="534262200" result="Passed" start-time="2017-05-02 03:42:27Z" end-time="2017-05-02 03:42:27Z" duration="0.000572" asserts="1" />
            <test-case id="2264" name="TranslateTransform" fullname="MonoTests.System.Drawing.TextureBrushTest.TranslateTransform" methodname="TranslateTransform" classname="MonoTests.System.Drawing.TextureBrushTest" runstate="Runnable" seed="750050911" result="Passed" start-time="2017-05-02 03:42:27Z" end-time="2017-05-02 03:42:27Z" duration="0.001140" asserts="12" />
            <test-case id="2265" name="TranslateTransform_InvalidOrder" fullname="MonoTests.System.Drawing.TextureBrushTest.TranslateTransform_InvalidOrder" methodname="TranslateTransform_InvalidOrder" classname="MonoTests.System.Drawing.TextureBrushTest" runstate="Runnable" seed="1164626783" result="Passed" start-time="2017-05-02 03:42:27Z" end-time="2017-05-02 03:42:27Z" duration="0.000795" asserts="1" />
            <test-case id="2249" name="WrapMode_Invalid" fullname="MonoTests.System.Drawing.TextureBrushTest.WrapMode_Invalid" methodname="WrapMode_Invalid" classname="MonoTests.System.Drawing.TextureBrushTest" runstate="Runnable" seed="402717730" result="Passed" start-time="2017-05-02 03:42:27Z" end-time="2017-05-02 03:42:27Z" duration="0.000896" asserts="1" />
            <test-case id="2248" name="WrapMode_Valid" fullname="MonoTests.System.Drawing.TextureBrushTest.WrapMode_Valid" methodname="WrapMode_Valid" classname="MonoTests.System.Drawing.TextureBrushTest" runstate="Runnable" seed="970872112" result="Passed" start-time="2017-05-02 03:42:27Z" end-time="2017-05-02 03:42:27Z" duration="0.000776" asserts="5" />
          </test-suite>
        </test-suite>
      </test-suite>
    </test-suite>
  </test-suite>
</test-run>